#
# A fatal error has been detected by the Java Runtime Environment:
#
#  SIGSEGV (0xb) at pc=0x00000001037f1e5d, pid=76126, tid=775
#
# JRE version: Java(TM) SE Runtime Environment (9.0+11) (build 9.0.1+11)
# Java VM: Java HotSpot(TM) 64-Bit Server VM (9.0.1+11, mixed mode, tiered, compressed oops, g1 gc, bsd-amd64)
# Problematic frame:
# V  [libjvm.dylib+0x5f1e5d]  SR_handler(int, __siginfo*, __darwin_ucontext*)+0x21
#
# No core dump will be written. Core dumps have been disabled. To enable core dumping, try "ulimit -c unlimited" before starting Java again
#
# If you would like to submit a bug report, please visit:
#   http://bugreport.java.com/bugreport/crash.jsp
#

---------------  S U M M A R Y ------------

Command Line: -Dclassworlds.conf=/Library/Java/JavaVirtualMachines/apache-maven-3.5.2/bin/m2.conf -Dmaven.home=/Library/Java/JavaVirtualMachines/apache-maven-3.5.2 -Dlibrary.jansi.path=/Library/Java/JavaVirtualMachines/apache-maven-3.5.2/lib/jansi-native -Dmaven.multiModuleProjectDirectory=/Users/cristhian/Documents/repos/Tfg-GUI/GUI/generadorProgramasJAVA org.codehaus.plexus.classworlds.launcher.Launcher exec:java -Dexec.mainClass=tfgGroupID.tfgArtefactID.Main -Dexec.args= 1 1 1 5 1 1 1 1 -107.36979872529719,131.90582839230797,93.9567117467065,44.733288429608166,124.67228597132925,-94.5882154883079,-181.49932392523328,-23.855804139400817,85.51795465701059,125.83859824229904,41.85152979846154,42.45349903234677,-101.73761716055284,68.43338180162573,188.2630605176522,-117.42993397348474,51.460653784958,-111.01262034113688,-31.950507644694255,119.10940905310281,89.79541429789106,-100.0084584800073,-124.60408310845264,169.8384919583462,49.64116300308211,44.26498963121776,45.655716519977176,-145.4906398253859,197.9350551907513,197.247606302647,187.51727465335966,-154.8517613238394,-155.9844345090633,122.69996168294074,-91.390884319665,-108.31957744636757,-111.50046924659188,-172.77318325408388,-184.5485927087085,-105.0766076387009,84.02643522524818,-80.68681366280654,13.81560258266444,-51.20380707597488,157.21991162062164,-55.96562358734789,172.9824123758941,-56.53146224457976,12.877272498472706,191.57590932441252,-12.732478782174638,-13.194205682211901,20.96612936209675,112.4861670021973,128.1567052592896,-147.84937541833085,-139.2962925636924,-134.92945506780427,-79.58656807873625,-52.293872244352855,55.34488350674559,-92.75301921085415,-68.63150939998431,-93.24627076840653,193.11119534890946,98.39239217736377,186.41892077544918,-116.15133619380025,-155.01643991009178,83.08961017936497,191.62902036013077,114.81613427226375,145.23027813682432,-196.9766852049202,-18.232497377014397,182.1691867978692,126.01833267220502,39.29973458737189,134.5227793899718,-48.72927366279072,46.82425687739658,-26.473539827427658,88.52611450613318,164.03143492060133,-61.421901290870096,180.51093413058499,-111.0393199402357,-166.25276816530146,172.81168230254855,-162.04600371392922,121.94884643352333,87.74076558537683,-102.51725018166545,93.28029895059666,-178.75481603923467,68.4440572412501,-57.440852774563126,31.657382846062546,-107.00867507392661,-161.4283195210039,-84.43476014937383,182.96225890783603,-199.43508819719816,-56.455235927968204,15.780546875352229,-142.84461724212014,109.07536274408886,151.66851776779737,-117.20325414920526,178.42315578195507,-148.55108968769497,-36.281787632999794,-153.3060338767434,189.31169734648768,-33.3926281488464,-2.9245558358634014,-107.18873310051981,41.88221191113092,111.3576053393765,179.95858917124156,166.2006177703375,145.58006052376157,-42.353454592952744,-149.48484806067984,20.808927750038777,104.53643921308986,121.81858733753052,-188.0072080741285,-138.43000802576282,194.71380213742464,9.736602227517409,-129.58619977106133,-197.55919004514934,-38.77287246793392,160.76906427844813,-44.95577790805183,146.41032821181358,-7.399817314745519,95.16384062676639,132.99309881117756,91.34918895327064,-11.21807050131568,-67.24055660706009,137.87381050030802,183.24761529876565,-5.350121165501946,22.849494912318704,-92.31639970268878,-155.61404613166707,51.07498351640706,38.977939870672,117.61967293173171,36.36730622062521,-156.38727025352244,-170.65111168848608,-115.90096044171916,123.96755341439302,-84.09075815117193,158.30564790250514,38.80633673551449,63.437486594915356,-120.49303368373398,198.68693152599678,144.7950588115636,154.20216371140157,-0.3866398323321789,143.14934234173575,-174.51896797515846,117.51558333487259,76.69382677572383,-149.04220547517548,23.823661876636834,-187.93752850133876,-141.65381890519754,-12.885104103169681,-115.17827735633377,13.219965537185772,145.95503731270105,-179.93613116940463,-128.53960248377305,-142.40096965780452,-47.22482424203855,-86.35743222505488,103.27062994664948,-160.78856288130154,190.2956984457236,-26.485505237375236,-38.40842687271265,-144.00590238680886,62.67782728409827,142.13200067254962,57.67914471382312,180.59113157481164,38.78705657002345,-129.13785649565517,-179.20808361306,103.0506593768929,-156.86577161593914,-80.92402606209626,-45.463929404696046,181.21132273556873,170.09412536508097,136.95380747688353,107.04726802230351,-19.960754493685812,50.23282570884061,124.41667366023506,144.2757325069308,122.86196427113288,-39.49410475074066,-42.374431106788535,-147.4189520737177,-15.819459628598509,137.39390562750134,-105.42116922781845,-51.62619330376921,17.79274467595772,169.00719757431858,-91.78839251514646,13.9302380429898,-24.567409949887065,-144.89715640246868,158.5303769006244,-140.09836775100806,15.598623647764015,-120.35483355500203,79.50853949997605,68.01830256644956,186.4845513902195,196.52690015608442,6.483312438244241,87.76330536635305,147.6681137417126,-5.255023662862698,116.70171303252653,-4.973312325725971,-49.891803738408896,123.66134047040151,-42.048324812940365,-54.97391630871613,-0.6907319492284216,84.32047324667684,-10.856983688998014,-78.65666308019308,-90.4373101618524,75.2871390397923,-91.375846376727,-74.9622721487898,175.83117923251825,113.9512045470604,175.94298399195725,33.4226003835918,174.64678470069322,-150.19783233888813,154.8989867466924,-160.12116657977188,165.31575531461107,-171.66640733213367,154.388636972609,-74.02423725597242,14.35429167789377,194.44360869945967,-141.97893279623304,-150.8793861683352,196.1239296684745,175.93185670827285,-86.63406187870093,29.695404066974845,-64.97760643272267,24.37529289108653,-40.79089800914545,155.36786613826405,-33.06668621027296,136.60781658696635,111.15528099555729,2.9937747515835724,14.730205551836207,-187.10945859132943,73.9531123964648,-42.593671771184205,159.0588127829521,-14.104344226110442,-5.965617950002581,16.429945377853016,192.26124042159785,-6.812232644463961,-194.30913209062632,-28.4284901634538,2.337993365158354,92.1497855737287,-3.282802741605906,79.54651958211605,-167.60429605203683,119.54721502516702,175.90009883684053,-116.89069747025927,81.84246239646097,60.35666232222525,58.166878090521095,127.7217025817398,-10.529658292358448,-41.87547105381668,191.78285581864276,143.74164017829656,146.8807191416181,-173.15246637020886,-145.20553508850602,86.65533903693313,119.96104664501127,-171.93067498758805,112.62169762749363,-100.76881737746758,114.18387986826065,-105.21522258038041,185.9623969167082,133.03330086418674,196.21983416190528,76.83579634514774,167.25409149145008,112.58729040649462,-38.83378683426196,-97.98528857861317,-52.65230867371184,19.20213794281227,-103.81152873757719,61.87506917880279,78.76737573834032,-81.11194235270172,-96.42170499792648,-128.87337045946873,36.66331447368165,196.28759865311298,186.42832376372496,92.49878756810853,179.9250486447571,158.95317099700117,-114.95774201959902,70.09832018474441,174.42948603791638,132.8491293857055,-86.47246299895373,58.74632205603422,69.25072667535949,80.05762991946807,-191.21633684465772,-142.2741061798984,-44.89229081930918,188.71601092942092,-149.00079577458376,98.33027161375816,-83.58633186762323,111.83236512726108,175.74547022272338,-56.52294768666084,24.71603586722182,-166.95998567845103,-44.096094112458275,193.71496939892074,84.46590320421808,131.9951553763686,198.12212190571745,-166.6086808264724,152.79374340673922,-139.54754367919696,-88.30793673652421,111.10906514608041,88.70518766294236,160.4495424393998,-79.01788313404352,82.10922806938316,-178.52801484947665,143.8607177725993,40.98399726816112,117.19797535333231,136.49695248811537,139.75450413619376,32.00637552407645,43.20445373544598,173.28380716012987,-67.1816959599544,-58.19177159540726,124.66879962817211,88.76417327956369,-104.10409432400894,163.07559039451348,182.75757636923566,-176.16763356110025,99.77474111421935,103.71235083207023,192.62781644937667,18.08729487854768,-31.61965225233078,175.28984283489638,-71.24073109995555,-181.2199609835715,-143.50490588042928,-173.74393212148104,165.17711286224517,-93.81834456273181,88.6369147803149,76.44041585259492,-39.76935720195689, ./ficherosCreados Test Programa 1 1 1, 1 1 0 1 2

Host: MacBookPro14,1 x86_64 2500 MHz, 4 cores, 8G, Darwin 17.4.0
Time: Tue May 22 02:33:03 2018 CEST elapsed time: 0 seconds (0d 0h 0m 0s)

---------------  T H R E A D  ---------------

Current thread is native thread

Stack: [0x00007ffeecb0f000,0x00007ffeed30f000],  sp=0x00007ffeed308440,  free space=8165k
Native frames: (J=compiled Java code, A=aot compiled Java code, j=interpreted, Vv=VM code, C=native code)
V  [libjvm.dylib+0x5f1e5d]  SR_handler(int, __siginfo*, __darwin_ucontext*)+0x21
C  [libsystem_platform.dylib+0x1f5a]  _sigtramp+0x1a
C  [libobjc.A.dylib+0x85b1]  _objc_fetch_pthread_data+0x22
C  [CoreFoundation+0x86575]  __CFRunLoopServiceMachPort+0x155
C  [CoreFoundation+0x858c7]  __CFRunLoopRun+0x6f7
C  [CoreFoundation+0x84f43]  CFRunLoopRunSpecific+0x1e3
C  [java+0x6b2e]  CreateExecutionEnvironment+0x35c
C  [java+0x2c65]  JLI_Launch+0x5a9
C  [java+0x1b62]  main+0x186
C  [java+0x19d4]  start+0x34


siginfo: si_signo: 11 (SIGSEGV), si_code: 1 (SEGV_MAPERR), si_addr: 0x0000000000000028

Register to memory mapping:

RAX=0x0000000000000000 is an unknown value
RBX=0x00007ffeed308910 is an unknown value
RCX=0x00007fff88c1f388: _thread+0x48 in /usr/lib/system/libsystem_pthread.dylib at 0x00007fff4fe53000
RDX=0x00007ffeed308910 is an unknown value
RSP=0x00007ffeed308440 is an unknown value
RBP=0x00007ffeed308470 is an unknown value
RSI=0x00007ffeed3088a8 is an unknown value
RDI=0x0000000000000109 is an unknown value
R8 =0x00007ffeed308910 is an unknown value
R9 =0x00000000ffffffff is an unknown value
R10=0x0000000000000c00 is an unknown value
R11=0x0000000000000206 is an unknown value
R12=0x0000000000000002 is an unknown value
R13=0x0000000007000806 is an unknown value
R14=0x00007ffeed3088a8 is an unknown value
R15=0x00007ffeed308910 is an unknown value


Registers:
RAX=0x0000000000000000, RBX=0x00007ffeed308910, RCX=0x00007fff88c1f388, RDX=0x00007ffeed308910
RSP=0x00007ffeed308440, RBP=0x00007ffeed308470, RSI=0x00007ffeed3088a8, RDI=0x0000000000000109
R8 =0x00007ffeed308910, R9 =0x00000000ffffffff, R10=0x0000000000000c00, R11=0x0000000000000206
R12=0x0000000000000002, R13=0x0000000007000806, R14=0x00007ffeed3088a8, R15=0x00007ffeed308910
RIP=0x00000001037f1e5d, EFLAGS=0x0000000000010206, ERR=0x0000000000000004
  TRAPNO=0x000000000000000e

Top of Stack: (sp=0x00007ffeed308440)
0x00007ffeed308440:   00000001037f1e3c 00007ffeed308910
0x00007ffeed308450:   0000000000000c00 0000000007000806
0x00007ffeed308460:   00007ffeed308b80 00000000ffffffff
0x00007ffeed308470:   00007ffeed308480 00007fff4fe4cf5a
0x00007ffeed308480:   00007ffeed308a20 00007fff4efcf5b1
0x00007ffeed308490:   00007fff82632300 0000000000000000
0x00007ffeed3084a0:   0100001f00000085 00007fff8262d3c0
0x00007ffeed3084b0:   0000000010004005 0000000007000806
0x00007ffeed3084c0:   00007ffeed3089c8 0000000000000000
0x00007ffeed3084d0:   00007ffeed308b80 0000000007000806
0x00007ffeed3084e0:   00007ffeed308a20 00007ffeed3089c8
0x00007ffeed3084f0:   0000000000000a03 00000000ffffffff
0x00007ffeed308500:   0000000000000c00 0000000000000206
0x00007ffeed308510:   0000000000000c00 0000000007000806
0x00007ffeed308520:   00007ffeed308b80 00000000ffffffff
0x00007ffeed308530:   00007fff4fd117c2 0000000000000206
0x00007ffeed308540:   0000000000000007 0000000000000000
0x00007ffeed308550:   0000000000000000 0000000000000000
0x00007ffeed308560:   000000000000037f 0000000000000000
0x00007ffeed308570:   0000000000000000 0000ffff00001fa1
0x00007ffeed308580:   000000000002cd37 000000000000ffff
0x00007ffeed308590:   0001ffffed351bef 000000000000ffff
0x00007ffeed3085a0:   000000000001ffff 000000000000ffff
0x00007ffeed3085b0:   0000000000000000 0000000000000000
0x00007ffeed3085c0:   0000000000000000 0000000000000000
0x00007ffeed3085d0:   00000000ff73ff94 000000000000ffff
0x00007ffeed3085e0:   0000000011f40622 000000000000ffff
0x00007ffeed3085f0:   00000000ff700000 000000000000ffff
0x00007ffeed308600:   41c059ce5fd1a997 0000000000000000
0x00007ffeed308610:   3fe46a65cf67b1c0 0000000000000000
0x00007ffeed308620:   4415af1d78b58c40 0000000000000000
0x00007ffeed308630:   c3e0000000000000 0000000000000000 

Instructions: (pc=0x00000001037f1e5d)
0x00000001037f1e3d:   48 89 e5 41 57 41 56 41 55 41 54 53 50 49 89 d7
0x00000001037f1e4d:   49 89 f6 e8 0f 19 17 00 44 8b 20 e8 0b d4 10 00
0x00000001037f1e5d:   48 83 78 28 00 0f 84 f6 00 00 00 4c 8b a8 48 01
0x00000001037f1e6d:   00 00 41 8b 45 34 83 f8 01 0f 85 da 00 00 00 49 


---------------  P R O C E S S  ---------------

VM state:not at safepoint (normal execution)

VM Mutex/Monitor currently owned by a thread: None

Heap address: 0x0000000740000000, size: 2048 MB, Compressed Oops mode: Zero based, Oop shift amount: 3
Narrow klass base: 0x0000000000000000, Narrow klass shift: 3
Compressed class space size: 1073741824 Address: 0x00000007c0000000

Heap:
 garbage-first heap   total 131072K, used 1024K [0x0000000740000000, 0x0000000740100400, 0x00000007c0000000)
  region size 1024K, 2 young (2048K), 0 survivors (0K)
 Metaspace       used 3438K, capacity 4480K, committed 4480K, reserved 1056768K
  class space    used 305K, capacity 384K, committed 384K, reserved 1048576K
Heap Regions: E=young(eden), S=young(survivor), O=old, HS=humongous(starts), HC=humongous(continues), CS=collection set, F=free, A=archive, TS=gc time stamp, AC=allocation context, TAMS=top-at-mark-start (previous, next)
|   0|0x0000000740000000, 0x0000000740000000, 0x0000000740100000|  0%| F|  |TS  0|AC  0|TAMS 0x0000000740000000, 0x0000000740000000|
|   1|0x0000000740100000, 0x0000000740100000, 0x0000000740200000|  0%| F|  |TS  0|AC  0|TAMS 0x0000000740100000, 0x0000000740100000|
|   2|0x0000000740200000, 0x0000000740200000, 0x0000000740300000|  0%| F|  |TS  0|AC  0|TAMS 0x0000000740200000, 0x0000000740200000|
|   3|0x0000000740300000, 0x0000000740300000, 0x0000000740400000|  0%| F|  |TS  0|AC  0|TAMS 0x0000000740300000, 0x0000000740300000|
|   4|0x0000000740400000, 0x0000000740400000, 0x0000000740500000|  0%| F|  |TS  0|AC  0|TAMS 0x0000000740400000, 0x0000000740400000|
|   5|0x0000000740500000, 0x0000000740500000, 0x0000000740600000|  0%| F|  |TS  0|AC  0|TAMS 0x0000000740500000, 0x0000000740500000|
|   6|0x0000000740600000, 0x0000000740600000, 0x0000000740700000|  0%| F|  |TS  0|AC  0|TAMS 0x0000000740600000, 0x0000000740600000|
|   7|0x0000000740700000, 0x0000000740700000, 0x0000000740800000|  0%| F|  |TS  0|AC  0|TAMS 0x0000000740700000, 0x0000000740700000|
|   8|0x0000000740800000, 0x0000000740800000, 0x0000000740900000|  0%| F|  |TS  0|AC  0|TAMS 0x0000000740800000, 0x0000000740800000|
|   9|0x0000000740900000, 0x0000000740900000, 0x0000000740a00000|  0%| F|  |TS  0|AC  0|TAMS 0x0000000740900000, 0x0000000740900000|
|  10|0x0000000740a00000, 0x0000000740a00000, 0x0000000740b00000|  0%| F|  |TS  0|AC  0|TAMS 0x0000000740a00000, 0x0000000740a00000|
|  11|0x0000000740b00000, 0x0000000740b00000, 0x0000000740c00000|  0%| F|  |TS  0|AC  0|TAMS 0x0000000740b00000, 0x0000000740b00000|
|  12|0x0000000740c00000, 0x0000000740c00000, 0x0000000740d00000|  0%| F|  |TS  0|AC  0|TAMS 0x0000000740c00000, 0x0000000740c00000|
|  13|0x0000000740d00000, 0x0000000740d00000, 0x0000000740e00000|  0%| F|  |TS  0|AC  0|TAMS 0x0000000740d00000, 0x0000000740d00000|
|  14|0x0000000740e00000, 0x0000000740e00000, 0x0000000740f00000|  0%| F|  |TS  0|AC  0|TAMS 0x0000000740e00000, 0x0000000740e00000|
|  15|0x0000000740f00000, 0x0000000740f00000, 0x0000000741000000|  0%| F|  |TS  0|AC  0|TAMS 0x0000000740f00000, 0x0000000740f00000|
|  16|0x0000000741000000, 0x0000000741000000, 0x0000000741100000|  0%| F|  |TS  0|AC  0|TAMS 0x0000000741000000, 0x0000000741000000|
|  17|0x0000000741100000, 0x0000000741100000, 0x0000000741200000|  0%| F|  |TS  0|AC  0|TAMS 0x0000000741100000, 0x0000000741100000|
|  18|0x0000000741200000, 0x0000000741200000, 0x0000000741300000|  0%| F|  |TS  0|AC  0|TAMS 0x0000000741200000, 0x0000000741200000|
|  19|0x0000000741300000, 0x0000000741300000, 0x0000000741400000|  0%| F|  |TS  0|AC  0|TAMS 0x0000000741300000, 0x0000000741300000|
|  20|0x0000000741400000, 0x0000000741400000, 0x0000000741500000|  0%| F|  |TS  0|AC  0|TAMS 0x0000000741400000, 0x0000000741400000|
|  21|0x0000000741500000, 0x0000000741500000, 0x0000000741600000|  0%| F|  |TS  0|AC  0|TAMS 0x0000000741500000, 0x0000000741500000|
|  22|0x0000000741600000, 0x0000000741600000, 0x0000000741700000|  0%| F|  |TS  0|AC  0|TAMS 0x0000000741600000, 0x0000000741600000|
|  23|0x0000000741700000, 0x0000000741700000, 0x0000000741800000|  0%| F|  |TS  0|AC  0|TAMS 0x0000000741700000, 0x0000000741700000|
|  24|0x0000000741800000, 0x0000000741800000, 0x0000000741900000|  0%| F|  |TS  0|AC  0|TAMS 0x0000000741800000, 0x0000000741800000|
|  25|0x0000000741900000, 0x0000000741900000, 0x0000000741a00000|  0%| F|  |TS  0|AC  0|TAMS 0x0000000741900000, 0x0000000741900000|
|  26|0x0000000741a00000, 0x0000000741a00000, 0x0000000741b00000|  0%| F|  |TS  0|AC  0|TAMS 0x0000000741a00000, 0x0000000741a00000|
|  27|0x0000000741b00000, 0x0000000741b00000, 0x0000000741c00000|  0%| F|  |TS  0|AC  0|TAMS 0x0000000741b00000, 0x0000000741b00000|
|  28|0x0000000741c00000, 0x0000000741c00000, 0x0000000741d00000|  0%| F|  |TS  0|AC  0|TAMS 0x0000000741c00000, 0x0000000741c00000|
|  29|0x0000000741d00000, 0x0000000741d00000, 0x0000000741e00000|  0%| F|  |TS  0|AC  0|TAMS 0x0000000741d00000, 0x0000000741d00000|
|  30|0x0000000741e00000, 0x0000000741e00000, 0x0000000741f00000|  0%| F|  |TS  0|AC  0|TAMS 0x0000000741e00000, 0x0000000741e00000|
|  31|0x0000000741f00000, 0x0000000741f00000, 0x0000000742000000|  0%| F|  |TS  0|AC  0|TAMS 0x0000000741f00000, 0x0000000741f00000|
|  32|0x0000000742000000, 0x0000000742000000, 0x0000000742100000|  0%| F|  |TS  0|AC  0|TAMS 0x0000000742000000, 0x0000000742000000|
|  33|0x0000000742100000, 0x0000000742100000, 0x0000000742200000|  0%| F|  |TS  0|AC  0|TAMS 0x0000000742100000, 0x0000000742100000|
|  34|0x0000000742200000, 0x0000000742200000, 0x0000000742300000|  0%| F|  |TS  0|AC  0|TAMS 0x0000000742200000, 0x0000000742200000|
|  35|0x0000000742300000, 0x0000000742300000, 0x0000000742400000|  0%| F|  |TS  0|AC  0|TAMS 0x0000000742300000, 0x0000000742300000|
|  36|0x0000000742400000, 0x0000000742400000, 0x0000000742500000|  0%| F|  |TS  0|AC  0|TAMS 0x0000000742400000, 0x0000000742400000|
|  37|0x0000000742500000, 0x0000000742500000, 0x0000000742600000|  0%| F|  |TS  0|AC  0|TAMS 0x0000000742500000, 0x0000000742500000|
|  38|0x0000000742600000, 0x0000000742600000, 0x0000000742700000|  0%| F|  |TS  0|AC  0|TAMS 0x0000000742600000, 0x0000000742600000|
|  39|0x0000000742700000, 0x0000000742700000, 0x0000000742800000|  0%| F|  |TS  0|AC  0|TAMS 0x0000000742700000, 0x0000000742700000|
|  40|0x0000000742800000, 0x0000000742800000, 0x0000000742900000|  0%| F|  |TS  0|AC  0|TAMS 0x0000000742800000, 0x0000000742800000|
|  41|0x0000000742900000, 0x0000000742900000, 0x0000000742a00000|  0%| F|  |TS  0|AC  0|TAMS 0x0000000742900000, 0x0000000742900000|
|  42|0x0000000742a00000, 0x0000000742a00000, 0x0000000742b00000|  0%| F|  |TS  0|AC  0|TAMS 0x0000000742a00000, 0x0000000742a00000|
|  43|0x0000000742b00000, 0x0000000742b00000, 0x0000000742c00000|  0%| F|  |TS  0|AC  0|TAMS 0x0000000742b00000, 0x0000000742b00000|
|  44|0x0000000742c00000, 0x0000000742c00000, 0x0000000742d00000|  0%| F|  |TS  0|AC  0|TAMS 0x0000000742c00000, 0x0000000742c00000|
|  45|0x0000000742d00000, 0x0000000742d00000, 0x0000000742e00000|  0%| F|  |TS  0|AC  0|TAMS 0x0000000742d00000, 0x0000000742d00000|
|  46|0x0000000742e00000, 0x0000000742e00000, 0x0000000742f00000|  0%| F|  |TS  0|AC  0|TAMS 0x0000000742e00000, 0x0000000742e00000|
|  47|0x0000000742f00000, 0x0000000742f00000, 0x0000000743000000|  0%| F|  |TS  0|AC  0|TAMS 0x0000000742f00000, 0x0000000742f00000|
|  48|0x0000000743000000, 0x0000000743000000, 0x0000000743100000|  0%| F|  |TS  0|AC  0|TAMS 0x0000000743000000, 0x0000000743000000|
|  49|0x0000000743100000, 0x0000000743100000, 0x0000000743200000|  0%| F|  |TS  0|AC  0|TAMS 0x0000000743100000, 0x0000000743100000|
|  50|0x0000000743200000, 0x0000000743200000, 0x0000000743300000|  0%| F|  |TS  0|AC  0|TAMS 0x0000000743200000, 0x0000000743200000|
|  51|0x0000000743300000, 0x0000000743300000, 0x0000000743400000|  0%| F|  |TS  0|AC  0|TAMS 0x0000000743300000, 0x0000000743300000|
|  52|0x0000000743400000, 0x0000000743400000, 0x0000000743500000|  0%| F|  |TS  0|AC  0|TAMS 0x0000000743400000, 0x0000000743400000|
|  53|0x0000000743500000, 0x0000000743500000, 0x0000000743600000|  0%| F|  |TS  0|AC  0|TAMS 0x0000000743500000, 0x0000000743500000|
|  54|0x0000000743600000, 0x0000000743600000, 0x0000000743700000|  0%| F|  |TS  0|AC  0|TAMS 0x0000000743600000, 0x0000000743600000|
|  55|0x0000000743700000, 0x0000000743700000, 0x0000000743800000|  0%| F|  |TS  0|AC  0|TAMS 0x0000000743700000, 0x0000000743700000|
|  56|0x0000000743800000, 0x0000000743800000, 0x0000000743900000|  0%| F|  |TS  0|AC  0|TAMS 0x0000000743800000, 0x0000000743800000|
|  57|0x0000000743900000, 0x0000000743900000, 0x0000000743a00000|  0%| F|  |TS  0|AC  0|TAMS 0x0000000743900000, 0x0000000743900000|
|  58|0x0000000743a00000, 0x0000000743a00000, 0x0000000743b00000|  0%| F|  |TS  0|AC  0|TAMS 0x0000000743a00000, 0x0000000743a00000|
|  59|0x0000000743b00000, 0x0000000743b00000, 0x0000000743c00000|  0%| F|  |TS  0|AC  0|TAMS 0x0000000743b00000, 0x0000000743b00000|
|  60|0x0000000743c00000, 0x0000000743c00000, 0x0000000743d00000|  0%| F|  |TS  0|AC  0|TAMS 0x0000000743c00000, 0x0000000743c00000|
|  61|0x0000000743d00000, 0x0000000743d00000, 0x0000000743e00000|  0%| F|  |TS  0|AC  0|TAMS 0x0000000743d00000, 0x0000000743d00000|
|  62|0x0000000743e00000, 0x0000000743e00000, 0x0000000743f00000|  0%| F|  |TS  0|AC  0|TAMS 0x0000000743e00000, 0x0000000743e00000|
|  63|0x0000000743f00000, 0x0000000743f00000, 0x0000000744000000|  0%| F|  |TS  0|AC  0|TAMS 0x0000000743f00000, 0x0000000743f00000|
|  64|0x0000000744000000, 0x0000000744000000, 0x0000000744100000|  0%| F|  |TS  0|AC  0|TAMS 0x0000000744000000, 0x0000000744000000|
|  65|0x0000000744100000, 0x0000000744100000, 0x0000000744200000|  0%| F|  |TS  0|AC  0|TAMS 0x0000000744100000, 0x0000000744100000|
|  66|0x0000000744200000, 0x0000000744200000, 0x0000000744300000|  0%| F|  |TS  0|AC  0|TAMS 0x0000000744200000, 0x0000000744200000|
|  67|0x0000000744300000, 0x0000000744300000, 0x0000000744400000|  0%| F|  |TS  0|AC  0|TAMS 0x0000000744300000, 0x0000000744300000|
|  68|0x0000000744400000, 0x0000000744400000, 0x0000000744500000|  0%| F|  |TS  0|AC  0|TAMS 0x0000000744400000, 0x0000000744400000|
|  69|0x0000000744500000, 0x0000000744500000, 0x0000000744600000|  0%| F|  |TS  0|AC  0|TAMS 0x0000000744500000, 0x0000000744500000|
|  70|0x0000000744600000, 0x0000000744600000, 0x0000000744700000|  0%| F|  |TS  0|AC  0|TAMS 0x0000000744600000, 0x0000000744600000|
|  71|0x0000000744700000, 0x0000000744700000, 0x0000000744800000|  0%| F|  |TS  0|AC  0|TAMS 0x0000000744700000, 0x0000000744700000|
|  72|0x0000000744800000, 0x0000000744800000, 0x0000000744900000|  0%| F|  |TS  0|AC  0|TAMS 0x0000000744800000, 0x0000000744800000|
|  73|0x0000000744900000, 0x0000000744900000, 0x0000000744a00000|  0%| F|  |TS  0|AC  0|TAMS 0x0000000744900000, 0x0000000744900000|
|  74|0x0000000744a00000, 0x0000000744a00000, 0x0000000744b00000|  0%| F|  |TS  0|AC  0|TAMS 0x0000000744a00000, 0x0000000744a00000|
|  75|0x0000000744b00000, 0x0000000744b00000, 0x0000000744c00000|  0%| F|  |TS  0|AC  0|TAMS 0x0000000744b00000, 0x0000000744b00000|
|  76|0x0000000744c00000, 0x0000000744c00000, 0x0000000744d00000|  0%| F|  |TS  0|AC  0|TAMS 0x0000000744c00000, 0x0000000744c00000|
|  77|0x0000000744d00000, 0x0000000744d00000, 0x0000000744e00000|  0%| F|  |TS  0|AC  0|TAMS 0x0000000744d00000, 0x0000000744d00000|
|  78|0x0000000744e00000, 0x0000000744e00000, 0x0000000744f00000|  0%| F|  |TS  0|AC  0|TAMS 0x0000000744e00000, 0x0000000744e00000|
|  79|0x0000000744f00000, 0x0000000744f00000, 0x0000000745000000|  0%| F|  |TS  0|AC  0|TAMS 0x0000000744f00000, 0x0000000744f00000|
|  80|0x0000000745000000, 0x0000000745000000, 0x0000000745100000|  0%| F|  |TS  0|AC  0|TAMS 0x0000000745000000, 0x0000000745000000|
|  81|0x0000000745100000, 0x0000000745100000, 0x0000000745200000|  0%| F|  |TS  0|AC  0|TAMS 0x0000000745100000, 0x0000000745100000|
|  82|0x0000000745200000, 0x0000000745200000, 0x0000000745300000|  0%| F|  |TS  0|AC  0|TAMS 0x0000000745200000, 0x0000000745200000|
|  83|0x0000000745300000, 0x0000000745300000, 0x0000000745400000|  0%| F|  |TS  0|AC  0|TAMS 0x0000000745300000, 0x0000000745300000|
|  84|0x0000000745400000, 0x0000000745400000, 0x0000000745500000|  0%| F|  |TS  0|AC  0|TAMS 0x0000000745400000, 0x0000000745400000|
|  85|0x0000000745500000, 0x0000000745500000, 0x0000000745600000|  0%| F|  |TS  0|AC  0|TAMS 0x0000000745500000, 0x0000000745500000|
|  86|0x0000000745600000, 0x0000000745600000, 0x0000000745700000|  0%| F|  |TS  0|AC  0|TAMS 0x0000000745600000, 0x0000000745600000|
|  87|0x0000000745700000, 0x0000000745700000, 0x0000000745800000|  0%| F|  |TS  0|AC  0|TAMS 0x0000000745700000, 0x0000000745700000|
|  88|0x0000000745800000, 0x0000000745800000, 0x0000000745900000|  0%| F|  |TS  0|AC  0|TAMS 0x0000000745800000, 0x0000000745800000|
|  89|0x0000000745900000, 0x0000000745900000, 0x0000000745a00000|  0%| F|  |TS  0|AC  0|TAMS 0x0000000745900000, 0x0000000745900000|
|  90|0x0000000745a00000, 0x0000000745a00000, 0x0000000745b00000|  0%| F|  |TS  0|AC  0|TAMS 0x0000000745a00000, 0x0000000745a00000|
|  91|0x0000000745b00000, 0x0000000745b00000, 0x0000000745c00000|  0%| F|  |TS  0|AC  0|TAMS 0x0000000745b00000, 0x0000000745b00000|
|  92|0x0000000745c00000, 0x0000000745c00000, 0x0000000745d00000|  0%| F|  |TS  0|AC  0|TAMS 0x0000000745c00000, 0x0000000745c00000|
|  93|0x0000000745d00000, 0x0000000745d00000, 0x0000000745e00000|  0%| F|  |TS  0|AC  0|TAMS 0x0000000745d00000, 0x0000000745d00000|
|  94|0x0000000745e00000, 0x0000000745e00000, 0x0000000745f00000|  0%| F|  |TS  0|AC  0|TAMS 0x0000000745e00000, 0x0000000745e00000|
|  95|0x0000000745f00000, 0x0000000745f00000, 0x0000000746000000|  0%| F|  |TS  0|AC  0|TAMS 0x0000000745f00000, 0x0000000745f00000|
|  96|0x0000000746000000, 0x0000000746000000, 0x0000000746100000|  0%| F|  |TS  0|AC  0|TAMS 0x0000000746000000, 0x0000000746000000|
|  97|0x0000000746100000, 0x0000000746100000, 0x0000000746200000|  0%| F|  |TS  0|AC  0|TAMS 0x0000000746100000, 0x0000000746100000|
|  98|0x0000000746200000, 0x0000000746200000, 0x0000000746300000|  0%| F|  |TS  0|AC  0|TAMS 0x0000000746200000, 0x0000000746200000|
|  99|0x0000000746300000, 0x0000000746300000, 0x0000000746400000|  0%| F|  |TS  0|AC  0|TAMS 0x0000000746300000, 0x0000000746300000|
| 100|0x0000000746400000, 0x0000000746400000, 0x0000000746500000|  0%| F|  |TS  0|AC  0|TAMS 0x0000000746400000, 0x0000000746400000|
| 101|0x0000000746500000, 0x0000000746500000, 0x0000000746600000|  0%| F|  |TS  0|AC  0|TAMS 0x0000000746500000, 0x0000000746500000|
| 102|0x0000000746600000, 0x0000000746600000, 0x0000000746700000|  0%| F|  |TS  0|AC  0|TAMS 0x0000000746600000, 0x0000000746600000|
| 103|0x0000000746700000, 0x0000000746700000, 0x0000000746800000|  0%| F|  |TS  0|AC  0|TAMS 0x0000000746700000, 0x0000000746700000|
| 104|0x0000000746800000, 0x0000000746800000, 0x0000000746900000|  0%| F|  |TS  0|AC  0|TAMS 0x0000000746800000, 0x0000000746800000|
| 105|0x0000000746900000, 0x0000000746900000, 0x0000000746a00000|  0%| F|  |TS  0|AC  0|TAMS 0x0000000746900000, 0x0000000746900000|
| 106|0x0000000746a00000, 0x0000000746a00000, 0x0000000746b00000|  0%| F|  |TS  0|AC  0|TAMS 0x0000000746a00000, 0x0000000746a00000|
| 107|0x0000000746b00000, 0x0000000746b00000, 0x0000000746c00000|  0%| F|  |TS  0|AC  0|TAMS 0x0000000746b00000, 0x0000000746b00000|
| 108|0x0000000746c00000, 0x0000000746c00000, 0x0000000746d00000|  0%| F|  |TS  0|AC  0|TAMS 0x0000000746c00000, 0x0000000746c00000|
| 109|0x0000000746d00000, 0x0000000746d00000, 0x0000000746e00000|  0%| F|  |TS  0|AC  0|TAMS 0x0000000746d00000, 0x0000000746d00000|
| 110|0x0000000746e00000, 0x0000000746e00000, 0x0000000746f00000|  0%| F|  |TS  0|AC  0|TAMS 0x0000000746e00000, 0x0000000746e00000|
| 111|0x0000000746f00000, 0x0000000746f00000, 0x0000000747000000|  0%| F|  |TS  0|AC  0|TAMS 0x0000000746f00000, 0x0000000746f00000|
| 112|0x0000000747000000, 0x0000000747000000, 0x0000000747100000|  0%| F|  |TS  0|AC  0|TAMS 0x0000000747000000, 0x0000000747000000|
| 113|0x0000000747100000, 0x0000000747100000, 0x0000000747200000|  0%| F|  |TS  0|AC  0|TAMS 0x0000000747100000, 0x0000000747100000|
| 114|0x0000000747200000, 0x0000000747200000, 0x0000000747300000|  0%| F|  |TS  0|AC  0|TAMS 0x0000000747200000, 0x0000000747200000|
| 115|0x0000000747300000, 0x0000000747300000, 0x0000000747400000|  0%| F|  |TS  0|AC  0|TAMS 0x0000000747300000, 0x0000000747300000|
| 116|0x0000000747400000, 0x0000000747400000, 0x0000000747500000|  0%| F|  |TS  0|AC  0|TAMS 0x0000000747400000, 0x0000000747400000|
| 117|0x0000000747500000, 0x0000000747500000, 0x0000000747600000|  0%| F|  |TS  0|AC  0|TAMS 0x0000000747500000, 0x0000000747500000|
| 118|0x0000000747600000, 0x0000000747600000, 0x0000000747700000|  0%| F|  |TS  0|AC  0|TAMS 0x0000000747600000, 0x0000000747600000|
| 119|0x0000000747700000, 0x0000000747700000, 0x0000000747800000|  0%| F|  |TS  0|AC  0|TAMS 0x0000000747700000, 0x0000000747700000|
| 120|0x0000000747800000, 0x0000000747800000, 0x0000000747900000|  0%| F|  |TS  0|AC  0|TAMS 0x0000000747800000, 0x0000000747800000|
| 121|0x0000000747900000, 0x0000000747900000, 0x0000000747a00000|  0%| F|  |TS  0|AC  0|TAMS 0x0000000747900000, 0x0000000747900000|
| 122|0x0000000747a00000, 0x0000000747a00000, 0x0000000747b00000|  0%| F|  |TS  0|AC  0|TAMS 0x0000000747a00000, 0x0000000747a00000|
| 123|0x0000000747b00000, 0x0000000747b00000, 0x0000000747c00000|  0%| F|  |TS  0|AC  0|TAMS 0x0000000747b00000, 0x0000000747b00000|
| 124|0x0000000747c00000, 0x0000000747c00000, 0x0000000747d00000|  0%| F|  |TS  0|AC  0|TAMS 0x0000000747c00000, 0x0000000747c00000|
| 125|0x0000000747d00000, 0x0000000747d00000, 0x0000000747e00000|  0%| F|  |TS  0|AC  0|TAMS 0x0000000747d00000, 0x0000000747d00000|
| 126|0x0000000747e00000, 0x0000000747e00800, 0x0000000747f00000|  0%| E|  |TS  0|AC  0|TAMS 0x0000000747e00000, 0x0000000747e00000|
| 127|0x0000000747f00000, 0x0000000748000000, 0x0000000748000000|100%| E|CS|TS  0|AC  0|TAMS 0x0000000747f00000, 0x0000000747f00000|

Card table byte_map: [0x0000000104c78000,0x0000000105078000] byte_map_base: 0x0000000101278000

Marking Bits (Prev, Next): (CMBitMap*) 0x00007fbd1500c070, (CMBitMap*) 0x00007fbd1500c0a8
 Prev Bits: [0x0000000105478000, 0x0000000107478000)
 Next Bits: [0x0000000107478000, 0x0000000109478000)

Polling page: 0x0000000102966000

CodeHeap 'non-profiled nmethods': size=120032Kb used=9Kb max_used=9Kb free=120022Kb
 bounds [0x000000011ef45000, 0x000000011f1b5000, 0x000000012647d000]
CodeHeap 'profiled nmethods': size=120032Kb used=62Kb max_used=62Kb free=119969Kb
 bounds [0x0000000117a0d000, 0x0000000117c7d000, 0x000000011ef45000]
CodeHeap 'non-nmethods': size=5696Kb used=1132Kb max_used=1141Kb free=4564Kb
 bounds [0x000000011747d000, 0x00000001176ed000, 0x0000000117a0d000]
 total_blobs=349 nmethods=47 adapters=162
 compilation: enabled

Compilation events (10 events):
Event: 0.131 Thread 0x00007fbd158bb000 nmethod 36 0x0000000117a17910 code [0x0000000117a17ac0, 0x0000000117a17dd0]
Event: 0.131 Thread 0x00007fbd158bb000   37       3       jdk.internal.misc.Unsafe::getObjectAcquire (7 bytes)
Event: 0.131 Thread 0x00007fbd158bb000 nmethod 37 0x0000000117a17e90 code [0x0000000117a18040, 0x0000000117a181f0]
Event: 0.134 Thread 0x00007fbd158bb000   39       3       java.util.concurrent.ConcurrentHashMap::spread (10 bytes)
Event: 0.134 Thread 0x00007fbd158bb000 nmethod 39 0x0000000117a18290 code [0x0000000117a18440, 0x0000000117a18590]
Event: 0.134 Thread 0x00007fbd158bb000   41       3       java.util.ImmutableCollections$SetN$1::hasNext (47 bytes)
Event: 0.135 Thread 0x00007fbd158bb000 nmethod 41 0x0000000117a18610 code [0x0000000117a187c0, 0x0000000117a18a50]
Event: 0.135 Thread 0x00007fbd158bb000   42       3       java.util.concurrent.ConcurrentHashMap$Node::<init> (20 bytes)
Event: 0.135 Thread 0x00007fbd158bb000 nmethod 42 0x0000000117a18b90 code [0x0000000117a18d40, 0x0000000117a18fd0]
Event: 0.135 Thread 0x00007fbd158bb000   44   !   3       java.util.concurrent.ConcurrentHashMap::putVal (432 bytes)

GC Heap History (0 events):
No events

Deoptimization events (0 events):
No events

Classes redefined (0 events):
No events

Internal exceptions (0 events):
No events

Events (10 events):
Event: 0.133 loading class java/util/WeakHashMap$KeySet done
Event: 0.133 loading class jdk/internal/loader/BuiltinClassLoader$LoadedModule
Event: 0.134 loading class jdk/internal/loader/BuiltinClassLoader$LoadedModule done
Event: 0.134 loading class sun/net/www/protocol/jrt/Handler
Event: 0.134 loading class sun/net/www/protocol/jrt/Handler done
Event: 0.134 loading class java/util/ImmutableCollections$SetN$1
Event: 0.134 loading class java/util/ImmutableCollections$SetN$1 done
Event: 0.135 loading class java/util/HashSet
Event: 0.136 loading class java/util/HashSet done
Event: 0.136 loading class java/util/Collections$EmptyIterator


Dynamic libraries:
0x00007fff27a91000 	/System/Library/Frameworks/Cocoa.framework/Versions/A/Cocoa
0x00007fff33e4e000 	/System/Library/Frameworks/Security.framework/Versions/A/Security
0x00007fff26700000 	/System/Library/Frameworks/ApplicationServices.framework/Versions/A/ApplicationServices
0x00007fff4f9b2000 	/usr/lib/libz.1.dylib
0x00007fff4d9c6000 	/usr/lib/libSystem.B.dylib
0x00007fff2822b000 	/System/Library/Frameworks/CoreFoundation.framework/Versions/A/CoreFoundation
0x00007fff2a361000 	/System/Library/Frameworks/Foundation.framework/Versions/C/Foundation
0x00007fff4efc7000 	/usr/lib/libobjc.A.dylib
0x00007fff25851000 	/System/Library/Frameworks/AppKit.framework/Versions/C/AppKit
0x00007fff27e09000 	/System/Library/Frameworks/CoreData.framework/Versions/A/CoreData
0x00007fff47407000 	/System/Library/PrivateFrameworks/RemoteViewServices.framework/Versions/A/RemoteViewServices
0x00007fff4ba5c000 	/System/Library/PrivateFrameworks/UIFoundation.framework/Versions/A/UIFoundation
0x00007fff3c44d000 	/System/Library/PrivateFrameworks/DFRFoundation.framework/Versions/A/DFRFoundation
0x00007fff2c838000 	/System/Library/Frameworks/Metal.framework/Versions/A/Metal
0x00007fff3c5ee000 	/System/Library/PrivateFrameworks/DesktopServicesPriv.framework/Versions/A/DesktopServicesPriv
0x00007fff4e5c9000 	/usr/lib/libenergytrace.dylib
0x00007fff49b80000 	/System/Library/PrivateFrameworks/SkyLight.framework/Versions/A/SkyLight
0x00007fff286cd000 	/System/Library/Frameworks/CoreGraphics.framework/Versions/A/CoreGraphics
0x00007fff4d9c1000 	/usr/lib/libScreenReader.dylib
0x00007fff24812000 	/System/Library/Frameworks/Accelerate.framework/Versions/A/Accelerate
0x00007fff2aad8000 	/System/Library/Frameworks/IOSurface.framework/Versions/A/IOSurface
0x00007fff26c4a000 	/System/Library/Frameworks/AudioToolbox.framework/Versions/A/AudioToolbox
0x00007fff26ed7000 	/System/Library/Frameworks/AudioUnit.framework/Versions/A/AudioUnit
0x00007fff3c4e9000 	/System/Library/PrivateFrameworks/DataDetectorsCore.framework/Versions/A/DataDetectorsCore
0x00007fff27598000 	/System/Library/Frameworks/Carbon.framework/Versions/A/Frameworks/HIToolbox.framework/Versions/A/HIToolbox
0x00007fff4e723000 	/usr/lib/libicucore.A.dylib
0x00007fff333cd000 	/System/Library/Frameworks/QuartzCore.framework/Versions/A/QuartzCore
0x00007fff2797e000 	/System/Library/Frameworks/Carbon.framework/Versions/A/Frameworks/SpeechRecognition.framework/Versions/A/SpeechRecognition
0x00007fff4db22000 	/usr/lib/libauto.dylib
0x00007fff4f8a1000 	/usr/lib/libxml2.2.dylib
0x00007fff3c0c7000 	/System/Library/PrivateFrameworks/CoreUI.framework/Versions/A/CoreUI
0x00007fff27ce5000 	/System/Library/Frameworks/CoreAudio.framework/Versions/A/CoreAudio
0x00007fff2a19b000 	/System/Library/Frameworks/DiskArbitration.framework/Versions/A/DiskArbitration
0x00007fff4e997000 	/usr/lib/liblangid.dylib
0x00007fff43952000 	/System/Library/PrivateFrameworks/MultitouchSupport.framework/Versions/A/MultitouchSupport
0x00007fff2aa3b000 	/System/Library/Frameworks/IOKit.framework/Versions/A/IOKit
0x00007fff4d65e000 	/usr/lib/libDiagnosticMessagesClient.dylib
0x00007fff2938b000 	/System/Library/Frameworks/CoreServices.framework/Versions/A/CoreServices
0x00007fff453ec000 	/System/Library/PrivateFrameworks/PerformanceAnalysis.framework/Versions/A/PerformanceAnalysis
0x00007fff32577000 	/System/Library/Frameworks/OpenGL.framework/Versions/A/OpenGL
0x00007fff27a9f000 	/System/Library/Frameworks/ColorSync.framework/Versions/A/ColorSync
0x00007fff28cdc000 	/System/Library/Frameworks/CoreImage.framework/Versions/A/CoreImage
0x00007fff29d0c000 	/System/Library/Frameworks/CoreText.framework/Versions/A/CoreText
0x00007fff2ab36000 	/System/Library/Frameworks/ImageIO.framework/Versions/A/ImageIO
0x00007fff38920000 	/System/Library/PrivateFrameworks/Backup.framework/Versions/A/Backup
0x00007fff4da72000 	/usr/lib/libarchive.2.dylib
0x00007fff271ec000 	/System/Library/Frameworks/CFNetwork.framework/Versions/A/CFNetwork
0x00007fff345ca000 	/System/Library/Frameworks/SystemConfiguration.framework/Versions/A/SystemConfiguration
0x00007fff4d587000 	/usr/lib/libCRFSuite.dylib
0x00007fff4dbfa000 	/usr/lib/libc++.1.dylib
0x00007fff4dc51000 	/usr/lib/libc++abi.dylib
0x00007fff4fa62000 	/usr/lib/system/libcache.dylib
0x00007fff4fa67000 	/usr/lib/system/libcommonCrypto.dylib
0x00007fff4fa72000 	/usr/lib/system/libcompiler_rt.dylib
0x00007fff4fa7a000 	/usr/lib/system/libcopyfile.dylib
0x00007fff4fa83000 	/usr/lib/system/libcorecrypto.dylib
0x00007fff4fb90000 	/usr/lib/system/libdispatch.dylib
0x00007fff4fbca000 	/usr/lib/system/libdyld.dylib
0x00007fff4fbe8000 	/usr/lib/system/libkeymgr.dylib
0x00007fff4fbf6000 	/usr/lib/system/liblaunch.dylib
0x00007fff4fbf7000 	/usr/lib/system/libmacho.dylib
0x00007fff4fbfc000 	/usr/lib/system/libquarantine.dylib
0x00007fff4fbff000 	/usr/lib/system/libremovefile.dylib
0x00007fff4fc01000 	/usr/lib/system/libsystem_asl.dylib
0x00007fff4fc19000 	/usr/lib/system/libsystem_blocks.dylib
0x00007fff4fc1a000 	/usr/lib/system/libsystem_c.dylib
0x00007fff4fca4000 	/usr/lib/system/libsystem_configuration.dylib
0x00007fff4fca8000 	/usr/lib/system/libsystem_coreservices.dylib
0x00007fff4fcac000 	/usr/lib/system/libsystem_darwin.dylib
0x00007fff4fcae000 	/usr/lib/system/libsystem_dnssd.dylib
0x00007fff4fcb5000 	/usr/lib/system/libsystem_info.dylib
0x00007fff4fd25000 	/usr/lib/system/libsystem_m.dylib
0x00007fff4fd71000 	/usr/lib/system/libsystem_malloc.dylib
0x00007fff4fd91000 	/usr/lib/system/libsystem_network.dylib
0x00007fff4fe36000 	/usr/lib/system/libsystem_networkextension.dylib
0x00007fff4fe41000 	/usr/lib/system/libsystem_notify.dylib
0x00007fff4fe5f000 	/usr/lib/system/libsystem_sandbox.dylib
0x00007fff4fe63000 	/usr/lib/system/libsystem_secinit.dylib
0x00007fff4fcff000 	/usr/lib/system/libsystem_kernel.dylib
0x00007fff4fe4b000 	/usr/lib/system/libsystem_platform.dylib
0x00007fff4fe53000 	/usr/lib/system/libsystem_pthread.dylib
0x00007fff4fe65000 	/usr/lib/system/libsystem_symptoms.dylib
0x00007fff4fe6d000 	/usr/lib/system/libsystem_trace.dylib
0x00007fff4fe82000 	/usr/lib/system/libunwind.dylib
0x00007fff4fe88000 	/usr/lib/system/libxpc.dylib
0x00007fff4d4b4000 	/usr/lib/closure/libclosured.dylib
0x00007fff4dbdb000 	/usr/lib/libbsm.0.dylib
0x00007fff4fbe9000 	/usr/lib/system/libkxld.dylib
0x00007fff4d898000 	/usr/lib/libOpenScriptingUtil.dylib
0x00007fff4df4b000 	/usr/lib/libcoretls.dylib
0x00007fff4df64000 	/usr/lib/libcoretls_cfhelpers.dylib
0x00007fff4f3c8000 	/usr/lib/libpam.2.dylib
0x00007fff4f4ee000 	/usr/lib/libsqlite3.dylib
0x00007fff4f890000 	/usr/lib/libxar.1.dylib
0x00007fff4dbec000 	/usr/lib/libbz2.1.0.dylib
0x00007fff4e999000 	/usr/lib/liblzma.5.dylib
0x00007fff4ee7a000 	/usr/lib/libnetwork.dylib
0x00007fff4da5b000 	/usr/lib/libapple_nghttp2.dylib
0x00007fff4f3cf000 	/usr/lib/libpcap.A.dylib
0x00007fff4db23000 	/usr/lib/libboringssl.dylib
0x00007fff4f852000 	/usr/lib/libusrtcp.dylib
0x00007fff4da5a000 	/usr/lib/libapple_crypto.dylib
0x00007fff2970e000 	/System/Library/Frameworks/CoreServices.framework/Versions/A/Frameworks/FSEvents.framework/Versions/A/FSEvents
0x00007fff29401000 	/System/Library/Frameworks/CoreServices.framework/Versions/A/Frameworks/CarbonCore.framework/Versions/A/CarbonCore
0x00007fff298d0000 	/System/Library/Frameworks/CoreServices.framework/Versions/A/Frameworks/Metadata.framework/Versions/A/Metadata
0x00007fff29980000 	/System/Library/Frameworks/CoreServices.framework/Versions/A/Frameworks/OSServices.framework/Versions/A/OSServices
0x00007fff299de000 	/System/Library/Frameworks/CoreServices.framework/Versions/A/Frameworks/SearchKit.framework/Versions/A/SearchKit
0x00007fff2938c000 	/System/Library/Frameworks/CoreServices.framework/Versions/A/Frameworks/AE.framework/Versions/A/AE
0x00007fff29717000 	/System/Library/Frameworks/CoreServices.framework/Versions/A/Frameworks/LaunchServices.framework/Versions/A/LaunchServices
0x00007fff296d9000 	/System/Library/Frameworks/CoreServices.framework/Versions/A/Frameworks/DictionaryServices.framework/Versions/A/DictionaryServices
0x00007fff29a4d000 	/System/Library/Frameworks/CoreServices.framework/Versions/A/Frameworks/SharedFileList.framework/Versions/A/SharedFileList
0x00007fff2da04000 	/System/Library/Frameworks/NetFS.framework/Versions/A/NetFS
0x00007fff43bdf000 	/System/Library/PrivateFrameworks/NetAuth.framework/Versions/A/NetAuth
0x00007fff4d34e000 	/System/Library/PrivateFrameworks/login.framework/Versions/A/Frameworks/loginsupport.framework/Versions/A/loginsupport
0x00007fff4b6e0000 	/System/Library/PrivateFrameworks/TCC.framework/Versions/A/TCC
0x00007fff4ea7a000 	/usr/lib/libmecabra.dylib
0x00007fff26701000 	/System/Library/Frameworks/ApplicationServices.framework/Versions/A/Frameworks/ATS.framework/Versions/A/ATS
0x00007fff26aaf000 	/System/Library/Frameworks/ApplicationServices.framework/Versions/A/Frameworks/ColorSyncLegacy.framework/Versions/A/ColorSyncLegacy
0x00007fff26b53000 	/System/Library/Frameworks/ApplicationServices.framework/Versions/A/Frameworks/HIServices.framework/Versions/A/HIServices
0x00007fff26ba6000 	/System/Library/Frameworks/ApplicationServices.framework/Versions/A/Frameworks/LangAnalysis.framework/Versions/A/LangAnalysis
0x00007fff26bb5000 	/System/Library/Frameworks/ApplicationServices.framework/Versions/A/Frameworks/PrintCore.framework/Versions/A/PrintCore
0x00007fff26c02000 	/System/Library/Frameworks/ApplicationServices.framework/Versions/A/Frameworks/QD.framework/Versions/A/QD
0x00007fff26c3d000 	/System/Library/Frameworks/ApplicationServices.framework/Versions/A/Frameworks/SpeechSynthesis.framework/Versions/A/SpeechSynthesis
0x00007fff2815e000 	/System/Library/Frameworks/CoreDisplay.framework/Versions/A/CoreDisplay
0x00007fff2482a000 	/System/Library/Frameworks/Accelerate.framework/Versions/A/Frameworks/vImage.framework/Versions/A/vImage
0x00007fff25561000 	/System/Library/Frameworks/Accelerate.framework/Versions/A/Frameworks/vecLib.framework/Versions/A/vecLib
0x00007fff25303000 	/System/Library/Frameworks/Accelerate.framework/Versions/A/Frameworks/vecLib.framework/Versions/A/libvDSP.dylib
0x00007fff24e84000 	/System/Library/Frameworks/Accelerate.framework/Versions/A/Frameworks/vecLib.framework/Versions/A/libBNNS.dylib
0x00007fff2528a000 	/System/Library/Frameworks/Accelerate.framework/Versions/A/Frameworks/vecLib.framework/Versions/A/libQuadrature.dylib
0x00007fff254b0000 	/System/Library/Frameworks/Accelerate.framework/Versions/A/Frameworks/vecLib.framework/Versions/A/libvMisc.dylib
0x00007fff24eb3000 	/System/Library/Frameworks/Accelerate.framework/Versions/A/Frameworks/vecLib.framework/Versions/A/libLAPACK.dylib
0x00007fff24d29000 	/System/Library/Frameworks/Accelerate.framework/Versions/A/Frameworks/vecLib.framework/Versions/A/libBLAS.dylib
0x00007fff25274000 	/System/Library/Frameworks/Accelerate.framework/Versions/A/Frameworks/vecLib.framework/Versions/A/libLinearAlgebra.dylib
0x00007fff25290000 	/System/Library/Frameworks/Accelerate.framework/Versions/A/Frameworks/vecLib.framework/Versions/A/libSparse.dylib
0x00007fff252ef000 	/System/Library/Frameworks/Accelerate.framework/Versions/A/Frameworks/vecLib.framework/Versions/A/libSparseBLAS.dylib
0x00007fff42281000 	/System/Library/PrivateFrameworks/IOAccelerator.framework/Versions/A/IOAccelerator
0x00007fff4228c000 	/System/Library/PrivateFrameworks/IOPresentment.framework/Versions/A/IOPresentment
0x00007fff3c45f000 	/System/Library/PrivateFrameworks/DSExternalDisplay.framework/Versions/A/DSExternalDisplay
0x00007fff319f9000 	/System/Library/Frameworks/OpenGL.framework/Versions/A/Libraries/libCoreFSCache.dylib
0x00007fff29e5b000 	/System/Library/Frameworks/CoreVideo.framework/Versions/A/CoreVideo
0x00007fff418d4000 	/System/Library/PrivateFrameworks/GraphVisualizer.framework/Versions/A/GraphVisualizer
0x00007fff2c9fb000 	/System/Library/Frameworks/MetalPerformanceShaders.framework/Versions/A/MetalPerformanceShaders
0x00007fff4d696000 	/usr/lib/libFosl_dynamic.dylib
0x00007fff3d492000 	/System/Library/PrivateFrameworks/FaceCore.framework/Versions/A/FaceCore
0x00007fff30801000 	/System/Library/Frameworks/OpenCL.framework/Versions/A/OpenCL
0x00007fff4dc88000 	/usr/lib/libcompression.dylib
0x00007fff26800000 	/System/Library/Frameworks/ApplicationServices.framework/Versions/A/Frameworks/ATS.framework/Versions/A/Resources/libFontParser.dylib
0x00007fff26923000 	/System/Library/Frameworks/ApplicationServices.framework/Versions/A/Frameworks/ATS.framework/Versions/A/Resources/libFontRegistry.dylib
0x00007fff2ad9b000 	/System/Library/Frameworks/ImageIO.framework/Versions/A/Resources/libJPEG.dylib
0x00007fff2b0c4000 	/System/Library/Frameworks/ImageIO.framework/Versions/A/Resources/libTIFF.dylib
0x00007fff2b09a000 	/System/Library/Frameworks/ImageIO.framework/Versions/A/Resources/libPng.dylib
0x00007fff2acae000 	/System/Library/Frameworks/ImageIO.framework/Versions/A/Resources/libGIF.dylib
0x00007fff2acb3000 	/System/Library/Frameworks/ImageIO.framework/Versions/A/Resources/libJP2.dylib
0x00007fff2b0c1000 	/System/Library/Frameworks/ImageIO.framework/Versions/A/Resources/libRadiance.dylib
0x00007fff38081000 	/System/Library/PrivateFrameworks/AppleJPEG.framework/Versions/A/AppleJPEG
0x00007fff436cc000 	/System/Library/PrivateFrameworks/MetalTools.framework/Versions/A/MetalTools
0x00007fff2c8d4000 	/System/Library/Frameworks/MetalPerformanceShaders.framework/Frameworks/MPSCore.framework/Versions/A/MPSCore
0x00007fff2c8ea000 	/System/Library/Frameworks/MetalPerformanceShaders.framework/Frameworks/MPSImage.framework/Versions/A/MPSImage
0x00007fff2c956000 	/System/Library/Frameworks/MetalPerformanceShaders.framework/Frameworks/MPSMatrix.framework/Versions/A/MPSMatrix
0x00007fff2c97a000 	/System/Library/Frameworks/MetalPerformanceShaders.framework/Frameworks/MPSNeuralNetwork.framework/Versions/A/MPSNeuralNetwork
0x00007fff31bc1000 	/System/Library/Frameworks/OpenGL.framework/Versions/A/Libraries/libGLU.dylib
0x00007fff31a03000 	/System/Library/Frameworks/OpenGL.framework/Versions/A/Libraries/libGFXShared.dylib
0x00007fff31a0c000 	/System/Library/Frameworks/OpenGL.framework/Versions/A/Libraries/libGL.dylib
0x00007fff31a18000 	/System/Library/Frameworks/OpenGL.framework/Versions/A/Libraries/libGLImage.dylib
0x00007fff319f6000 	/System/Library/Frameworks/OpenGL.framework/Versions/A/Libraries/libCVMSPluginSupport.dylib
0x00007fff319fe000 	/System/Library/Frameworks/OpenGL.framework/Versions/A/Libraries/libCoreVMClient.dylib
0x00007fff4e435000 	/usr/lib/libcups.2.dylib
0x00007fff2bea0000 	/System/Library/Frameworks/Kerberos.framework/Versions/A/Kerberos
0x00007fff2a796000 	/System/Library/Frameworks/GSS.framework/Versions/A/GSS
0x00007fff4f482000 	/usr/lib/libresolv.9.dylib
0x00007fff4e631000 	/usr/lib/libiconv.2.dylib
0x00007fff4195b000 	/System/Library/PrivateFrameworks/Heimdal.framework/Versions/A/Heimdal
0x00007fff4e600000 	/usr/lib/libheimdal-asn1.dylib
0x00007fff3086c000 	/System/Library/Frameworks/OpenDirectory.framework/Versions/A/OpenDirectory
0x00007fff3a337000 	/System/Library/PrivateFrameworks/CommonAuth.framework/Versions/A/CommonAuth
0x00007fff3084f000 	/System/Library/Frameworks/OpenDirectory.framework/Versions/A/Frameworks/CFOpenDirectory.framework/Versions/A/CFOpenDirectory
0x00007fff34166000 	/System/Library/Frameworks/SecurityFoundation.framework/Versions/A/SecurityFoundation
0x00007fff3726d000 	/System/Library/PrivateFrameworks/APFS.framework/Versions/A/APFS
0x00007fff4f88c000 	/usr/lib/libutil.dylib
0x00007fff38104000 	/System/Library/PrivateFrameworks/AppleSauce.framework/Versions/A/AppleSauce
0x00007fff42a63000 	/System/Library/PrivateFrameworks/LinguisticData.framework/Versions/A/LinguisticData
0x00007fff4e9b3000 	/usr/lib/libmarisa.dylib
0x00007fff42a1d000 	/System/Library/PrivateFrameworks/Lexicon.framework/Versions/A/Lexicon
0x00007fff4d5c1000 	/usr/lib/libChineseTokenizer.dylib
0x00007fff4dc77000 	/usr/lib/libcmph.dylib
0x00007fff42927000 	/System/Library/PrivateFrameworks/LanguageModeling.framework/Versions/A/LanguageModeling
0x00007fff3ad4d000 	/System/Library/PrivateFrameworks/CoreEmoji.framework/Versions/A/CoreEmoji
0x00007fff34222000 	/System/Library/Frameworks/ServiceManagement.framework/Versions/A/ServiceManagement
0x00007fff38918000 	/System/Library/PrivateFrameworks/BackgroundTaskManagement.framework/Versions/A/BackgroundTaskManagement
0x00007fff4f989000 	/usr/lib/libxslt.1.dylib
0x00007fff278a8000 	/System/Library/Frameworks/Carbon.framework/Versions/A/Frameworks/Ink.framework/Versions/A/Ink
0x00007fff4b8f4000 	/System/Library/PrivateFrameworks/TextureIO.framework/Versions/A/TextureIO
0x00007fff4da9d000 	/usr/lib/libate.dylib
0x00007fff3c3c1000 	/System/Library/PrivateFrameworks/CrashReporterSupport.framework/Versions/A/CrashReporterSupport
0x00007fff48d47000 	/System/Library/PrivateFrameworks/Sharing.framework/Versions/A/Sharing
0x00007fff4266d000 	/System/Library/PrivateFrameworks/IconServices.framework/Versions/A/IconServices
0x00007fff47208000 	/System/Library/PrivateFrameworks/ProtocolBuffer.framework/Versions/A/ProtocolBuffer
0x00007fff37f0c000 	/System/Library/PrivateFrameworks/Apple80211.framework/Versions/A/Apple80211
0x00007fff29e96000 	/System/Library/Frameworks/CoreWLAN.framework/Versions/A/CoreWLAN
0x00007fff3c1fc000 	/System/Library/PrivateFrameworks/CoreUtils.framework/Versions/A/CoreUtils
0x00007fff2a8d8000 	/System/Library/Frameworks/IOBluetooth.framework/Versions/A/IOBluetooth
0x00007fff3c35c000 	/System/Library/PrivateFrameworks/CoreWiFi.framework/Versions/A/CoreWiFi
0x00007fff27ddf000 	/System/Library/Frameworks/CoreBluetooth.framework/Versions/A/CoreBluetooth
0x00007fff48e82000 	/System/Library/PrivateFrameworks/SignpostNotification.framework/Versions/A/SignpostNotification
0x00007fff3c5ad000 	/System/Library/PrivateFrameworks/DebugSymbols.framework/Versions/A/DebugSymbols
0x00007fff3bfb3000 	/System/Library/PrivateFrameworks/CoreSymbolication.framework/Versions/A/CoreSymbolication
0x00007fff4b16a000 	/System/Library/PrivateFrameworks/Symbolication.framework/Versions/A/Symbolication
0x00007fff37f36000 	/System/Library/PrivateFrameworks/AppleFSCompression.framework/Versions/A/AppleFSCompression
0x00007fff4a5cb000 	/System/Library/PrivateFrameworks/SpeechRecognitionCore.framework/Versions/A/SpeechRecognitionCore
0x0000000103200000 	/Library/Java/JavaVirtualMachines/jdk-9.0.1.jdk/Contents/Home/lib/server/libjvm.dylib
0x00007fff4f783000 	/usr/lib/libstdc++.6.0.9.dylib
0x0000000102924000 	/Library/Java/JavaVirtualMachines/jdk-9.0.1.jdk/Contents/Home/lib/libverify.dylib
0x0000000102931000 	/Library/Java/JavaVirtualMachines/jdk-9.0.1.jdk/Contents/Home/lib/libjava.dylib
0x00000001029af000 	/Library/Java/JavaVirtualMachines/jdk-9.0.1.jdk/Contents/Home/lib/libzip.dylib
0x00000001029b7000 	/Library/Java/JavaVirtualMachines/jdk-9.0.1.jdk/Contents/Home/lib/libjimage.dylib
0x000000010c20e000 	/Library/Java/JavaVirtualMachines/jdk-9.0.1.jdk/Contents/Home/lib/libnio.dylib
0x000000010c21e000 	/Library/Java/JavaVirtualMachines/jdk-9.0.1.jdk/Contents/Home/lib/./libnet.dylib

VM Arguments:
jvm_args: -Dclassworlds.conf=/Library/Java/JavaVirtualMachines/apache-maven-3.5.2/bin/m2.conf -Dmaven.home=/Library/Java/JavaVirtualMachines/apache-maven-3.5.2 -Dlibrary.jansi.path=/Library/Java/JavaVirtualMachines/apache-maven-3.5.2/lib/jansi-native -Dmaven.multiModuleProjectDirectory=/Users/cristhian/Documents/repos/Tfg-GUI/GUI/generadorProgramasJAVA 
java_command: org.codehaus.plexus.classworlds.launcher.Launcher exec:java -Dexec.mainClass=tfgGroupID.tfgArtefactID.Main -Dexec.args= 1 1 1 5 1 1 1 1 -107.36979872529719,131.90582839230797,93.9567117467065,44.733288429608166,124.67228597132925,-94.5882154883079,-181.49932392523328,-23.855804139400817,85.51795465701059,125.83859824229904,41.85152979846154,42.45349903234677,-101.73761716055284,68.43338180162573,188.2630605176522,-117.42993397348474,51.460653784958,-111.01262034113688,-31.950507644694255,119.10940905310281,89.79541429789106,-100.0084584800073,-124.60408310845264,169.8384919583462,49.64116300308211,44.26498963121776,45.655716519977176,-145.4906398253859,197.9350551907513,197.247606302647,187.51727465335966,-154.8517613238394,-155.9844345090633,122.69996168294074,-91.390884319665,-108.31957744636757,-111.50046924659188,-172.77318325408388,-184.5485927087085,-105.0766076387009,84.02643522524818,-80.68681366280654,13.81560258266444,-51.20380707597488,157.21991162062164,-55.96562358734789,172.9824123758941,-56.53146224457976,12.877272498472706,191.57590932441252,-12.732478782174638,-13.194205682211901,20.96612936209675,112.4861670021973,128.1567052592896,-147.84937541833085,-139.2962925636924,-134.92945506780427,-79.58656807873625,-52.293872244352855,55.34488350674559,-92.75301921085415,-68.63150939998431,-93.24627076840653,193.11119534890946,98.39239217736377,186.41892077544918,-116.15133619380025,-155.01643991009178,83.08961017936497,191.62902036013077,114.81613427226375,145.23027813682432,-196.9766852049202,-18.232497377014397,182.1691867978692,126.01833267220502,39.29973458737189,134.5227793899718,-48.72927366279072,46.82425687739658,-26.473539827427658,88.52611450613318,164.03143492060133,-61.421901290870096,180.51093413058499,-111.0393199402357,-166.25276816530146,172.81168230254855,-162.04600371392922,121.94884643352333,87.74076558537683,-102.51725018166545,93.28029895059666,-178.75481603923467,68.4440572412501,-57.440852774563126,31.65738284606254
java_class_path (initial): /Library/Java/JavaVirtualMachines/apache-maven-3.5.2/boot/plexus-classworlds-2.5.2.jar
Launcher Type: SUN_STANDARD

Logging:
Log output configuration:
#0: stdout all=warning uptime,level,tags
#1: stderr all=off uptime,level,tags

Environment Variables:
PATH=/Library/Java/JavaVirtualMachines/apache-maven-3.5.2/bin:/usr/local/bin:/usr/bin:/bin:/usr/sbin:/sbin:/Applications/VMware Fusion.app/Contents/Public:/Library/Java/JavaVirtualMachines/apache-maven-3.5.2/bin:/Library/Java/JavaVirtualMachines/jdk1.8.0_144.jdk/Contents/Home/bin:/Library/Java/JavaVirtualMachines/major/bin
SHELL=/bin/bash

Signal Handlers:
SIGSEGV: [libjvm.dylib+0x73e2dc], sa_mask[0]=11111111011111110111111111111111, sa_flags=SA_ONSTACK|SA_RESTART|SA_SIGINFO
SIGBUS: [libjvm.dylib+0x73e2dc], sa_mask[0]=11111111011111110111111111111111, sa_flags=SA_RESTART|SA_SIGINFO
SIGFPE: [libjvm.dylib+0x73e2dc], sa_mask[0]=11111111011111110111111111111111, sa_flags=SA_RESTART|SA_SIGINFO
SIGPIPE: [libjvm.dylib+0x5f15ac], sa_mask[0]=11111111011111110111111111111111, sa_flags=SA_RESTART|SA_SIGINFO
SIGXFSZ: [libjvm.dylib+0x5f15ac], sa_mask[0]=11111111011111110111111111111111, sa_flags=SA_RESTART|SA_SIGINFO
SIGILL: [libjvm.dylib+0x73e2dc], sa_mask[0]=11111111011111110111111111111111, sa_flags=SA_RESTART|SA_SIGINFO
SIGUSR2: [libjvm.dylib+0x5f1e3c], sa_mask[0]=00000000000000000000000000000000, sa_flags=SA_RESTART|SA_SIGINFO
SIGHUP: [libjvm.dylib+0x5f0679], sa_mask[0]=11111111011111110111111111111111, sa_flags=SA_RESTART|SA_SIGINFO
SIGINT: [libjvm.dylib+0x5f0679], sa_mask[0]=11111111011111110111111111111111, sa_flags=SA_RESTART|SA_SIGINFO
SIGTERM: [libjvm.dylib+0x5f0679], sa_mask[0]=11111111011111110111111111111111, sa_flags=SA_RESTART|SA_SIGINFO
SIGQUIT: [libjvm.dylib+0x5f0679], sa_mask[0]=11111111011111110111111111111111, sa_flags=SA_RESTART|SA_SIGINFO


---------------  S Y S T E M  ---------------

OS:uname:Darwin 17.4.0 Darwin Kernel Version 17.4.0: Sun Dec 17 09:19:54 PST 2017; root:xnu-4570.41.2~1/RELEASE_X86_64 x86_64
rlimit: STACK 8192k, CORE 0k, NPROC 709, NOFILE 10240, AS infinity
load average:7.40 5.48 4.31

CPU:total 4 (initial active 4) (2 cores per cpu, 2 threads per core) family 6 model 142 stepping 9, cmov, cx8, fxsr, mmx, sse, sse2, sse3, ssse3, sse4.1, sse4.2, popcnt, avx, avx2, aes, clmul, erms, rtm, 3dnowpref, lzcnt, ht, tsc, tscinvbit, bmi1, bmi2, adx, fma

Memory: 4k page, physical 8388608k(1853712k free)

vm_info: Java HotSpot(TM) 64-Bit Server VM (9.0.1+11) for bsd-amd64 JRE (9.0.1+11), built on Sep 28 2017 03:49:57 by "mach5one" with gcc 4.2.1 Compatible Apple LLVM 6.1.0 (clang-602.0.49)

END.
