#
# A fatal error has been detected by the Java Runtime Environment:
#
#  SIGSEGV (0xb) at pc=0x0000000101bf1e5d, pid=8788, tid=775
#
# JRE version: Java(TM) SE Runtime Environment (9.0+11) (build 9.0.1+11)
# Java VM: Java HotSpot(TM) 64-Bit Server VM (9.0.1+11, mixed mode, tiered, compressed oops, g1 gc, bsd-amd64)
# Problematic frame:
# V  [libjvm.dylib+0x5f1e5d]  SR_handler(int, __siginfo*, __darwin_ucontext*)+0x21
#
# No core dump will be written. Core dumps have been disabled. To enable core dumping, try "ulimit -c unlimited" before starting Java again
#
# If you would like to submit a bug report, please visit:
#   http://bugreport.java.com/bugreport/crash.jsp
#

---------------  S U M M A R Y ------------

Command Line: -Dclassworlds.conf=/Library/Java/JavaVirtualMachines/apache-maven-3.5.2/bin/m2.conf -Dmaven.home=/Library/Java/JavaVirtualMachines/apache-maven-3.5.2 -Dlibrary.jansi.path=/Library/Java/JavaVirtualMachines/apache-maven-3.5.2/lib/jansi-native -Dmaven.multiModuleProjectDirectory=/Users/cristhian/Documents/repos/Tfg-GUI/GUI/generadorProgramasJAVA org.codehaus.plexus.classworlds.launcher.Launcher exec:java -Dexec.mainClass=tfgGroupID.tfgArtefactID.Main -Dexec.args= 1 1 1 2 1 1 1 1 148.8703661990886,92.91048633618436,-3.138331143046173,55.02411247737231,-9.813663848721006,48.09397690080081,-63.62351274648125,118.69769726864081,116.6300422919494,147.9488697929608,123.43507001431584,-150.76222489772988,-92.05689080811861,-149.6525090617531,14.418353220259007,179.14437379043437,101.40074342095824,-7.627844096380215,-197.5183770206986,-181.26082507151344,52.65584131381601,41.733197457807364,-197.05799167700215,126.96488638880714,-130.3871836986704,-171.40245101845505,-9.405421048620838,-83.17258753776464,64.6146102028498,152.61821930627116,-51.26257694458829,-23.184460055846586,-58.15493931491474,16.562153907264047,-12.065487088439568,-64.20176989977855,-106.28477369846748,-148.06569316862863,60.805009327855316,152.26761284877853,105.22143444493929,-128.50762745176038,95.83371192403462,-65.64848238605916,-106.56101439020836,-72.94788168061453,58.05635997996802,-100.87148542180499,189.36720004599232,-156.23560228755366,-143.01832772442808,-162.54753197211477,-7.003471688305353,-124.72395296248528,-147.6706849366285,-176.2857701603651,58.8526120920057,-138.20404481653253,112.47780660323258,-188.75703417674617,93.81346370576313,-89.92055181895094,47.89836190435409,99.38261328390865,-133.14702455185824,29.09862178185142,166.6404231567277,39.58781430212025,82.63543534688324,-14.137481872169644,-175.36844572662793,-171.27641739897484,-143.5186881929709,-151.0139814525536,103.50034432686198,-39.24378835360591,166.33833520577264,-49.15827193719474,88.26024552252142,82.42825217174072,29.12367906432155,-152.18015804510867,0.48216627213881225,40.576073121527884,-153.51243737396248,34.57850968980017,171.7943385714932,-129.90407990741582,-163.65247511248967,160.8610597079488,180.160265644702,196.0061242374078,-41.9617092229021,-70.78985333620795,-145.59323320005285,59.9888205308219,-131.0073386661726,111.31886681411368,85.07449513715864,100.23657978851384,30.65004839499838,-89.03126491214763,44.39904312801181,-47.88417036583428,-145.50851467354425,147.11083592478468,0.5398628454449863,116.14250860011839,-181.14088619212967,-92.79367171663702,-47.188221029173604,81.14415416176683,64.75510257430608,86.10094107737223,191.59104529261253,72.60814080205955,-45.48047618327843,34.39541734264924,193.16024081889094,-120.68748958909433,-171.89673277872402,-186.7603183968972,111.80878278200021,197.6865670424517,-162.15709123651143,141.8285988895638,-16.515593489660176,-52.00395379215149,105.28579381282412,-28.81110621123915,116.90519529357897,21.209526980513573,-134.75281732467732,64.97869610194209,-114.7403407685327,17.95192302431539,92.03181191573304,-147.0100869720208,-33.291055740299356,-93.37346626168328,26.343786978015146,174.03203799851144,-150.388594454417,27.958040476098944,182.69942024236252,108.03157029679267,-147.6744431163861,33.200504446759226,167.04926740627525,-126.98281446435678,-166.19477212159697,-107.78220554036358,-136.61881676085542,-108.70286733857827,128.3065458763544,-115.32261960098182,-22.671027654023447,141.18954057165297,-51.130431059142325,-99.68697648531037,92.60252142587507,172.24498117410877,30.87753712535246,-119.33723057133503,103.37018160425328,83.89053124381036,91.18944036748042,-157.04380415116253,82.33402486698401,-69.18593191350914,-192.41490919895642,165.73950634023618,-95.07708049288861,9.041031862686793,-131.83358071486873,90.20834663975654,105.72844394906832,150.4355952872994,-124.62709457190795,-62.40621691087651,9.355572333832981,-24.35710969629926,-8.615067903870255,-25.363375208592657,153.31189534466938,166.36857961972458,7.4554850096847645,36.064230166694955,-40.127515815744175,-46.231969976041455,192.1138817157351,-87.44685416259101,52.57051435183149,122.78736850202938,81.29928693723105,62.36166036526021,13.847122311065874,-141.4224693190249,-74.45040435009389,176.35840497775467,158.95885360049624,-87.19630380802221,-127.83784090654868,144.56880544021976,184.9744269870847,-19.685320595213312,7.85562368080096,189.99018265192478,-186.27659055049742,187.8108218583235,-122.53497162425204,125.24295258291153,191.53155792037631,-150.33242117462225,199.72597278028627,-99.58319368762463,8.167475421699862,-118.11092701830886,-177.41521004584195,62.49338285323904,188.97070132952956,-166.41765600343197,-40.478902224305585,-182.2570996442356,116.14989873332286,-69.65854036470301,-141.43235193633913,-86.10494735279315,94.9051135538798,51.38268554417235,-140.78398082161925,5.064079914948962,-86.13410493102083,-125.586958472856,3.5287107270056595,108.58863456942282,161.84985464133035,186.49699477548086,11.482824117956,-134.3362717025115,165.90393465493275,-72.80078662244964,38.60841315961818,197.0132383340798,-74.52780132381002,-44.455554607412296,142.34094617743074,162.4443215184117,-179.9842390916645,19.278507642242715,-22.97472296250521,-136.16435139503076,38.412625286685085,-180.72922932089165,-158.82174234151702,-43.28280615371173,73.8057263903865,-187.9765264191081,195.24479239723013,-30.192940118281967,-5.9059036881973555,159.10064006938427,48.714213199406146,-5.954738204610379,82.04605901788852,18.40882709578119,166.1539614046543,-114.97692197902892,68.85970311028842,-142.08424497577641,96.91338246045012,-143.5242474196805,-61.29407608305243,34.617153316411276,-78.38818832939789,169.1161010204542,-129.75739375440452,36.58083546255634,-114.77071016222014,-29.918111979690792,-8.42492728920098,12.576935564462389,57.687018110107886,-26.646812634023036,-11.845528058750432,-99.04783106522315,199.33909224107708,-73.75997122063858,-27.265099161126102,14.37361307824375,66.65759929637295,59.46406197752168,-154.24716497138706,-121.13334667987141,33.851500672699245,-10.459103084413215,11.826140258006262,-36.30003274413181,-178.6745309893896,14.618196222816493,192.38879873573774,74.62186531409418,-87.01595187361457,62.896957857852044,-111.66863018011956,151.28372918174563,125.00209374399702,69.69906702473219,182.56565717434154,157.9359415520471,-81.6489850315674,-141.7837713073833,-21.110449015319915,49.97166012245455,-44.56133504321974,-56.46878441945486,-132.4402354341896,-175.73603764234997,-169.83786965066514,177.3799164966165,53.92586667886445,-109.231716917526,-104.74303812006119,-156.092789850467,60.51907122361496,145.70438194151689,-177.1716040721558,-180.69374043687884,-164.40977956294702,4.935960769758992,-48.46130367503966,3.41404953506418,-74.3081176928325,51.49860883666983,96.82394934914782,-112.27998232100158,-38.413865095993856,-68.08047136746552,112.4334122063998,-6.7781062821182445,-126.04114011339105,-41.73776559170648,-46.31092090084894,-165.07131459605978,-82.47799380525711,-64.67184486057582,32.66014441030512,-52.70714182945295,64.59096958246738,-36.08155034795203,-179.2807852238104,37.21715231712096,-161.5795555830581,-34.18282295918584,-18.978000123422134,-85.59485713836553,-68.93422822685187,-80.4913269001566,-3.4744742562989757,55.58182945216012,-146.04086362196128,-177.42798935999215,129.340744499832,-47.56312373024721,18.14737528932241,-134.53729808660668,166.20928782736001,-57.46014949675299,115.62076184939639,190.4242672003723,-171.74408392752608,161.56567094212778,-67.28752028194509,-144.97865937360345,-134.56964046876664,164.58180907187682,37.60828239670485,-35.026696571302466,64.25715719924347,-141.44382049514,94.15562338646998,-2.422296440209692,-111.8084906742081,-17.55397120349852,-106.53125169977571,-101.26774190482139,114.68668621237202,-170.83904630574378,-132.9680462486287,99.63218270976284,42.819954639218224,16.277845593025432,-39.345914675069025,105.11266572018843,188.71782872642154,32.91099303298179,-167.74252256604632,-181.5003335803318,40.91445865237375,71.11961308517311,-123.70492697166955,47.85976138586716, ./ficherosCreados Test Programa 2 1 1, 1 1 0 1 2

Host: MacBookPro14,1 x86_64 2500 MHz, 4 cores, 8G, Darwin 17.4.0
Time: Sun May 27 20:50:42 2018 CEST elapsed time: 16 seconds (0d 0h 0m 16s)

---------------  T H R E A D  ---------------

Current thread is native thread

Stack: [0x00007ffeeebda000,0x00007ffeef3da000],  sp=0x00007ffeef3d3420,  free space=8165k
Native frames: (J=compiled Java code, A=aot compiled Java code, j=interpreted, Vv=VM code, C=native code)
V  [libjvm.dylib+0x5f1e5d]  SR_handler(int, __siginfo*, __darwin_ucontext*)+0x21
C  [libsystem_platform.dylib+0x1f5a]  _sigtramp+0x1a
C  [libobjc.A.dylib+0x85b1]  _objc_fetch_pthread_data+0x22
C  [CoreFoundation+0x86575]  __CFRunLoopServiceMachPort+0x155
C  [CoreFoundation+0x858c7]  __CFRunLoopRun+0x6f7
C  [CoreFoundation+0x84f43]  CFRunLoopRunSpecific+0x1e3
C  [java+0x6b2e]  CreateExecutionEnvironment+0x35c
C  [java+0x2c65]  JLI_Launch+0x5a9
C  [java+0x1b62]  main+0x186
C  [java+0x19d4]  start+0x34


siginfo: si_signo: 11 (SIGSEGV), si_code: 1 (SEGV_MAPERR), si_addr: 0x0000000000000028

Register to memory mapping:

RAX=0x0000000000000000 is an unknown value
RBX=0x00007ffeef3d38f0 is an unknown value
RCX=0x00007fffadd59388: _thread+0x48 in /usr/lib/system/libsystem_pthread.dylib at 0x00007fff74f9d000
RDX=0x00007ffeef3d38f0 is an unknown value
RSP=0x00007ffeef3d3420 is an unknown value
RBP=0x00007ffeef3d3450 is an unknown value
RSI=0x00007ffeef3d3888 is an unknown value
RDI=0x0000000000000109 is an unknown value
R8 =0x00007ffeef3d38f0 is an unknown value
R9 =0x00000000ffffffff is an unknown value
R10=0x0000000000000c00 is an unknown value
R11=0x0000000000000206 is an unknown value
R12=0x0000000000000002 is an unknown value
R13=0x0000000007000806 is an unknown value
R14=0x00007ffeef3d3888 is an unknown value
R15=0x00007ffeef3d38f0 is an unknown value


Registers:
RAX=0x0000000000000000, RBX=0x00007ffeef3d38f0, RCX=0x00007fffadd59388, RDX=0x00007ffeef3d38f0
RSP=0x00007ffeef3d3420, RBP=0x00007ffeef3d3450, RSI=0x00007ffeef3d3888, RDI=0x0000000000000109
R8 =0x00007ffeef3d38f0, R9 =0x00000000ffffffff, R10=0x0000000000000c00, R11=0x0000000000000206
R12=0x0000000000000002, R13=0x0000000007000806, R14=0x00007ffeef3d3888, R15=0x00007ffeef3d38f0
RIP=0x0000000101bf1e5d, EFLAGS=0x0000000000010206, ERR=0x0000000000000004
  TRAPNO=0x000000000000000e

Top of Stack: (sp=0x00007ffeef3d3420)
0x00007ffeef3d3420:   0000000101bf1e3c 00007ffeef3d38f0
0x00007ffeef3d3430:   0000000000000c00 0000000007000806
0x00007ffeef3d3440:   00007ffeef3d3b60 00000000ffffffff
0x00007ffeef3d3450:   00007ffeef3d3460 00007fff74f96f5a
0x00007ffeef3d3460:   00007ffeef3d3a00 00007fff741195b1
0x00007ffeef3d3470:   00007fffa776c300 0000000000000000
0x00007ffeef3d3480:   0100001f00000085 00007fffa77673c0
0x00007ffeef3d3490:   0000000010004005 0000000007000806
0x00007ffeef3d34a0:   00007ffeef3d39a8 0000000000000000
0x00007ffeef3d34b0:   00007ffeef3d3b60 0000000007000806
0x00007ffeef3d34c0:   00007ffeef3d3a00 00007ffeef3d39a8
0x00007ffeef3d34d0:   0000000000001203 00000000ffffffff
0x00007ffeef3d34e0:   0000000000000c00 0000000000000206
0x00007ffeef3d34f0:   0000000000000c00 0000000007000806
0x00007ffeef3d3500:   00007ffeef3d3b60 00000000ffffffff
0x00007ffeef3d3510:   00007fff74e5b7c2 0000000000000206
0x00007ffeef3d3520:   0000000000000007 0000000000000000
0x00007ffeef3d3530:   0000000000000000 0000000000000000
0x00007ffeef3d3540:   000000000000037f 0000000000000000
0x00007ffeef3d3550:   0000000000000000 0000ffff00001fa1
0x00007ffeef3d3560:   000000000002cd37 000000000000ffff
0x00007ffeef3d3570:   0001ffffed351bef 000000000000ffff
0x00007ffeef3d3580:   000000000001ffff 000000000000ffff
0x00007ffeef3d3590:   0000000000000000 0000000000000000
0x00007ffeef3d35a0:   0000000000000000 0000000000000000
0x00007ffeef3d35b0:   00000000ff73ff94 000000000000ffff
0x00007ffeef3d35c0:   00000000119b9c7c 000000000000ffff
0x00007ffeef3d35d0:   00000000ff700000 000000000000ffff
0x00007ffeef3d35e0:   41c05d9ab8fae13f 0000000000000000
0x00007ffeef3d35f0:   3feeb84fd2a62aa1 0000000000000000
0x00007ffeef3d3600:   4415af1d78b58c40 0000000000000000
0x00007ffeef3d3610:   c3e0000000000000 0000000000000000 

Instructions: (pc=0x0000000101bf1e5d)
0x0000000101bf1e3d:   48 89 e5 41 57 41 56 41 55 41 54 53 50 49 89 d7
0x0000000101bf1e4d:   49 89 f6 e8 0f 19 17 00 44 8b 20 e8 0b d4 10 00
0x0000000101bf1e5d:   48 83 78 28 00 0f 84 f6 00 00 00 4c 8b a8 48 01
0x0000000101bf1e6d:   00 00 41 8b 45 34 83 f8 01 0f 85 da 00 00 00 49 


---------------  P R O C E S S  ---------------

VM state:not at safepoint (normal execution)

VM Mutex/Monitor currently owned by a thread: None

Heap address: 0x0000000740000000, size: 2048 MB, Compressed Oops mode: Zero based, Oop shift amount: 3
Narrow klass base: 0x0000000000000000, Narrow klass shift: 3
Compressed class space size: 1073741824 Address: 0x00000007c0000000

Heap:
 garbage-first heap   total 131072K, used 41157K [0x0000000740000000, 0x0000000740100400, 0x00000007c0000000)
  region size 1024K, 35 young (35840K), 7 survivors (7168K)
 Metaspace       used 20085K, capacity 20446K, committed 20736K, reserved 1067008K
  class space    used 2158K, capacity 2298K, committed 2304K, reserved 1048576K
Heap Regions: E=young(eden), S=young(survivor), O=old, HS=humongous(starts), HC=humongous(continues), CS=collection set, F=free, A=archive, TS=gc time stamp, AC=allocation context, TAMS=top-at-mark-start (previous, next)
|   0|0x0000000740000000, 0x0000000740100000, 0x0000000740100000|100%| O|  |TS  1|AC  0|TAMS 0x0000000740000000, 0x0000000740000000|
|   1|0x0000000740100000, 0x0000000740200000, 0x0000000740200000|100%| O|  |TS  1|AC  0|TAMS 0x0000000740100000, 0x0000000740100000|
|   2|0x0000000740200000, 0x0000000740300000, 0x0000000740300000|100%| O|  |TS  3|AC  0|TAMS 0x0000000740200000, 0x0000000740200000|
|   3|0x0000000740300000, 0x0000000740400000, 0x0000000740400000|100%| O|  |TS  3|AC  0|TAMS 0x0000000740300000, 0x0000000740300000|
|   4|0x0000000740400000, 0x0000000740500000, 0x0000000740500000|100%| O|  |TS  7|AC  0|TAMS 0x0000000740400000, 0x0000000740400000|
|   5|0x0000000740500000, 0x0000000740600000, 0x0000000740600000|100%| O|  |TS  7|AC  0|TAMS 0x0000000740500000, 0x0000000740500000|
|   6|0x0000000740600000, 0x0000000740631400, 0x0000000740700000| 19%| O|  |TS  7|AC  0|TAMS 0x0000000740600000, 0x0000000740600000|
|   7|0x0000000740700000, 0x0000000740700000, 0x0000000740800000|  0%| F|  |TS  0|AC  0|TAMS 0x0000000740700000, 0x0000000740700000|
|   8|0x0000000740800000, 0x0000000740800000, 0x0000000740900000|  0%| F|  |TS  0|AC  0|TAMS 0x0000000740800000, 0x0000000740800000|
|   9|0x0000000740900000, 0x0000000740900000, 0x0000000740a00000|  0%| F|  |TS  0|AC  0|TAMS 0x0000000740900000, 0x0000000740900000|
|  10|0x0000000740a00000, 0x0000000740a00000, 0x0000000740b00000|  0%| F|  |TS  0|AC  0|TAMS 0x0000000740a00000, 0x0000000740a00000|
|  11|0x0000000740b00000, 0x0000000740b00000, 0x0000000740c00000|  0%| F|  |TS  0|AC  0|TAMS 0x0000000740b00000, 0x0000000740b00000|
|  12|0x0000000740c00000, 0x0000000740c00000, 0x0000000740d00000|  0%| F|  |TS  0|AC  0|TAMS 0x0000000740c00000, 0x0000000740c00000|
|  13|0x0000000740d00000, 0x0000000740d00000, 0x0000000740e00000|  0%| F|  |TS  0|AC  0|TAMS 0x0000000740d00000, 0x0000000740d00000|
|  14|0x0000000740e00000, 0x0000000740e00000, 0x0000000740f00000|  0%| F|  |TS  0|AC  0|TAMS 0x0000000740e00000, 0x0000000740e00000|
|  15|0x0000000740f00000, 0x0000000740f00000, 0x0000000741000000|  0%| F|  |TS  0|AC  0|TAMS 0x0000000740f00000, 0x0000000740f00000|
|  16|0x0000000741000000, 0x0000000741000000, 0x0000000741100000|  0%| F|  |TS  0|AC  0|TAMS 0x0000000741000000, 0x0000000741000000|
|  17|0x0000000741100000, 0x0000000741100000, 0x0000000741200000|  0%| F|  |TS  0|AC  0|TAMS 0x0000000741100000, 0x0000000741100000|
|  18|0x0000000741200000, 0x0000000741200000, 0x0000000741300000|  0%| F|  |TS  0|AC  0|TAMS 0x0000000741200000, 0x0000000741200000|
|  19|0x0000000741300000, 0x0000000741300000, 0x0000000741400000|  0%| F|  |TS  0|AC  0|TAMS 0x0000000741300000, 0x0000000741300000|
|  20|0x0000000741400000, 0x0000000741400000, 0x0000000741500000|  0%| F|  |TS  0|AC  0|TAMS 0x0000000741400000, 0x0000000741400000|
|  21|0x0000000741500000, 0x0000000741500000, 0x0000000741600000|  0%| F|  |TS  0|AC  0|TAMS 0x0000000741500000, 0x0000000741500000|
|  22|0x0000000741600000, 0x0000000741600000, 0x0000000741700000|  0%| F|  |TS  0|AC  0|TAMS 0x0000000741600000, 0x0000000741600000|
|  23|0x0000000741700000, 0x0000000741700000, 0x0000000741800000|  0%| F|  |TS  0|AC  0|TAMS 0x0000000741700000, 0x0000000741700000|
|  24|0x0000000741800000, 0x0000000741800000, 0x0000000741900000|  0%| F|  |TS  0|AC  0|TAMS 0x0000000741800000, 0x0000000741800000|
|  25|0x0000000741900000, 0x0000000741900000, 0x0000000741a00000|  0%| F|  |TS  0|AC  0|TAMS 0x0000000741900000, 0x0000000741900000|
|  26|0x0000000741a00000, 0x0000000741a00000, 0x0000000741b00000|  0%| F|  |TS  0|AC  0|TAMS 0x0000000741a00000, 0x0000000741a00000|
|  27|0x0000000741b00000, 0x0000000741b00000, 0x0000000741c00000|  0%| F|  |TS  0|AC  0|TAMS 0x0000000741b00000, 0x0000000741b00000|
|  28|0x0000000741c00000, 0x0000000741c00000, 0x0000000741d00000|  0%| F|  |TS  0|AC  0|TAMS 0x0000000741c00000, 0x0000000741c00000|
|  29|0x0000000741d00000, 0x0000000741d00000, 0x0000000741e00000|  0%| F|  |TS  0|AC  0|TAMS 0x0000000741d00000, 0x0000000741d00000|
|  30|0x0000000741e00000, 0x0000000741e00000, 0x0000000741f00000|  0%| F|  |TS  0|AC  0|TAMS 0x0000000741e00000, 0x0000000741e00000|
|  31|0x0000000741f00000, 0x0000000741f00000, 0x0000000742000000|  0%| F|  |TS  0|AC  0|TAMS 0x0000000741f00000, 0x0000000741f00000|
|  32|0x0000000742000000, 0x0000000742000000, 0x0000000742100000|  0%| F|  |TS  0|AC  0|TAMS 0x0000000742000000, 0x0000000742000000|
|  33|0x0000000742100000, 0x0000000742100000, 0x0000000742200000|  0%| F|  |TS  0|AC  0|TAMS 0x0000000742100000, 0x0000000742100000|
|  34|0x0000000742200000, 0x0000000742200000, 0x0000000742300000|  0%| F|  |TS  0|AC  0|TAMS 0x0000000742200000, 0x0000000742200000|
|  35|0x0000000742300000, 0x0000000742300000, 0x0000000742400000|  0%| F|  |TS  0|AC  0|TAMS 0x0000000742300000, 0x0000000742300000|
|  36|0x0000000742400000, 0x0000000742400000, 0x0000000742500000|  0%| F|  |TS  0|AC  0|TAMS 0x0000000742400000, 0x0000000742400000|
|  37|0x0000000742500000, 0x0000000742500000, 0x0000000742600000|  0%| F|  |TS  0|AC  0|TAMS 0x0000000742500000, 0x0000000742500000|
|  38|0x0000000742600000, 0x0000000742600000, 0x0000000742700000|  0%| F|  |TS  0|AC  0|TAMS 0x0000000742600000, 0x0000000742600000|
|  39|0x0000000742700000, 0x0000000742700000, 0x0000000742800000|  0%| F|  |TS  0|AC  0|TAMS 0x0000000742700000, 0x0000000742700000|
|  40|0x0000000742800000, 0x0000000742800000, 0x0000000742900000|  0%| F|  |TS  0|AC  0|TAMS 0x0000000742800000, 0x0000000742800000|
|  41|0x0000000742900000, 0x0000000742900000, 0x0000000742a00000|  0%| F|  |TS  0|AC  0|TAMS 0x0000000742900000, 0x0000000742900000|
|  42|0x0000000742a00000, 0x0000000742a00000, 0x0000000742b00000|  0%| F|  |TS  0|AC  0|TAMS 0x0000000742a00000, 0x0000000742a00000|
|  43|0x0000000742b00000, 0x0000000742b00000, 0x0000000742c00000|  0%| F|  |TS  0|AC  0|TAMS 0x0000000742b00000, 0x0000000742b00000|
|  44|0x0000000742c00000, 0x0000000742c00000, 0x0000000742d00000|  0%| F|  |TS  0|AC  0|TAMS 0x0000000742c00000, 0x0000000742c00000|
|  45|0x0000000742d00000, 0x0000000742d00000, 0x0000000742e00000|  0%| F|  |TS  0|AC  0|TAMS 0x0000000742d00000, 0x0000000742d00000|
|  46|0x0000000742e00000, 0x0000000742e00000, 0x0000000742f00000|  0%| F|  |TS  0|AC  0|TAMS 0x0000000742e00000, 0x0000000742e00000|
|  47|0x0000000742f00000, 0x0000000742f00000, 0x0000000743000000|  0%| F|  |TS  0|AC  0|TAMS 0x0000000742f00000, 0x0000000742f00000|
|  48|0x0000000743000000, 0x0000000743000000, 0x0000000743100000|  0%| F|  |TS  0|AC  0|TAMS 0x0000000743000000, 0x0000000743000000|
|  49|0x0000000743100000, 0x0000000743100000, 0x0000000743200000|  0%| F|  |TS  0|AC  0|TAMS 0x0000000743100000, 0x0000000743100000|
|  50|0x0000000743200000, 0x0000000743200000, 0x0000000743300000|  0%| F|  |TS  0|AC  0|TAMS 0x0000000743200000, 0x0000000743200000|
|  51|0x0000000743300000, 0x0000000743300000, 0x0000000743400000|  0%| F|  |TS  0|AC  0|TAMS 0x0000000743300000, 0x0000000743300000|
|  52|0x0000000743400000, 0x0000000743400000, 0x0000000743500000|  0%| F|  |TS  0|AC  0|TAMS 0x0000000743400000, 0x0000000743400000|
|  53|0x0000000743500000, 0x0000000743500000, 0x0000000743600000|  0%| F|  |TS  0|AC  0|TAMS 0x0000000743500000, 0x0000000743500000|
|  54|0x0000000743600000, 0x0000000743600000, 0x0000000743700000|  0%| F|  |TS  0|AC  0|TAMS 0x0000000743600000, 0x0000000743600000|
|  55|0x0000000743700000, 0x0000000743700000, 0x0000000743800000|  0%| F|  |TS  0|AC  0|TAMS 0x0000000743700000, 0x0000000743700000|
|  56|0x0000000743800000, 0x0000000743800000, 0x0000000743900000|  0%| F|  |TS  0|AC  0|TAMS 0x0000000743800000, 0x0000000743800000|
|  57|0x0000000743900000, 0x0000000743900000, 0x0000000743a00000|  0%| F|  |TS  0|AC  0|TAMS 0x0000000743900000, 0x0000000743900000|
|  58|0x0000000743a00000, 0x0000000743a00000, 0x0000000743b00000|  0%| F|  |TS  0|AC  0|TAMS 0x0000000743a00000, 0x0000000743a00000|
|  59|0x0000000743b00000, 0x0000000743b00000, 0x0000000743c00000|  0%| F|  |TS  0|AC  0|TAMS 0x0000000743b00000, 0x0000000743b00000|
|  60|0x0000000743c00000, 0x0000000743c00000, 0x0000000743d00000|  0%| F|  |TS  0|AC  0|TAMS 0x0000000743c00000, 0x0000000743c00000|
|  61|0x0000000743d00000, 0x0000000743d00000, 0x0000000743e00000|  0%| F|  |TS  0|AC  0|TAMS 0x0000000743d00000, 0x0000000743d00000|
|  62|0x0000000743e00000, 0x0000000743e00000, 0x0000000743f00000|  0%| F|  |TS  0|AC  0|TAMS 0x0000000743e00000, 0x0000000743e00000|
|  63|0x0000000743f00000, 0x0000000743f00000, 0x0000000744000000|  0%| F|  |TS  0|AC  0|TAMS 0x0000000743f00000, 0x0000000743f00000|
|  64|0x0000000744000000, 0x0000000744000000, 0x0000000744100000|  0%| F|  |TS  0|AC  0|TAMS 0x0000000744000000, 0x0000000744000000|
|  65|0x0000000744100000, 0x0000000744100000, 0x0000000744200000|  0%| F|  |TS  0|AC  0|TAMS 0x0000000744100000, 0x0000000744100000|
|  66|0x0000000744200000, 0x0000000744200000, 0x0000000744300000|  0%| F|  |TS  0|AC  0|TAMS 0x0000000744200000, 0x0000000744200000|
|  67|0x0000000744300000, 0x0000000744300000, 0x0000000744400000|  0%| F|  |TS  0|AC  0|TAMS 0x0000000744300000, 0x0000000744300000|
|  68|0x0000000744400000, 0x0000000744400000, 0x0000000744500000|  0%| F|  |TS  0|AC  0|TAMS 0x0000000744400000, 0x0000000744400000|
|  69|0x0000000744500000, 0x0000000744600000, 0x0000000744600000|100%| S|CS|TS  7|AC  0|TAMS 0x0000000744500000, 0x0000000744500000|
|  70|0x0000000744600000, 0x0000000744700000, 0x0000000744700000|100%| S|CS|TS  7|AC  0|TAMS 0x0000000744600000, 0x0000000744600000|
|  71|0x0000000744700000, 0x0000000744800000, 0x0000000744800000|100%| S|CS|TS  7|AC  0|TAMS 0x0000000744700000, 0x0000000744700000|
|  72|0x0000000744800000, 0x0000000744900000, 0x0000000744900000|100%| S|CS|TS  7|AC  0|TAMS 0x0000000744800000, 0x0000000744800000|
|  73|0x0000000744900000, 0x0000000744a00000, 0x0000000744a00000|100%| S|CS|TS  7|AC  0|TAMS 0x0000000744900000, 0x0000000744900000|
|  74|0x0000000744a00000, 0x0000000744b00000, 0x0000000744b00000|100%| S|CS|TS  7|AC  0|TAMS 0x0000000744a00000, 0x0000000744a00000|
|  75|0x0000000744b00000, 0x0000000744c00000, 0x0000000744c00000|100%| S|CS|TS  7|AC  0|TAMS 0x0000000744b00000, 0x0000000744b00000|
|  76|0x0000000744c00000, 0x0000000744c00000, 0x0000000744d00000|  0%| F|  |TS  7|AC  0|TAMS 0x0000000744c00000, 0x0000000744c00000|
|  77|0x0000000744d00000, 0x0000000744d00000, 0x0000000744e00000|  0%| F|  |TS  7|AC  0|TAMS 0x0000000744d00000, 0x0000000744d00000|
|  78|0x0000000744e00000, 0x0000000744e00000, 0x0000000744f00000|  0%| F|  |TS  7|AC  0|TAMS 0x0000000744e00000, 0x0000000744e00000|
|  79|0x0000000744f00000, 0x0000000744f00000, 0x0000000745000000|  0%| F|  |TS  7|AC  0|TAMS 0x0000000744f00000, 0x0000000744f00000|
|  80|0x0000000745000000, 0x0000000745000000, 0x0000000745100000|  0%| F|  |TS  7|AC  0|TAMS 0x0000000745000000, 0x0000000745000000|
|  81|0x0000000745100000, 0x0000000745100000, 0x0000000745200000|  0%| F|  |TS  7|AC  0|TAMS 0x0000000745100000, 0x0000000745100000|
|  82|0x0000000745200000, 0x0000000745200000, 0x0000000745300000|  0%| F|  |TS  7|AC  0|TAMS 0x0000000745200000, 0x0000000745200000|
|  83|0x0000000745300000, 0x0000000745300000, 0x0000000745400000|  0%| F|  |TS  7|AC  0|TAMS 0x0000000745300000, 0x0000000745300000|
|  84|0x0000000745400000, 0x0000000745400000, 0x0000000745500000|  0%| F|  |TS  7|AC  0|TAMS 0x0000000745400000, 0x0000000745400000|
|  85|0x0000000745500000, 0x0000000745500000, 0x0000000745600000|  0%| F|  |TS  7|AC  0|TAMS 0x0000000745500000, 0x0000000745500000|
|  86|0x0000000745600000, 0x0000000745600000, 0x0000000745700000|  0%| F|  |TS  7|AC  0|TAMS 0x0000000745600000, 0x0000000745600000|
|  87|0x0000000745700000, 0x0000000745700000, 0x0000000745800000|  0%| F|  |TS  7|AC  0|TAMS 0x0000000745700000, 0x0000000745700000|
|  88|0x0000000745800000, 0x0000000745800000, 0x0000000745900000|  0%| F|  |TS  7|AC  0|TAMS 0x0000000745800000, 0x0000000745800000|
|  89|0x0000000745900000, 0x0000000745900000, 0x0000000745a00000|  0%| F|  |TS  7|AC  0|TAMS 0x0000000745900000, 0x0000000745900000|
|  90|0x0000000745a00000, 0x0000000745a00000, 0x0000000745b00000|  0%| F|  |TS  7|AC  0|TAMS 0x0000000745a00000, 0x0000000745a00000|
|  91|0x0000000745b00000, 0x0000000745b00000, 0x0000000745c00000|  0%| F|  |TS  7|AC  0|TAMS 0x0000000745b00000, 0x0000000745b00000|
|  92|0x0000000745c00000, 0x0000000745c00000, 0x0000000745d00000|  0%| F|  |TS  7|AC  0|TAMS 0x0000000745c00000, 0x0000000745c00000|
|  93|0x0000000745d00000, 0x0000000745d00000, 0x0000000745e00000|  0%| F|  |TS  7|AC  0|TAMS 0x0000000745d00000, 0x0000000745d00000|
|  94|0x0000000745e00000, 0x0000000745e00000, 0x0000000745f00000|  0%| F|  |TS  7|AC  0|TAMS 0x0000000745e00000, 0x0000000745e00000|
|  95|0x0000000745f00000, 0x0000000745f00000, 0x0000000746000000|  0%| F|  |TS  7|AC  0|TAMS 0x0000000745f00000, 0x0000000745f00000|
|  96|0x0000000746000000, 0x0000000746000000, 0x0000000746100000|  0%| F|  |TS  7|AC  0|TAMS 0x0000000746000000, 0x0000000746000000|
|  97|0x0000000746100000, 0x0000000746100000, 0x0000000746200000|  0%| F|  |TS  7|AC  0|TAMS 0x0000000746100000, 0x0000000746100000|
|  98|0x0000000746200000, 0x0000000746200000, 0x0000000746300000|  0%| F|  |TS  7|AC  0|TAMS 0x0000000746200000, 0x0000000746200000|
|  99|0x0000000746300000, 0x0000000746300000, 0x0000000746400000|  0%| F|  |TS  7|AC  0|TAMS 0x0000000746300000, 0x0000000746300000|
| 100|0x0000000746400000, 0x0000000746500000, 0x0000000746500000|100%| E|  |TS  7|AC  0|TAMS 0x0000000746400000, 0x0000000746400000|
| 101|0x0000000746500000, 0x0000000746600000, 0x0000000746600000|100%| E|CS|TS  7|AC  0|TAMS 0x0000000746500000, 0x0000000746500000|
| 102|0x0000000746600000, 0x0000000746700000, 0x0000000746700000|100%| E|CS|TS  7|AC  0|TAMS 0x0000000746600000, 0x0000000746600000|
| 103|0x0000000746700000, 0x0000000746800000, 0x0000000746800000|100%| E|CS|TS  7|AC  0|TAMS 0x0000000746700000, 0x0000000746700000|
| 104|0x0000000746800000, 0x0000000746900000, 0x0000000746900000|100%| E|CS|TS  7|AC  0|TAMS 0x0000000746800000, 0x0000000746800000|
| 105|0x0000000746900000, 0x0000000746a00000, 0x0000000746a00000|100%| E|CS|TS  7|AC  0|TAMS 0x0000000746900000, 0x0000000746900000|
| 106|0x0000000746a00000, 0x0000000746b00000, 0x0000000746b00000|100%| E|CS|TS  7|AC  0|TAMS 0x0000000746a00000, 0x0000000746a00000|
| 107|0x0000000746b00000, 0x0000000746c00000, 0x0000000746c00000|100%| E|CS|TS  7|AC  0|TAMS 0x0000000746b00000, 0x0000000746b00000|
| 108|0x0000000746c00000, 0x0000000746d00000, 0x0000000746d00000|100%| E|CS|TS  7|AC  0|TAMS 0x0000000746c00000, 0x0000000746c00000|
| 109|0x0000000746d00000, 0x0000000746e00000, 0x0000000746e00000|100%| E|CS|TS  7|AC  0|TAMS 0x0000000746d00000, 0x0000000746d00000|
| 110|0x0000000746e00000, 0x0000000746f00000, 0x0000000746f00000|100%| E|CS|TS  7|AC  0|TAMS 0x0000000746e00000, 0x0000000746e00000|
| 111|0x0000000746f00000, 0x0000000747000000, 0x0000000747000000|100%| E|CS|TS  7|AC  0|TAMS 0x0000000746f00000, 0x0000000746f00000|
| 112|0x0000000747000000, 0x0000000747100000, 0x0000000747100000|100%| E|CS|TS  7|AC  0|TAMS 0x0000000747000000, 0x0000000747000000|
| 113|0x0000000747100000, 0x0000000747200000, 0x0000000747200000|100%| E|CS|TS  7|AC  0|TAMS 0x0000000747100000, 0x0000000747100000|
| 114|0x0000000747200000, 0x0000000747300000, 0x0000000747300000|100%| E|CS|TS  7|AC  0|TAMS 0x0000000747200000, 0x0000000747200000|
| 115|0x0000000747300000, 0x0000000747400000, 0x0000000747400000|100%| E|CS|TS  7|AC  0|TAMS 0x0000000747300000, 0x0000000747300000|
| 116|0x0000000747400000, 0x0000000747500000, 0x0000000747500000|100%| E|CS|TS  7|AC  0|TAMS 0x0000000747400000, 0x0000000747400000|
| 117|0x0000000747500000, 0x0000000747600000, 0x0000000747600000|100%| E|CS|TS  7|AC  0|TAMS 0x0000000747500000, 0x0000000747500000|
| 118|0x0000000747600000, 0x0000000747700000, 0x0000000747700000|100%| E|CS|TS  7|AC  0|TAMS 0x0000000747600000, 0x0000000747600000|
| 119|0x0000000747700000, 0x0000000747800000, 0x0000000747800000|100%| E|CS|TS  7|AC  0|TAMS 0x0000000747700000, 0x0000000747700000|
| 120|0x0000000747800000, 0x0000000747900000, 0x0000000747900000|100%| E|CS|TS  7|AC  0|TAMS 0x0000000747800000, 0x0000000747800000|
| 121|0x0000000747900000, 0x0000000747a00000, 0x0000000747a00000|100%| E|CS|TS  7|AC  0|TAMS 0x0000000747900000, 0x0000000747900000|
| 122|0x0000000747a00000, 0x0000000747b00000, 0x0000000747b00000|100%| E|CS|TS  7|AC  0|TAMS 0x0000000747a00000, 0x0000000747a00000|
| 123|0x0000000747b00000, 0x0000000747c00000, 0x0000000747c00000|100%| E|CS|TS  7|AC  0|TAMS 0x0000000747b00000, 0x0000000747b00000|
| 124|0x0000000747c00000, 0x0000000747d00000, 0x0000000747d00000|100%| E|CS|TS  7|AC  0|TAMS 0x0000000747c00000, 0x0000000747c00000|
| 125|0x0000000747d00000, 0x0000000747e00000, 0x0000000747e00000|100%| E|CS|TS  7|AC  0|TAMS 0x0000000747d00000, 0x0000000747d00000|
| 126|0x0000000747e00000, 0x0000000747f00000, 0x0000000747f00000|100%| E|CS|TS  7|AC  0|TAMS 0x0000000747e00000, 0x0000000747e00000|
| 127|0x0000000747f00000, 0x0000000748000000, 0x0000000748000000|100%| E|CS|TS  7|AC  0|TAMS 0x0000000747f00000, 0x0000000747f00000|

Card table byte_map: [0x000000011c3f8000,0x000000011c7f8000] byte_map_base: 0x00000001189f8000

Marking Bits (Prev, Next): (CMBitMap*) 0x00007fd283835470, (CMBitMap*) 0x00007fd2838354a8
 Prev Bits: [0x000000011cbf8000, 0x000000011ebf8000)
 Next Bits: [0x000000011ebf8000, 0x0000000120bf8000)

Polling page: 0x000000010089b000

CodeHeap 'non-profiled nmethods': size=120032Kb used=1102Kb max_used=1102Kb free=118929Kb
 bounds [0x00000001144c0000, 0x0000000114730000, 0x000000011b9f8000]
CodeHeap 'profiled nmethods': size=120032Kb used=5758Kb max_used=5758Kb free=114273Kb
 bounds [0x000000010cf88000, 0x000000010d528000, 0x00000001144c0000]
CodeHeap 'non-nmethods': size=5696Kb used=1225Kb max_used=1261Kb free=4470Kb
 bounds [0x000000010c9f8000, 0x000000010cc68000, 0x000000010cf88000]
 total_blobs=3539 nmethods=2690 adapters=316
 compilation: enabled

Compilation events (10 events):
Event: 16.298 Thread 0x00007fd284826800 2751  s    2       java.io.FileDescriptor::attach (73 bytes)
Event: 16.299 Thread 0x00007fd284826800 nmethod 2751 0x000000010d524110 code [0x000000010d524320, 0x000000010d524a58]
Event: 16.299 Thread 0x00007fd284826800 2753       1       org.apache.maven.model.Reporting::setPlugins (6 bytes)
Event: 16.299 Thread 0x00007fd284826800 nmethod 2753 0x00000001145d3710 code [0x00000001145d38c0, 0x00000001145d3a30]
Event: 16.300 Thread 0x00007fd284826800 2754       2       org.codehaus.plexus.util.xml.pull.MXParser::fillBuf (667 bytes)
Event: 16.303 Thread 0x00007fd284826800 nmethod 2754 0x000000010d524d10 code [0x000000010d525160, 0x000000010d5267a8]
Event: 16.492 Thread 0x00007fd284826800 2755       2       org.apache.maven.model.Repository::<init> (5 bytes)
Event: 16.492 Thread 0x00007fd284826800 nmethod 2755 0x000000010d527390 code [0x000000010d527540, 0x000000010d5276f0]
Event: 16.492 Thread 0x00007fd284826800 2756       2       org.apache.maven.model.RepositoryBase::<init> (11 bytes)
Event: 16.492 Thread 0x00007fd284826800 nmethod 2756 0x000000010d527790 code [0x000000010d527940, 0x000000010d527af0]

GC Heap History (8 events):
Event: 2.820 GC heap before
{Heap before GC invocations=0 (full 0):
 garbage-first heap   total 131072K, used 14336K [0x0000000740000000, 0x0000000740100400, 0x00000007c0000000)
  region size 1024K, 14 young (14336K), 0 survivors (0K)
 Metaspace       used 9651K, capacity 9862K, committed 9984K, reserved 1058816K
  class space    used 911K, capacity 994K, committed 1024K, reserved 1048576K
}
Event: 2.838 GC heap after
{Heap after GC invocations=1 (full 0):
 garbage-first heap   total 131072K, used 4649K [0x0000000740000000, 0x0000000740100400, 0x00000007c0000000)
  region size 1024K, 2 young (2048K), 2 survivors (2048K)
 Metaspace       used 9651K, capacity 9862K, committed 9984K, reserved 1058816K
  class space    used 911K, capacity 994K, committed 1024K, reserved 1048576K
}
Event: 4.033 GC heap before
{Heap before GC invocations=1 (full 0):
 garbage-first heap   total 131072K, used 10793K [0x0000000740000000, 0x0000000740100400, 0x00000007c0000000)
  region size 1024K, 8 young (8192K), 2 survivors (2048K)
 Metaspace       used 11354K, capacity 11644K, committed 12032K, reserved 1060864K
  class space    used 1140K, capacity 1199K, committed 1280K, reserved 1048576K
}
Event: 4.039 GC heap after
{Heap after GC invocations=2 (full 0):
 garbage-first heap   total 131072K, used 5896K [0x0000000740000000, 0x0000000740100400, 0x00000007c0000000)
  region size 1024K, 1 young (1024K), 1 survivors (1024K)
 Metaspace       used 11354K, capacity 11644K, committed 12032K, reserved 1060864K
  class space    used 1140K, capacity 1199K, committed 1280K, reserved 1048576K
}
Event: 6.347 GC heap before
{Heap before GC invocations=2 (full 0):
 garbage-first heap   total 131072K, used 28424K [0x0000000740000000, 0x0000000740100400, 0x00000007c0000000)
  region size 1024K, 23 young (23552K), 1 survivors (1024K)
 Metaspace       used 13373K, capacity 13682K, committed 13824K, reserved 1060864K
  class space    used 1390K, capacity 1470K, committed 1536K, reserved 1048576K
}
Event: 6.351 GC heap after
{Heap after GC invocations=3 (full 0):
 garbage-first heap   total 131072K, used 7766K [0x0000000740000000, 0x0000000740100400, 0x00000007c0000000)
  region size 1024K, 3 young (3072K), 3 survivors (3072K)
 Metaspace       used 13373K, capacity 13682K, committed 13824K, reserved 1060864K
  class space    used 1390K, capacity 1470K, committed 1536K, reserved 1048576K
}
Event: 13.866 GC heap before
{Heap before GC invocations=3 (full 0):
 garbage-first heap   total 131072K, used 57942K [0x0000000740000000, 0x0000000740100400, 0x00000007c0000000)
  region size 1024K, 52 young (53248K), 3 survivors (3072K)
 Metaspace       used 19463K, capacity 19838K, committed 19968K, reserved 1067008K
  class space    used 2114K, capacity 2266K, committed 2304K, reserved 1048576K
}
Event: 13.889 GC heap after
{Heap after GC invocations=4 (full 0):
 garbage-first heap   total 131072K, used 13509K [0x0000000740000000, 0x0000000740100400, 0x00000007c0000000)
  region size 1024K, 7 young (7168K), 7 survivors (7168K)
 Metaspace       used 19463K, capacity 19838K, committed 19968K, reserved 1067008K
  class space    used 2114K, capacity 2266K, committed 2304K, reserved 1048576K
}

Deoptimization events (10 events):
Event: 12.447 Thread 0x00007fd28480e000 Uncommon trap: reason=unstable_if action=reinterpret pc=0x000000011457a864 method=java.lang.StringLatin1.compareToCI([B[B)I @ 31 c2
Event: 12.452 Thread 0x00007fd28480e000 Uncommon trap: reason=unstable_if action=reinterpret pc=0x000000011451a6c0 method=sun.nio.cs.UTF_8$Decoder.decodeArrayLoop(Ljava/nio/ByteBuffer;Ljava/nio/CharBuffer;)Ljava/nio/charset/CoderResult; @ 84 c2
Event: 13.171 Thread 0x00007fd28480e000 Uncommon trap: reason=unstable_if action=reinterpret pc=0x000000011457a218 method=java.lang.StringDecoderUTF8.decode([BIILjava/lang/StringCoding$Result;)Ljava/lang/StringCoding$Result; @ 32 c2
Event: 13.171 Thread 0x00007fd28480e000 Uncommon trap: reason=unstable_if action=reinterpret pc=0x0000000114542034 method=java.lang.StringDecoderUTF8.decode([BIILjava/lang/StringCoding$Result;)Ljava/lang/StringCoding$Result; @ 130 c2
Event: 13.187 Thread 0x00007fd28480e000 Uncommon trap: reason=unstable_if action=reinterpret pc=0x000000011458804c method=org.codehaus.plexus.util.xml.pull.MXParser.nextImpl()I @ 1161 c2
Event: 14.185 Thread 0x00007fd28480e000 Uncommon trap: reason=unstable_if action=reinterpret pc=0x0000000114599544 method=org.codehaus.plexus.util.xml.pull.MXParser.nextImpl()I @ 972 c2
Event: 15.032 Thread 0x00007fd28480e000 Uncommon trap: reason=unstable_if action=reinterpret pc=0x000000011454fad8 method=java.util.HashMap.hash(Ljava/lang/Object;)I @ 1 c2
Event: 15.032 Thread 0x00007fd28480e000 Uncommon trap: reason=unstable_if action=reinterpret pc=0x00000001144c8da8 method=java.util.HashMap.hash(Ljava/lang/Object;)I @ 1 c2
Event: 15.033 Thread 0x00007fd28480e000 Uncommon trap: reason=unstable_if action=reinterpret pc=0x00000001144efe90 method=java.util.HashMap.hash(Ljava/lang/Object;)I @ 1 c2
Event: 15.254 Thread 0x00007fd28480e000 Uncommon trap: reason=unstable_if action=reinterpret pc=0x0000000114547418 method=java.util.HashMap.getNode(ILjava/lang/Object;)Ljava/util/HashMap$Node; @ 53 c2

Classes redefined (0 events):
No events

Internal exceptions (10 events):
Event: 2.087 Thread 0x00007fd28480e000 Exception <a 'java/lang/NoSuchMethodError'{0x000000074773b4b8}: java.lang.Object.lambda$union$1(Ljava/util/regex/Pattern$CharPredicate;I)Z> (0x000000074773b4b8) thrown at [/scratch/mesos/slaves/5af44a71-976a-41b7-81de-5773b84ec572-S38393/frameworks/1735e8
Event: 4.041 Thread 0x00007fd28480e000 Exception <a 'java/lang/NoSuchMethodError'{0x0000000747f03dc0}: java.lang.invoke.DirectMethodHandle$Holder.invokeInterface(Ljava/lang/Object;Ljava/lang/Object;Ljava/lang/Object;)I> (0x0000000747f03dc0) thrown at [/scratch/mesos/slaves/5af44a71-976a-41b7-8
Event: 4.048 Thread 0x00007fd28480e000 Exception <a 'java/lang/NoSuchMethodError'{0x0000000747f0f488}: java.lang.invoke.DirectMethodHandle$Holder.invokeStatic(Ljava/lang/Object;Ljava/lang/Object;)I> (0x0000000747f0f488) thrown at [/scratch/mesos/slaves/5af44a71-976a-41b7-81de-5773b84ec572-S383
Event: 4.050 Thread 0x00007fd28480e000 Exception <a 'java/lang/NoSuchMethodError'{0x0000000747f1c230}: java.lang.Object.of([Ljava/lang/Object;)Ljava/util/stream/Stream;> (0x0000000747f1c230) thrown at [/scratch/mesos/slaves/5af44a71-976a-41b7-81de-5773b84ec572-S38393/frameworks/1735e8a2-a1db-4
Event: 9.455 Thread 0x00007fd28480e000 Exception <a 'java/lang/NoClassDefFoundError'{0x0000000746151eb8}: com/google/inject/servlet/ServletModuleTargetVisitor> (0x0000000746151eb8) thrown at [/scratch/mesos/slaves/5af44a71-976a-41b7-81de-5773b84ec572-S38393/frameworks/1735e8a2-a1db-478c-8104-6
Event: 9.455 Thread 0x00007fd28480e000 Exception <a 'java/lang/NoClassDefFoundError'{0x0000000746151eb8}> (0x0000000746151eb8) thrown at [/scratch/mesos/slaves/5af44a71-976a-41b7-81de-5773b84ec572-S38393/frameworks/1735e8a2-a1db-478c-8104-60c8b0af87dd-0196/executors/8b855640-c399-41ea-b65f-522
Event: 9.455 Thread 0x00007fd28480e000 Exception <a 'java/lang/NoClassDefFoundError'{0x0000000746156750}: javax/annotation/Priority> (0x0000000746156750) thrown at [/scratch/mesos/slaves/5af44a71-976a-41b7-81de-5773b84ec572-S38393/frameworks/1735e8a2-a1db-478c-8104-60c8b0af87dd-0196/executors/
Event: 15.032 Thread 0x00007fd28480e000 Implicit null exception at 0x000000011454f8f5 to 0x000000011454fac9
Event: 15.032 Thread 0x00007fd28480e000 Implicit null exception at 0x00000001144c8d2f to 0x00000001144c8d99
Event: 15.033 Thread 0x00007fd28480e000 Implicit null exception at 0x00000001144efdf8 to 0x00000001144efe86

Events (10 events):
Event: 15.280 Thread 0x00007fd28480e000 DEOPT PACKING pc=0x000000010d3b7c43 sp=0x0000700010243a00
Event: 15.280 Thread 0x00007fd28480e000 DEOPT UNPACKING pc=0x000000010ca45aab sp=0x0000700010242f38 mode 0
Event: 15.689 Thread 0x00007fd28480e000 DEOPT PACKING pc=0x000000010d43ae99 sp=0x00007000102427e0
Event: 15.689 Thread 0x00007fd28480e000 DEOPT UNPACKING pc=0x000000010ca45aab sp=0x0000700010241d18 mode 0
Event: 15.711 Thread 0x00007fd28480e000 DEOPT PACKING pc=0x000000010d43ae99 sp=0x00007000102429e0
Event: 15.711 Thread 0x00007fd28480e000 DEOPT UNPACKING pc=0x000000010ca45aab sp=0x0000700010241f18 mode 0
Event: 15.718 loading class org/eclipse/aether/collection/DependencyManagement
Event: 15.718 loading class org/eclipse/aether/collection/DependencyManagement done
Event: 15.998 Thread 0x00007fd28480e000 DEOPT PACKING pc=0x000000010d4705e8 sp=0x0000700010242f10
Event: 15.998 Thread 0x00007fd28480e000 DEOPT UNPACKING pc=0x000000010ca45aab sp=0x00007000102423e8 mode 0


Dynamic libraries:
0x00007fff4cbcb000 	/System/Library/Frameworks/Cocoa.framework/Versions/A/Cocoa
0x00007fff58f88000 	/System/Library/Frameworks/Security.framework/Versions/A/Security
0x00007fff4b83a000 	/System/Library/Frameworks/ApplicationServices.framework/Versions/A/ApplicationServices
0x00007fff74afc000 	/usr/lib/libz.1.dylib
0x00007fff72b10000 	/usr/lib/libSystem.B.dylib
0x00007fff4d365000 	/System/Library/Frameworks/CoreFoundation.framework/Versions/A/CoreFoundation
0x00007fff4f49b000 	/System/Library/Frameworks/Foundation.framework/Versions/C/Foundation
0x00007fff74111000 	/usr/lib/libobjc.A.dylib
0x00007fff4a98b000 	/System/Library/Frameworks/AppKit.framework/Versions/C/AppKit
0x00007fff4cf43000 	/System/Library/Frameworks/CoreData.framework/Versions/A/CoreData
0x00007fff6c541000 	/System/Library/PrivateFrameworks/RemoteViewServices.framework/Versions/A/RemoteViewServices
0x00007fff70b96000 	/System/Library/PrivateFrameworks/UIFoundation.framework/Versions/A/UIFoundation
0x00007fff61587000 	/System/Library/PrivateFrameworks/DFRFoundation.framework/Versions/A/DFRFoundation
0x00007fff51972000 	/System/Library/Frameworks/Metal.framework/Versions/A/Metal
0x00007fff61728000 	/System/Library/PrivateFrameworks/DesktopServicesPriv.framework/Versions/A/DesktopServicesPriv
0x00007fff73713000 	/usr/lib/libenergytrace.dylib
0x00007fff6ecba000 	/System/Library/PrivateFrameworks/SkyLight.framework/Versions/A/SkyLight
0x00007fff4d807000 	/System/Library/Frameworks/CoreGraphics.framework/Versions/A/CoreGraphics
0x00007fff72b0b000 	/usr/lib/libScreenReader.dylib
0x00007fff4994c000 	/System/Library/Frameworks/Accelerate.framework/Versions/A/Accelerate
0x00007fff4fc12000 	/System/Library/Frameworks/IOSurface.framework/Versions/A/IOSurface
0x00007fff4bd84000 	/System/Library/Frameworks/AudioToolbox.framework/Versions/A/AudioToolbox
0x00007fff4c011000 	/System/Library/Frameworks/AudioUnit.framework/Versions/A/AudioUnit
0x00007fff61623000 	/System/Library/PrivateFrameworks/DataDetectorsCore.framework/Versions/A/DataDetectorsCore
0x00007fff4c6d2000 	/System/Library/Frameworks/Carbon.framework/Versions/A/Frameworks/HIToolbox.framework/Versions/A/HIToolbox
0x00007fff7386d000 	/usr/lib/libicucore.A.dylib
0x00007fff58507000 	/System/Library/Frameworks/QuartzCore.framework/Versions/A/QuartzCore
0x00007fff4cab8000 	/System/Library/Frameworks/Carbon.framework/Versions/A/Frameworks/SpeechRecognition.framework/Versions/A/SpeechRecognition
0x00007fff72c6c000 	/usr/lib/libauto.dylib
0x00007fff749eb000 	/usr/lib/libxml2.2.dylib
0x00007fff61201000 	/System/Library/PrivateFrameworks/CoreUI.framework/Versions/A/CoreUI
0x00007fff4ce1f000 	/System/Library/Frameworks/CoreAudio.framework/Versions/A/CoreAudio
0x00007fff4f2d5000 	/System/Library/Frameworks/DiskArbitration.framework/Versions/A/DiskArbitration
0x00007fff73ae1000 	/usr/lib/liblangid.dylib
0x00007fff68a8c000 	/System/Library/PrivateFrameworks/MultitouchSupport.framework/Versions/A/MultitouchSupport
0x00007fff4fb75000 	/System/Library/Frameworks/IOKit.framework/Versions/A/IOKit
0x00007fff727a8000 	/usr/lib/libDiagnosticMessagesClient.dylib
0x00007fff4e4c5000 	/System/Library/Frameworks/CoreServices.framework/Versions/A/CoreServices
0x00007fff6a526000 	/System/Library/PrivateFrameworks/PerformanceAnalysis.framework/Versions/A/PerformanceAnalysis
0x00007fff576b1000 	/System/Library/Frameworks/OpenGL.framework/Versions/A/OpenGL
0x00007fff4cbd9000 	/System/Library/Frameworks/ColorSync.framework/Versions/A/ColorSync
0x00007fff4de16000 	/System/Library/Frameworks/CoreImage.framework/Versions/A/CoreImage
0x00007fff4ee46000 	/System/Library/Frameworks/CoreText.framework/Versions/A/CoreText
0x00007fff4fc70000 	/System/Library/Frameworks/ImageIO.framework/Versions/A/ImageIO
0x00007fff5da5a000 	/System/Library/PrivateFrameworks/Backup.framework/Versions/A/Backup
0x00007fff72bbc000 	/usr/lib/libarchive.2.dylib
0x00007fff4c326000 	/System/Library/Frameworks/CFNetwork.framework/Versions/A/CFNetwork
0x00007fff59704000 	/System/Library/Frameworks/SystemConfiguration.framework/Versions/A/SystemConfiguration
0x00007fff726d1000 	/usr/lib/libCRFSuite.dylib
0x00007fff72d44000 	/usr/lib/libc++.1.dylib
0x00007fff72d9b000 	/usr/lib/libc++abi.dylib
0x00007fff74bac000 	/usr/lib/system/libcache.dylib
0x00007fff74bb1000 	/usr/lib/system/libcommonCrypto.dylib
0x00007fff74bbc000 	/usr/lib/system/libcompiler_rt.dylib
0x00007fff74bc4000 	/usr/lib/system/libcopyfile.dylib
0x00007fff74bcd000 	/usr/lib/system/libcorecrypto.dylib
0x00007fff74cda000 	/usr/lib/system/libdispatch.dylib
0x00007fff74d14000 	/usr/lib/system/libdyld.dylib
0x00007fff74d32000 	/usr/lib/system/libkeymgr.dylib
0x00007fff74d40000 	/usr/lib/system/liblaunch.dylib
0x00007fff74d41000 	/usr/lib/system/libmacho.dylib
0x00007fff74d46000 	/usr/lib/system/libquarantine.dylib
0x00007fff74d49000 	/usr/lib/system/libremovefile.dylib
0x00007fff74d4b000 	/usr/lib/system/libsystem_asl.dylib
0x00007fff74d63000 	/usr/lib/system/libsystem_blocks.dylib
0x00007fff74d64000 	/usr/lib/system/libsystem_c.dylib
0x00007fff74dee000 	/usr/lib/system/libsystem_configuration.dylib
0x00007fff74df2000 	/usr/lib/system/libsystem_coreservices.dylib
0x00007fff74df6000 	/usr/lib/system/libsystem_darwin.dylib
0x00007fff74df8000 	/usr/lib/system/libsystem_dnssd.dylib
0x00007fff74dff000 	/usr/lib/system/libsystem_info.dylib
0x00007fff74e6f000 	/usr/lib/system/libsystem_m.dylib
0x00007fff74ebb000 	/usr/lib/system/libsystem_malloc.dylib
0x00007fff74edb000 	/usr/lib/system/libsystem_network.dylib
0x00007fff74f80000 	/usr/lib/system/libsystem_networkextension.dylib
0x00007fff74f8b000 	/usr/lib/system/libsystem_notify.dylib
0x00007fff74fa9000 	/usr/lib/system/libsystem_sandbox.dylib
0x00007fff74fad000 	/usr/lib/system/libsystem_secinit.dylib
0x00007fff74e49000 	/usr/lib/system/libsystem_kernel.dylib
0x00007fff74f95000 	/usr/lib/system/libsystem_platform.dylib
0x00007fff74f9d000 	/usr/lib/system/libsystem_pthread.dylib
0x00007fff74faf000 	/usr/lib/system/libsystem_symptoms.dylib
0x00007fff74fb7000 	/usr/lib/system/libsystem_trace.dylib
0x00007fff74fcc000 	/usr/lib/system/libunwind.dylib
0x00007fff74fd2000 	/usr/lib/system/libxpc.dylib
0x00007fff725fe000 	/usr/lib/closure/libclosured.dylib
0x00007fff72d25000 	/usr/lib/libbsm.0.dylib
0x00007fff74d33000 	/usr/lib/system/libkxld.dylib
0x00007fff729e2000 	/usr/lib/libOpenScriptingUtil.dylib
0x00007fff73095000 	/usr/lib/libcoretls.dylib
0x00007fff730ae000 	/usr/lib/libcoretls_cfhelpers.dylib
0x00007fff74512000 	/usr/lib/libpam.2.dylib
0x00007fff74638000 	/usr/lib/libsqlite3.dylib
0x00007fff749da000 	/usr/lib/libxar.1.dylib
0x00007fff72d36000 	/usr/lib/libbz2.1.0.dylib
0x00007fff73ae3000 	/usr/lib/liblzma.5.dylib
0x00007fff73fc4000 	/usr/lib/libnetwork.dylib
0x00007fff72ba5000 	/usr/lib/libapple_nghttp2.dylib
0x00007fff74519000 	/usr/lib/libpcap.A.dylib
0x00007fff72c6d000 	/usr/lib/libboringssl.dylib
0x00007fff7499c000 	/usr/lib/libusrtcp.dylib
0x00007fff72ba4000 	/usr/lib/libapple_crypto.dylib
0x00007fff4e848000 	/System/Library/Frameworks/CoreServices.framework/Versions/A/Frameworks/FSEvents.framework/Versions/A/FSEvents
0x00007fff4e53b000 	/System/Library/Frameworks/CoreServices.framework/Versions/A/Frameworks/CarbonCore.framework/Versions/A/CarbonCore
0x00007fff4ea0a000 	/System/Library/Frameworks/CoreServices.framework/Versions/A/Frameworks/Metadata.framework/Versions/A/Metadata
0x00007fff4eaba000 	/System/Library/Frameworks/CoreServices.framework/Versions/A/Frameworks/OSServices.framework/Versions/A/OSServices
0x00007fff4eb18000 	/System/Library/Frameworks/CoreServices.framework/Versions/A/Frameworks/SearchKit.framework/Versions/A/SearchKit
0x00007fff4e4c6000 	/System/Library/Frameworks/CoreServices.framework/Versions/A/Frameworks/AE.framework/Versions/A/AE
0x00007fff4e851000 	/System/Library/Frameworks/CoreServices.framework/Versions/A/Frameworks/LaunchServices.framework/Versions/A/LaunchServices
0x00007fff4e813000 	/System/Library/Frameworks/CoreServices.framework/Versions/A/Frameworks/DictionaryServices.framework/Versions/A/DictionaryServices
0x00007fff4eb87000 	/System/Library/Frameworks/CoreServices.framework/Versions/A/Frameworks/SharedFileList.framework/Versions/A/SharedFileList
0x00007fff52b3e000 	/System/Library/Frameworks/NetFS.framework/Versions/A/NetFS
0x00007fff68d19000 	/System/Library/PrivateFrameworks/NetAuth.framework/Versions/A/NetAuth
0x00007fff72498000 	/System/Library/PrivateFrameworks/login.framework/Versions/A/Frameworks/loginsupport.framework/Versions/A/loginsupport
0x00007fff7081a000 	/System/Library/PrivateFrameworks/TCC.framework/Versions/A/TCC
0x00007fff73bc4000 	/usr/lib/libmecabra.dylib
0x00007fff4b83b000 	/System/Library/Frameworks/ApplicationServices.framework/Versions/A/Frameworks/ATS.framework/Versions/A/ATS
0x00007fff4bbe9000 	/System/Library/Frameworks/ApplicationServices.framework/Versions/A/Frameworks/ColorSyncLegacy.framework/Versions/A/ColorSyncLegacy
0x00007fff4bc8d000 	/System/Library/Frameworks/ApplicationServices.framework/Versions/A/Frameworks/HIServices.framework/Versions/A/HIServices
0x00007fff4bce0000 	/System/Library/Frameworks/ApplicationServices.framework/Versions/A/Frameworks/LangAnalysis.framework/Versions/A/LangAnalysis
0x00007fff4bcef000 	/System/Library/Frameworks/ApplicationServices.framework/Versions/A/Frameworks/PrintCore.framework/Versions/A/PrintCore
0x00007fff4bd3c000 	/System/Library/Frameworks/ApplicationServices.framework/Versions/A/Frameworks/QD.framework/Versions/A/QD
0x00007fff4bd77000 	/System/Library/Frameworks/ApplicationServices.framework/Versions/A/Frameworks/SpeechSynthesis.framework/Versions/A/SpeechSynthesis
0x00007fff4d298000 	/System/Library/Frameworks/CoreDisplay.framework/Versions/A/CoreDisplay
0x00007fff49964000 	/System/Library/Frameworks/Accelerate.framework/Versions/A/Frameworks/vImage.framework/Versions/A/vImage
0x00007fff4a69b000 	/System/Library/Frameworks/Accelerate.framework/Versions/A/Frameworks/vecLib.framework/Versions/A/vecLib
0x00007fff4a43d000 	/System/Library/Frameworks/Accelerate.framework/Versions/A/Frameworks/vecLib.framework/Versions/A/libvDSP.dylib
0x00007fff49fbe000 	/System/Library/Frameworks/Accelerate.framework/Versions/A/Frameworks/vecLib.framework/Versions/A/libBNNS.dylib
0x00007fff4a3c4000 	/System/Library/Frameworks/Accelerate.framework/Versions/A/Frameworks/vecLib.framework/Versions/A/libQuadrature.dylib
0x00007fff4a5ea000 	/System/Library/Frameworks/Accelerate.framework/Versions/A/Frameworks/vecLib.framework/Versions/A/libvMisc.dylib
0x00007fff49fed000 	/System/Library/Frameworks/Accelerate.framework/Versions/A/Frameworks/vecLib.framework/Versions/A/libLAPACK.dylib
0x00007fff49e63000 	/System/Library/Frameworks/Accelerate.framework/Versions/A/Frameworks/vecLib.framework/Versions/A/libBLAS.dylib
0x00007fff4a3ae000 	/System/Library/Frameworks/Accelerate.framework/Versions/A/Frameworks/vecLib.framework/Versions/A/libLinearAlgebra.dylib
0x00007fff4a3ca000 	/System/Library/Frameworks/Accelerate.framework/Versions/A/Frameworks/vecLib.framework/Versions/A/libSparse.dylib
0x00007fff4a429000 	/System/Library/Frameworks/Accelerate.framework/Versions/A/Frameworks/vecLib.framework/Versions/A/libSparseBLAS.dylib
0x00007fff673bb000 	/System/Library/PrivateFrameworks/IOAccelerator.framework/Versions/A/IOAccelerator
0x00007fff673c6000 	/System/Library/PrivateFrameworks/IOPresentment.framework/Versions/A/IOPresentment
0x00007fff61599000 	/System/Library/PrivateFrameworks/DSExternalDisplay.framework/Versions/A/DSExternalDisplay
0x00007fff56b33000 	/System/Library/Frameworks/OpenGL.framework/Versions/A/Libraries/libCoreFSCache.dylib
0x00007fff4ef95000 	/System/Library/Frameworks/CoreVideo.framework/Versions/A/CoreVideo
0x00007fff66a0e000 	/System/Library/PrivateFrameworks/GraphVisualizer.framework/Versions/A/GraphVisualizer
0x00007fff51b35000 	/System/Library/Frameworks/MetalPerformanceShaders.framework/Versions/A/MetalPerformanceShaders
0x00007fff727e0000 	/usr/lib/libFosl_dynamic.dylib
0x00007fff625cc000 	/System/Library/PrivateFrameworks/FaceCore.framework/Versions/A/FaceCore
0x00007fff5593b000 	/System/Library/Frameworks/OpenCL.framework/Versions/A/OpenCL
0x00007fff72dd2000 	/usr/lib/libcompression.dylib
0x00007fff4b93a000 	/System/Library/Frameworks/ApplicationServices.framework/Versions/A/Frameworks/ATS.framework/Versions/A/Resources/libFontParser.dylib
0x00007fff4ba5d000 	/System/Library/Frameworks/ApplicationServices.framework/Versions/A/Frameworks/ATS.framework/Versions/A/Resources/libFontRegistry.dylib
0x00007fff4fed5000 	/System/Library/Frameworks/ImageIO.framework/Versions/A/Resources/libJPEG.dylib
0x00007fff501fe000 	/System/Library/Frameworks/ImageIO.framework/Versions/A/Resources/libTIFF.dylib
0x00007fff501d4000 	/System/Library/Frameworks/ImageIO.framework/Versions/A/Resources/libPng.dylib
0x00007fff4fde8000 	/System/Library/Frameworks/ImageIO.framework/Versions/A/Resources/libGIF.dylib
0x00007fff4fded000 	/System/Library/Frameworks/ImageIO.framework/Versions/A/Resources/libJP2.dylib
0x00007fff501fb000 	/System/Library/Frameworks/ImageIO.framework/Versions/A/Resources/libRadiance.dylib
0x00007fff5d1bb000 	/System/Library/PrivateFrameworks/AppleJPEG.framework/Versions/A/AppleJPEG
0x00007fff68806000 	/System/Library/PrivateFrameworks/MetalTools.framework/Versions/A/MetalTools
0x00007fff51a0e000 	/System/Library/Frameworks/MetalPerformanceShaders.framework/Frameworks/MPSCore.framework/Versions/A/MPSCore
0x00007fff51a24000 	/System/Library/Frameworks/MetalPerformanceShaders.framework/Frameworks/MPSImage.framework/Versions/A/MPSImage
0x00007fff51a90000 	/System/Library/Frameworks/MetalPerformanceShaders.framework/Frameworks/MPSMatrix.framework/Versions/A/MPSMatrix
0x00007fff51ab4000 	/System/Library/Frameworks/MetalPerformanceShaders.framework/Frameworks/MPSNeuralNetwork.framework/Versions/A/MPSNeuralNetwork
0x00007fff56cfb000 	/System/Library/Frameworks/OpenGL.framework/Versions/A/Libraries/libGLU.dylib
0x00007fff56b3d000 	/System/Library/Frameworks/OpenGL.framework/Versions/A/Libraries/libGFXShared.dylib
0x00007fff56b46000 	/System/Library/Frameworks/OpenGL.framework/Versions/A/Libraries/libGL.dylib
0x00007fff56b52000 	/System/Library/Frameworks/OpenGL.framework/Versions/A/Libraries/libGLImage.dylib
0x00007fff56b30000 	/System/Library/Frameworks/OpenGL.framework/Versions/A/Libraries/libCVMSPluginSupport.dylib
0x00007fff56b38000 	/System/Library/Frameworks/OpenGL.framework/Versions/A/Libraries/libCoreVMClient.dylib
0x00007fff7357f000 	/usr/lib/libcups.2.dylib
0x00007fff50fda000 	/System/Library/Frameworks/Kerberos.framework/Versions/A/Kerberos
0x00007fff4f8d0000 	/System/Library/Frameworks/GSS.framework/Versions/A/GSS
0x00007fff745cc000 	/usr/lib/libresolv.9.dylib
0x00007fff7377b000 	/usr/lib/libiconv.2.dylib
0x00007fff66a95000 	/System/Library/PrivateFrameworks/Heimdal.framework/Versions/A/Heimdal
0x00007fff7374a000 	/usr/lib/libheimdal-asn1.dylib
0x00007fff559a6000 	/System/Library/Frameworks/OpenDirectory.framework/Versions/A/OpenDirectory
0x00007fff5f471000 	/System/Library/PrivateFrameworks/CommonAuth.framework/Versions/A/CommonAuth
0x00007fff55989000 	/System/Library/Frameworks/OpenDirectory.framework/Versions/A/Frameworks/CFOpenDirectory.framework/Versions/A/CFOpenDirectory
0x00007fff592a0000 	/System/Library/Frameworks/SecurityFoundation.framework/Versions/A/SecurityFoundation
0x00007fff5c3a7000 	/System/Library/PrivateFrameworks/APFS.framework/Versions/A/APFS
0x00007fff749d6000 	/usr/lib/libutil.dylib
0x00007fff5d23e000 	/System/Library/PrivateFrameworks/AppleSauce.framework/Versions/A/AppleSauce
0x00007fff67b9d000 	/System/Library/PrivateFrameworks/LinguisticData.framework/Versions/A/LinguisticData
0x00007fff73afd000 	/usr/lib/libmarisa.dylib
0x00007fff67b57000 	/System/Library/PrivateFrameworks/Lexicon.framework/Versions/A/Lexicon
0x00007fff7270b000 	/usr/lib/libChineseTokenizer.dylib
0x00007fff72dc1000 	/usr/lib/libcmph.dylib
0x00007fff67a61000 	/System/Library/PrivateFrameworks/LanguageModeling.framework/Versions/A/LanguageModeling
0x00007fff5fe87000 	/System/Library/PrivateFrameworks/CoreEmoji.framework/Versions/A/CoreEmoji
0x00007fff5935c000 	/System/Library/Frameworks/ServiceManagement.framework/Versions/A/ServiceManagement
0x00007fff5da52000 	/System/Library/PrivateFrameworks/BackgroundTaskManagement.framework/Versions/A/BackgroundTaskManagement
0x00007fff74ad3000 	/usr/lib/libxslt.1.dylib
0x00007fff4c9e2000 	/System/Library/Frameworks/Carbon.framework/Versions/A/Frameworks/Ink.framework/Versions/A/Ink
0x00007fff70a2e000 	/System/Library/PrivateFrameworks/TextureIO.framework/Versions/A/TextureIO
0x00007fff72be7000 	/usr/lib/libate.dylib
0x00007fff614fb000 	/System/Library/PrivateFrameworks/CrashReporterSupport.framework/Versions/A/CrashReporterSupport
0x00007fff6de81000 	/System/Library/PrivateFrameworks/Sharing.framework/Versions/A/Sharing
0x00007fff677a7000 	/System/Library/PrivateFrameworks/IconServices.framework/Versions/A/IconServices
0x00007fff6c342000 	/System/Library/PrivateFrameworks/ProtocolBuffer.framework/Versions/A/ProtocolBuffer
0x00007fff5d046000 	/System/Library/PrivateFrameworks/Apple80211.framework/Versions/A/Apple80211
0x00007fff4efd0000 	/System/Library/Frameworks/CoreWLAN.framework/Versions/A/CoreWLAN
0x00007fff61336000 	/System/Library/PrivateFrameworks/CoreUtils.framework/Versions/A/CoreUtils
0x00007fff4fa12000 	/System/Library/Frameworks/IOBluetooth.framework/Versions/A/IOBluetooth
0x00007fff61496000 	/System/Library/PrivateFrameworks/CoreWiFi.framework/Versions/A/CoreWiFi
0x00007fff4cf19000 	/System/Library/Frameworks/CoreBluetooth.framework/Versions/A/CoreBluetooth
0x00007fff6dfbc000 	/System/Library/PrivateFrameworks/SignpostNotification.framework/Versions/A/SignpostNotification
0x00007fff616e7000 	/System/Library/PrivateFrameworks/DebugSymbols.framework/Versions/A/DebugSymbols
0x00007fff610ed000 	/System/Library/PrivateFrameworks/CoreSymbolication.framework/Versions/A/CoreSymbolication
0x00007fff702a4000 	/System/Library/PrivateFrameworks/Symbolication.framework/Versions/A/Symbolication
0x00007fff5d070000 	/System/Library/PrivateFrameworks/AppleFSCompression.framework/Versions/A/AppleFSCompression
0x00007fff6f705000 	/System/Library/PrivateFrameworks/SpeechRecognitionCore.framework/Versions/A/SpeechRecognitionCore
0x0000000101600000 	/Library/Java/JavaVirtualMachines/jdk-9.0.1.jdk/Contents/Home/lib/server/libjvm.dylib
0x00007fff748cd000 	/usr/lib/libstdc++.6.0.9.dylib
0x0000000100859000 	/Library/Java/JavaVirtualMachines/jdk-9.0.1.jdk/Contents/Home/lib/libverify.dylib
0x0000000100866000 	/Library/Java/JavaVirtualMachines/jdk-9.0.1.jdk/Contents/Home/lib/libjava.dylib
0x00000001008e4000 	/Library/Java/JavaVirtualMachines/jdk-9.0.1.jdk/Contents/Home/lib/libzip.dylib
0x00000001008ec000 	/Library/Java/JavaVirtualMachines/jdk-9.0.1.jdk/Contents/Home/lib/libjimage.dylib
0x0000000100d4d000 	/Library/Java/JavaVirtualMachines/jdk-9.0.1.jdk/Contents/Home/lib/libnio.dylib
0x00000001252d0000 	/Library/Java/JavaVirtualMachines/jdk-9.0.1.jdk/Contents/Home/lib/./libnet.dylib
0x0000000125391000 	/Library/Java/JavaVirtualMachines/apache-maven-3.5.2/lib/jansi-native/osx/libjansi.jnilib

VM Arguments:
jvm_args: -Dclassworlds.conf=/Library/Java/JavaVirtualMachines/apache-maven-3.5.2/bin/m2.conf -Dmaven.home=/Library/Java/JavaVirtualMachines/apache-maven-3.5.2 -Dlibrary.jansi.path=/Library/Java/JavaVirtualMachines/apache-maven-3.5.2/lib/jansi-native -Dmaven.multiModuleProjectDirectory=/Users/cristhian/Documents/repos/Tfg-GUI/GUI/generadorProgramasJAVA 
java_command: org.codehaus.plexus.classworlds.launcher.Launcher exec:java -Dexec.mainClass=tfgGroupID.tfgArtefactID.Main -Dexec.args= 1 1 1 2 1 1 1 1 148.8703661990886,92.91048633618436,-3.138331143046173,55.02411247737231,-9.813663848721006,48.09397690080081,-63.62351274648125,118.69769726864081,116.6300422919494,147.9488697929608,123.43507001431584,-150.76222489772988,-92.05689080811861,-149.6525090617531,14.418353220259007,179.14437379043437,101.40074342095824,-7.627844096380215,-197.5183770206986,-181.26082507151344,52.65584131381601,41.733197457807364,-197.05799167700215,126.96488638880714,-130.3871836986704,-171.40245101845505,-9.405421048620838,-83.17258753776464,64.6146102028498,152.61821930627116,-51.26257694458829,-23.184460055846586,-58.15493931491474,16.562153907264047,-12.065487088439568,-64.20176989977855,-106.28477369846748,-148.06569316862863,60.805009327855316,152.26761284877853,105.22143444493929,-128.50762745176038,95.83371192403462,-65.64848238605916,-106.56101439020836,-72.94788168061453,58.05635997996802,-100.87148542180499,189.36720004599232,-156.23560228755366,-143.01832772442808,-162.54753197211477,-7.003471688305353,-124.72395296248528,-147.6706849366285,-176.2857701603651,58.8526120920057,-138.20404481653253,112.47780660323258,-188.75703417674617,93.81346370576313,-89.92055181895094,47.89836190435409,99.38261328390865,-133.14702455185824,29.09862178185142,166.6404231567277,39.58781430212025,82.63543534688324,-14.137481872169644,-175.36844572662793,-171.27641739897484,-143.5186881929709,-151.0139814525536,103.50034432686198,-39.24378835360591,166.33833520577264,-49.15827193719474,88.26024552252142,82.42825217174072,29.12367906432155,-152.18015804510867,0.48216627213881225,40.576073121527884,-153.51243737396248,34.57850968980017,171.7943385714932,-129.90407990741582,-163.65247511248967,160.8610597079488,180.160265644702,196.0061242374078,-41.9617092229021,-70.78985333620795,-145.59323320005285,59.9888205308219,-131.0073386661726,111.318866
java_class_path (initial): /Library/Java/JavaVirtualMachines/apache-maven-3.5.2/boot/plexus-classworlds-2.5.2.jar
Launcher Type: SUN_STANDARD

Logging:
Log output configuration:
#0: stdout all=warning uptime,level,tags
#1: stderr all=off uptime,level,tags

Environment Variables:
PATH=/Library/Java/JavaVirtualMachines/apache-maven-3.5.2/bin:/usr/local/bin:/usr/bin:/bin:/usr/sbin:/sbin:/Applications/VMware Fusion.app/Contents/Public:/Library/Java/JavaVirtualMachines/apache-maven-3.5.2/bin:/Library/Java/JavaVirtualMachines/jdk1.8.0_144.jdk/Contents/Home/bin:/Library/Java/JavaVirtualMachines/major/bin
SHELL=/bin/bash

Signal Handlers:
SIGSEGV: [libjvm.dylib+0x73e2dc], sa_mask[0]=11111111011111110111111111111111, sa_flags=SA_ONSTACK|SA_RESTART|SA_SIGINFO
SIGBUS: [libjvm.dylib+0x73e2dc], sa_mask[0]=11111111011111110111111111111111, sa_flags=SA_RESTART|SA_SIGINFO
SIGFPE: [libjvm.dylib+0x73e2dc], sa_mask[0]=11111111011111110111111111111111, sa_flags=SA_RESTART|SA_SIGINFO
SIGPIPE: [libjvm.dylib+0x5f15ac], sa_mask[0]=11111111011111110111111111111111, sa_flags=SA_RESTART|SA_SIGINFO
SIGXFSZ: [libjvm.dylib+0x5f15ac], sa_mask[0]=11111111011111110111111111111111, sa_flags=SA_RESTART|SA_SIGINFO
SIGILL: [libjvm.dylib+0x73e2dc], sa_mask[0]=11111111011111110111111111111111, sa_flags=SA_RESTART|SA_SIGINFO
SIGUSR2: [libjvm.dylib+0x5f1e3c], sa_mask[0]=00000000000000000000000000000000, sa_flags=SA_RESTART|SA_SIGINFO
SIGHUP: [libjvm.dylib+0x5f0679], sa_mask[0]=11111111011111110111111111111111, sa_flags=SA_RESTART|SA_SIGINFO
SIGINT: [libjvm.dylib+0x5f0679], sa_mask[0]=11111111011111110111111111111111, sa_flags=SA_RESTART|SA_SIGINFO
SIGTERM: [libjvm.dylib+0x5f0679], sa_mask[0]=11111111011111110111111111111111, sa_flags=SA_RESTART|SA_SIGINFO
SIGQUIT: [libjvm.dylib+0x5f0679], sa_mask[0]=11111111011111110111111111111111, sa_flags=SA_RESTART|SA_SIGINFO


---------------  S Y S T E M  ---------------

OS:uname:Darwin 17.4.0 Darwin Kernel Version 17.4.0: Sun Dec 17 09:19:54 PST 2017; root:xnu-4570.41.2~1/RELEASE_X86_64 x86_64
rlimit: STACK 8192k, CORE 0k, NPROC 709, NOFILE 10240, AS infinity
load average:105.39 33.70 14.43

CPU:total 4 (initial active 4) (2 cores per cpu, 2 threads per core) family 6 model 142 stepping 9, cmov, cx8, fxsr, mmx, sse, sse2, sse3, ssse3, sse4.1, sse4.2, popcnt, avx, avx2, aes, clmul, erms, rtm, 3dnowpref, lzcnt, ht, tsc, tscinvbit, bmi1, bmi2, adx, fma

Memory: 4k page, physical 8388608k(877124k free)

vm_info: Java HotSpot(TM) 64-Bit Server VM (9.0.1+11) for bsd-amd64 JRE (9.0.1+11), built on Sep 28 2017 03:49:57 by "mach5one" with gcc 4.2.1 Compatible Apple LLVM 6.1.0 (clang-602.0.49)

END.
