#
# A fatal error has been detected by the Java Runtime Environment:
#
#  SIGSEGV (0xb) at pc=0x000000010995fc4c, pid=8592, tid=0x0000000000000307
#
# JRE version: Java(TM) SE Runtime Environment (8.0_144-b01) (build 1.8.0_144-b01)
# Java VM: Java HotSpot(TM) 64-Bit Server VM (25.144-b01 mixed mode bsd-amd64 compressed oops)
# Problematic frame:
# V  [libjvm.dylib+0x488c4c]  SR_handler(int, __siginfo*, __darwin_ucontext*)+0x2e
#
# Failed to write core dump. Core dumps have been disabled. To enable core dumping, try "ulimit -c unlimited" before starting Java again
#
# If you would like to submit a bug report, please visit:
#   http://bugreport.java.com/bugreport/crash.jsp
#

---------------  T H R E A D  ---------------

Current thread is native thread

siginfo: si_signo: 11 (SIGSEGV), si_code: 1 (SEGV_MAPERR), si_addr: 0x0000000000000128

Registers:
RAX=0x0000000000000000, RBX=0x00007ffee7c390f0, RCX=0x00007fff8d6df388, RDX=0x00007ffee7c390f0
RSP=0x00007ffee7c38c20, RBP=0x00007ffee7c38c50, RSI=0x00007ffee7c39088, RDI=0x0000000000000109
R8 =0x00007ffee7c390f0, R9 =0x00000000ffffffff, R10=0x0000000000000c00, R11=0x0000000000000206
R12=0x0000000000000c00, R13=0x0000000007000806, R14=0x00007ffee7c39088, R15=0x0000000000000002
RIP=0x000000010995fc4c, EFLAGS=0x0000000000010206, ERR=0x0000000000000004
  TRAPNO=0x000000000000000e

Top of Stack: (sp=0x00007ffee7c38c20)
0x00007ffee7c38c20:   0000000059d3255a 00007ffee7c390f0
0x00007ffee7c38c30:   0000000000000c00 0000000007000806
0x00007ffee7c38c40:   00007ffee7c39360 00000000ffffffff
0x00007ffee7c38c50:   00007ffee7c38c60 00007fff5490af5a
0x00007ffee7c38c60:   00007ffee7c39200 00007fff53a8d5b1
0x00007ffee7c38c70:   00007fff870f4300 0000000000000000
0x00007ffee7c38c80:   0100001f00000085 00007fff870ef3c0
0x00007ffee7c38c90:   0000000010004005 0000000007000806
0x00007ffee7c38ca0:   00007ffee7c391a8 0000000000000000
0x00007ffee7c38cb0:   00007ffee7c39360 0000000007000806
0x00007ffee7c38cc0:   00007ffee7c39200 00007ffee7c391a8
0x00007ffee7c38cd0:   0000000000001303 00000000ffffffff
0x00007ffee7c38ce0:   0000000000000c00 0000000000000206
0x00007ffee7c38cf0:   0000000000000c00 0000000007000806
0x00007ffee7c38d00:   00007ffee7c39360 00000000ffffffff
0x00007ffee7c38d10:   00007fff547cf7c2 0000000000000206
0x00007ffee7c38d20:   0000000000000007 0000000000000000
0x00007ffee7c38d30:   0000000000000000 0000000000000000
0x00007ffee7c38d40:   000000000000037f 0000000000000000
0x00007ffee7c38d50:   0000000000000000 0000ffff00001fa1
0x00007ffee7c38d60:   000000000002cd37 000000000000ffff
0x00007ffee7c38d70:   0001ffffed351bef 000000000000ffff
0x00007ffee7c38d80:   000000000001ffff 000000000000ffff
0x00007ffee7c38d90:   0000000000000000 0000000000000000
0x00007ffee7c38da0:   0000000000000000 0000000000000000
0x00007ffee7c38db0:   00000000ff73ff94 000000000000ffff
0x00007ffee7c38dc0:   000000000123e452 000000000000ffff
0x00007ffee7c38dd0:   00000000ff700000 000000000000ffff
0x00007ffee7c38de0:   41c04355247abee8 0000000000000000
0x00007ffee7c38df0:   3feeafba01eeed89 0000000000000000
0x00007ffee7c38e00:   4415af1d78b58c40 0000000000000000
0x00007ffee7c38e10:   c3e0000000000000 0000000000000000 

Instructions: (pc=0x000000010995fc4c)
0x000000010995fc2c:   83 ec 08 48 89 d3 49 89 f6 e8 f0 33 14 00 44 8b
0x000000010995fc3c:   38 48 8d 05 1c f6 3a 00 48 63 38 e8 c0 36 14 00
0x000000010995fc4c:   4c 8b a0 28 01 00 00 41 83 7c 24 34 01 0f 85 e2
0x000000010995fc5c:   00 00 00 49 89 5c 24 40 4d 89 74 24 38 49 8d 5c 

Register to memory mapping:

RAX=0x0000000000000000 is an unknown value
RBX=0x00007ffee7c390f0 is an unknown value
RCX=0x00007fff8d6df388: _thread+0x48 in /usr/lib/system/libsystem_pthread.dylib at 0x00007fff54911000
RDX=0x00007ffee7c390f0 is an unknown value
RSP=0x00007ffee7c38c20 is an unknown value
RBP=0x00007ffee7c38c50 is an unknown value
RSI=0x00007ffee7c39088 is an unknown value
RDI=0x0000000000000109 is an unknown value
R8 =0x00007ffee7c390f0 is an unknown value
R9 =0x00000000ffffffff is an unknown value
R10=0x0000000000000c00 is an unknown value
R11=0x0000000000000206 is an unknown value
R12=0x0000000000000c00 is an unknown value
R13=0x0000000007000806 is an unknown value
R14=0x00007ffee7c39088 is an unknown value
R15=0x0000000000000002 is an unknown value


Stack: [0x00007ffee743c000,0x00007ffee7c3c000],  sp=0x00007ffee7c38c20,  free space=8179k
Native frames: (J=compiled Java code, j=interpreted, Vv=VM code, C=native code)
V  [libjvm.dylib+0x488c4c]  SR_handler(int, __siginfo*, __darwin_ucontext*)+0x2e
C  [libsystem_platform.dylib+0x1f5a]  _sigtramp+0x1a
C  [libobjc.A.dylib+0x85b1]  _objc_fetch_pthread_data+0x22
C  [CoreFoundation+0x86575]  __CFRunLoopServiceMachPort+0x155
C  [CoreFoundation+0x858c7]  __CFRunLoopRun+0x6f7
C  [CoreFoundation+0x84f43]  CFRunLoopRunSpecific+0x1e3
C  [java+0x6465]  CreateExecutionEnvironment+0x367
C  [java+0x218c]  JLI_Launch+0x7a0
C  [java+0x84c2]  main+0x65
C  [java+0x19e4]  start+0x34


---------------  P R O C E S S  ---------------

VM state:not at safepoint (normal execution)

VM Mutex/Monitor currently owned by a thread: None

Heap:
 PSYoungGen      total 53760K, used 24904K [0x0000000795580000, 0x0000000799580000, 0x00000007c0000000)
  eden space 43008K, 49% used [0x0000000795580000,0x0000000796a42158,0x0000000797f80000)
  from space 10752K, 33% used [0x0000000798b00000,0x0000000798e90040,0x0000000799580000)
  to   space 11264K, 0% used [0x0000000797f80000,0x0000000797f80000,0x0000000798a80000)
 ParOldGen       total 69120K, used 13105K [0x0000000740000000, 0x0000000744380000, 0x0000000795580000)
  object space 69120K, 18% used [0x0000000740000000,0x0000000740ccc790,0x0000000744380000)
 Metaspace       used 27259K, capacity 27966K, committed 28288K, reserved 1073152K
  class space    used 3368K, capacity 3586K, committed 3712K, reserved 1048576K

Card table byte_map: [0x0000000108c54000,0x0000000109055000] byte_map_base: 0x0000000105254000

Marking Bits: (ParMarkBitMap*) 0x0000000109dca5d0
 Begin Bits: [0x000000011947e000, 0x000000011b47e000)
 End Bits:   [0x000000011b47e000, 0x000000011d47e000)

Polling page: 0x0000000107ffd000

CodeCache: size=245760Kb used=9432Kb max_used=9574Kb free=236327Kb
 bounds [0x000000010a47e000, 0x000000010adde000, 0x000000011947e000]
 total_blobs=3826 nmethods=3401 adapters=337
 compilation: enabled

Compilation events (10 events):
Event: 26.042 Thread 0x00007fe597044000 3735       3       org.pitest.reloc.xstream.mapper.MapperWrapper::aliasForSystemAttribute (11 bytes)
Event: 26.042 Thread 0x00007fe597044000 nmethod 3735 0x000000010a68d510 code [0x000000010a68d680, 0x000000010a68d8a8]
Event: 26.042 Thread 0x00007fe597044000 3736       3       org.pitest.reloc.xstream.mapper.MapperWrapper::getImplicitCollectionDefForFieldName (12 bytes)
Event: 26.043 Thread 0x00007fe597044000 nmethod 3736 0x000000010a68d090 code [0x000000010a68d200, 0x000000010a68d428]
Event: 26.051 Thread 0x00007fe597044000 3737  s    1       java.lang.StringBuffer::length (5 bytes)
Event: 26.051 Thread 0x00007fe597044000 nmethod 3737 0x000000010a753610 code [0x000000010a753760, 0x000000010a7539d0]
Event: 28.144 Thread 0x00007fe597044000 3738       1       sun.util.calendar.CalendarDate::getDayOfMonth (5 bytes)
Event: 28.144 Thread 0x00007fe597044000 nmethod 3738 0x000000010a660510 code [0x000000010a660660, 0x000000010a660770]
Event: 28.872 Thread 0x00007fe59703b800 3739  s    4       java.io.BufferedInputStream::read (49 bytes)
Event: 28.876 Thread 0x00007fe59703b800 nmethod 3739 0x000000010aa5cdd0 code [0x000000010aa5cf20, 0x000000010aa5d328]

GC Heap History (10 events):
Event: 16.686 GC heap before
{Heap before GC invocations=5 (full 0):
 PSYoungGen      total 38400K, used 37733K [0x0000000795580000, 0x0000000798000000, 0x00000007c0000000)
  eden space 33280K, 98% used [0x0000000795580000,0x0000000797561700,0x0000000797600000)
  from space 5120K, 99% used [0x0000000797b00000,0x0000000797ff8040,0x0000000798000000)
  to   space 5120K, 0% used [0x0000000797600000,0x0000000797600000,0x0000000797b00000)
 ParOldGen       total 87552K, used 6578K [0x0000000740000000, 0x0000000745580000, 0x0000000795580000)
  object space 87552K, 7% used [0x0000000740000000,0x000000074066c978,0x0000000745580000)
 Metaspace       used 20466K, capacity 20922K, committed 21120K, reserved 1067008K
  class space    used 2521K, capacity 2675K, committed 2688K, reserved 1048576K
Event: 16.708 GC heap after
Heap after GC invocations=5 (full 0):
 PSYoungGen      total 37888K, used 5120K [0x0000000795580000, 0x0000000798780000, 0x00000007c0000000)
  eden space 32768K, 0% used [0x0000000795580000,0x0000000795580000,0x0000000797580000)
  from space 5120K, 100% used [0x0000000797600000,0x0000000797b00000,0x0000000797b00000)
  to   space 9216K, 0% used [0x0000000797e80000,0x0000000797e80000,0x0000000798780000)
 ParOldGen       total 87552K, used 9381K [0x0000000740000000, 0x0000000745580000, 0x0000000795580000)
  object space 87552K, 10% used [0x0000000740000000,0x0000000740929798,0x0000000745580000)
 Metaspace       used 20466K, capacity 20922K, committed 21120K, reserved 1067008K
  class space    used 2521K, capacity 2675K, committed 2688K, reserved 1048576K
}
Event: 17.362 GC heap before
{Heap before GC invocations=6 (full 0):
 PSYoungGen      total 37888K, used 15202K [0x0000000795580000, 0x0000000798780000, 0x00000007c0000000)
  eden space 32768K, 30% used [0x0000000795580000,0x0000000795f58820,0x0000000797580000)
  from space 5120K, 100% used [0x0000000797600000,0x0000000797b00000,0x0000000797b00000)
  to   space 9216K, 0% used [0x0000000797e80000,0x0000000797e80000,0x0000000798780000)
 ParOldGen       total 87552K, used 9381K [0x0000000740000000, 0x0000000745580000, 0x0000000795580000)
  object space 87552K, 10% used [0x0000000740000000,0x0000000740929798,0x0000000745580000)
 Metaspace       used 20680K, capacity 21114K, committed 21296K, reserved 1069056K
  class space    used 2546K, capacity 2675K, committed 2688K, reserved 1048576K
Event: 17.401 GC heap after
Heap after GC invocations=6 (full 0):
 PSYoungGen      total 40448K, used 9185K [0x0000000795580000, 0x000000079aa80000, 0x00000007c0000000)
  eden space 31232K, 0% used [0x0000000795580000,0x0000000795580000,0x0000000797400000)
  from space 9216K, 99% used [0x0000000797e80000,0x0000000798778548,0x0000000798780000)
  to   space 10752K, 0% used [0x0000000797400000,0x0000000797400000,0x0000000797e80000)
 ParOldGen       total 87552K, used 9637K [0x0000000740000000, 0x0000000745580000, 0x0000000795580000)
  object space 87552K, 11% used [0x0000000740000000,0x0000000740969798,0x0000000745580000)
 Metaspace       used 20680K, capacity 21114K, committed 21296K, reserved 1069056K
  class space    used 2546K, capacity 2675K, committed 2688K, reserved 1048576K
}
Event: 17.401 GC heap before
{Heap before GC invocations=7 (full 1):
 PSYoungGen      total 40448K, used 9185K [0x0000000795580000, 0x000000079aa80000, 0x00000007c0000000)
  eden space 31232K, 0% used [0x0000000795580000,0x0000000795580000,0x0000000797400000)
  from space 9216K, 99% used [0x0000000797e80000,0x0000000798778548,0x0000000798780000)
  to   space 10752K, 0% used [0x0000000797400000,0x0000000797400000,0x0000000797e80000)
 ParOldGen       total 87552K, used 9637K [0x0000000740000000, 0x0000000745580000, 0x0000000795580000)
  object space 87552K, 11% used [0x0000000740000000,0x0000000740969798,0x0000000745580000)
 Metaspace       used 20680K, capacity 21114K, committed 21296K, reserved 1069056K
  class space    used 2546K, capacity 2675K, committed 2688K, reserved 1048576K
Event: 17.785 GC heap after
Heap after GC invocations=7 (full 1):
 PSYoungGen      total 40448K, used 0K [0x0000000795580000, 0x000000079aa80000, 0x00000007c0000000)
  eden space 31232K, 0% used [0x0000000795580000,0x0000000795580000,0x0000000797400000)
  from space 9216K, 0% used [0x0000000797e80000,0x0000000797e80000,0x0000000798780000)
  to   space 10752K, 0% used [0x0000000797400000,0x0000000797400000,0x0000000797e80000)
 ParOldGen       total 69120K, used 13089K [0x0000000740000000, 0x0000000744380000, 0x0000000795580000)
  object space 69120K, 18% used [0x0000000740000000,0x0000000740cc8790,0x0000000744380000)
 Metaspace       used 20680K, capacity 21114K, committed 21296K, reserved 1069056K
  class space    used 2546K, capacity 2675K, committed 2688K, reserved 1048576K
}
Event: 21.178 GC heap before
{Heap before GC invocations=8 (full 1):
 PSYoungGen      total 40448K, used 31232K [0x0000000795580000, 0x000000079aa80000, 0x00000007c0000000)
  eden space 31232K, 100% used [0x0000000795580000,0x0000000797400000,0x0000000797400000)
  from space 9216K, 0% used [0x0000000797e80000,0x0000000797e80000,0x0000000798780000)
  to   space 10752K, 0% used [0x0000000797400000,0x0000000797400000,0x0000000797e80000)
 ParOldGen       total 69120K, used 13089K [0x0000000740000000, 0x0000000744380000, 0x0000000795580000)
  object space 69120K, 18% used [0x0000000740000000,0x0000000740cc8790,0x0000000744380000)
 Metaspace       used 23100K, capacity 23650K, committed 23808K, reserved 1071104K
  class space    used 2823K, capacity 2982K, committed 3072K, reserved 1048576K
Event: 21.199 GC heap after
Heap after GC invocations=8 (full 1):
 PSYoungGen      total 41984K, used 3533K [0x0000000795580000, 0x0000000799580000, 0x00000007c0000000)
  eden space 31232K, 0% used [0x0000000795580000,0x0000000795580000,0x0000000797400000)
  from space 10752K, 32% used [0x0000000797400000,0x00000007977736a0,0x0000000797e80000)
  to   space 10752K, 0% used [0x0000000798b00000,0x0000000798b00000,0x0000000799580000)
 ParOldGen       total 69120K, used 13097K [0x0000000740000000, 0x0000000744380000, 0x0000000795580000)
  object space 69120K, 18% used [0x0000000740000000,0x0000000740cca790,0x0000000744380000)
 Metaspace       used 23100K, capacity 23650K, committed 23808K, reserved 1071104K
  class space    used 2823K, capacity 2982K, committed 3072K, reserved 1048576K
}
Event: 22.515 GC heap before
{Heap before GC invocations=9 (full 1):
 PSYoungGen      total 41984K, used 34765K [0x0000000795580000, 0x0000000799580000, 0x00000007c0000000)
  eden space 31232K, 100% used [0x0000000795580000,0x0000000797400000,0x0000000797400000)
  from space 10752K, 32% used [0x0000000797400000,0x00000007977736a0,0x0000000797e80000)
  to   space 10752K, 0% used [0x0000000798b00000,0x0000000798b00000,0x0000000799580000)
 ParOldGen       total 69120K, used 13097K [0x0000000740000000, 0x0000000744380000, 0x0000000795580000)
  object space 69120K, 18% used [0x0000000740000000,0x0000000740cca790,0x0000000744380000)
 Metaspace       used 23322K, capacity 23932K, committed 24064K, reserved 1071104K
  class space    used 2827K, capacity 2987K, committed 3072K, reserved 1048576K
Event: 22.523 GC heap after
Heap after GC invocations=9 (full 1):
 PSYoungGen      total 53760K, used 3648K [0x0000000795580000, 0x0000000799580000, 0x00000007c0000000)
  eden space 43008K, 0% used [0x0000000795580000,0x0000000795580000,0x0000000797f80000)
  from space 10752K, 33% used [0x0000000798b00000,0x0000000798e90040,0x0000000799580000)
  to   space 11264K, 0% used [0x0000000797f80000,0x0000000797f80000,0x0000000798a80000)
 ParOldGen       total 69120K, used 13105K [0x0000000740000000, 0x0000000744380000, 0x0000000795580000)
  object space 69120K, 18% used [0x0000000740000000,0x0000000740ccc790,0x0000000744380000)
 Metaspace       used 23322K, capacity 23932K, committed 24064K, reserved 1071104K
  class space    used 2827K, capacity 2987K, committed 3072K, reserved 1048576K
}

Deoptimization events (10 events):
Event: 21.029 Thread 0x00007fe597800000 Uncommon trap: reason=class_check action=maybe_recompile pc=0x000000010ab65578 method=java.util.Hashtable.put(Ljava/lang/Object;Ljava/lang/Object;)Ljava/lang/Object; @ 18
Event: 21.048 Thread 0x00007fe597800000 Uncommon trap: reason=class_check action=maybe_recompile pc=0x000000010ab65578 method=java.util.Hashtable.put(Ljava/lang/Object;Ljava/lang/Object;)Ljava/lang/Object; @ 18
Event: 21.083 Thread 0x00007fe597800000 Uncommon trap: reason=class_check action=maybe_recompile pc=0x000000010acf2a44 method=java.util.Hashtable.get(Ljava/lang/Object;)Ljava/lang/Object; @ 6
Event: 21.083 Thread 0x00007fe597800000 Uncommon trap: reason=class_check action=maybe_recompile pc=0x000000010acf2a44 method=java.util.Hashtable.get(Ljava/lang/Object;)Ljava/lang/Object; @ 6
Event: 21.083 Thread 0x00007fe597800000 Uncommon trap: reason=class_check action=maybe_recompile pc=0x000000010acf2a44 method=java.util.Hashtable.get(Ljava/lang/Object;)Ljava/lang/Object; @ 6
Event: 21.084 Thread 0x00007fe597800000 Uncommon trap: reason=class_check action=maybe_recompile pc=0x000000010acf2a44 method=java.util.Hashtable.get(Ljava/lang/Object;)Ljava/lang/Object; @ 6
Event: 21.526 Thread 0x00007fe597800000 Uncommon trap: reason=unstable_if action=reinterpret pc=0x000000010ab8d2cc method=java.util.regex.Pattern$Curly.match0(Ljava/util/regex/Matcher;IILjava/lang/CharSequence;)Z @ 5
Event: 22.943 Thread 0x00007fe597800000 Uncommon trap: reason=unstable_if action=reinterpret pc=0x000000010ad3aea8 method=org.codehaus.plexus.classworlds.realm.Entry.matches(Ljava/lang/String;)Z @ 20
Event: 23.993 Thread 0x00007fe597800000 Uncommon trap: reason=unstable_if action=reinterpret pc=0x000000010a7887c4 method=java.lang.AbstractStringBuilder.append(Ljava/lang/String;)Ljava/lang/AbstractStringBuilder; @ 1
Event: 24.088 Thread 0x00007fe597800000 Uncommon trap: reason=predicate action=maybe_recompile pc=0x000000010a7f6e2c method=java.lang.String.regionMatches(ZILjava/lang/String;II)Z @ 63

Internal exceptions (10 events):
Event: 22.378 Thread 0x00007fe597800000 Exception <a 'java/util/zip/ZipException'> (0x000000079712f530) thrown at [/Users/java_re/workspace/8-2-build-macosx-x86_64/jdk8u144/9417/hotspot/src/share/vm/prims/jni.cpp, line 709]
Event: 22.475 Thread 0x00007fe597800000 Exception <a 'java/util/zip/ZipException'> (0x00000007972d2118) thrown at [/Users/java_re/workspace/8-2-build-macosx-x86_64/jdk8u144/9417/hotspot/src/share/vm/prims/jni.cpp, line 709]
Event: 22.553 Thread 0x00007fe597800000 Exception <a 'java/util/zip/ZipException'> (0x00000007956637f8) thrown at [/Users/java_re/workspace/8-2-build-macosx-x86_64/jdk8u144/9417/hotspot/src/share/vm/prims/jni.cpp, line 709]
Event: 22.598 Thread 0x00007fe597800000 Exception <a 'java/util/zip/ZipException'> (0x00000007956c1760) thrown at [/Users/java_re/workspace/8-2-build-macosx-x86_64/jdk8u144/9417/hotspot/src/share/vm/prims/jni.cpp, line 709]
Event: 22.598 Thread 0x00007fe597800000 Exception <a 'java/security/PrivilegedActionException'> (0x00000007956c1d38) thrown at [/Users/java_re/workspace/8-2-build-macosx-x86_64/jdk8u144/9417/hotspot/src/share/vm/prims/jvm.cpp, line 1390]
Event: 22.598 Thread 0x00007fe597800000 Exception <a 'java/security/PrivilegedActionException'> (0x00000007956c2318) thrown at [/Users/java_re/workspace/8-2-build-macosx-x86_64/jdk8u144/9417/hotspot/src/share/vm/prims/jvm.cpp, line 1390]
Event: 23.993 Thread 0x00007fe597800000 Implicit null exception at 0x000000010a7883f5 to 0x000000010a7887b1
Event: 24.154 Thread 0x00007fe597800000 Exception <a 'java/net/BindException'> (0x000000079651f6a8) thrown at [/Users/java_re/workspace/8-2-build-macosx-x86_64/jdk8u144/9417/hotspot/src/share/vm/prims/jni.cpp, line 709]
Event: 24.491 Thread 0x00007fe597800000 Exception <a 'java/lang/NoSuchFieldError': method resolution failed> (0x00000007966ad458) thrown at [/Users/java_re/workspace/8-2-build-macosx-x86_64/jdk8u144/9417/hotspot/src/share/vm/prims/methodHandles.cpp, line 1146]
Event: 24.495 Thread 0x00007fe597800000 Exception <a 'java/lang/NoSuchFieldError': method resolution failed> (0x00000007966bab18) thrown at [/Users/java_re/workspace/8-2-build-macosx-x86_64/jdk8u144/9417/hotspot/src/share/vm/prims/methodHandles.cpp, line 1146]

Events (10 events):
Event: 28.874 loading class org/pitest/reloc/xstream/io/AbstractReader
Event: 28.874 loading class org/pitest/reloc/xstream/io/AbstractReader done
Event: 28.874 loading class org/pitest/reloc/xstream/io/ExtendedHierarchicalStreamReader
Event: 28.874 loading class org/pitest/reloc/xstream/io/ExtendedHierarchicalStreamReader done
Event: 28.874 loading class org/pitest/reloc/xstream/io/ExtendedHierarchicalStreamReader
Event: 28.874 loading class org/pitest/reloc/xstream/io/ExtendedHierarchicalStreamReader done
Event: 28.876 loading class org/pitest/reloc/xmlpull/mxp1/MXParser
Event: 28.876 loading class org/pitest/reloc/xmlpull/mxp1/MXParser done
Event: 28.876 loading class org/pitest/reloc/xmlpull/mxp1/MXParser
Event: 28.876 loading class org/pitest/reloc/xmlpull/mxp1/MXParser done


Dynamic libraries:
0x0000000005345000 	/System/Library/Frameworks/Cocoa.framework/Versions/A/Cocoa
0x0000000005345000 	/System/Library/Frameworks/Security.framework/Versions/A/Security
0x0000000005345000 	/System/Library/Frameworks/ApplicationServices.framework/Versions/A/ApplicationServices
0x0000000005345000 	/usr/lib/libz.1.dylib
0x0000000005345000 	/usr/lib/libSystem.B.dylib
0x0000000005345000 	/usr/lib/libobjc.A.dylib
0x0000000005345000 	/System/Library/Frameworks/CoreFoundation.framework/Versions/A/CoreFoundation
0x0000000005345000 	/System/Library/Frameworks/Foundation.framework/Versions/C/Foundation
0x0000000005345000 	/System/Library/Frameworks/AppKit.framework/Versions/C/AppKit
0x0000000005345000 	/System/Library/Frameworks/CoreData.framework/Versions/A/CoreData
0x0000000005345000 	/System/Library/PrivateFrameworks/RemoteViewServices.framework/Versions/A/RemoteViewServices
0x0000000005345000 	/System/Library/PrivateFrameworks/UIFoundation.framework/Versions/A/UIFoundation
0x0000000005345000 	/System/Library/PrivateFrameworks/DFRFoundation.framework/Versions/A/DFRFoundation
0x0000000005345000 	/System/Library/Frameworks/Metal.framework/Versions/A/Metal
0x0000000005345000 	/System/Library/PrivateFrameworks/DesktopServicesPriv.framework/Versions/A/DesktopServicesPriv
0x0000000005345000 	/usr/lib/libenergytrace.dylib
0x0000000005345000 	/System/Library/PrivateFrameworks/SkyLight.framework/Versions/A/SkyLight
0x0000000005345000 	/System/Library/Frameworks/CoreGraphics.framework/Versions/A/CoreGraphics
0x0000000005345000 	/usr/lib/libScreenReader.dylib
0x0000000005345000 	/System/Library/Frameworks/Accelerate.framework/Versions/A/Accelerate
0x0000000005345000 	/System/Library/Frameworks/IOSurface.framework/Versions/A/IOSurface
0x0000000005345000 	/System/Library/Frameworks/AudioToolbox.framework/Versions/A/AudioToolbox
0x0000000005345000 	/System/Library/Frameworks/AudioUnit.framework/Versions/A/AudioUnit
0x0000000005345000 	/System/Library/PrivateFrameworks/DataDetectorsCore.framework/Versions/A/DataDetectorsCore
0x0000000005345000 	/System/Library/Frameworks/Carbon.framework/Versions/A/Frameworks/HIToolbox.framework/Versions/A/HIToolbox
0x0000000005345000 	/usr/lib/libicucore.A.dylib
0x0000000005345000 	/System/Library/Frameworks/QuartzCore.framework/Versions/A/QuartzCore
0x0000000005345000 	/System/Library/Frameworks/Carbon.framework/Versions/A/Frameworks/SpeechRecognition.framework/Versions/A/SpeechRecognition
0x0000000005345000 	/usr/lib/libauto.dylib
0x0000000005345000 	/usr/lib/libxml2.2.dylib
0x0000000005345000 	/System/Library/PrivateFrameworks/CoreUI.framework/Versions/A/CoreUI
0x0000000005345000 	/System/Library/Frameworks/CoreAudio.framework/Versions/A/CoreAudio
0x0000000005345000 	/System/Library/Frameworks/DiskArbitration.framework/Versions/A/DiskArbitration
0x0000000005345000 	/usr/lib/liblangid.dylib
0x0000000005345000 	/System/Library/PrivateFrameworks/MultitouchSupport.framework/Versions/A/MultitouchSupport
0x0000000005345000 	/System/Library/Frameworks/IOKit.framework/Versions/A/IOKit
0x0000000005345000 	/usr/lib/libDiagnosticMessagesClient.dylib
0x0000000005345000 	/System/Library/Frameworks/CoreServices.framework/Versions/A/CoreServices
0x0000000005345000 	/System/Library/PrivateFrameworks/PerformanceAnalysis.framework/Versions/A/PerformanceAnalysis
0x0000000005345000 	/System/Library/Frameworks/OpenGL.framework/Versions/A/OpenGL
0x0000000005345000 	/System/Library/Frameworks/ColorSync.framework/Versions/A/ColorSync
0x0000000005345000 	/System/Library/Frameworks/CoreImage.framework/Versions/A/CoreImage
0x0000000005345000 	/System/Library/Frameworks/CoreText.framework/Versions/A/CoreText
0x0000000005345000 	/System/Library/Frameworks/ImageIO.framework/Versions/A/ImageIO
0x0000000005345000 	/System/Library/PrivateFrameworks/Backup.framework/Versions/A/Backup
0x0000000005345000 	/usr/lib/libarchive.2.dylib
0x0000000005345000 	/System/Library/Frameworks/CFNetwork.framework/Versions/A/CFNetwork
0x0000000005345000 	/System/Library/Frameworks/SystemConfiguration.framework/Versions/A/SystemConfiguration
0x0000000005345000 	/usr/lib/libCRFSuite.dylib
0x0000000005345000 	/usr/lib/libc++.1.dylib
0x0000000005345000 	/usr/lib/libc++abi.dylib
0x0000000005345000 	/usr/lib/system/libcache.dylib
0x0000000005345000 	/usr/lib/system/libcommonCrypto.dylib
0x0000000005345000 	/usr/lib/system/libcompiler_rt.dylib
0x0000000005345000 	/usr/lib/system/libcopyfile.dylib
0x0000000005345000 	/usr/lib/system/libcorecrypto.dylib
0x0000000005345000 	/usr/lib/system/libdispatch.dylib
0x0000000005345000 	/usr/lib/system/libdyld.dylib
0x0000000005345000 	/usr/lib/system/libkeymgr.dylib
0x0000000005345000 	/usr/lib/system/liblaunch.dylib
0x0000000005345000 	/usr/lib/system/libmacho.dylib
0x0000000005345000 	/usr/lib/system/libquarantine.dylib
0x0000000005345000 	/usr/lib/system/libremovefile.dylib
0x0000000005345000 	/usr/lib/system/libsystem_asl.dylib
0x0000000005345000 	/usr/lib/system/libsystem_blocks.dylib
0x0000000005345000 	/usr/lib/system/libsystem_c.dylib
0x0000000005345000 	/usr/lib/system/libsystem_configuration.dylib
0x0000000005345000 	/usr/lib/system/libsystem_coreservices.dylib
0x0000000005345000 	/usr/lib/system/libsystem_darwin.dylib
0x0000000005345000 	/usr/lib/system/libsystem_dnssd.dylib
0x0000000005345000 	/usr/lib/system/libsystem_info.dylib
0x0000000005345000 	/usr/lib/system/libsystem_m.dylib
0x0000000005345000 	/usr/lib/system/libsystem_malloc.dylib
0x0000000005345000 	/usr/lib/system/libsystem_network.dylib
0x0000000005345000 	/usr/lib/system/libsystem_networkextension.dylib
0x0000000005345000 	/usr/lib/system/libsystem_notify.dylib
0x0000000005345000 	/usr/lib/system/libsystem_sandbox.dylib
0x0000000005345000 	/usr/lib/system/libsystem_secinit.dylib
0x0000000005345000 	/usr/lib/system/libsystem_kernel.dylib
0x0000000005345000 	/usr/lib/system/libsystem_platform.dylib
0x0000000005345000 	/usr/lib/system/libsystem_pthread.dylib
0x0000000005345000 	/usr/lib/system/libsystem_symptoms.dylib
0x0000000005345000 	/usr/lib/system/libsystem_trace.dylib
0x0000000005345000 	/usr/lib/system/libunwind.dylib
0x0000000005345000 	/usr/lib/system/libxpc.dylib
0x0000000005345000 	/usr/lib/closure/libclosured.dylib
0x0000000005345000 	/usr/lib/libbsm.0.dylib
0x0000000005345000 	/usr/lib/system/libkxld.dylib
0x0000000005345000 	/usr/lib/libOpenScriptingUtil.dylib
0x0000000005345000 	/usr/lib/libcoretls.dylib
0x0000000005345000 	/usr/lib/libcoretls_cfhelpers.dylib
0x0000000005345000 	/usr/lib/libpam.2.dylib
0x0000000005345000 	/usr/lib/libsqlite3.dylib
0x0000000005345000 	/usr/lib/libxar.1.dylib
0x0000000005345000 	/usr/lib/libbz2.1.0.dylib
0x0000000005345000 	/usr/lib/liblzma.5.dylib
0x0000000005345000 	/usr/lib/libnetwork.dylib
0x0000000005345000 	/usr/lib/libapple_nghttp2.dylib
0x0000000005345000 	/usr/lib/libpcap.A.dylib
0x0000000005345000 	/usr/lib/libboringssl.dylib
0x0000000005345000 	/usr/lib/libusrtcp.dylib
0x0000000005345000 	/usr/lib/libapple_crypto.dylib
0x0000000005345000 	/System/Library/Frameworks/CoreServices.framework/Versions/A/Frameworks/FSEvents.framework/Versions/A/FSEvents
0x0000000005345000 	/System/Library/Frameworks/CoreServices.framework/Versions/A/Frameworks/CarbonCore.framework/Versions/A/CarbonCore
0x0000000005345000 	/System/Library/Frameworks/CoreServices.framework/Versions/A/Frameworks/Metadata.framework/Versions/A/Metadata
0x0000000005345000 	/System/Library/Frameworks/CoreServices.framework/Versions/A/Frameworks/OSServices.framework/Versions/A/OSServices
0x0000000005345000 	/System/Library/Frameworks/CoreServices.framework/Versions/A/Frameworks/SearchKit.framework/Versions/A/SearchKit
0x0000000005345000 	/System/Library/Frameworks/CoreServices.framework/Versions/A/Frameworks/AE.framework/Versions/A/AE
0x0000000005345000 	/System/Library/Frameworks/CoreServices.framework/Versions/A/Frameworks/LaunchServices.framework/Versions/A/LaunchServices
0x0000000005345000 	/System/Library/Frameworks/CoreServices.framework/Versions/A/Frameworks/DictionaryServices.framework/Versions/A/DictionaryServices
0x0000000005345000 	/System/Library/Frameworks/CoreServices.framework/Versions/A/Frameworks/SharedFileList.framework/Versions/A/SharedFileList
0x0000000005345000 	/System/Library/Frameworks/NetFS.framework/Versions/A/NetFS
0x0000000005345000 	/System/Library/PrivateFrameworks/NetAuth.framework/Versions/A/NetAuth
0x0000000005345000 	/System/Library/PrivateFrameworks/login.framework/Versions/A/Frameworks/loginsupport.framework/Versions/A/loginsupport
0x0000000005345000 	/System/Library/PrivateFrameworks/TCC.framework/Versions/A/TCC
0x0000000005345000 	/usr/lib/libmecabra.dylib
0x0000000005345000 	/System/Library/Frameworks/ApplicationServices.framework/Versions/A/Frameworks/ATS.framework/Versions/A/ATS
0x0000000005345000 	/System/Library/Frameworks/ApplicationServices.framework/Versions/A/Frameworks/ColorSyncLegacy.framework/Versions/A/ColorSyncLegacy
0x0000000005345000 	/System/Library/Frameworks/ApplicationServices.framework/Versions/A/Frameworks/HIServices.framework/Versions/A/HIServices
0x0000000005345000 	/System/Library/Frameworks/ApplicationServices.framework/Versions/A/Frameworks/LangAnalysis.framework/Versions/A/LangAnalysis
0x0000000005345000 	/System/Library/Frameworks/ApplicationServices.framework/Versions/A/Frameworks/PrintCore.framework/Versions/A/PrintCore
0x0000000005345000 	/System/Library/Frameworks/ApplicationServices.framework/Versions/A/Frameworks/QD.framework/Versions/A/QD
0x0000000005345000 	/System/Library/Frameworks/ApplicationServices.framework/Versions/A/Frameworks/SpeechSynthesis.framework/Versions/A/SpeechSynthesis
0x0000000005345000 	/System/Library/Frameworks/CoreDisplay.framework/Versions/A/CoreDisplay
0x0000000005345000 	/System/Library/Frameworks/Accelerate.framework/Versions/A/Frameworks/vImage.framework/Versions/A/vImage
0x0000000005345000 	/System/Library/Frameworks/Accelerate.framework/Versions/A/Frameworks/vecLib.framework/Versions/A/vecLib
0x0000000005345000 	/System/Library/Frameworks/Accelerate.framework/Versions/A/Frameworks/vecLib.framework/Versions/A/libvDSP.dylib
0x0000000005345000 	/System/Library/Frameworks/Accelerate.framework/Versions/A/Frameworks/vecLib.framework/Versions/A/libBNNS.dylib
0x0000000005345000 	/System/Library/Frameworks/Accelerate.framework/Versions/A/Frameworks/vecLib.framework/Versions/A/libQuadrature.dylib
0x0000000005345000 	/System/Library/Frameworks/Accelerate.framework/Versions/A/Frameworks/vecLib.framework/Versions/A/libvMisc.dylib
0x0000000005345000 	/System/Library/Frameworks/Accelerate.framework/Versions/A/Frameworks/vecLib.framework/Versions/A/libLAPACK.dylib
0x0000000005345000 	/System/Library/Frameworks/Accelerate.framework/Versions/A/Frameworks/vecLib.framework/Versions/A/libBLAS.dylib
0x0000000005345000 	/System/Library/Frameworks/Accelerate.framework/Versions/A/Frameworks/vecLib.framework/Versions/A/libLinearAlgebra.dylib
0x0000000005345000 	/System/Library/Frameworks/Accelerate.framework/Versions/A/Frameworks/vecLib.framework/Versions/A/libSparse.dylib
0x0000000005345000 	/System/Library/Frameworks/Accelerate.framework/Versions/A/Frameworks/vecLib.framework/Versions/A/libSparseBLAS.dylib
0x0000000005345000 	/System/Library/PrivateFrameworks/IOAccelerator.framework/Versions/A/IOAccelerator
0x0000000005345000 	/System/Library/PrivateFrameworks/IOPresentment.framework/Versions/A/IOPresentment
0x0000000005345000 	/System/Library/PrivateFrameworks/DSExternalDisplay.framework/Versions/A/DSExternalDisplay
0x0000000005345000 	/System/Library/Frameworks/OpenGL.framework/Versions/A/Libraries/libCoreFSCache.dylib
0x0000000005345000 	/System/Library/Frameworks/CoreVideo.framework/Versions/A/CoreVideo
0x0000000005345000 	/System/Library/PrivateFrameworks/GraphVisualizer.framework/Versions/A/GraphVisualizer
0x0000000005345000 	/System/Library/Frameworks/MetalPerformanceShaders.framework/Versions/A/MetalPerformanceShaders
0x0000000005345000 	/usr/lib/libFosl_dynamic.dylib
0x0000000005345000 	/System/Library/PrivateFrameworks/FaceCore.framework/Versions/A/FaceCore
0x0000000005345000 	/System/Library/Frameworks/OpenCL.framework/Versions/A/OpenCL
0x0000000005345000 	/usr/lib/libcompression.dylib
0x0000000005345000 	/System/Library/Frameworks/ApplicationServices.framework/Versions/A/Frameworks/ATS.framework/Versions/A/Resources/libFontParser.dylib
0x0000000005345000 	/System/Library/Frameworks/ApplicationServices.framework/Versions/A/Frameworks/ATS.framework/Versions/A/Resources/libFontRegistry.dylib
0x0000000005345000 	/System/Library/Frameworks/ImageIO.framework/Versions/A/Resources/libJPEG.dylib
0x0000000005345000 	/System/Library/Frameworks/ImageIO.framework/Versions/A/Resources/libTIFF.dylib
0x0000000005345000 	/System/Library/Frameworks/ImageIO.framework/Versions/A/Resources/libPng.dylib
0x0000000005345000 	/System/Library/Frameworks/ImageIO.framework/Versions/A/Resources/libGIF.dylib
0x0000000005345000 	/System/Library/Frameworks/ImageIO.framework/Versions/A/Resources/libJP2.dylib
0x0000000005345000 	/System/Library/Frameworks/ImageIO.framework/Versions/A/Resources/libRadiance.dylib
0x0000000005345000 	/System/Library/PrivateFrameworks/AppleJPEG.framework/Versions/A/AppleJPEG
0x0000000005345000 	/System/Library/PrivateFrameworks/MetalTools.framework/Versions/A/MetalTools
0x0000000005345000 	/System/Library/Frameworks/MetalPerformanceShaders.framework/Frameworks/MPSCore.framework/Versions/A/MPSCore
0x0000000005345000 	/System/Library/Frameworks/MetalPerformanceShaders.framework/Frameworks/MPSImage.framework/Versions/A/MPSImage
0x0000000005345000 	/System/Library/Frameworks/MetalPerformanceShaders.framework/Frameworks/MPSMatrix.framework/Versions/A/MPSMatrix
0x0000000005345000 	/System/Library/Frameworks/MetalPerformanceShaders.framework/Frameworks/MPSNeuralNetwork.framework/Versions/A/MPSNeuralNetwork
0x0000000005345000 	/System/Library/Frameworks/OpenGL.framework/Versions/A/Libraries/libGLU.dylib
0x0000000005345000 	/System/Library/Frameworks/OpenGL.framework/Versions/A/Libraries/libGFXShared.dylib
0x0000000005345000 	/System/Library/Frameworks/OpenGL.framework/Versions/A/Libraries/libGL.dylib
0x0000000005345000 	/System/Library/Frameworks/OpenGL.framework/Versions/A/Libraries/libGLImage.dylib
0x0000000005345000 	/System/Library/Frameworks/OpenGL.framework/Versions/A/Libraries/libCVMSPluginSupport.dylib
0x0000000005345000 	/System/Library/Frameworks/OpenGL.framework/Versions/A/Libraries/libCoreVMClient.dylib
0x0000000005345000 	/usr/lib/libcups.2.dylib
0x0000000005345000 	/System/Library/Frameworks/Kerberos.framework/Versions/A/Kerberos
0x0000000005345000 	/System/Library/Frameworks/GSS.framework/Versions/A/GSS
0x0000000005345000 	/usr/lib/libresolv.9.dylib
0x0000000005345000 	/usr/lib/libiconv.2.dylib
0x0000000005345000 	/System/Library/PrivateFrameworks/Heimdal.framework/Versions/A/Heimdal
0x0000000005345000 	/usr/lib/libheimdal-asn1.dylib
0x0000000005345000 	/System/Library/Frameworks/OpenDirectory.framework/Versions/A/OpenDirectory
0x0000000005345000 	/System/Library/PrivateFrameworks/CommonAuth.framework/Versions/A/CommonAuth
0x0000000005345000 	/System/Library/Frameworks/OpenDirectory.framework/Versions/A/Frameworks/CFOpenDirectory.framework/Versions/A/CFOpenDirectory
0x0000000005345000 	/System/Library/Frameworks/SecurityFoundation.framework/Versions/A/SecurityFoundation
0x0000000005345000 	/System/Library/PrivateFrameworks/APFS.framework/Versions/A/APFS
0x0000000005345000 	/usr/lib/libutil.dylib
0x0000000005345000 	/System/Library/PrivateFrameworks/AppleSauce.framework/Versions/A/AppleSauce
0x0000000005345000 	/System/Library/PrivateFrameworks/LinguisticData.framework/Versions/A/LinguisticData
0x0000000005345000 	/usr/lib/libmarisa.dylib
0x0000000005345000 	/System/Library/PrivateFrameworks/Lexicon.framework/Versions/A/Lexicon
0x0000000005345000 	/usr/lib/libChineseTokenizer.dylib
0x0000000005345000 	/usr/lib/libcmph.dylib
0x0000000005345000 	/System/Library/PrivateFrameworks/LanguageModeling.framework/Versions/A/LanguageModeling
0x0000000005345000 	/System/Library/PrivateFrameworks/CoreEmoji.framework/Versions/A/CoreEmoji
0x0000000005345000 	/System/Library/Frameworks/ServiceManagement.framework/Versions/A/ServiceManagement
0x0000000005345000 	/System/Library/PrivateFrameworks/BackgroundTaskManagement.framework/Versions/A/BackgroundTaskManagement
0x0000000005345000 	/usr/lib/libxslt.1.dylib
0x0000000005345000 	/System/Library/Frameworks/Carbon.framework/Versions/A/Frameworks/Ink.framework/Versions/A/Ink
0x0000000005345000 	/System/Library/PrivateFrameworks/TextureIO.framework/Versions/A/TextureIO
0x0000000005345000 	/usr/lib/libate.dylib
0x0000000005345000 	/System/Library/PrivateFrameworks/CrashReporterSupport.framework/Versions/A/CrashReporterSupport
0x0000000005345000 	/System/Library/PrivateFrameworks/Sharing.framework/Versions/A/Sharing
0x0000000005345000 	/System/Library/PrivateFrameworks/IconServices.framework/Versions/A/IconServices
0x0000000005345000 	/System/Library/PrivateFrameworks/ProtocolBuffer.framework/Versions/A/ProtocolBuffer
0x0000000005345000 	/System/Library/PrivateFrameworks/Apple80211.framework/Versions/A/Apple80211
0x0000000005345000 	/System/Library/Frameworks/CoreWLAN.framework/Versions/A/CoreWLAN
0x0000000005345000 	/System/Library/PrivateFrameworks/CoreUtils.framework/Versions/A/CoreUtils
0x0000000005345000 	/System/Library/Frameworks/IOBluetooth.framework/Versions/A/IOBluetooth
0x0000000005345000 	/System/Library/PrivateFrameworks/CoreWiFi.framework/Versions/A/CoreWiFi
0x0000000005345000 	/System/Library/Frameworks/CoreBluetooth.framework/Versions/A/CoreBluetooth
0x0000000005345000 	/System/Library/PrivateFrameworks/SignpostNotification.framework/Versions/A/SignpostNotification
0x0000000005345000 	/System/Library/PrivateFrameworks/DebugSymbols.framework/Versions/A/DebugSymbols
0x0000000005345000 	/System/Library/PrivateFrameworks/CoreSymbolication.framework/Versions/A/CoreSymbolication
0x0000000005345000 	/System/Library/PrivateFrameworks/Symbolication.framework/Versions/A/Symbolication
0x0000000005345000 	/System/Library/PrivateFrameworks/AppleFSCompression.framework/Versions/A/AppleFSCompression
0x0000000005345000 	/System/Library/PrivateFrameworks/SpeechRecognitionCore.framework/Versions/A/SpeechRecognitionCore
0x00000001094d7000 	/Library/Java/JavaVirtualMachines/jdk1.8.0_144.jdk/Contents/Home/jre/lib/server/libjvm.dylib
0x0000000005345000 	/usr/lib/libstdc++.6.0.9.dylib
0x0000000108800000 	/Library/Java/JavaVirtualMachines/jdk1.8.0_144.jdk/Contents/Home/jre/lib/libverify.dylib
0x000000010880e000 	/Library/Java/JavaVirtualMachines/jdk1.8.0_144.jdk/Contents/Home/jre/lib/libjava.dylib
0x000000010888b000 	/Library/Java/JavaVirtualMachines/jdk1.8.0_144.jdk/Contents/Home/jre/lib/libzip.dylib
0x0000000005345000 	/System/Library/Frameworks/JavaVM.framework/Versions/A/Frameworks/JavaRuntimeSupport.framework/Versions/A/JavaRuntimeSupport
0x0000000005345000 	/System/Library/Frameworks/JavaVM.framework/Versions/A/Frameworks/JavaNativeFoundation.framework/Versions/A/JavaNativeFoundation
0x0000000005345000 	/System/Library/Frameworks/JavaVM.framework/Versions/A/JavaVM
0x0000000005345000 	/System/Library/Frameworks/Carbon.framework/Versions/A/Carbon
0x0000000005345000 	/System/Library/PrivateFrameworks/JavaLaunching.framework/Versions/A/JavaLaunching
0x0000000005345000 	/System/Library/Frameworks/Carbon.framework/Versions/A/Frameworks/CommonPanels.framework/Versions/A/CommonPanels
0x0000000005345000 	/System/Library/Frameworks/Carbon.framework/Versions/A/Frameworks/Help.framework/Versions/A/Help
0x0000000005345000 	/System/Library/Frameworks/Carbon.framework/Versions/A/Frameworks/ImageCapture.framework/Versions/A/ImageCapture
0x0000000005345000 	/System/Library/Frameworks/Carbon.framework/Versions/A/Frameworks/OpenScripting.framework/Versions/A/OpenScripting
0x0000000005345000 	/System/Library/Frameworks/Carbon.framework/Versions/A/Frameworks/Print.framework/Versions/A/Print
0x0000000005345000 	/System/Library/Frameworks/Carbon.framework/Versions/A/Frameworks/SecurityHI.framework/Versions/A/SecurityHI
0x0000000120cda000 	/Library/Java/JavaVirtualMachines/apache-maven-3.5.2/lib/jansi-native/osx/libjansi.jnilib
0x0000000121048000 	/Library/Java/JavaVirtualMachines/jdk1.8.0_144.jdk/Contents/Home/jre/lib/libnet.dylib
0x000000012105f000 	/Library/Java/JavaVirtualMachines/jdk1.8.0_144.jdk/Contents/Home/jre/lib/libnio.dylib
0x0000000120ceb000 	/Library/Java/JavaVirtualMachines/jdk1.8.0_144.jdk/Contents/Home/jre/lib/libmanagement.dylib

VM Arguments:
jvm_args: -Dclassworlds.conf=/Library/Java/JavaVirtualMachines/apache-maven-3.5.2/bin/m2.conf -Dmaven.home=/Library/Java/JavaVirtualMachines/apache-maven-3.5.2 -Dlibrary.jansi.path=/Library/Java/JavaVirtualMachines/apache-maven-3.5.2/lib/jansi-native -Dmaven.multiModuleProjectDirectory=/Users/cristhian/Documents/repos/Tfg-GUI/GUI/proyectoJAVA 
java_command: org.codehaus.plexus.classworlds.launcher.Launcher clean verify org.pitest:pitest-maven:mutationCoverage
java_class_path (initial): /Library/Java/JavaVirtualMachines/apache-maven-3.5.2/boot/plexus-classworlds-2.5.2.jar
Launcher Type: SUN_STANDARD

Environment Variables:
PATH=/Library/Java/JavaVirtualMachines/apache-maven-3.5.2/bin:/Library/Java/JavaVirtualMachines/jdk1.8.0_144.jdk/Contents/Home/bin:/Library/Java/JavaVirtualMachines/major/bin:/usr/local/bin:/usr/bin:/bin:/usr/sbin:/sbin:/Applications/VMware Fusion.app/Contents/Public:/Library/Java/JavaVirtualMachines/apache-maven-3.5.2/bin:/Library/Java/JavaVirtualMachines/jdk1.8.0_144.jdk/Contents/Home/bin:/Library/Java/JavaVirtualMachines/major/bin
SHELL=/bin/bash

Signal Handlers:
SIGSEGV: [libjvm.dylib+0x5b26e5], sa_mask[0]=11111111011111110111111111111111, sa_flags=SA_ONSTACK|SA_RESTART|SA_SIGINFO
SIGBUS: [libjvm.dylib+0x5b26e5], sa_mask[0]=11111111011111110111111111111111, sa_flags=SA_RESTART|SA_SIGINFO
SIGFPE: [libjvm.dylib+0x489100], sa_mask[0]=11111111011111110111111111111111, sa_flags=SA_RESTART|SA_SIGINFO
SIGPIPE: [libjvm.dylib+0x489100], sa_mask[0]=11111111011111110111111111111111, sa_flags=SA_RESTART|SA_SIGINFO
SIGXFSZ: [libjvm.dylib+0x489100], sa_mask[0]=11111111011111110111111111111111, sa_flags=SA_RESTART|SA_SIGINFO
SIGILL: [libjvm.dylib+0x489100], sa_mask[0]=11111111011111110111111111111111, sa_flags=SA_RESTART|SA_SIGINFO
SIGUSR1: SIG_DFL, sa_mask[0]=11111111011111110111111111111111, sa_flags=none
SIGUSR2: [libjvm.dylib+0x488c1e], sa_mask[0]=00000000000000000000000000000000, sa_flags=SA_RESTART|SA_SIGINFO
SIGHUP: [libjvm.dylib+0x4871f5], sa_mask[0]=11111111011111110111111111111111, sa_flags=SA_RESTART|SA_SIGINFO
SIGINT: [libjvm.dylib+0x4871f5], sa_mask[0]=11111111011111110111111111111111, sa_flags=SA_RESTART|SA_SIGINFO
SIGTERM: [libjvm.dylib+0x4871f5], sa_mask[0]=11111111011111110111111111111111, sa_flags=SA_RESTART|SA_SIGINFO
SIGQUIT: [libjvm.dylib+0x4871f5], sa_mask[0]=11111111011111110111111111111111, sa_flags=SA_RESTART|SA_SIGINFO


---------------  S Y S T E M  ---------------

OS:Bsduname:Darwin 17.4.0 Darwin Kernel Version 17.4.0: Sun Dec 17 09:19:54 PST 2017; root:xnu-4570.41.2~1/RELEASE_X86_64 x86_64
rlimit: STACK 8192k, CORE 0k, NPROC 709, NOFILE 10240, AS infinity
load average:14.87 8.28 42.34

CPU:total 4 (initial active 4) (2 cores per cpu, 2 threads per core) family 6 model 142 stepping 9, cmov, cx8, fxsr, mmx, sse, sse2, sse3, ssse3, sse4.1, sse4.2, popcnt, avx, avx2, aes, clmul, erms, rtm, 3dnowpref, lzcnt, ht, tsc, tscinvbit, bmi1, bmi2, adx

Memory: 4k page, physical 8388608k(100760k free)

/proc/meminfo:


vm_info: Java HotSpot(TM) 64-Bit Server VM (25.144-b01) for bsd-amd64 JRE (1.8.0_144-b01), built on Jul 21 2017 22:07:42 by "java_re" with gcc 4.2.1 (Based on Apple Inc. build 5658) (LLVM build 2336.11.00)

time: Wed Apr 18 00:19:17 2018
elapsed time: 29 seconds (0d 0h 0m 29s)

