#
# A fatal error has been detected by the Java Runtime Environment:
#
#  SIGSEGV (0xb) at pc=0x000000010a9acc4c, pid=73581, tid=0x0000000000000307
#
# JRE version: Java(TM) SE Runtime Environment (8.0_144-b01) (build 1.8.0_144-b01)
# Java VM: Java HotSpot(TM) 64-Bit Server VM (25.144-b01 mixed mode bsd-amd64 compressed oops)
# Problematic frame:
# V  [libjvm.dylib+0x488c4c]
#
# Failed to write core dump. Core dumps have been disabled. To enable core dumping, try "ulimit -c unlimited" before starting Java again
#
# If you would like to submit a bug report, please visit:
#   http://bugreport.java.com/bugreport/crash.jsp
#

---------------  T H R E A D  ---------------

Current thread is native thread

siginfo: si_signo: 11 (SIGSEGV), si_code: 1 (SEGV_MAPERR), si_addr: 0x0000000000000128

Registers:
RAX=0x0000000000000000, RBX=0x00007ffee5711e40, RCX=0x00007fff8d6df388, RDX=0x00007ffee5711e40
RSP=0x00007ffee5711970, RBP=0x00007ffee57119a0, RSI=0x00007ffee5711dd8, RDI=0x0000000000000109
R8 =0x00007ffee5711e40, R9 =0x00000000ffffffff, R10=0x0000000000000c00, R11=0x0000000000000206
R12=0x0000000000000c00, R13=0x0000000007000806, R14=0x00007ffee5711dd8, R15=0x0000000000000002
RIP=0x000000010a9acc4c, EFLAGS=0x0000000000010206, ERR=0x0000000000000004
  TRAPNO=0x000000000000000e

Top of Stack: (sp=0x00007ffee5711970)
0x00007ffee5711970:   0000000059d3255a 00007ffee5711e40
0x00007ffee5711980:   0000000000000c00 0000000007000806
0x00007ffee5711990:   00007ffee57120b0 00000000ffffffff
0x00007ffee57119a0:   00007ffee57119b0 00007fff5490af5a
0x00007ffee57119b0:   00007ffee5711f50 00007fff53a8d5b1
0x00007ffee57119c0:   00007fff870f4300 0000000000000000
0x00007ffee57119d0:   0100001f00000085 00007fff870ef3c0
0x00007ffee57119e0:   0000000010004005 0000000007000806
0x00007ffee57119f0:   00007ffee5711ef8 0000000000000000
0x00007ffee5711a00:   00007ffee57120b0 0000000007000806
0x00007ffee5711a10:   00007ffee5711f50 00007ffee5711ef8
0x00007ffee5711a20:   0000000000001303 00000000ffffffff
0x00007ffee5711a30:   0000000000000c00 0000000000000206
0x00007ffee5711a40:   0000000000000c00 0000000007000806
0x00007ffee5711a50:   00007ffee57120b0 00000000ffffffff
0x00007ffee5711a60:   00007fff547cf7c2 0000000000000206
0x00007ffee5711a70:   0000000000000007 0000000000000000
0x00007ffee5711a80:   0000000000000000 0000000000000000
0x00007ffee5711a90:   000000000000037f 0000000000000000
0x00007ffee5711aa0:   0000000000000000 0000ffff00001fa1
0x00007ffee5711ab0:   000000000002cd37 000000000000ffff
0x00007ffee5711ac0:   0001ffffed351bef 000000000000ffff
0x00007ffee5711ad0:   000000000001ffff 000000000000ffff
0x00007ffee5711ae0:   0000000000000000 0000000000000000
0x00007ffee5711af0:   0000000000000000 0000000000000000
0x00007ffee5711b00:   00000000ff73ff94 000000000000ffff
0x00007ffee5711b10:   000000000123e452 000000000000ffff
0x00007ffee5711b20:   00000000ff700000 000000000000ffff
0x00007ffee5711b30:   41c04a922a33c38b 0000000000000000
0x00007ffee5711b40:   3fd9e1c58255b035 0000000000000000
0x00007ffee5711b50:   4415af1d78b58c40 0000000000000000
0x00007ffee5711b60:   c3e0000000000000 0000000000000000 

Instructions: (pc=0x000000010a9acc4c)
0x000000010a9acc2c:   83 ec 08 48 89 d3 49 89 f6 e8 f0 33 14 00 44 8b
0x000000010a9acc3c:   38 48 8d 05 1c f6 3a 00 48 63 38 e8 c0 36 14 00
0x000000010a9acc4c:   4c 8b a0 28 01 00 00 41 83 7c 24 34 01 0f 85 e2
0x000000010a9acc5c:   00 00 00 49 89 5c 24 40 4d 89 74 24 38 49 8d 5c 

Register to memory mapping:

RAX=0x0000000000000000 is an unknown value
RBX=0x00007ffee5711e40 is an unknown value
RCX=0x00007fff8d6df388: _thread+0x48 in /usr/lib/system/libsystem_pthread.dylib at 0x00007fff54911000
RDX=0x00007ffee5711e40 is an unknown value
RSP=0x00007ffee5711970 is an unknown value
RBP=0x00007ffee57119a0 is an unknown value
RSI=0x00007ffee5711dd8 is an unknown value
RDI=0x0000000000000109 is an unknown value
R8 =0x00007ffee5711e40 is an unknown value
R9 =0x00000000ffffffff is an unknown value
R10=0x0000000000000c00 is an unknown value
R11=0x0000000000000206 is an unknown value
R12=0x0000000000000c00 is an unknown value
R13=0x0000000007000806 is an unknown value
R14=0x00007ffee5711dd8 is an unknown value
R15=0x0000000000000002 is an unknown value


Stack: [0x00007ffee4f15000,0x00007ffee5715000],  sp=0x00007ffee5711970,  free space=8178k
Native frames: (J=compiled Java code, j=interpreted, Vv=VM code, C=native code)
V  [libjvm.dylib+0x488c4c]
C  [libsystem_platform.dylib+0x1f5a]  _sigtramp+0x1a
C  [libobjc.A.dylib+0x85b1]  _objc_fetch_pthread_data+0x22
C  [CoreFoundation+0x86575]  __CFRunLoopServiceMachPort+0x155
C  [CoreFoundation+0x858c7]  __CFRunLoopRun+0x6f7
C  [CoreFoundation+0x84f43]  CFRunLoopRunSpecific+0x1e3
C  [java+0x6465]  CreateExecutionEnvironment+0x367
C  [java+0x218c]  JLI_Launch+0x7a0
C  [java+0x84c2]  main+0x65
C  [java+0x19e4]  start+0x34


---------------  P R O C E S S  ---------------

VM state:not at safepoint (normal execution)

VM Mutex/Monitor currently owned by a thread: None

Heap:
 PSYoungGen      total 38400K, used 17800K [0x0000000795580000, 0x0000000799e80000, 0x00000007c0000000)
  eden space 33280K, 48% used [0x0000000795580000,0x0000000796526200,0x0000000797600000)
  from space 5120K, 34% used [0x0000000797600000,0x00000007977bc010,0x0000000797b00000)
  to   space 4096K, 0% used [0x0000000799a80000,0x0000000799a80000,0x0000000799e80000)
 ParOldGen       total 801792K, used 784037K [0x0000000740000000, 0x0000000770f00000, 0x0000000795580000)
  object space 801792K, 97% used [0x0000000740000000,0x000000076fda95b0,0x0000000770f00000)
 Metaspace       used 11285K, capacity 11512K, committed 11648K, reserved 1060864K
  class space    used 1062K, capacity 1138K, committed 1152K, reserved 1048576K

Card table byte_map: [0x000000010c1c0000,0x000000010c5c1000] byte_map_base: 0x00000001087c0000

Marking Bits: (ParMarkBitMap*) 0x000000010ae175d0
 Begin Bits: [0x000000011edb8000, 0x0000000120db8000)
 End Bits:   [0x0000000120db8000, 0x0000000122db8000)

Polling page: 0x000000010b50e000

CodeCache: size=245760Kb used=5494Kb max_used=5533Kb free=240266Kb
 bounds [0x000000010fdb8000, 0x0000000110368000, 0x000000011edb8000]
 total_blobs=1643 nmethods=1328 adapters=228
 compilation: enabled

Compilation events (10 events):
Event: 4.067 Thread 0x00007f947700b000 nmethod 1504 0x00000001100f3850 code [0x00000001100f3a60, 0x00000001100f4388]
Event: 4.069 Thread 0x00007f9477828800 1505       4       org.pitest.reloc.xstream.io.xml.PrettyPrintWriter::finishTag (43 bytes)
Event: 4.070 Thread 0x00007f9477828800 nmethod 1505 0x00000001101220d0 code [0x0000000110122220, 0x0000000110122358]
Event: 4.113 Thread 0x00007f947700b000 1506 %     3       Programa::exe @ 3692 (4534 bytes)
Event: 4.128 Thread 0x00007f947700b000 nmethod 1506% 0x0000000110327f50 code [0x00000001103295e0, 0x0000000110333b18]
Event: 4.128 Thread 0x00007f947700b000 1507       3       Programa::exe (4534 bytes)
Event: 4.139 Thread 0x00007f947700b000 nmethod 1507 0x0000000110339c50 code [0x000000011033b2e0, 0x0000000110345778]
Event: 4.140 Thread 0x00007f9477828800 1508 %     4       Programa::exe @ 3692 (4534 bytes)
Event: 4.158 Thread 0x00007f9477828800 nmethod 1508% 0x00000001100e4b50 code [0x00000001100e4d40, 0x00000001100e59d8]
Event: 4.543 Thread 0x00007f9476813000 nmethod 1491 0x000000011034b810 code [0x000000011034c360, 0x0000000110354c08]

GC Heap History (10 events):
Event: 1.046 GC heap before
{Heap before GC invocations=1 (full 0):
 PSYoungGen      total 38400K, used 33280K [0x0000000795580000, 0x0000000798000000, 0x00000007c0000000)
  eden space 33280K, 100% used [0x0000000795580000,0x0000000797600000,0x0000000797600000)
  from space 5120K, 0% used [0x0000000797b00000,0x0000000797b00000,0x0000000798000000)
  to   space 5120K, 0% used [0x0000000797600000,0x0000000797600000,0x0000000797b00000)
 ParOldGen       total 87552K, used 0K [0x0000000740000000, 0x0000000745580000, 0x0000000795580000)
  object space 87552K, 0% used [0x0000000740000000,0x0000000740000000,0x0000000745580000)
 Metaspace       used 8482K, capacity 8684K, committed 8832K, reserved 1056768K
  class space    used 1003K, capacity 1072K, committed 1152K, reserved 1048576K
Event: 1.053 GC heap after
Heap after GC invocations=1 (full 0):
 PSYoungGen      total 38400K, used 3690K [0x0000000795580000, 0x0000000798000000, 0x00000007c0000000)
  eden space 33280K, 0% used [0x0000000795580000,0x0000000795580000,0x0000000797600000)
  from space 5120K, 72% used [0x0000000797600000,0x000000079799aab8,0x0000000797b00000)
  to   space 5120K, 0% used [0x0000000797b00000,0x0000000797b00000,0x0000000798000000)
 ParOldGen       total 87552K, used 16K [0x0000000740000000, 0x0000000745580000, 0x0000000795580000)
  object space 87552K, 0% used [0x0000000740000000,0x0000000740004000,0x0000000745580000)
 Metaspace       used 8482K, capacity 8684K, committed 8832K, reserved 1056768K
  class space    used 1003K, capacity 1072K, committed 1152K, reserved 1048576K
}
Event: 2.030 GC heap before
{Heap before GC invocations=2 (full 0):
 PSYoungGen      total 38400K, used 36970K [0x0000000795580000, 0x0000000798000000, 0x00000007c0000000)
  eden space 33280K, 100% used [0x0000000795580000,0x0000000797600000,0x0000000797600000)
  from space 5120K, 72% used [0x0000000797600000,0x000000079799aab8,0x0000000797b00000)
  to   space 5120K, 0% used [0x0000000797b00000,0x0000000797b00000,0x0000000798000000)
 ParOldGen       total 87552K, used 16K [0x0000000740000000, 0x0000000745580000, 0x0000000795580000)
  object space 87552K, 0% used [0x0000000740000000,0x0000000740004000,0x0000000745580000)
 Metaspace       used 9556K, capacity 9720K, committed 9856K, reserved 1058816K
  class space    used 1026K, capacity 1074K, committed 1152K, reserved 1048576K
Event: 2.035 GC heap after
Heap after GC invocations=2 (full 0):
 PSYoungGen      total 38400K, used 1840K [0x0000000795580000, 0x0000000798000000, 0x00000007c0000000)
  eden space 33280K, 0% used [0x0000000795580000,0x0000000795580000,0x0000000797600000)
  from space 5120K, 35% used [0x0000000797b00000,0x0000000797ccc010,0x0000000798000000)
  to   space 5120K, 0% used [0x0000000797600000,0x0000000797600000,0x0000000797b00000)
 ParOldGen       total 87552K, used 24K [0x0000000740000000, 0x0000000745580000, 0x0000000795580000)
  object space 87552K, 0% used [0x0000000740000000,0x0000000740006000,0x0000000745580000)
 Metaspace       used 9556K, capacity 9720K, committed 9856K, reserved 1058816K
  class space    used 1026K, capacity 1074K, committed 1152K, reserved 1048576K
}
Event: 3.039 GC heap before
{Heap before GC invocations=3 (full 0):
 PSYoungGen      total 38400K, used 35120K [0x0000000795580000, 0x0000000798000000, 0x00000007c0000000)
  eden space 33280K, 100% used [0x0000000795580000,0x0000000797600000,0x0000000797600000)
  from space 5120K, 35% used [0x0000000797b00000,0x0000000797ccc010,0x0000000798000000)
  to   space 5120K, 0% used [0x0000000797600000,0x0000000797600000,0x0000000797b00000)
 ParOldGen       total 87552K, used 24K [0x0000000740000000, 0x0000000745580000, 0x0000000795580000)
  object space 87552K, 0% used [0x0000000740000000,0x0000000740006000,0x0000000745580000)
 Metaspace       used 10420K, capacity 10648K, committed 10880K, reserved 1058816K
  class space    used 1044K, capacity 1106K, committed 1152K, reserved 1048576K
Event: 3.043 GC heap after
Heap after GC invocations=3 (full 0):
 PSYoungGen      total 38400K, used 1808K [0x0000000795580000, 0x0000000798000000, 0x00000007c0000000)
  eden space 33280K, 0% used [0x0000000795580000,0x0000000795580000,0x0000000797600000)
  from space 5120K, 35% used [0x0000000797600000,0x00000007977c4010,0x0000000797b00000)
  to   space 5120K, 0% used [0x0000000797b00000,0x0000000797b00000,0x0000000798000000)
 ParOldGen       total 87552K, used 32K [0x0000000740000000, 0x0000000745580000, 0x0000000795580000)
  object space 87552K, 0% used [0x0000000740000000,0x0000000740008000,0x0000000745580000)
 Metaspace       used 10420K, capacity 10648K, committed 10880K, reserved 1058816K
  class space    used 1044K, capacity 1106K, committed 1152K, reserved 1048576K
}
Event: 4.118 GC heap before
{Heap before GC invocations=4 (full 0):
 PSYoungGen      total 38400K, used 34123K [0x0000000795580000, 0x0000000798000000, 0x00000007c0000000)
  eden space 33280K, 97% used [0x0000000795580000,0x000000079750ec88,0x0000000797600000)
  from space 5120K, 35% used [0x0000000797600000,0x00000007977c4010,0x0000000797b00000)
  to   space 5120K, 0% used [0x0000000797b00000,0x0000000797b00000,0x0000000798000000)
 ParOldGen       total 87552K, used 32K [0x0000000740000000, 0x0000000745580000, 0x0000000795580000)
  object space 87552K, 0% used [0x0000000740000000,0x0000000740008000,0x0000000745580000)
 Metaspace       used 11285K, capacity 11512K, committed 11648K, reserved 1060864K
  class space    used 1062K, capacity 1138K, committed 1152K, reserved 1048576K
Event: 4.122 GC heap after
Heap after GC invocations=4 (full 0):
 PSYoungGen      total 38400K, used 2745K [0x0000000795580000, 0x0000000798000000, 0x00000007c0000000)
  eden space 33280K, 0% used [0x0000000795580000,0x0000000795580000,0x0000000797600000)
  from space 5120K, 53% used [0x0000000797b00000,0x0000000797dae7a8,0x0000000798000000)
  to   space 5120K, 0% used [0x0000000797600000,0x0000000797600000,0x0000000797b00000)
 ParOldGen       total 87552K, used 40K [0x0000000740000000, 0x0000000745580000, 0x0000000795580000)
  object space 87552K, 0% used [0x0000000740000000,0x000000074000a000,0x0000000745580000)
 Metaspace       used 11285K, capacity 11512K, committed 11648K, reserved 1060864K
  class space    used 1062K, capacity 1138K, committed 1152K, reserved 1048576K
}
Event: 4.167 GC heap before
{Heap before GC invocations=5 (full 0):
 PSYoungGen      total 38400K, used 32174K [0x0000000795580000, 0x0000000798000000, 0x00000007c0000000)
  eden space 33280K, 88% used [0x0000000795580000,0x000000079723d128,0x0000000797600000)
  from space 5120K, 53% used [0x0000000797b00000,0x0000000797dae7a8,0x0000000798000000)
  to   space 5120K, 0% used [0x0000000797600000,0x0000000797600000,0x0000000797b00000)
 ParOldGen       total 87552K, used 40K [0x0000000740000000, 0x0000000745580000, 0x0000000795580000)
  object space 87552K, 0% used [0x0000000740000000,0x000000074000a000,0x0000000745580000)
 Metaspace       used 11285K, capacity 11512K, committed 11648K, reserved 1060864K
  class space    used 1062K, capacity 1138K, committed 1152K, reserved 1048576K
Event: 4.186 GC heap after
Heap after GC invocations=5 (full 0):
 PSYoungGen      total 38400K, used 1776K [0x0000000795580000, 0x0000000799e80000, 0x00000007c0000000)
  eden space 33280K, 0% used [0x0000000795580000,0x0000000795580000,0x0000000797600000)
  from space 5120K, 34% used [0x0000000797600000,0x00000007977bc010,0x0000000797b00000)
  to   space 4096K, 0% used [0x0000000799a80000,0x0000000799a80000,0x0000000799e80000)
 ParOldGen       total 87552K, used 10731K [0x0000000740000000, 0x0000000745580000, 0x0000000795580000)
  object space 87552K, 12% used [0x0000000740000000,0x0000000740a7ac08,0x0000000745580000)
 Metaspace       used 11285K, capacity 11512K, committed 11648K, reserved 1060864K
  class space    used 1062K, capacity 1138K, committed 1152K, reserved 1048576K
}

Deoptimization events (10 events):
Event: 0.795 Thread 0x00007f9477000800 Uncommon trap: reason=class_check action=maybe_recompile pc=0x00000001100ca9a8 method=java.util.HashMap.putVal(ILjava/lang/Object;Ljava/lang/Object;ZZ)Ljava/lang/Object; @ 203
Event: 0.795 Thread 0x00007f9477000800 Uncommon trap: reason=class_check action=maybe_recompile pc=0x00000001100ca9a8 method=java.util.HashMap.putVal(ILjava/lang/Object;Ljava/lang/Object;ZZ)Ljava/lang/Object; @ 203
Event: 0.850 Thread 0x00007f9477000800 Uncommon trap: reason=unstable_if action=reinterpret pc=0x00000001100968d4 method=org.pitest.reloc.xstream.converters.reflection.FieldDictionary.buildMap(Ljava/lang/Class;Z)Ljava/util/Map; @ 430
Event: 1.009 Thread 0x00007f9477000800 Uncommon trap: reason=predicate action=maybe_recompile pc=0x000000011019feb0 method=java.util.regex.Pattern$Slice.match(Ljava/util/regex/Matcher;ILjava/lang/CharSequence;)Z @ 21
Event: 1.055 Thread 0x00007f9476014000 Uncommon trap: reason=unstable_if action=reinterpret pc=0x000000011003293c method=java.lang.ref.ReferenceQueue.poll()Ljava/lang/ref/Reference; @ 4
Event: 1.068 Thread 0x00007f9477943800 Uncommon trap: reason=unstable_if action=reinterpret pc=0x0000000110138b70 method=java.util.ArrayList.rangeCheck(I)V @ 5
Event: 3.044 Thread 0x00007f9477000800 Uncommon trap: reason=class_check action=maybe_recompile pc=0x00000001102cd160 method=org.pitest.mutationtest.engine.gregor.AbstractInsnMutator.canMutate(I)Z @ 1
Event: 3.044 Thread 0x00007f9477000800 Uncommon trap: reason=class_check action=maybe_recompile pc=0x00000001102cd160 method=org.pitest.mutationtest.engine.gregor.AbstractInsnMutator.canMutate(I)Z @ 1
Event: 3.045 Thread 0x00007f9477000800 Uncommon trap: reason=class_check action=maybe_recompile pc=0x00000001102cd160 method=org.pitest.mutationtest.engine.gregor.AbstractInsnMutator.canMutate(I)Z @ 1
Event: 3.045 Thread 0x00007f9477000800 Uncommon trap: reason=class_check action=maybe_recompile pc=0x00000001102cd160 method=org.pitest.mutationtest.engine.gregor.AbstractInsnMutator.canMutate(I)Z @ 1

Internal exceptions (10 events):
Event: 2.731 Thread 0x00007f9476333800 Exception <a 'java/lang/ArrayIndexOutOfBoundsException'> (0x0000000796ceb2f0) thrown at [/Users/java_re/workspace/8-2-build-macosx-x86_64/jdk8u144/9417/hotspot/src/share/vm/runtime/sharedRuntime.cpp, line 605]
Event: 2.815 Thread 0x00007f9477211800 Exception <a 'java/lang/ArrayIndexOutOfBoundsException': 13> (0x0000000796ea2b18) thrown at [/Users/java_re/workspace/8-2-build-macosx-x86_64/jdk8u144/9417/hotspot/src/share/vm/interpreter/interpreterRuntime.cpp, line 366]
Event: 3.082 Thread 0x00007f94778e8000 Exception <a 'java/lang/ArrayIndexOutOfBoundsException': 13> (0x00000007956d54c0) thrown at [/Users/java_re/workspace/8-2-build-macosx-x86_64/jdk8u144/9417/hotspot/src/share/vm/interpreter/interpreterRuntime.cpp, line 366]
Event: 3.249 Thread 0x00007f9477353000 Exception <a 'java/lang/ArrayIndexOutOfBoundsException'> (0x0000000795d115b8) thrown at [/Users/java_re/workspace/8-2-build-macosx-x86_64/jdk8u144/9417/hotspot/src/share/vm/runtime/sharedRuntime.cpp, line 605]
Event: 3.293 Thread 0x00007f9477c85800 Exception <a 'java/lang/ArrayIndexOutOfBoundsException': -1> (0x0000000795eb4c40) thrown at [/Users/java_re/workspace/8-2-build-macosx-x86_64/jdk8u144/9417/hotspot/src/share/vm/interpreter/interpreterRuntime.cpp, line 366]
Event: 3.317 Thread 0x00007f9477c85800 Exception <a 'java/lang/ArrayIndexOutOfBoundsException': 13> (0x0000000796005500) thrown at [/Users/java_re/workspace/8-2-build-macosx-x86_64/jdk8u144/9417/hotspot/src/share/vm/interpreter/interpreterRuntime.cpp, line 366]
Event: 3.473 Thread 0x00007f94761ab800 Exception <a 'java/lang/ArrayIndexOutOfBoundsException': 13> (0x00000007964f0840) thrown at [/Users/java_re/workspace/8-2-build-macosx-x86_64/jdk8u144/9417/hotspot/src/share/vm/interpreter/interpreterRuntime.cpp, line 366]
Event: 3.532 Thread 0x00007f9477236800 Exception <a 'java/lang/ArrayIndexOutOfBoundsException': 13> (0x00000007967176e8) thrown at [/Users/java_re/workspace/8-2-build-macosx-x86_64/jdk8u144/9417/hotspot/src/share/vm/interpreter/interpreterRuntime.cpp, line 366]
Event: 3.951 Thread 0x00007f9477236800 Exception <a 'java/lang/ArrayIndexOutOfBoundsException': 13> (0x0000000796c81640) thrown at [/Users/java_re/workspace/8-2-build-macosx-x86_64/jdk8u144/9417/hotspot/src/share/vm/interpreter/interpreterRuntime.cpp, line 366]
Event: 4.068 Thread 0x00007f9477947800 Exception <a 'java/lang/ArrayIndexOutOfBoundsException': 13> (0x000000079709ac60) thrown at [/Users/java_re/workspace/8-2-build-macosx-x86_64/jdk8u144/9417/hotspot/src/share/vm/interpreter/interpreterRuntime.cpp, line 366]

Events (10 events):
Event: 4.100 Executing VM operation: RedefineClasses done
Event: 4.100 Thread 0x00007f9476367800 Thread added: 0x00007f9476367800
Event: 4.118 Executing VM operation: ParallelGCFailedAllocation
Event: 4.122 Executing VM operation: ParallelGCFailedAllocation done
Event: 4.129 Executing VM operation: EnableBiasedLocking
Event: 4.129 Executing VM operation: EnableBiasedLocking done
Event: 4.158 Thread 0x00007f9476367800 DEOPT PACKING pc=0x000000011033355a sp=0x0000700005a2fe90
Event: 4.158 Thread 0x00007f9476367800 DEOPT UNPACKING pc=0x000000010fdff633 sp=0x0000700005a2fc28 mode 0
Event: 4.167 Executing VM operation: ParallelGCFailedAllocation
Event: 4.186 Executing VM operation: ParallelGCFailedAllocation done


Dynamic libraries:
0x0000000005345000 	/System/Library/Frameworks/Cocoa.framework/Versions/A/Cocoa
0x0000000005345000 	/System/Library/Frameworks/Security.framework/Versions/A/Security
0x0000000005345000 	/System/Library/Frameworks/ApplicationServices.framework/Versions/A/ApplicationServices
0x0000000005345000 	/usr/lib/libz.1.dylib
0x0000000005345000 	/usr/lib/libSystem.B.dylib
0x0000000005345000 	/usr/lib/libobjc.A.dylib
0x0000000005345000 	/System/Library/Frameworks/CoreFoundation.framework/Versions/A/CoreFoundation
0x0000000005345000 	/System/Library/Frameworks/Foundation.framework/Versions/C/Foundation
0x0000000005345000 	/System/Library/Frameworks/AppKit.framework/Versions/C/AppKit
0x0000000005345000 	/System/Library/Frameworks/CoreData.framework/Versions/A/CoreData
0x0000000005345000 	/System/Library/PrivateFrameworks/RemoteViewServices.framework/Versions/A/RemoteViewServices
0x0000000005345000 	/System/Library/PrivateFrameworks/UIFoundation.framework/Versions/A/UIFoundation
0x0000000005345000 	/System/Library/PrivateFrameworks/DFRFoundation.framework/Versions/A/DFRFoundation
0x0000000005345000 	/System/Library/Frameworks/Metal.framework/Versions/A/Metal
0x0000000005345000 	/System/Library/PrivateFrameworks/DesktopServicesPriv.framework/Versions/A/DesktopServicesPriv
0x0000000005345000 	/usr/lib/libenergytrace.dylib
0x0000000005345000 	/System/Library/PrivateFrameworks/SkyLight.framework/Versions/A/SkyLight
0x0000000005345000 	/System/Library/Frameworks/CoreGraphics.framework/Versions/A/CoreGraphics
0x0000000005345000 	/usr/lib/libScreenReader.dylib
0x0000000005345000 	/System/Library/Frameworks/Accelerate.framework/Versions/A/Accelerate
0x0000000005345000 	/System/Library/Frameworks/IOSurface.framework/Versions/A/IOSurface
0x0000000005345000 	/System/Library/Frameworks/AudioToolbox.framework/Versions/A/AudioToolbox
0x0000000005345000 	/System/Library/Frameworks/AudioUnit.framework/Versions/A/AudioUnit
0x0000000005345000 	/System/Library/PrivateFrameworks/DataDetectorsCore.framework/Versions/A/DataDetectorsCore
0x0000000005345000 	/System/Library/Frameworks/Carbon.framework/Versions/A/Frameworks/HIToolbox.framework/Versions/A/HIToolbox
0x0000000005345000 	/usr/lib/libicucore.A.dylib
0x0000000005345000 	/System/Library/Frameworks/QuartzCore.framework/Versions/A/QuartzCore
0x0000000005345000 	/System/Library/Frameworks/Carbon.framework/Versions/A/Frameworks/SpeechRecognition.framework/Versions/A/SpeechRecognition
0x0000000005345000 	/usr/lib/libauto.dylib
0x0000000005345000 	/usr/lib/libxml2.2.dylib
0x0000000005345000 	/System/Library/PrivateFrameworks/CoreUI.framework/Versions/A/CoreUI
0x0000000005345000 	/System/Library/Frameworks/CoreAudio.framework/Versions/A/CoreAudio
0x0000000005345000 	/System/Library/Frameworks/DiskArbitration.framework/Versions/A/DiskArbitration
0x0000000005345000 	/usr/lib/liblangid.dylib
0x0000000005345000 	/System/Library/PrivateFrameworks/MultitouchSupport.framework/Versions/A/MultitouchSupport
0x0000000005345000 	/System/Library/Frameworks/IOKit.framework/Versions/A/IOKit
0x0000000005345000 	/usr/lib/libDiagnosticMessagesClient.dylib
0x0000000005345000 	/System/Library/Frameworks/CoreServices.framework/Versions/A/CoreServices
0x0000000005345000 	/System/Library/PrivateFrameworks/PerformanceAnalysis.framework/Versions/A/PerformanceAnalysis
0x0000000005345000 	/System/Library/Frameworks/OpenGL.framework/Versions/A/OpenGL
0x0000000005345000 	/System/Library/Frameworks/ColorSync.framework/Versions/A/ColorSync
0x0000000005345000 	/System/Library/Frameworks/CoreImage.framework/Versions/A/CoreImage
0x0000000005345000 	/System/Library/Frameworks/CoreText.framework/Versions/A/CoreText
0x0000000005345000 	/System/Library/Frameworks/ImageIO.framework/Versions/A/ImageIO
0x0000000005345000 	/System/Library/PrivateFrameworks/Backup.framework/Versions/A/Backup
0x0000000005345000 	/usr/lib/libarchive.2.dylib
0x0000000005345000 	/System/Library/Frameworks/CFNetwork.framework/Versions/A/CFNetwork
0x0000000005345000 	/System/Library/Frameworks/SystemConfiguration.framework/Versions/A/SystemConfiguration
0x0000000005345000 	/usr/lib/libCRFSuite.dylib
0x0000000005345000 	/usr/lib/libc++.1.dylib
0x0000000005345000 	/usr/lib/libc++abi.dylib
0x0000000005345000 	/usr/lib/system/libcache.dylib
0x0000000005345000 	/usr/lib/system/libcommonCrypto.dylib
0x0000000005345000 	/usr/lib/system/libcompiler_rt.dylib
0x0000000005345000 	/usr/lib/system/libcopyfile.dylib
0x0000000005345000 	/usr/lib/system/libcorecrypto.dylib
0x0000000005345000 	/usr/lib/system/libdispatch.dylib
0x0000000005345000 	/usr/lib/system/libdyld.dylib
0x0000000005345000 	/usr/lib/system/libkeymgr.dylib
0x0000000005345000 	/usr/lib/system/liblaunch.dylib
0x0000000005345000 	/usr/lib/system/libmacho.dylib
0x0000000005345000 	/usr/lib/system/libquarantine.dylib
0x0000000005345000 	/usr/lib/system/libremovefile.dylib
0x0000000005345000 	/usr/lib/system/libsystem_asl.dylib
0x0000000005345000 	/usr/lib/system/libsystem_blocks.dylib
0x0000000005345000 	/usr/lib/system/libsystem_c.dylib
0x0000000005345000 	/usr/lib/system/libsystem_configuration.dylib
0x0000000005345000 	/usr/lib/system/libsystem_coreservices.dylib
0x0000000005345000 	/usr/lib/system/libsystem_darwin.dylib
0x0000000005345000 	/usr/lib/system/libsystem_dnssd.dylib
0x0000000005345000 	/usr/lib/system/libsystem_info.dylib
0x0000000005345000 	/usr/lib/system/libsystem_m.dylib
0x0000000005345000 	/usr/lib/system/libsystem_malloc.dylib
0x0000000005345000 	/usr/lib/system/libsystem_network.dylib
0x0000000005345000 	/usr/lib/system/libsystem_networkextension.dylib
0x0000000005345000 	/usr/lib/system/libsystem_notify.dylib
0x0000000005345000 	/usr/lib/system/libsystem_sandbox.dylib
0x0000000005345000 	/usr/lib/system/libsystem_secinit.dylib
0x0000000005345000 	/usr/lib/system/libsystem_kernel.dylib
0x0000000005345000 	/usr/lib/system/libsystem_platform.dylib
0x0000000005345000 	/usr/lib/system/libsystem_pthread.dylib
0x0000000005345000 	/usr/lib/system/libsystem_symptoms.dylib
0x0000000005345000 	/usr/lib/system/libsystem_trace.dylib
0x0000000005345000 	/usr/lib/system/libunwind.dylib
0x0000000005345000 	/usr/lib/system/libxpc.dylib
0x0000000005345000 	/usr/lib/closure/libclosured.dylib
0x0000000005345000 	/usr/lib/libbsm.0.dylib
0x0000000005345000 	/usr/lib/system/libkxld.dylib
0x0000000005345000 	/usr/lib/libOpenScriptingUtil.dylib
0x0000000005345000 	/usr/lib/libcoretls.dylib
0x0000000005345000 	/usr/lib/libcoretls_cfhelpers.dylib
0x0000000005345000 	/usr/lib/libpam.2.dylib
0x0000000005345000 	/usr/lib/libsqlite3.dylib
0x0000000005345000 	/usr/lib/libxar.1.dylib
0x0000000005345000 	/usr/lib/libbz2.1.0.dylib
0x0000000005345000 	/usr/lib/liblzma.5.dylib
0x0000000005345000 	/usr/lib/libnetwork.dylib
0x0000000005345000 	/usr/lib/libapple_nghttp2.dylib
0x0000000005345000 	/usr/lib/libpcap.A.dylib
0x0000000005345000 	/usr/lib/libboringssl.dylib
0x0000000005345000 	/usr/lib/libusrtcp.dylib
0x0000000005345000 	/usr/lib/libapple_crypto.dylib
0x0000000005345000 	/System/Library/Frameworks/CoreServices.framework/Versions/A/Frameworks/FSEvents.framework/Versions/A/FSEvents
0x0000000005345000 	/System/Library/Frameworks/CoreServices.framework/Versions/A/Frameworks/CarbonCore.framework/Versions/A/CarbonCore
0x0000000005345000 	/System/Library/Frameworks/CoreServices.framework/Versions/A/Frameworks/Metadata.framework/Versions/A/Metadata
0x0000000005345000 	/System/Library/Frameworks/CoreServices.framework/Versions/A/Frameworks/OSServices.framework/Versions/A/OSServices
0x0000000005345000 	/System/Library/Frameworks/CoreServices.framework/Versions/A/Frameworks/SearchKit.framework/Versions/A/SearchKit
0x0000000005345000 	/System/Library/Frameworks/CoreServices.framework/Versions/A/Frameworks/AE.framework/Versions/A/AE
0x0000000005345000 	/System/Library/Frameworks/CoreServices.framework/Versions/A/Frameworks/LaunchServices.framework/Versions/A/LaunchServices
0x0000000005345000 	/System/Library/Frameworks/CoreServices.framework/Versions/A/Frameworks/DictionaryServices.framework/Versions/A/DictionaryServices
0x0000000005345000 	/System/Library/Frameworks/CoreServices.framework/Versions/A/Frameworks/SharedFileList.framework/Versions/A/SharedFileList
0x0000000005345000 	/System/Library/Frameworks/NetFS.framework/Versions/A/NetFS
0x0000000005345000 	/System/Library/PrivateFrameworks/NetAuth.framework/Versions/A/NetAuth
0x0000000005345000 	/System/Library/PrivateFrameworks/login.framework/Versions/A/Frameworks/loginsupport.framework/Versions/A/loginsupport
0x0000000005345000 	/System/Library/PrivateFrameworks/TCC.framework/Versions/A/TCC
0x0000000005345000 	/usr/lib/libmecabra.dylib
0x0000000005345000 	/System/Library/Frameworks/ApplicationServices.framework/Versions/A/Frameworks/ATS.framework/Versions/A/ATS
0x0000000005345000 	/System/Library/Frameworks/ApplicationServices.framework/Versions/A/Frameworks/ColorSyncLegacy.framework/Versions/A/ColorSyncLegacy
0x0000000005345000 	/System/Library/Frameworks/ApplicationServices.framework/Versions/A/Frameworks/HIServices.framework/Versions/A/HIServices
0x0000000005345000 	/System/Library/Frameworks/ApplicationServices.framework/Versions/A/Frameworks/LangAnalysis.framework/Versions/A/LangAnalysis
0x0000000005345000 	/System/Library/Frameworks/ApplicationServices.framework/Versions/A/Frameworks/PrintCore.framework/Versions/A/PrintCore
0x0000000005345000 	/System/Library/Frameworks/ApplicationServices.framework/Versions/A/Frameworks/QD.framework/Versions/A/QD
0x0000000005345000 	/System/Library/Frameworks/ApplicationServices.framework/Versions/A/Frameworks/SpeechSynthesis.framework/Versions/A/SpeechSynthesis
0x0000000005345000 	/System/Library/Frameworks/CoreDisplay.framework/Versions/A/CoreDisplay
0x0000000005345000 	/System/Library/Frameworks/Accelerate.framework/Versions/A/Frameworks/vImage.framework/Versions/A/vImage
0x0000000005345000 	/System/Library/Frameworks/Accelerate.framework/Versions/A/Frameworks/vecLib.framework/Versions/A/vecLib
0x0000000005345000 	/System/Library/Frameworks/Accelerate.framework/Versions/A/Frameworks/vecLib.framework/Versions/A/libvDSP.dylib
0x0000000005345000 	/System/Library/Frameworks/Accelerate.framework/Versions/A/Frameworks/vecLib.framework/Versions/A/libBNNS.dylib
0x0000000005345000 	/System/Library/Frameworks/Accelerate.framework/Versions/A/Frameworks/vecLib.framework/Versions/A/libQuadrature.dylib
0x0000000005345000 	/System/Library/Frameworks/Accelerate.framework/Versions/A/Frameworks/vecLib.framework/Versions/A/libvMisc.dylib
0x0000000005345000 	/System/Library/Frameworks/Accelerate.framework/Versions/A/Frameworks/vecLib.framework/Versions/A/libLAPACK.dylib
0x0000000005345000 	/System/Library/Frameworks/Accelerate.framework/Versions/A/Frameworks/vecLib.framework/Versions/A/libBLAS.dylib
0x0000000005345000 	/System/Library/Frameworks/Accelerate.framework/Versions/A/Frameworks/vecLib.framework/Versions/A/libLinearAlgebra.dylib
0x0000000005345000 	/System/Library/Frameworks/Accelerate.framework/Versions/A/Frameworks/vecLib.framework/Versions/A/libSparse.dylib
0x0000000005345000 	/System/Library/Frameworks/Accelerate.framework/Versions/A/Frameworks/vecLib.framework/Versions/A/libSparseBLAS.dylib
0x0000000005345000 	/System/Library/PrivateFrameworks/IOAccelerator.framework/Versions/A/IOAccelerator
0x0000000005345000 	/System/Library/PrivateFrameworks/IOPresentment.framework/Versions/A/IOPresentment
0x0000000005345000 	/System/Library/PrivateFrameworks/DSExternalDisplay.framework/Versions/A/DSExternalDisplay
0x0000000005345000 	/System/Library/Frameworks/OpenGL.framework/Versions/A/Libraries/libCoreFSCache.dylib
0x0000000005345000 	/System/Library/Frameworks/CoreVideo.framework/Versions/A/CoreVideo
0x0000000005345000 	/System/Library/PrivateFrameworks/GraphVisualizer.framework/Versions/A/GraphVisualizer
0x0000000005345000 	/System/Library/Frameworks/MetalPerformanceShaders.framework/Versions/A/MetalPerformanceShaders
0x0000000005345000 	/usr/lib/libFosl_dynamic.dylib
0x0000000005345000 	/System/Library/PrivateFrameworks/FaceCore.framework/Versions/A/FaceCore
0x0000000005345000 	/System/Library/Frameworks/OpenCL.framework/Versions/A/OpenCL
0x0000000005345000 	/usr/lib/libcompression.dylib
0x0000000005345000 	/System/Library/Frameworks/ApplicationServices.framework/Versions/A/Frameworks/ATS.framework/Versions/A/Resources/libFontParser.dylib
0x0000000005345000 	/System/Library/Frameworks/ApplicationServices.framework/Versions/A/Frameworks/ATS.framework/Versions/A/Resources/libFontRegistry.dylib
0x0000000005345000 	/System/Library/Frameworks/ImageIO.framework/Versions/A/Resources/libJPEG.dylib
0x0000000005345000 	/System/Library/Frameworks/ImageIO.framework/Versions/A/Resources/libTIFF.dylib
0x0000000005345000 	/System/Library/Frameworks/ImageIO.framework/Versions/A/Resources/libPng.dylib
0x0000000005345000 	/System/Library/Frameworks/ImageIO.framework/Versions/A/Resources/libGIF.dylib
0x0000000005345000 	/System/Library/Frameworks/ImageIO.framework/Versions/A/Resources/libJP2.dylib
0x0000000005345000 	/System/Library/Frameworks/ImageIO.framework/Versions/A/Resources/libRadiance.dylib
0x0000000005345000 	/System/Library/PrivateFrameworks/AppleJPEG.framework/Versions/A/AppleJPEG
0x0000000005345000 	/System/Library/PrivateFrameworks/MetalTools.framework/Versions/A/MetalTools
0x0000000005345000 	/System/Library/Frameworks/MetalPerformanceShaders.framework/Frameworks/MPSCore.framework/Versions/A/MPSCore
0x0000000005345000 	/System/Library/Frameworks/MetalPerformanceShaders.framework/Frameworks/MPSImage.framework/Versions/A/MPSImage
0x0000000005345000 	/System/Library/Frameworks/MetalPerformanceShaders.framework/Frameworks/MPSMatrix.framework/Versions/A/MPSMatrix
0x0000000005345000 	/System/Library/Frameworks/MetalPerformanceShaders.framework/Frameworks/MPSNeuralNetwork.framework/Versions/A/MPSNeuralNetwork
0x0000000005345000 	/System/Library/Frameworks/OpenGL.framework/Versions/A/Libraries/libGLU.dylib
0x0000000005345000 	/System/Library/Frameworks/OpenGL.framework/Versions/A/Libraries/libGFXShared.dylib
0x0000000005345000 	/System/Library/Frameworks/OpenGL.framework/Versions/A/Libraries/libGL.dylib
0x0000000005345000 	/System/Library/Frameworks/OpenGL.framework/Versions/A/Libraries/libGLImage.dylib
0x0000000005345000 	/System/Library/Frameworks/OpenGL.framework/Versions/A/Libraries/libCVMSPluginSupport.dylib
0x0000000005345000 	/System/Library/Frameworks/OpenGL.framework/Versions/A/Libraries/libCoreVMClient.dylib
0x0000000005345000 	/usr/lib/libcups.2.dylib
0x0000000005345000 	/System/Library/Frameworks/Kerberos.framework/Versions/A/Kerberos
0x0000000005345000 	/System/Library/Frameworks/GSS.framework/Versions/A/GSS
0x0000000005345000 	/usr/lib/libresolv.9.dylib
0x0000000005345000 	/usr/lib/libiconv.2.dylib
0x0000000005345000 	/System/Library/PrivateFrameworks/Heimdal.framework/Versions/A/Heimdal
0x0000000005345000 	/usr/lib/libheimdal-asn1.dylib
0x0000000005345000 	/System/Library/Frameworks/OpenDirectory.framework/Versions/A/OpenDirectory
0x0000000005345000 	/System/Library/PrivateFrameworks/CommonAuth.framework/Versions/A/CommonAuth
0x0000000005345000 	/System/Library/Frameworks/OpenDirectory.framework/Versions/A/Frameworks/CFOpenDirectory.framework/Versions/A/CFOpenDirectory
0x0000000005345000 	/System/Library/Frameworks/SecurityFoundation.framework/Versions/A/SecurityFoundation
0x0000000005345000 	/System/Library/PrivateFrameworks/APFS.framework/Versions/A/APFS
0x0000000005345000 	/usr/lib/libutil.dylib
0x0000000005345000 	/System/Library/PrivateFrameworks/AppleSauce.framework/Versions/A/AppleSauce
0x0000000005345000 	/System/Library/PrivateFrameworks/LinguisticData.framework/Versions/A/LinguisticData
0x0000000005345000 	/usr/lib/libmarisa.dylib
0x0000000005345000 	/System/Library/PrivateFrameworks/Lexicon.framework/Versions/A/Lexicon
0x0000000005345000 	/usr/lib/libChineseTokenizer.dylib
0x0000000005345000 	/usr/lib/libcmph.dylib
0x0000000005345000 	/System/Library/PrivateFrameworks/LanguageModeling.framework/Versions/A/LanguageModeling
0x0000000005345000 	/System/Library/PrivateFrameworks/CoreEmoji.framework/Versions/A/CoreEmoji
0x0000000005345000 	/System/Library/Frameworks/ServiceManagement.framework/Versions/A/ServiceManagement
0x0000000005345000 	/System/Library/PrivateFrameworks/BackgroundTaskManagement.framework/Versions/A/BackgroundTaskManagement
0x0000000005345000 	/usr/lib/libxslt.1.dylib
0x0000000005345000 	/System/Library/Frameworks/Carbon.framework/Versions/A/Frameworks/Ink.framework/Versions/A/Ink
0x0000000005345000 	/System/Library/PrivateFrameworks/TextureIO.framework/Versions/A/TextureIO
0x0000000005345000 	/usr/lib/libate.dylib
0x0000000005345000 	/System/Library/PrivateFrameworks/CrashReporterSupport.framework/Versions/A/CrashReporterSupport
0x0000000005345000 	/System/Library/PrivateFrameworks/Sharing.framework/Versions/A/Sharing
0x0000000005345000 	/System/Library/PrivateFrameworks/IconServices.framework/Versions/A/IconServices
0x0000000005345000 	/System/Library/PrivateFrameworks/ProtocolBuffer.framework/Versions/A/ProtocolBuffer
0x0000000005345000 	/System/Library/PrivateFrameworks/Apple80211.framework/Versions/A/Apple80211
0x0000000005345000 	/System/Library/Frameworks/CoreWLAN.framework/Versions/A/CoreWLAN
0x0000000005345000 	/System/Library/PrivateFrameworks/CoreUtils.framework/Versions/A/CoreUtils
0x0000000005345000 	/System/Library/Frameworks/IOBluetooth.framework/Versions/A/IOBluetooth
0x0000000005345000 	/System/Library/PrivateFrameworks/CoreWiFi.framework/Versions/A/CoreWiFi
0x0000000005345000 	/System/Library/Frameworks/CoreBluetooth.framework/Versions/A/CoreBluetooth
0x0000000005345000 	/System/Library/PrivateFrameworks/SignpostNotification.framework/Versions/A/SignpostNotification
0x0000000005345000 	/System/Library/PrivateFrameworks/DebugSymbols.framework/Versions/A/DebugSymbols
0x0000000005345000 	/System/Library/PrivateFrameworks/CoreSymbolication.framework/Versions/A/CoreSymbolication
0x0000000005345000 	/System/Library/PrivateFrameworks/Symbolication.framework/Versions/A/Symbolication
0x0000000005345000 	/System/Library/PrivateFrameworks/AppleFSCompression.framework/Versions/A/AppleFSCompression
0x0000000005345000 	/System/Library/PrivateFrameworks/SpeechRecognitionCore.framework/Versions/A/SpeechRecognitionCore
0x000000010a524000 	/Library/Java/JavaVirtualMachines/jdk1.8.0_144.jdk/Contents/Home/jre/lib/server/libjvm.dylib
0x0000000005345000 	/usr/lib/libstdc++.6.0.9.dylib
0x000000010b4cb000 	/Library/Java/JavaVirtualMachines/jdk1.8.0_144.jdk/Contents/Home/jre/lib/libverify.dylib
0x000000010b4d9000 	/Library/Java/JavaVirtualMachines/jdk1.8.0_144.jdk/Contents/Home/jre/lib/libjava.dylib
0x000000010b50f000 	/Library/Java/JavaVirtualMachines/jdk1.8.0_144.jdk/Contents/Home/jre/lib/libinstrument.dylib
0x000000010b5ad000 	/Library/Java/JavaVirtualMachines/jdk1.8.0_144.jdk/Contents/Home/jre/lib/libzip.dylib
0x0000000005345000 	/System/Library/Frameworks/JavaVM.framework/Versions/A/Frameworks/JavaRuntimeSupport.framework/Versions/A/JavaRuntimeSupport
0x0000000005345000 	/System/Library/Frameworks/JavaVM.framework/Versions/A/Frameworks/JavaNativeFoundation.framework/Versions/A/JavaNativeFoundation
0x0000000005345000 	/System/Library/Frameworks/JavaVM.framework/Versions/A/JavaVM
0x0000000005345000 	/System/Library/Frameworks/Carbon.framework/Versions/A/Carbon
0x0000000005345000 	/System/Library/PrivateFrameworks/JavaLaunching.framework/Versions/A/JavaLaunching
0x0000000005345000 	/System/Library/Frameworks/Carbon.framework/Versions/A/Frameworks/CommonPanels.framework/Versions/A/CommonPanels
0x0000000005345000 	/System/Library/Frameworks/Carbon.framework/Versions/A/Frameworks/Help.framework/Versions/A/Help
0x0000000005345000 	/System/Library/Frameworks/Carbon.framework/Versions/A/Frameworks/ImageCapture.framework/Versions/A/ImageCapture
0x0000000005345000 	/System/Library/Frameworks/Carbon.framework/Versions/A/Frameworks/OpenScripting.framework/Versions/A/OpenScripting
0x0000000005345000 	/System/Library/Frameworks/Carbon.framework/Versions/A/Frameworks/Print.framework/Versions/A/Print
0x0000000005345000 	/System/Library/Frameworks/Carbon.framework/Versions/A/Frameworks/SecurityHI.framework/Versions/A/SecurityHI
0x000000010e768000 	/Library/Java/JavaVirtualMachines/jdk1.8.0_144.jdk/Contents/Home/jre/lib/libnet.dylib
0x000000010e7c7000 	/Library/Java/JavaVirtualMachines/jdk1.8.0_144.jdk/Contents/Home/jre/lib/libmanagement.dylib

VM Arguments:
jvm_args: -javaagent:/var/folders/gr/dwg48kds009grnhmj1qtm04m0000gn/T/152495226780808107242804691481859536201731453533.jar -Dclassworlds.conf=/Library/Java/JavaVirtualMachines/apache-maven-3.5.2/bin/m2.conf -Dmaven.home=/Library/Java/JavaVirtualMachines/apache-maven-3.5.2 -Dlibrary.jansi.path=/Library/Java/JavaVirtualMachines/apache-maven-3.5.2/lib/jansi-native -Dmaven.multiModuleProjectDirectory=/Users/cristhian/Documents/repos/Tfg-GUI/GUI/proyectoJAVA 
java_command: org.pitest.mutationtest.execute.MutationTestSlave 8092
java_class_path (initial): :/Users/cristhian/Documents/repos/Tfg-GUI/GUI/proyectoJAVA/target/test-classes:/Users/cristhian/Documents/repos/Tfg-GUI/GUI/proyectoJAVA/target/classes:/Users/cristhian/.m2/repository/junit/junit/4.12/junit-4.12.jar:/Users/cristhian/.m2/repository/org/hamcrest/hamcrest-core/1.3/hamcrest-core-1.3.jar:/Users/cristhian/.m2/repository/org/easytesting/fest-assert-core/2.0M10/fest-assert-core-2.0M10.jar:/Users/cristhian/.m2/repository/org/easytesting/fest-util/1.2.5/fest-util-1.2.5.jar:/Users/cristhian/.m2/repository/org/easytesting/fest-reflect/1.4/fest-reflect-1.4.jar:/Users/cristhian/.m2/repository/org/pitest/pitest/1.1.5/pitest-1.1.5.jar:/var/folders/gr/dwg48kds009grnhmj1qtm04m0000gn/T/152495226780808107242804691481859536201731453533.jar
Launcher Type: SUN_STANDARD

Environment Variables:
CLASSPATH=:/Users/cristhian/Documents/repos/Tfg-GUI/GUI/proyectoJAVA/target/test-classes:/Users/cristhian/Documents/repos/Tfg-GUI/GUI/proyectoJAVA/target/classes:/Users/cristhian/.m2/repository/junit/junit/4.12/junit-4.12.jar:/Users/cristhian/.m2/repository/org/hamcrest/hamcrest-core/1.3/hamcrest-core-1.3.jar:/Users/cristhian/.m2/repository/org/easytesting/fest-assert-core/2.0M10/fest-assert-core-2.0M10.jar:/Users/cristhian/.m2/repository/org/easytesting/fest-util/1.2.5/fest-util-1.2.5.jar:/Users/cristhian/.m2/repository/org/easytesting/fest-reflect/1.4/fest-reflect-1.4.jar:/Users/cristhian/.m2/repository/org/pitest/pitest/1.1.5/pitest-1.1.5.jar
PATH=/Library/Java/JavaVirtualMachines/apache-maven-3.5.2/bin:/Library/Java/JavaVirtualMachines/jdk1.8.0_144.jdk/Contents/Home/bin:/Library/Java/JavaVirtualMachines/major/bin:/usr/local/bin:/usr/bin:/bin:/usr/sbin:/sbin:/Applications/VMware Fusion.app/Contents/Public:/Library/Java/JavaVirtualMachines/apache-maven-3.5.2/bin:/Library/Java/JavaVirtualMachines/jdk1.8.0_144.jdk/Contents/Home/bin:/Library/Java/JavaVirtualMachines/major/bin
SHELL=/bin/bash

Signal Handlers:
SIGSEGV: [libjvm.dylib+0x5b26e5], sa_mask[0]=11111111011111110111111111111111, sa_flags=SA_ONSTACK|SA_RESTART|SA_SIGINFO
SIGBUS: [libjvm.dylib+0x5b26e5], sa_mask[0]=11111111011111110111111111111111, sa_flags=SA_RESTART|SA_SIGINFO
SIGFPE: [libjvm.dylib+0x489100], sa_mask[0]=11111111011111110111111111111111, sa_flags=SA_RESTART|SA_SIGINFO
SIGPIPE: [libjvm.dylib+0x489100], sa_mask[0]=11111111011111110111111111111111, sa_flags=SA_RESTART|SA_SIGINFO
SIGXFSZ: [libjvm.dylib+0x489100], sa_mask[0]=11111111011111110111111111111111, sa_flags=SA_RESTART|SA_SIGINFO
SIGILL: [libjvm.dylib+0x489100], sa_mask[0]=11111111011111110111111111111111, sa_flags=SA_RESTART|SA_SIGINFO
SIGUSR1: SIG_DFL, sa_mask[0]=11111111011111110111111111111111, sa_flags=none
SIGUSR2: [libjvm.dylib+0x488c1e], sa_mask[0]=00100000000000000000000000000000, sa_flags=SA_RESTART|SA_SIGINFO
SIGHUP: [libjvm.dylib+0x4871f5], sa_mask[0]=11111111011111110111111111111111, sa_flags=SA_RESTART|SA_SIGINFO
SIGINT: [libjvm.dylib+0x4871f5], sa_mask[0]=11111111011111110111111111111111, sa_flags=SA_RESTART|SA_SIGINFO
SIGTERM: [libjvm.dylib+0x4871f5], sa_mask[0]=11111111011111110111111111111111, sa_flags=SA_RESTART|SA_SIGINFO
SIGQUIT: [libjvm.dylib+0x4871f5], sa_mask[0]=11111111011111110111111111111111, sa_flags=SA_RESTART|SA_SIGINFO


---------------  S Y S T E M  ---------------

OS:Bsduname:Darwin 17.4.0 Darwin Kernel Version 17.4.0: Sun Dec 17 09:19:54 PST 2017; root:xnu-4570.41.2~1/RELEASE_X86_64 x86_64
rlimit: STACK 8192k, CORE 0k, NPROC 709, NOFILE 10240, AS infinity
load average:9.59 9.38 18.42

CPU:total 4 (initial active 4) (2 cores per cpu, 2 threads per core) family 6 model 142 stepping 9, cmov, cx8, fxsr, mmx, sse, sse2, sse3, ssse3, sse4.1, sse4.2, popcnt, avx, avx2, aes, clmul, erms, rtm, 3dnowpref, lzcnt, ht, tsc, tscinvbit, bmi1, bmi2, adx

Memory: 4k page, physical 8388608k(85024k free)

/proc/meminfo:


vm_info: Java HotSpot(TM) 64-Bit Server VM (25.144-b01) for bsd-amd64 JRE (1.8.0_144-b01), built on Jul 21 2017 22:07:42 by "java_re" with gcc 4.2.1 (Based on Apple Inc. build 5658) (LLVM build 2336.11.00)

time: Sat Apr 28 23:51:21 2018
elapsed time: 4 seconds (0d 0h 0m 4s)

