#
# A fatal error has been detected by the Java Runtime Environment:
#
#  SIGSEGV (0xb) at pc=0x0000000104888c4c, pid=43954, tid=0x0000000000000307
#
# JRE version: Java(TM) SE Runtime Environment (8.0_144-b01) (build 1.8.0_144-b01)
# Java VM: Java HotSpot(TM) 64-Bit Server VM (25.144-b01 mixed mode bsd-amd64 compressed oops)
# Problematic frame:
# V  [libjvm.dylib+0x488c4c]  SR_handler(int, __siginfo*, __darwin_ucontext*)+0x2e
#
# Failed to write core dump. Core dumps have been disabled. To enable core dumping, try "ulimit -c unlimited" before starting Java again
#
# If you would like to submit a bug report, please visit:
#   http://bugreport.java.com/bugreport/crash.jsp
#

---------------  T H R E A D  ---------------

Current thread is native thread

siginfo: si_signo: 11 (SIGSEGV), si_code: 1 (SEGV_MAPERR), si_addr: 0x0000000000000128

Registers:
RAX=0x0000000000000000, RBX=0x00007ffeec16be40, RCX=0x00007fff8d6df388, RDX=0x00007ffeec16be40
RSP=0x00007ffeec16b970, RBP=0x00007ffeec16b9a0, RSI=0x00007ffeec16bdd8, RDI=0x0000000000000109
R8 =0x00007ffeec16be40, R9 =0x00000000ffffffff, R10=0x0000000000000c00, R11=0x0000000000000206
R12=0x0000000000000c00, R13=0x0000000007000806, R14=0x00007ffeec16bdd8, R15=0x0000000000000002
RIP=0x0000000104888c4c, EFLAGS=0x0000000000010206, ERR=0x0000000000000004
  TRAPNO=0x000000000000000e

Top of Stack: (sp=0x00007ffeec16b970)
0x00007ffeec16b970:   0000000059d3255a 00007ffeec16be40
0x00007ffeec16b980:   0000000000000c00 0000000007000806
0x00007ffeec16b990:   00007ffeec16c0b0 00000000ffffffff
0x00007ffeec16b9a0:   00007ffeec16b9b0 00007fff5490af5a
0x00007ffeec16b9b0:   00007ffeec16bf50 00007fff53a8d5b1
0x00007ffeec16b9c0:   00007fff870f4300 0000000000000000
0x00007ffeec16b9d0:   0100001f00000085 00007ffdfb000800
0x00007ffeec16b9e0:   0000000010004005 0000000007000806
0x00007ffeec16b9f0:   00007ffeec16bef8 0000000000000000
0x00007ffeec16ba00:   00007ffeec16c0b0 0000000007000806
0x00007ffeec16ba10:   00007ffeec16bf50 00007ffeec16bef8
0x00007ffeec16ba20:   0000000000000b03 00000000ffffffff
0x00007ffeec16ba30:   0000000000000c00 0000000000000206
0x00007ffeec16ba40:   0000000000000c00 0000000007000806
0x00007ffeec16ba50:   00007ffeec16c0b0 00000000ffffffff
0x00007ffeec16ba60:   00007fff547cf7c2 0000000000000206
0x00007ffeec16ba70:   0000000000000007 0000000000000000
0x00007ffeec16ba80:   0000000000000000 0000000000000000
0x00007ffeec16ba90:   000000000000037f 0000000000000000
0x00007ffeec16baa0:   0000000000000000 0000ffff00001fa1
0x00007ffeec16bab0:   000000000002cd37 000000000000ffff
0x00007ffeec16bac0:   0001ffffed351bef 000000000000ffff
0x00007ffeec16bad0:   000000000001ffff 000000000000ffff
0x00007ffeec16bae0:   0000000000000000 0000000000000000
0x00007ffeec16baf0:   0000000000000000 0000000000000000
0x00007ffeec16bb00:   00000000ff73ff94 000000000000ffff
0x00007ffeec16bb10:   000000000123e452 000000000000ffff
0x00007ffeec16bb20:   00000000ff700000 000000000000ffff
0x00007ffeec16bb30:   41c036e5ca56fb87 0000000000000000
0x00007ffeec16bb40:   3fe5bee1bd1ed9e0 0000000000000000
0x00007ffeec16bb50:   4415af1d78b58c40 0000000000000000
0x00007ffeec16bb60:   c3e0000000000000 0000000000000000 

Instructions: (pc=0x0000000104888c4c)
0x0000000104888c2c:   83 ec 08 48 89 d3 49 89 f6 e8 f0 33 14 00 44 8b
0x0000000104888c3c:   38 48 8d 05 1c f6 3a 00 48 63 38 e8 c0 36 14 00
0x0000000104888c4c:   4c 8b a0 28 01 00 00 41 83 7c 24 34 01 0f 85 e2
0x0000000104888c5c:   00 00 00 49 89 5c 24 40 4d 89 74 24 38 49 8d 5c 

Register to memory mapping:

RAX=0x0000000000000000 is an unknown value
RBX=0x00007ffeec16be40 is an unknown value
RCX=0x00007fff8d6df388: _thread+0x48 in /usr/lib/system/libsystem_pthread.dylib at 0x00007fff54911000
RDX=0x00007ffeec16be40 is an unknown value
RSP=0x00007ffeec16b970 is an unknown value
RBP=0x00007ffeec16b9a0 is an unknown value
RSI=0x00007ffeec16bdd8 is an unknown value
RDI=0x0000000000000109 is an unknown value
R8 =0x00007ffeec16be40 is an unknown value
R9 =0x00000000ffffffff is an unknown value
R10=0x0000000000000c00 is an unknown value
R11=0x0000000000000206 is an unknown value
R12=0x0000000000000c00 is an unknown value
R13=0x0000000007000806 is an unknown value
R14=0x00007ffeec16bdd8 is an unknown value
R15=0x0000000000000002 is an unknown value


Stack: [0x00007ffeeb96f000,0x00007ffeec16f000],  sp=0x00007ffeec16b970,  free space=8178k
Native frames: (J=compiled Java code, j=interpreted, Vv=VM code, C=native code)
V  [libjvm.dylib+0x488c4c]  SR_handler(int, __siginfo*, __darwin_ucontext*)+0x2e
C  [libsystem_platform.dylib+0x1f5a]  _sigtramp+0x1a
C  [libobjc.A.dylib+0x85b1]  _objc_fetch_pthread_data+0x22
C  [CoreFoundation+0x86575]  __CFRunLoopServiceMachPort+0x155
C  [CoreFoundation+0x858c7]  __CFRunLoopRun+0x6f7
C  [CoreFoundation+0x84f43]  CFRunLoopRunSpecific+0x1e3
C  [java+0x6465]  CreateExecutionEnvironment+0x367
C  [java+0x218c]  JLI_Launch+0x7a0
C  [java+0x84c2]  main+0x65
C  [java+0x19e4]  start+0x34


---------------  P R O C E S S  ---------------

VM state:not at safepoint (normal execution)

VM Mutex/Monitor currently owned by a thread: None

Heap:
 PSYoungGen      total 38400K, used 20044K [0x0000000795580000, 0x0000000798000000, 0x00000007c0000000)
  eden space 33280K, 60% used [0x0000000795580000,0x00000007969133d8,0x0000000797600000)
  from space 5120K, 0% used [0x0000000797b00000,0x0000000797b00000,0x0000000798000000)
  to   space 5120K, 0% used [0x0000000797600000,0x0000000797600000,0x0000000797b00000)
 ParOldGen       total 87552K, used 0K [0x0000000740000000, 0x0000000745580000, 0x0000000795580000)
  object space 87552K, 0% used [0x0000000740000000,0x0000000740000000,0x0000000745580000)
 Metaspace       used 7650K, capacity 7810K, committed 7936K, reserved 1056768K
  class space    used 922K, capacity 975K, committed 1024K, reserved 1048576K

Card table byte_map: [0x0000000105767000,0x0000000105b68000] byte_map_base: 0x0000000101d67000

Marking Bits: (ParMarkBitMap*) 0x0000000104cf35d0
 Begin Bits: [0x0000000105e13000, 0x0000000107e13000)
 End Bits:   [0x0000000107e13000, 0x0000000109e13000)

Polling page: 0x0000000103b0d000

CodeCache: size=245760Kb used=2701Kb max_used=2716Kb free=243058Kb
 bounds [0x000000011243e000, 0x00000001126ee000, 0x000000012143e000]
 total_blobs=897 nmethods=585 adapters=226
 compilation: enabled

Compilation events (10 events):
Event: 0.425 Thread 0x00007ffdfa022800 nmethod 583 0x00000001126dc250 code [0x00000001126dc3a0, 0x00000001126dc4b0]
Event: 0.425 Thread 0x00007ffdfa022800  584       3       java.util.ArrayList::grow (45 bytes)
Event: 0.425 Thread 0x00007ffdfa022800 nmethod 584 0x00000001126dc510 code [0x00000001126dc6c0, 0x00000001126dcbb8]
Event: 0.425 Thread 0x00007ffdfa022800  585       3       java.lang.Class::checkMemberAccess (49 bytes)
Event: 0.426 Thread 0x00007ffdfa022800 nmethod 585 0x00000001126dcdd0 code [0x00000001126dcf80, 0x00000001126dd578]
Event: 0.434 Thread 0x00007ffdfa022800  586       3       java.util.ArrayList::<init> (12 bytes)
Event: 0.434 Thread 0x00007ffdfa022800 nmethod 586 0x00000001126dd7d0 code [0x00000001126dd940, 0x00000001126ddbd0]
Event: 0.438 Thread 0x00007ffdfa821800  587       4       java.lang.StringBuilder::<init> (7 bytes)
Event: 0.438 Thread 0x00007ffdfa821800 nmethod 587 0x00000001126e0a10 code [0x00000001126e0b60, 0x00000001126e0c58]
Event: 0.451 Thread 0x00007ffdfa823000 nmethod 569 0x00000001126e3fd0 code [0x00000001126e4380, 0x00000001126e5ec0]

GC Heap History (0 events):
No events

Deoptimization events (9 events):
Event: 0.205 Thread 0x00007ffdfa802000 Uncommon trap: reason=unstable_if action=reinterpret pc=0x00000001125b94b0 method=java.lang.String.indexOf([CII[CIII)I @ 134
Event: 0.295 Thread 0x00007ffdfa802000 Uncommon trap: reason=unstable_if action=reinterpret pc=0x00000001125a8804 method=java.lang.String.startsWith(Ljava/lang/String;I)Z @ 25
Event: 0.318 Thread 0x00007ffdfa802000 Uncommon trap: reason=unstable_if action=reinterpret pc=0x0000000112651700 method=org.pitest.reloc.xmlpull.mxp1.MXParser.more()C @ 8
Event: 0.362 Thread 0x00007ffdfa802000 Uncommon trap: reason=unstable_if action=reinterpret pc=0x0000000112638378 method=sun.net.www.ParseUtil.encodePath(Ljava/lang/String;Z)Ljava/lang/String; @ 109
Event: 0.362 Thread 0x00007ffdfa802000 Uncommon trap: reason=unstable_if action=reinterpret pc=0x000000011269a090 method=java.io.UnixFileSystem.normalize(Ljava/lang/String;)Ljava/lang/String; @ 60
Event: 0.395 Thread 0x00007ffdfa802000 Uncommon trap: reason=unstable_if action=reinterpret pc=0x00000001126669f0 method=java.util.HashMap.getNode(ILjava/lang/Object;)Ljava/util/HashMap$Node; @ 62
Event: 0.395 Thread 0x00007ffdfa802000 Uncommon trap: reason=unstable_if action=reinterpret pc=0x000000011264f080 method=java.util.HashMap.getNode(ILjava/lang/Object;)Ljava/util/HashMap$Node; @ 62
Event: 0.429 Thread 0x00007ffdfa802000 Uncommon trap: reason=class_check action=maybe_recompile pc=0x00000001126ca000 method=java.util.HashMap.putVal(ILjava/lang/Object;Ljava/lang/Object;ZZ)Ljava/lang/Object; @ 203
Event: 0.429 Thread 0x00007ffdfa802000 Uncommon trap: reason=class_check action=maybe_recompile pc=0x00000001126ca000 method=java.util.HashMap.putVal(ILjava/lang/Object;Ljava/lang/Object;ZZ)Ljava/lang/Object; @ 203

Internal exceptions (6 events):
Event: 0.035 Thread 0x00007ffdfa802000 Exception <a 'java/lang/NoSuchMethodError': Method sun.misc.Unsafe.defineClass(Ljava/lang/String;[BII)Ljava/lang/Class; name or signature does not match> (0x0000000795587ca8) thrown at [/Users/java_re/workspace/8-2-build-macosx-x86_64/jdk8u144/9417/hotspo
Event: 0.035 Thread 0x00007ffdfa802000 Exception <a 'java/lang/NoSuchMethodError': Method sun.misc.Unsafe.prefetchRead(Ljava/lang/Object;J)V name or signature does not match> (0x0000000795587f90) thrown at [/Users/java_re/workspace/8-2-build-macosx-x86_64/jdk8u144/9417/hotspot/src/share/vm/pri
Event: 0.112 Thread 0x00007ffdfa802000 Exception <a 'java/security/PrivilegedActionException'> (0x0000000795802c50) thrown at [/Users/java_re/workspace/8-2-build-macosx-x86_64/jdk8u144/9417/hotspot/src/share/vm/prims/jvm.cpp, line 1390]
Event: 0.112 Thread 0x00007ffdfa802000 Exception <a 'java/security/PrivilegedActionException'> (0x0000000795802e60) thrown at [/Users/java_re/workspace/8-2-build-macosx-x86_64/jdk8u144/9417/hotspot/src/share/vm/prims/jvm.cpp, line 1390]
Event: 0.112 Thread 0x00007ffdfa802000 Exception <a 'java/security/PrivilegedActionException'> (0x0000000795806378) thrown at [/Users/java_re/workspace/8-2-build-macosx-x86_64/jdk8u144/9417/hotspot/src/share/vm/prims/jvm.cpp, line 1390]
Event: 0.112 Thread 0x00007ffdfa802000 Exception <a 'java/security/PrivilegedActionException'> (0x0000000795806588) thrown at [/Users/java_re/workspace/8-2-build-macosx-x86_64/jdk8u144/9417/hotspot/src/share/vm/prims/jvm.cpp, line 1390]

Events (10 events):
Event: 0.459 loading class org/pitest/reloc/asm/FieldVisitor
Event: 0.459 loading class org/pitest/reloc/asm/FieldVisitor done
Event: 0.461 loading class org/pitest/reloc/asm/FieldWriter
Event: 0.461 loading class org/pitest/reloc/asm/FieldWriter done
Event: 0.461 loading class org/pitest/reloc/asm/AnnotationVisitor
Event: 0.461 loading class org/pitest/reloc/asm/AnnotationVisitor done
Event: 0.463 loading class org/pitest/reloc/asm/AnnotationWriter
Event: 0.463 loading class org/pitest/reloc/asm/AnnotationWriter done
Event: 0.465 loading class org/pitest/mutationtest/engine/gregor/PreMutationMethodAnalyzer$1
Event: 0.465 loading class org/pitest/mutationtest/engine/gregor/PreMutationMethodAnalyzer$1 done


Dynamic libraries:
0x0000000005345000 	/System/Library/Frameworks/Cocoa.framework/Versions/A/Cocoa
0x0000000005345000 	/System/Library/Frameworks/Security.framework/Versions/A/Security
0x0000000005345000 	/System/Library/Frameworks/ApplicationServices.framework/Versions/A/ApplicationServices
0x0000000005345000 	/usr/lib/libz.1.dylib
0x0000000005345000 	/usr/lib/libSystem.B.dylib
0x0000000005345000 	/usr/lib/libobjc.A.dylib
0x0000000005345000 	/System/Library/Frameworks/CoreFoundation.framework/Versions/A/CoreFoundation
0x0000000005345000 	/System/Library/Frameworks/Foundation.framework/Versions/C/Foundation
0x0000000005345000 	/System/Library/Frameworks/AppKit.framework/Versions/C/AppKit
0x0000000005345000 	/System/Library/Frameworks/CoreData.framework/Versions/A/CoreData
0x0000000005345000 	/System/Library/PrivateFrameworks/RemoteViewServices.framework/Versions/A/RemoteViewServices
0x0000000005345000 	/System/Library/PrivateFrameworks/UIFoundation.framework/Versions/A/UIFoundation
0x0000000005345000 	/System/Library/PrivateFrameworks/DFRFoundation.framework/Versions/A/DFRFoundation
0x0000000005345000 	/System/Library/Frameworks/Metal.framework/Versions/A/Metal
0x0000000005345000 	/System/Library/PrivateFrameworks/DesktopServicesPriv.framework/Versions/A/DesktopServicesPriv
0x0000000005345000 	/usr/lib/libenergytrace.dylib
0x0000000005345000 	/System/Library/PrivateFrameworks/SkyLight.framework/Versions/A/SkyLight
0x0000000005345000 	/System/Library/Frameworks/CoreGraphics.framework/Versions/A/CoreGraphics
0x0000000005345000 	/usr/lib/libScreenReader.dylib
0x0000000005345000 	/System/Library/Frameworks/Accelerate.framework/Versions/A/Accelerate
0x0000000005345000 	/System/Library/Frameworks/IOSurface.framework/Versions/A/IOSurface
0x0000000005345000 	/System/Library/Frameworks/AudioToolbox.framework/Versions/A/AudioToolbox
0x0000000005345000 	/System/Library/Frameworks/AudioUnit.framework/Versions/A/AudioUnit
0x0000000005345000 	/System/Library/PrivateFrameworks/DataDetectorsCore.framework/Versions/A/DataDetectorsCore
0x0000000005345000 	/System/Library/Frameworks/Carbon.framework/Versions/A/Frameworks/HIToolbox.framework/Versions/A/HIToolbox
0x0000000005345000 	/usr/lib/libicucore.A.dylib
0x0000000005345000 	/System/Library/Frameworks/QuartzCore.framework/Versions/A/QuartzCore
0x0000000005345000 	/System/Library/Frameworks/Carbon.framework/Versions/A/Frameworks/SpeechRecognition.framework/Versions/A/SpeechRecognition
0x0000000005345000 	/usr/lib/libauto.dylib
0x0000000005345000 	/usr/lib/libxml2.2.dylib
0x0000000005345000 	/System/Library/PrivateFrameworks/CoreUI.framework/Versions/A/CoreUI
0x0000000005345000 	/System/Library/Frameworks/CoreAudio.framework/Versions/A/CoreAudio
0x0000000005345000 	/System/Library/Frameworks/DiskArbitration.framework/Versions/A/DiskArbitration
0x0000000005345000 	/usr/lib/liblangid.dylib
0x0000000005345000 	/System/Library/PrivateFrameworks/MultitouchSupport.framework/Versions/A/MultitouchSupport
0x0000000005345000 	/System/Library/Frameworks/IOKit.framework/Versions/A/IOKit
0x0000000005345000 	/usr/lib/libDiagnosticMessagesClient.dylib
0x0000000005345000 	/System/Library/Frameworks/CoreServices.framework/Versions/A/CoreServices
0x0000000005345000 	/System/Library/PrivateFrameworks/PerformanceAnalysis.framework/Versions/A/PerformanceAnalysis
0x0000000005345000 	/System/Library/Frameworks/OpenGL.framework/Versions/A/OpenGL
0x0000000005345000 	/System/Library/Frameworks/ColorSync.framework/Versions/A/ColorSync
0x0000000005345000 	/System/Library/Frameworks/CoreImage.framework/Versions/A/CoreImage
0x0000000005345000 	/System/Library/Frameworks/CoreText.framework/Versions/A/CoreText
0x0000000005345000 	/System/Library/Frameworks/ImageIO.framework/Versions/A/ImageIO
0x0000000005345000 	/System/Library/PrivateFrameworks/Backup.framework/Versions/A/Backup
0x0000000005345000 	/usr/lib/libarchive.2.dylib
0x0000000005345000 	/System/Library/Frameworks/CFNetwork.framework/Versions/A/CFNetwork
0x0000000005345000 	/System/Library/Frameworks/SystemConfiguration.framework/Versions/A/SystemConfiguration
0x0000000005345000 	/usr/lib/libCRFSuite.dylib
0x0000000005345000 	/usr/lib/libc++.1.dylib
0x0000000005345000 	/usr/lib/libc++abi.dylib
0x0000000005345000 	/usr/lib/system/libcache.dylib
0x0000000005345000 	/usr/lib/system/libcommonCrypto.dylib
0x0000000005345000 	/usr/lib/system/libcompiler_rt.dylib
0x0000000005345000 	/usr/lib/system/libcopyfile.dylib
0x0000000005345000 	/usr/lib/system/libcorecrypto.dylib
0x0000000005345000 	/usr/lib/system/libdispatch.dylib
0x0000000005345000 	/usr/lib/system/libdyld.dylib
0x0000000005345000 	/usr/lib/system/libkeymgr.dylib
0x0000000005345000 	/usr/lib/system/liblaunch.dylib
0x0000000005345000 	/usr/lib/system/libmacho.dylib
0x0000000005345000 	/usr/lib/system/libquarantine.dylib
0x0000000005345000 	/usr/lib/system/libremovefile.dylib
0x0000000005345000 	/usr/lib/system/libsystem_asl.dylib
0x0000000005345000 	/usr/lib/system/libsystem_blocks.dylib
0x0000000005345000 	/usr/lib/system/libsystem_c.dylib
0x0000000005345000 	/usr/lib/system/libsystem_configuration.dylib
0x0000000005345000 	/usr/lib/system/libsystem_coreservices.dylib
0x0000000005345000 	/usr/lib/system/libsystem_darwin.dylib
0x0000000005345000 	/usr/lib/system/libsystem_dnssd.dylib
0x0000000005345000 	/usr/lib/system/libsystem_info.dylib
0x0000000005345000 	/usr/lib/system/libsystem_m.dylib
0x0000000005345000 	/usr/lib/system/libsystem_malloc.dylib
0x0000000005345000 	/usr/lib/system/libsystem_network.dylib
0x0000000005345000 	/usr/lib/system/libsystem_networkextension.dylib
0x0000000005345000 	/usr/lib/system/libsystem_notify.dylib
0x0000000005345000 	/usr/lib/system/libsystem_sandbox.dylib
0x0000000005345000 	/usr/lib/system/libsystem_secinit.dylib
0x0000000005345000 	/usr/lib/system/libsystem_kernel.dylib
0x0000000005345000 	/usr/lib/system/libsystem_platform.dylib
0x0000000005345000 	/usr/lib/system/libsystem_pthread.dylib
0x0000000005345000 	/usr/lib/system/libsystem_symptoms.dylib
0x0000000005345000 	/usr/lib/system/libsystem_trace.dylib
0x0000000005345000 	/usr/lib/system/libunwind.dylib
0x0000000005345000 	/usr/lib/system/libxpc.dylib
0x0000000005345000 	/usr/lib/closure/libclosured.dylib
0x0000000005345000 	/usr/lib/libbsm.0.dylib
0x0000000005345000 	/usr/lib/system/libkxld.dylib
0x0000000005345000 	/usr/lib/libOpenScriptingUtil.dylib
0x0000000005345000 	/usr/lib/libcoretls.dylib
0x0000000005345000 	/usr/lib/libcoretls_cfhelpers.dylib
0x0000000005345000 	/usr/lib/libpam.2.dylib
0x0000000005345000 	/usr/lib/libsqlite3.dylib
0x0000000005345000 	/usr/lib/libxar.1.dylib
0x0000000005345000 	/usr/lib/libbz2.1.0.dylib
0x0000000005345000 	/usr/lib/liblzma.5.dylib
0x0000000005345000 	/usr/lib/libnetwork.dylib
0x0000000005345000 	/usr/lib/libapple_nghttp2.dylib
0x0000000005345000 	/usr/lib/libpcap.A.dylib
0x0000000005345000 	/usr/lib/libboringssl.dylib
0x0000000005345000 	/usr/lib/libusrtcp.dylib
0x0000000005345000 	/usr/lib/libapple_crypto.dylib
0x0000000005345000 	/System/Library/Frameworks/CoreServices.framework/Versions/A/Frameworks/FSEvents.framework/Versions/A/FSEvents
0x0000000005345000 	/System/Library/Frameworks/CoreServices.framework/Versions/A/Frameworks/CarbonCore.framework/Versions/A/CarbonCore
0x0000000005345000 	/System/Library/Frameworks/CoreServices.framework/Versions/A/Frameworks/Metadata.framework/Versions/A/Metadata
0x0000000005345000 	/System/Library/Frameworks/CoreServices.framework/Versions/A/Frameworks/OSServices.framework/Versions/A/OSServices
0x0000000005345000 	/System/Library/Frameworks/CoreServices.framework/Versions/A/Frameworks/SearchKit.framework/Versions/A/SearchKit
0x0000000005345000 	/System/Library/Frameworks/CoreServices.framework/Versions/A/Frameworks/AE.framework/Versions/A/AE
0x0000000005345000 	/System/Library/Frameworks/CoreServices.framework/Versions/A/Frameworks/LaunchServices.framework/Versions/A/LaunchServices
0x0000000005345000 	/System/Library/Frameworks/CoreServices.framework/Versions/A/Frameworks/DictionaryServices.framework/Versions/A/DictionaryServices
0x0000000005345000 	/System/Library/Frameworks/CoreServices.framework/Versions/A/Frameworks/SharedFileList.framework/Versions/A/SharedFileList
0x0000000005345000 	/System/Library/Frameworks/NetFS.framework/Versions/A/NetFS
0x0000000005345000 	/System/Library/PrivateFrameworks/NetAuth.framework/Versions/A/NetAuth
0x0000000005345000 	/System/Library/PrivateFrameworks/login.framework/Versions/A/Frameworks/loginsupport.framework/Versions/A/loginsupport
0x0000000005345000 	/System/Library/PrivateFrameworks/TCC.framework/Versions/A/TCC
0x0000000005345000 	/usr/lib/libmecabra.dylib
0x0000000005345000 	/System/Library/Frameworks/ApplicationServices.framework/Versions/A/Frameworks/ATS.framework/Versions/A/ATS
0x0000000005345000 	/System/Library/Frameworks/ApplicationServices.framework/Versions/A/Frameworks/ColorSyncLegacy.framework/Versions/A/ColorSyncLegacy
0x0000000005345000 	/System/Library/Frameworks/ApplicationServices.framework/Versions/A/Frameworks/HIServices.framework/Versions/A/HIServices
0x0000000005345000 	/System/Library/Frameworks/ApplicationServices.framework/Versions/A/Frameworks/LangAnalysis.framework/Versions/A/LangAnalysis
0x0000000005345000 	/System/Library/Frameworks/ApplicationServices.framework/Versions/A/Frameworks/PrintCore.framework/Versions/A/PrintCore
0x0000000005345000 	/System/Library/Frameworks/ApplicationServices.framework/Versions/A/Frameworks/QD.framework/Versions/A/QD
0x0000000005345000 	/System/Library/Frameworks/ApplicationServices.framework/Versions/A/Frameworks/SpeechSynthesis.framework/Versions/A/SpeechSynthesis
0x0000000005345000 	/System/Library/Frameworks/CoreDisplay.framework/Versions/A/CoreDisplay
0x0000000005345000 	/System/Library/Frameworks/Accelerate.framework/Versions/A/Frameworks/vImage.framework/Versions/A/vImage
0x0000000005345000 	/System/Library/Frameworks/Accelerate.framework/Versions/A/Frameworks/vecLib.framework/Versions/A/vecLib
0x0000000005345000 	/System/Library/Frameworks/Accelerate.framework/Versions/A/Frameworks/vecLib.framework/Versions/A/libvDSP.dylib
0x0000000005345000 	/System/Library/Frameworks/Accelerate.framework/Versions/A/Frameworks/vecLib.framework/Versions/A/libBNNS.dylib
0x0000000005345000 	/System/Library/Frameworks/Accelerate.framework/Versions/A/Frameworks/vecLib.framework/Versions/A/libQuadrature.dylib
0x0000000005345000 	/System/Library/Frameworks/Accelerate.framework/Versions/A/Frameworks/vecLib.framework/Versions/A/libvMisc.dylib
0x0000000005345000 	/System/Library/Frameworks/Accelerate.framework/Versions/A/Frameworks/vecLib.framework/Versions/A/libLAPACK.dylib
0x0000000005345000 	/System/Library/Frameworks/Accelerate.framework/Versions/A/Frameworks/vecLib.framework/Versions/A/libBLAS.dylib
0x0000000005345000 	/System/Library/Frameworks/Accelerate.framework/Versions/A/Frameworks/vecLib.framework/Versions/A/libLinearAlgebra.dylib
0x0000000005345000 	/System/Library/Frameworks/Accelerate.framework/Versions/A/Frameworks/vecLib.framework/Versions/A/libSparse.dylib
0x0000000005345000 	/System/Library/Frameworks/Accelerate.framework/Versions/A/Frameworks/vecLib.framework/Versions/A/libSparseBLAS.dylib
0x0000000005345000 	/System/Library/PrivateFrameworks/IOAccelerator.framework/Versions/A/IOAccelerator
0x0000000005345000 	/System/Library/PrivateFrameworks/IOPresentment.framework/Versions/A/IOPresentment
0x0000000005345000 	/System/Library/PrivateFrameworks/DSExternalDisplay.framework/Versions/A/DSExternalDisplay
0x0000000005345000 	/System/Library/Frameworks/OpenGL.framework/Versions/A/Libraries/libCoreFSCache.dylib
0x0000000005345000 	/System/Library/Frameworks/CoreVideo.framework/Versions/A/CoreVideo
0x0000000005345000 	/System/Library/PrivateFrameworks/GraphVisualizer.framework/Versions/A/GraphVisualizer
0x0000000005345000 	/System/Library/Frameworks/MetalPerformanceShaders.framework/Versions/A/MetalPerformanceShaders
0x0000000005345000 	/usr/lib/libFosl_dynamic.dylib
0x0000000005345000 	/System/Library/PrivateFrameworks/FaceCore.framework/Versions/A/FaceCore
0x0000000005345000 	/System/Library/Frameworks/OpenCL.framework/Versions/A/OpenCL
0x0000000005345000 	/usr/lib/libcompression.dylib
0x0000000005345000 	/System/Library/Frameworks/ApplicationServices.framework/Versions/A/Frameworks/ATS.framework/Versions/A/Resources/libFontParser.dylib
0x0000000005345000 	/System/Library/Frameworks/ApplicationServices.framework/Versions/A/Frameworks/ATS.framework/Versions/A/Resources/libFontRegistry.dylib
0x0000000005345000 	/System/Library/Frameworks/ImageIO.framework/Versions/A/Resources/libJPEG.dylib
0x0000000005345000 	/System/Library/Frameworks/ImageIO.framework/Versions/A/Resources/libTIFF.dylib
0x0000000005345000 	/System/Library/Frameworks/ImageIO.framework/Versions/A/Resources/libPng.dylib
0x0000000005345000 	/System/Library/Frameworks/ImageIO.framework/Versions/A/Resources/libGIF.dylib
0x0000000005345000 	/System/Library/Frameworks/ImageIO.framework/Versions/A/Resources/libJP2.dylib
0x0000000005345000 	/System/Library/Frameworks/ImageIO.framework/Versions/A/Resources/libRadiance.dylib
0x0000000005345000 	/System/Library/PrivateFrameworks/AppleJPEG.framework/Versions/A/AppleJPEG
0x0000000005345000 	/System/Library/PrivateFrameworks/MetalTools.framework/Versions/A/MetalTools
0x0000000005345000 	/System/Library/Frameworks/MetalPerformanceShaders.framework/Frameworks/MPSCore.framework/Versions/A/MPSCore
0x0000000005345000 	/System/Library/Frameworks/MetalPerformanceShaders.framework/Frameworks/MPSImage.framework/Versions/A/MPSImage
0x0000000005345000 	/System/Library/Frameworks/MetalPerformanceShaders.framework/Frameworks/MPSMatrix.framework/Versions/A/MPSMatrix
0x0000000005345000 	/System/Library/Frameworks/MetalPerformanceShaders.framework/Frameworks/MPSNeuralNetwork.framework/Versions/A/MPSNeuralNetwork
0x0000000005345000 	/System/Library/Frameworks/OpenGL.framework/Versions/A/Libraries/libGLU.dylib
0x0000000005345000 	/System/Library/Frameworks/OpenGL.framework/Versions/A/Libraries/libGFXShared.dylib
0x0000000005345000 	/System/Library/Frameworks/OpenGL.framework/Versions/A/Libraries/libGL.dylib
0x0000000005345000 	/System/Library/Frameworks/OpenGL.framework/Versions/A/Libraries/libGLImage.dylib
0x0000000005345000 	/System/Library/Frameworks/OpenGL.framework/Versions/A/Libraries/libCVMSPluginSupport.dylib
0x0000000005345000 	/System/Library/Frameworks/OpenGL.framework/Versions/A/Libraries/libCoreVMClient.dylib
0x0000000005345000 	/usr/lib/libcups.2.dylib
0x0000000005345000 	/System/Library/Frameworks/Kerberos.framework/Versions/A/Kerberos
0x0000000005345000 	/System/Library/Frameworks/GSS.framework/Versions/A/GSS
0x0000000005345000 	/usr/lib/libresolv.9.dylib
0x0000000005345000 	/usr/lib/libiconv.2.dylib
0x0000000005345000 	/System/Library/PrivateFrameworks/Heimdal.framework/Versions/A/Heimdal
0x0000000005345000 	/usr/lib/libheimdal-asn1.dylib
0x0000000005345000 	/System/Library/Frameworks/OpenDirectory.framework/Versions/A/OpenDirectory
0x0000000005345000 	/System/Library/PrivateFrameworks/CommonAuth.framework/Versions/A/CommonAuth
0x0000000005345000 	/System/Library/Frameworks/OpenDirectory.framework/Versions/A/Frameworks/CFOpenDirectory.framework/Versions/A/CFOpenDirectory
0x0000000005345000 	/System/Library/Frameworks/SecurityFoundation.framework/Versions/A/SecurityFoundation
0x0000000005345000 	/System/Library/PrivateFrameworks/APFS.framework/Versions/A/APFS
0x0000000005345000 	/usr/lib/libutil.dylib
0x0000000005345000 	/System/Library/PrivateFrameworks/AppleSauce.framework/Versions/A/AppleSauce
0x0000000005345000 	/System/Library/PrivateFrameworks/LinguisticData.framework/Versions/A/LinguisticData
0x0000000005345000 	/usr/lib/libmarisa.dylib
0x0000000005345000 	/System/Library/PrivateFrameworks/Lexicon.framework/Versions/A/Lexicon
0x0000000005345000 	/usr/lib/libChineseTokenizer.dylib
0x0000000005345000 	/usr/lib/libcmph.dylib
0x0000000005345000 	/System/Library/PrivateFrameworks/LanguageModeling.framework/Versions/A/LanguageModeling
0x0000000005345000 	/System/Library/PrivateFrameworks/CoreEmoji.framework/Versions/A/CoreEmoji
0x0000000005345000 	/System/Library/Frameworks/ServiceManagement.framework/Versions/A/ServiceManagement
0x0000000005345000 	/System/Library/PrivateFrameworks/BackgroundTaskManagement.framework/Versions/A/BackgroundTaskManagement
0x0000000005345000 	/usr/lib/libxslt.1.dylib
0x0000000005345000 	/System/Library/Frameworks/Carbon.framework/Versions/A/Frameworks/Ink.framework/Versions/A/Ink
0x0000000005345000 	/System/Library/PrivateFrameworks/TextureIO.framework/Versions/A/TextureIO
0x0000000005345000 	/usr/lib/libate.dylib
0x0000000005345000 	/System/Library/PrivateFrameworks/CrashReporterSupport.framework/Versions/A/CrashReporterSupport
0x0000000005345000 	/System/Library/PrivateFrameworks/Sharing.framework/Versions/A/Sharing
0x0000000005345000 	/System/Library/PrivateFrameworks/IconServices.framework/Versions/A/IconServices
0x0000000005345000 	/System/Library/PrivateFrameworks/ProtocolBuffer.framework/Versions/A/ProtocolBuffer
0x0000000005345000 	/System/Library/PrivateFrameworks/Apple80211.framework/Versions/A/Apple80211
0x0000000005345000 	/System/Library/Frameworks/CoreWLAN.framework/Versions/A/CoreWLAN
0x0000000005345000 	/System/Library/PrivateFrameworks/CoreUtils.framework/Versions/A/CoreUtils
0x0000000005345000 	/System/Library/Frameworks/IOBluetooth.framework/Versions/A/IOBluetooth
0x0000000005345000 	/System/Library/PrivateFrameworks/CoreWiFi.framework/Versions/A/CoreWiFi
0x0000000005345000 	/System/Library/Frameworks/CoreBluetooth.framework/Versions/A/CoreBluetooth
0x0000000005345000 	/System/Library/PrivateFrameworks/SignpostNotification.framework/Versions/A/SignpostNotification
0x0000000005345000 	/System/Library/PrivateFrameworks/DebugSymbols.framework/Versions/A/DebugSymbols
0x0000000005345000 	/System/Library/PrivateFrameworks/CoreSymbolication.framework/Versions/A/CoreSymbolication
0x0000000005345000 	/System/Library/PrivateFrameworks/Symbolication.framework/Versions/A/Symbolication
0x0000000005345000 	/System/Library/PrivateFrameworks/AppleFSCompression.framework/Versions/A/AppleFSCompression
0x0000000005345000 	/System/Library/PrivateFrameworks/SpeechRecognitionCore.framework/Versions/A/SpeechRecognitionCore
0x0000000104400000 	/Library/Java/JavaVirtualMachines/jdk1.8.0_144.jdk/Contents/Home/jre/lib/server/libjvm.dylib
0x0000000005345000 	/usr/lib/libstdc++.6.0.9.dylib
0x0000000103aca000 	/Library/Java/JavaVirtualMachines/jdk1.8.0_144.jdk/Contents/Home/jre/lib/libverify.dylib
0x0000000103ad8000 	/Library/Java/JavaVirtualMachines/jdk1.8.0_144.jdk/Contents/Home/jre/lib/libjava.dylib
0x0000000103b0e000 	/Library/Java/JavaVirtualMachines/jdk1.8.0_144.jdk/Contents/Home/jre/lib/libinstrument.dylib
0x0000000103bac000 	/Library/Java/JavaVirtualMachines/jdk1.8.0_144.jdk/Contents/Home/jre/lib/libzip.dylib
0x0000000005345000 	/System/Library/Frameworks/JavaVM.framework/Versions/A/Frameworks/JavaRuntimeSupport.framework/Versions/A/JavaRuntimeSupport
0x0000000005345000 	/System/Library/Frameworks/JavaVM.framework/Versions/A/Frameworks/JavaNativeFoundation.framework/Versions/A/JavaNativeFoundation
0x0000000005345000 	/System/Library/Frameworks/JavaVM.framework/Versions/A/JavaVM
0x0000000005345000 	/System/Library/Frameworks/Carbon.framework/Versions/A/Carbon
0x0000000005345000 	/System/Library/PrivateFrameworks/JavaLaunching.framework/Versions/A/JavaLaunching
0x0000000005345000 	/System/Library/Frameworks/Carbon.framework/Versions/A/Frameworks/CommonPanels.framework/Versions/A/CommonPanels
0x0000000005345000 	/System/Library/Frameworks/Carbon.framework/Versions/A/Frameworks/Help.framework/Versions/A/Help
0x0000000005345000 	/System/Library/Frameworks/Carbon.framework/Versions/A/Frameworks/ImageCapture.framework/Versions/A/ImageCapture
0x0000000005345000 	/System/Library/Frameworks/Carbon.framework/Versions/A/Frameworks/OpenScripting.framework/Versions/A/OpenScripting
0x0000000005345000 	/System/Library/Frameworks/Carbon.framework/Versions/A/Frameworks/Print.framework/Versions/A/Print
0x0000000005345000 	/System/Library/Frameworks/Carbon.framework/Versions/A/Frameworks/SecurityHI.framework/Versions/A/SecurityHI
0x000000010d695000 	/Library/Java/JavaVirtualMachines/jdk1.8.0_144.jdk/Contents/Home/jre/lib/libnet.dylib
0x000000010d6f4000 	/Library/Java/JavaVirtualMachines/jdk1.8.0_144.jdk/Contents/Home/jre/lib/libmanagement.dylib

VM Arguments:
jvm_args: -javaagent:/var/folders/gr/dwg48kds009grnhmj1qtm04m0000gn/T/15223736443710868531177679639286684624602329654.jar -Dclassworlds.conf=/Library/Java/JavaVirtualMachines/apache-maven-3.5.2/bin/m2.conf -Dmaven.home=/Library/Java/JavaVirtualMachines/apache-maven-3.5.2 -Dlibrary.jansi.path=/Library/Java/JavaVirtualMachines/apache-maven-3.5.2/lib/jansi-native -Dmaven.multiModuleProjectDirectory=/Users/cristhian/Documents/repos/Tfg-GUI/GUI/proyectoJAVA 
java_command: org.pitest.mutationtest.execute.MutationTestSlave 8092
java_class_path (initial): :/Users/cristhian/Documents/repos/Tfg-GUI/GUI/proyectoJAVA/target/test-classes:/Users/cristhian/Documents/repos/Tfg-GUI/GUI/proyectoJAVA/target/classes:/Users/cristhian/.m2/repository/junit/junit/4.12/junit-4.12.jar:/Users/cristhian/.m2/repository/org/hamcrest/hamcrest-core/1.3/hamcrest-core-1.3.jar:/Users/cristhian/.m2/repository/org/easytesting/fest-assert-core/2.0M10/fest-assert-core-2.0M10.jar:/Users/cristhian/.m2/repository/org/easytesting/fest-util/1.2.5/fest-util-1.2.5.jar:/Users/cristhian/.m2/repository/org/easytesting/fest-reflect/1.4/fest-reflect-1.4.jar:/Users/cristhian/.m2/repository/org/pitest/pitest/1.1.5/pitest-1.1.5.jar:/var/folders/gr/dwg48kds009grnhmj1qtm04m0000gn/T/15223736443710868531177679639286684624602329654.jar
Launcher Type: SUN_STANDARD

Environment Variables:
CLASSPATH=:/Users/cristhian/Documents/repos/Tfg-GUI/GUI/proyectoJAVA/target/test-classes:/Users/cristhian/Documents/repos/Tfg-GUI/GUI/proyectoJAVA/target/classes:/Users/cristhian/.m2/repository/junit/junit/4.12/junit-4.12.jar:/Users/cristhian/.m2/repository/org/hamcrest/hamcrest-core/1.3/hamcrest-core-1.3.jar:/Users/cristhian/.m2/repository/org/easytesting/fest-assert-core/2.0M10/fest-assert-core-2.0M10.jar:/Users/cristhian/.m2/repository/org/easytesting/fest-util/1.2.5/fest-util-1.2.5.jar:/Users/cristhian/.m2/repository/org/easytesting/fest-reflect/1.4/fest-reflect-1.4.jar:/Users/cristhian/.m2/repository/org/pitest/pitest/1.1.5/pitest-1.1.5.jar
PATH=/Library/Java/JavaVirtualMachines/apache-maven-3.5.2/bin:/Library/Java/JavaVirtualMachines/jdk1.8.0_144.jdk/Contents/Home/bin:/Library/Java/JavaVirtualMachines/major/bin:/usr/local/bin:/usr/bin:/bin:/usr/sbin:/sbin:/Applications/VMware Fusion.app/Contents/Public:/Library/Java/JavaVirtualMachines/apache-maven-3.5.2/bin:/Library/Java/JavaVirtualMachines/jdk1.8.0_144.jdk/Contents/Home/bin:/Library/Java/JavaVirtualMachines/major/bin
SHELL=/bin/bash

Signal Handlers:
SIGSEGV: [libjvm.dylib+0x5b26e5], sa_mask[0]=11111111011111110111111111111111, sa_flags=SA_ONSTACK|SA_RESTART|SA_SIGINFO
SIGBUS: [libjvm.dylib+0x5b26e5], sa_mask[0]=11111111011111110111111111111111, sa_flags=SA_RESTART|SA_SIGINFO
SIGFPE: [libjvm.dylib+0x489100], sa_mask[0]=11111111011111110111111111111111, sa_flags=SA_RESTART|SA_SIGINFO
SIGPIPE: [libjvm.dylib+0x489100], sa_mask[0]=11111111011111110111111111111111, sa_flags=SA_RESTART|SA_SIGINFO
SIGXFSZ: [libjvm.dylib+0x489100], sa_mask[0]=11111111011111110111111111111111, sa_flags=SA_RESTART|SA_SIGINFO
SIGILL: [libjvm.dylib+0x489100], sa_mask[0]=11111111011111110111111111111111, sa_flags=SA_RESTART|SA_SIGINFO
SIGUSR1: SIG_DFL, sa_mask[0]=11111111011111110111111111111111, sa_flags=none
SIGUSR2: [libjvm.dylib+0x488c1e], sa_mask[0]=00100000000000000000000000000000, sa_flags=SA_RESTART|SA_SIGINFO
SIGHUP: [libjvm.dylib+0x4871f5], sa_mask[0]=11111111011111110111111111111111, sa_flags=SA_RESTART|SA_SIGINFO
SIGINT: [libjvm.dylib+0x4871f5], sa_mask[0]=11111111011111110111111111111111, sa_flags=SA_RESTART|SA_SIGINFO
SIGTERM: [libjvm.dylib+0x4871f5], sa_mask[0]=11111111011111110111111111111111, sa_flags=SA_RESTART|SA_SIGINFO
SIGQUIT: [libjvm.dylib+0x4871f5], sa_mask[0]=11111111011111110111111111111111, sa_flags=SA_RESTART|SA_SIGINFO


---------------  S Y S T E M  ---------------

OS:Bsduname:Darwin 17.4.0 Darwin Kernel Version 17.4.0: Sun Dec 17 09:19:54 PST 2017; root:xnu-4570.41.2~1/RELEASE_X86_64 x86_64
rlimit: STACK 8192k, CORE 0k, NPROC 709, NOFILE 10240, AS infinity
load average:4.88 2.88 2.59

CPU:total 4 (initial active 4) (2 cores per cpu, 2 threads per core) family 6 model 142 stepping 9, cmov, cx8, fxsr, mmx, sse, sse2, sse3, ssse3, sse4.1, sse4.2, popcnt, avx, avx2, aes, clmul, erms, rtm, 3dnowpref, lzcnt, ht, tsc, tscinvbit, bmi1, bmi2, adx

Memory: 4k page, physical 8388608k(84332k free)

/proc/meminfo:


vm_info: Java HotSpot(TM) 64-Bit Server VM (25.144-b01) for bsd-amd64 JRE (1.8.0_144-b01), built on Jul 21 2017 22:07:42 by "java_re" with gcc 4.2.1 (Based on Apple Inc. build 5658) (LLVM build 2336.11.00)

time: Fri Mar 30 03:34:13 2018
elapsed time: 0 seconds (0d 0h 0m 0s)

