#
# A fatal error has been detected by the Java Runtime Environment:
#
#  SIGSEGV (0xb) at pc=0x0000000104331c4c, pid=8594, tid=0x0000000000000307
#
# JRE version: Java(TM) SE Runtime Environment (8.0_144-b01) (build 1.8.0_144-b01)
# Java VM: Java HotSpot(TM) 64-Bit Server VM (25.144-b01 mixed mode bsd-amd64 compressed oops)
# Problematic frame:
# V  [libjvm.dylib+0x488c4c]  SR_handler(int, __siginfo*, __darwin_ucontext*)+0x2e
#
# Failed to write core dump. Core dumps have been disabled. To enable core dumping, try "ulimit -c unlimited" before starting Java again
#
# If you would like to submit a bug report, please visit:
#   http://bugreport.java.com/bugreport/crash.jsp
#

---------------  T H R E A D  ---------------

Current thread is native thread

siginfo: si_signo: 11 (SIGSEGV), si_code: 1 (SEGV_MAPERR), si_addr: 0x0000000000000128

Registers:
RAX=0x0000000000000000, RBX=0x00007ffeebd8d0f0, RCX=0x00007fff8d6df388, RDX=0x00007ffeebd8d0f0
RSP=0x00007ffeebd8cc20, RBP=0x00007ffeebd8cc50, RSI=0x00007ffeebd8d088, RDI=0x0000000000000109
R8 =0x00007ffeebd8d0f0, R9 =0x00000000ffffffff, R10=0x0000000000000c00, R11=0x0000000000000206
R12=0x0000000000000c00, R13=0x0000000007000806, R14=0x00007ffeebd8d088, R15=0x0000000000000002
RIP=0x0000000104331c4c, EFLAGS=0x0000000000010206, ERR=0x0000000000000004
  TRAPNO=0x000000000000000e

Top of Stack: (sp=0x00007ffeebd8cc20)
0x00007ffeebd8cc20:   0000000059d3255a 00007ffeebd8d0f0
0x00007ffeebd8cc30:   0000000000000c00 0000000007000806
0x00007ffeebd8cc40:   00007ffeebd8d360 00000000ffffffff
0x00007ffeebd8cc50:   00007ffeebd8cc60 00007fff5490af5a
0x00007ffeebd8cc60:   00007ffeebd8d200 00007fff53a8d5b1
0x00007ffeebd8cc70:   00007fff870f4300 0000000000000000
0x00007ffeebd8cc80:   0100001f00000085 00007fff870ef3c0
0x00007ffeebd8cc90:   0000000010004005 0000000007000806
0x00007ffeebd8cca0:   00007ffeebd8d1a8 0000000000000000
0x00007ffeebd8ccb0:   00007ffeebd8d360 0000000007000806
0x00007ffeebd8ccc0:   00007ffeebd8d200 00007ffeebd8d1a8
0x00007ffeebd8ccd0:   0000000000001103 00000000ffffffff
0x00007ffeebd8cce0:   0000000000000c00 0000000000000206
0x00007ffeebd8ccf0:   0000000000000c00 0000000007000806
0x00007ffeebd8cd00:   00007ffeebd8d360 00000000ffffffff
0x00007ffeebd8cd10:   00007fff547cf7c2 0000000000000206
0x00007ffeebd8cd20:   0000000000000007 0000000000000000
0x00007ffeebd8cd30:   0000000000000000 0000000000000000
0x00007ffeebd8cd40:   000000000000037f 0000000000000000
0x00007ffeebd8cd50:   0000000000000000 0000ffff00001fa1
0x00007ffeebd8cd60:   000000000002cd37 000000000000ffff
0x00007ffeebd8cd70:   0001ffffed351bef 000000000000ffff
0x00007ffeebd8cd80:   000000000001ffff 000000000000ffff
0x00007ffeebd8cd90:   0000000000000000 0000000000000000
0x00007ffeebd8cda0:   0000000000000000 0000000000000000
0x00007ffeebd8cdb0:   00000000ff73ff94 000000000000ffff
0x00007ffeebd8cdc0:   000000000123e452 000000000000ffff
0x00007ffeebd8cdd0:   00000000ff700000 000000000000ffff
0x00007ffeebd8cde0:   41c04355247bcfe6 0000000000000000
0x00007ffeebd8cdf0:   3feef3f961804d98 0000000000000000
0x00007ffeebd8ce00:   4415af1d78b58c40 0000000000000000
0x00007ffeebd8ce10:   c3e0000000000000 0000000000000000 

Instructions: (pc=0x0000000104331c4c)
0x0000000104331c2c:   83 ec 08 48 89 d3 49 89 f6 e8 f0 33 14 00 44 8b
0x0000000104331c3c:   38 48 8d 05 1c f6 3a 00 48 63 38 e8 c0 36 14 00
0x0000000104331c4c:   4c 8b a0 28 01 00 00 41 83 7c 24 34 01 0f 85 e2
0x0000000104331c5c:   00 00 00 49 89 5c 24 40 4d 89 74 24 38 49 8d 5c 

Register to memory mapping:

RAX=0x0000000000000000 is an unknown value
RBX=0x00007ffeebd8d0f0 is an unknown value
RCX=0x00007fff8d6df388: _thread+0x48 in /usr/lib/system/libsystem_pthread.dylib at 0x00007fff54911000
RDX=0x00007ffeebd8d0f0 is an unknown value
RSP=0x00007ffeebd8cc20 is an unknown value
RBP=0x00007ffeebd8cc50 is an unknown value
RSI=0x00007ffeebd8d088 is an unknown value
RDI=0x0000000000000109 is an unknown value
R8 =0x00007ffeebd8d0f0 is an unknown value
R9 =0x00000000ffffffff is an unknown value
R10=0x0000000000000c00 is an unknown value
R11=0x0000000000000206 is an unknown value
R12=0x0000000000000c00 is an unknown value
R13=0x0000000007000806 is an unknown value
R14=0x00007ffeebd8d088 is an unknown value
R15=0x0000000000000002 is an unknown value


Stack: [0x00007ffeeb590000,0x00007ffeebd90000],  sp=0x00007ffeebd8cc20,  free space=8179k
Native frames: (J=compiled Java code, j=interpreted, Vv=VM code, C=native code)
V  [libjvm.dylib+0x488c4c]  SR_handler(int, __siginfo*, __darwin_ucontext*)+0x2e
C  [libsystem_platform.dylib+0x1f5a]  _sigtramp+0x1a
C  [libobjc.A.dylib+0x85b1]  _objc_fetch_pthread_data+0x22
C  [CoreFoundation+0x86575]  __CFRunLoopServiceMachPort+0x155
C  [CoreFoundation+0x858c7]  __CFRunLoopRun+0x6f7
C  [CoreFoundation+0x84f43]  CFRunLoopRunSpecific+0x1e3
C  [java+0x6465]  CreateExecutionEnvironment+0x367
C  [java+0x218c]  JLI_Launch+0x7a0
C  [java+0x84c2]  main+0x65
C  [java+0x19e4]  start+0x34


---------------  P R O C E S S  ---------------

VM state:not at safepoint (normal execution)

VM Mutex/Monitor currently owned by a thread: None

Heap:
 PSYoungGen      total 59904K, used 29396K [0x0000000795580000, 0x0000000799b00000, 0x00000007c0000000)
  eden space 48640K, 52% used [0x0000000795580000,0x0000000796e851a0,0x0000000798500000)
  from space 11264K, 33% used [0x0000000799000000,0x00000007993b0040,0x0000000799b00000)
  to   space 11264K, 0% used [0x0000000798500000,0x0000000798500000,0x0000000799000000)
 ParOldGen       total 65024K, used 13084K [0x0000000740000000, 0x0000000743f80000, 0x0000000795580000)
  object space 65024K, 20% used [0x0000000740000000,0x0000000740cc7130,0x0000000743f80000)
 Metaspace       used 27811K, capacity 28548K, committed 28928K, reserved 1075200K
  class space    used 3476K, capacity 3715K, committed 3840K, reserved 1048576K

Card table byte_map: [0x0000000105bc0000,0x0000000105fc1000] byte_map_base: 0x00000001021c0000

Marking Bits: (ParMarkBitMap*) 0x000000010479c5d0
 Begin Bits: [0x000000010626c000, 0x000000010826c000)
 End Bits:   [0x000000010826c000, 0x000000010a26c000)

Polling page: 0x0000000104e93000

CodeCache: size=245760Kb used=9718Kb max_used=10007Kb free=236041Kb
 bounds [0x000000010b337000, 0x000000010bd07000, 0x000000011a337000]
 total_blobs=3773 nmethods=3346 adapters=340
 compilation: enabled

Compilation events (10 events):
Event: 28.589 Thread 0x00007fcde5014000 3742       3       org.pitest.mutationtest.engine.gregor.config.Mutator$1::compare (16 bytes)
Event: 28.590 Thread 0x00007fcde5014000 nmethod 3742 0x000000010b534ed0 code [0x000000010b535060, 0x000000010b535408]
Event: 28.632 Thread 0x00007fcde6044000 nmethod 3737 0x000000010b9c5b50 code [0x000000010b9c5ec0, 0x000000010b9c7530]
Event: 28.632 Thread 0x00007fcde6044000 3738       4       java.lang.String::regionMatches (149 bytes)
Event: 28.657 Thread 0x00007fcde6044000 nmethod 3738 0x000000010b556550 code [0x000000010b5566e0, 0x000000010b556ef8]
Event: 28.657 Thread 0x00007fcde6044000 3746   !   4       sun.misc.URLClassPath$JarLoader::getResource (85 bytes)
Event: 28.849 Thread 0x00007fcde5014000 3749       3       org.pitest.reloc.asm.ClassReader::a (194 bytes)
Event: 28.850 Thread 0x00007fcde5014000 nmethod 3749 0x000000010b4c0090 code [0x000000010b4c0220, 0x000000010b4c06c8]
Event: 28.851 Thread 0x00007fcde5014000 3750       3       org.pitest.reloc.asm.ClassReader::readUTF8 (60 bytes)
Event: 28.852 Thread 0x00007fcde5014000 nmethod 3750 0x000000010b875d90 code [0x000000010b875f40, 0x000000010b8764e8]

GC Heap History (10 events):
Event: 16.507 GC heap before
{Heap before GC invocations=5 (full 0):
 PSYoungGen      total 38400K, used 38384K [0x0000000795580000, 0x0000000798000000, 0x00000007c0000000)
  eden space 33280K, 100% used [0x0000000795580000,0x0000000797600000,0x0000000797600000)
  from space 5120K, 99% used [0x0000000797b00000,0x0000000797ffc030,0x0000000798000000)
  to   space 5120K, 0% used [0x0000000797600000,0x0000000797600000,0x0000000797b00000)
 ParOldGen       total 87552K, used 6352K [0x0000000740000000, 0x0000000745580000, 0x0000000795580000)
  object space 87552K, 7% used [0x0000000740000000,0x00000007406340c8,0x0000000745580000)
 Metaspace       used 20470K, capacity 20986K, committed 21120K, reserved 1067008K
  class space    used 2519K, capacity 2675K, committed 2688K, reserved 1048576K
Event: 16.541 GC heap after
Heap after GC invocations=5 (full 0):
 PSYoungGen      total 37888K, used 5120K [0x0000000795580000, 0x0000000798880000, 0x00000007c0000000)
  eden space 32768K, 0% used [0x0000000795580000,0x0000000795580000,0x0000000797580000)
  from space 5120K, 100% used [0x0000000797600000,0x0000000797b00000,0x0000000797b00000)
  to   space 9728K, 0% used [0x0000000797f00000,0x0000000797f00000,0x0000000798880000)
 ParOldGen       total 87552K, used 9410K [0x0000000740000000, 0x0000000745580000, 0x0000000795580000)
  object space 87552K, 10% used [0x0000000740000000,0x0000000740930bc8,0x0000000745580000)
 Metaspace       used 20470K, capacity 20986K, committed 21120K, reserved 1067008K
  class space    used 2519K, capacity 2675K, committed 2688K, reserved 1048576K
}
Event: 16.975 GC heap before
{Heap before GC invocations=6 (full 0):
 PSYoungGen      total 37888K, used 15204K [0x0000000795580000, 0x0000000798880000, 0x00000007c0000000)
  eden space 32768K, 30% used [0x0000000795580000,0x0000000795f59110,0x0000000797580000)
  from space 5120K, 100% used [0x0000000797600000,0x0000000797b00000,0x0000000797b00000)
  to   space 9728K, 0% used [0x0000000797f00000,0x0000000797f00000,0x0000000798880000)
 ParOldGen       total 87552K, used 9410K [0x0000000740000000, 0x0000000745580000, 0x0000000795580000)
  object space 87552K, 10% used [0x0000000740000000,0x0000000740930bc8,0x0000000745580000)
 Metaspace       used 20680K, capacity 21178K, committed 21296K, reserved 1069056K
  class space    used 2543K, capacity 2675K, committed 2688K, reserved 1048576K
Event: 17.011 GC heap after
Heap after GC invocations=6 (full 0):
 PSYoungGen      total 41472K, used 9473K [0x0000000795580000, 0x000000079aa80000, 0x00000007c0000000)
  eden space 31744K, 0% used [0x0000000795580000,0x0000000795580000,0x0000000797480000)
  from space 9728K, 97% used [0x0000000797f00000,0x0000000798840548,0x0000000798880000)
  to   space 10752K, 0% used [0x0000000797480000,0x0000000797480000,0x0000000797f00000)
 ParOldGen       total 87552K, used 9410K [0x0000000740000000, 0x0000000745580000, 0x0000000795580000)
  object space 87552K, 10% used [0x0000000740000000,0x0000000740930bc8,0x0000000745580000)
 Metaspace       used 20680K, capacity 21178K, committed 21296K, reserved 1069056K
  class space    used 2543K, capacity 2675K, committed 2688K, reserved 1048576K
}
Event: 17.011 GC heap before
{Heap before GC invocations=7 (full 1):
 PSYoungGen      total 41472K, used 9473K [0x0000000795580000, 0x000000079aa80000, 0x00000007c0000000)
  eden space 31744K, 0% used [0x0000000795580000,0x0000000795580000,0x0000000797480000)
  from space 9728K, 97% used [0x0000000797f00000,0x0000000798840548,0x0000000798880000)
  to   space 10752K, 0% used [0x0000000797480000,0x0000000797480000,0x0000000797f00000)
 ParOldGen       total 87552K, used 9410K [0x0000000740000000, 0x0000000745580000, 0x0000000795580000)
  object space 87552K, 10% used [0x0000000740000000,0x0000000740930bc8,0x0000000745580000)
 Metaspace       used 20680K, capacity 21178K, committed 21296K, reserved 1069056K
  class space    used 2543K, capacity 2675K, committed 2688K, reserved 1048576K
Event: 17.303 GC heap after
Heap after GC invocations=7 (full 1):
 PSYoungGen      total 41472K, used 0K [0x0000000795580000, 0x000000079aa80000, 0x00000007c0000000)
  eden space 31744K, 0% used [0x0000000795580000,0x0000000795580000,0x0000000797480000)
  from space 9728K, 0% used [0x0000000797f00000,0x0000000797f00000,0x0000000798880000)
  to   space 10752K, 0% used [0x0000000797480000,0x0000000797480000,0x0000000797f00000)
 ParOldGen       total 65024K, used 13076K [0x0000000740000000, 0x0000000743f80000, 0x0000000795580000)
  object space 65024K, 20% used [0x0000000740000000,0x0000000740cc5130,0x0000000743f80000)
 Metaspace       used 20680K, capacity 21178K, committed 21296K, reserved 1069056K
  class space    used 2543K, capacity 2675K, committed 2688K, reserved 1048576K
}
Event: 21.173 GC heap before
{Heap before GC invocations=8 (full 1):
 PSYoungGen      total 41472K, used 31744K [0x0000000795580000, 0x000000079aa80000, 0x00000007c0000000)
  eden space 31744K, 100% used [0x0000000795580000,0x0000000797480000,0x0000000797480000)
  from space 9728K, 0% used [0x0000000797f00000,0x0000000797f00000,0x0000000798880000)
  to   space 10752K, 0% used [0x0000000797480000,0x0000000797480000,0x0000000797f00000)
 ParOldGen       total 65024K, used 13076K [0x0000000740000000, 0x0000000743f80000, 0x0000000795580000)
  object space 65024K, 20% used [0x0000000740000000,0x0000000740cc5130,0x0000000743f80000)
 Metaspace       used 23147K, capacity 23714K, committed 23808K, reserved 1071104K
  class space    used 2828K, capacity 2982K, committed 3072K, reserved 1048576K
Event: 21.195 GC heap after
Heap after GC invocations=8 (full 1):
 PSYoungGen      total 42496K, used 3612K [0x0000000795580000, 0x0000000799b00000, 0x00000007c0000000)
  eden space 31744K, 0% used [0x0000000795580000,0x0000000795580000,0x0000000797480000)
  from space 10752K, 33% used [0x0000000797480000,0x00000007978070d8,0x0000000797f00000)
  to   space 11264K, 0% used [0x0000000799000000,0x0000000799000000,0x0000000799b00000)
 ParOldGen       total 65024K, used 13076K [0x0000000740000000, 0x0000000743f80000, 0x0000000795580000)
  object space 65024K, 20% used [0x0000000740000000,0x0000000740cc5130,0x0000000743f80000)
 Metaspace       used 23147K, capacity 23714K, committed 23808K, reserved 1071104K
  class space    used 2828K, capacity 2982K, committed 3072K, reserved 1048576K
}
Event: 22.531 GC heap before
{Heap before GC invocations=9 (full 1):
 PSYoungGen      total 42496K, used 35356K [0x0000000795580000, 0x0000000799b00000, 0x00000007c0000000)
  eden space 31744K, 100% used [0x0000000795580000,0x0000000797480000,0x0000000797480000)
  from space 10752K, 33% used [0x0000000797480000,0x00000007978070d8,0x0000000797f00000)
  to   space 11264K, 0% used [0x0000000799000000,0x0000000799000000,0x0000000799b00000)
 ParOldGen       total 65024K, used 13076K [0x0000000740000000, 0x0000000743f80000, 0x0000000795580000)
  object space 65024K, 20% used [0x0000000740000000,0x0000000740cc5130,0x0000000743f80000)
 Metaspace       used 23398K, capacity 23996K, committed 24320K, reserved 1071104K
  class space    used 2832K, capacity 2987K, committed 3072K, reserved 1048576K
Event: 22.553 GC heap after
Heap after GC invocations=9 (full 1):
 PSYoungGen      total 59904K, used 3776K [0x0000000795580000, 0x0000000799b00000, 0x00000007c0000000)
  eden space 48640K, 0% used [0x0000000795580000,0x0000000795580000,0x0000000798500000)
  from space 11264K, 33% used [0x0000000799000000,0x00000007993b0040,0x0000000799b00000)
  to   space 11264K, 0% used [0x0000000798500000,0x0000000798500000,0x0000000799000000)
 ParOldGen       total 65024K, used 13084K [0x0000000740000000, 0x0000000743f80000, 0x0000000795580000)
  object space 65024K, 20% used [0x0000000740000000,0x0000000740cc7130,0x0000000743f80000)
 Metaspace       used 23398K, capacity 23996K, committed 24320K, reserved 1071104K
  class space    used 2832K, capacity 2987K, committed 3072K, reserved 1048576K
}

Deoptimization events (10 events):
Event: 21.444 Thread 0x00007fcde5802800 Uncommon trap: reason=unstable_if action=reinterpret pc=0x000000010bac4c4c method=java.util.regex.Pattern$Curly.match0(Ljava/util/regex/Matcher;IILjava/lang/CharSequence;)Z @ 5
Event: 21.464 Thread 0x00007fcde5802800 Uncommon trap: reason=speculate_class_check action=maybe_recompile pc=0x000000010bcb1ac8 method=java.nio.charset.CharsetDecoder.decode(Ljava/nio/ByteBuffer;Ljava/nio/CharBuffer;Z)Ljava/nio/charset/CoderResult; @ 57
Event: 21.465 Thread 0x00007fcde5802800 Uncommon trap: reason=speculate_class_check action=maybe_recompile pc=0x000000010bcb1ac8 method=java.nio.charset.CharsetDecoder.decode(Ljava/nio/ByteBuffer;Ljava/nio/CharBuffer;Z)Ljava/nio/charset/CoderResult; @ 57
Event: 21.473 Thread 0x00007fcde5802800 Uncommon trap: reason=class_check action=maybe_recompile pc=0x000000010bb31f48 method=org.apache.maven.model.interpolation.StringSearchModelInterpolator$InterpolateObjectAction$MapField.doInterpolate(Ljava/lang/Object;Lorg/apache/maven/model/interpolation
Event: 21.491 Thread 0x00007fcde5802800 Uncommon trap: reason=class_check action=maybe_recompile pc=0x000000010bb31f48 method=org.apache.maven.model.interpolation.StringSearchModelInterpolator$InterpolateObjectAction$MapField.doInterpolate(Ljava/lang/Object;Lorg/apache/maven/model/interpolation
Event: 22.086 Thread 0x00007fcde5802800 Uncommon trap: reason=class_check action=maybe_recompile pc=0x000000010bb31f48 method=org.apache.maven.model.interpolation.StringSearchModelInterpolator$InterpolateObjectAction$MapField.doInterpolate(Ljava/lang/Object;Lorg/apache/maven/model/interpolation
Event: 22.912 Thread 0x00007fcde5802800 Uncommon trap: reason=unstable_if action=reinterpret pc=0x000000010bbaf2c8 method=org.codehaus.plexus.classworlds.realm.Entry.matches(Ljava/lang/String;)Z @ 20
Event: 23.850 Thread 0x00007fcde5802800 Uncommon trap: reason=unstable_if action=reinterpret pc=0x000000010b63c904 method=java.lang.AbstractStringBuilder.append(Ljava/lang/String;)Ljava/lang/AbstractStringBuilder; @ 1
Event: 24.012 Thread 0x00007fcde5802800 Uncommon trap: reason=predicate action=maybe_recompile pc=0x000000010b6a7be8 method=java.lang.String.regionMatches(ZILjava/lang/String;II)Z @ 63
Event: 24.692 Thread 0x00007fcde78b1800 Uncommon trap: reason=null_check action=make_not_entrant pc=0x000000010b86d2d0 method=java.lang.StringCoding.deref(Ljava/lang/ThreadLocal;)Ljava/lang/Object; @ 4

Internal exceptions (10 events):
Event: 22.372 Thread 0x00007fcde5802800 Exception <a 'java/util/zip/ZipException'> (0x00000007970bc810) thrown at [/Users/java_re/workspace/8-2-build-macosx-x86_64/jdk8u144/9417/hotspot/src/share/vm/prims/jni.cpp, line 709]
Event: 22.472 Thread 0x00007fcde5802800 Exception <a 'java/util/zip/ZipException'> (0x000000079725e4c0) thrown at [/Users/java_re/workspace/8-2-build-macosx-x86_64/jdk8u144/9417/hotspot/src/share/vm/prims/jni.cpp, line 709]
Event: 22.503 Thread 0x00007fcde5802800 Exception <a 'java/util/zip/ZipException'> (0x000000079746ef28) thrown at [/Users/java_re/workspace/8-2-build-macosx-x86_64/jdk8u144/9417/hotspot/src/share/vm/prims/jni.cpp, line 709]
Event: 22.567 Thread 0x00007fcde5802800 Exception <a 'java/util/zip/ZipException'> (0x00000007955cd7c0) thrown at [/Users/java_re/workspace/8-2-build-macosx-x86_64/jdk8u144/9417/hotspot/src/share/vm/prims/jni.cpp, line 709]
Event: 22.567 Thread 0x00007fcde5802800 Exception <a 'java/security/PrivilegedActionException'> (0x00000007955cdd98) thrown at [/Users/java_re/workspace/8-2-build-macosx-x86_64/jdk8u144/9417/hotspot/src/share/vm/prims/jvm.cpp, line 1390]
Event: 22.567 Thread 0x00007fcde5802800 Exception <a 'java/security/PrivilegedActionException'> (0x00000007955ce378) thrown at [/Users/java_re/workspace/8-2-build-macosx-x86_64/jdk8u144/9417/hotspot/src/share/vm/prims/jvm.cpp, line 1390]
Event: 23.850 Thread 0x00007fcde5802800 Implicit null exception at 0x000000010b63c535 to 0x000000010b63c8f1
Event: 24.419 Thread 0x00007fcde5802800 Exception <a 'java/lang/NoSuchFieldError': method resolution failed> (0x00000007965aef18) thrown at [/Users/java_re/workspace/8-2-build-macosx-x86_64/jdk8u144/9417/hotspot/src/share/vm/prims/methodHandles.cpp, line 1146]
Event: 24.424 Thread 0x00007fcde5802800 Exception <a 'java/lang/NoSuchFieldError': method resolution failed> (0x00000007965bc5d8) thrown at [/Users/java_re/workspace/8-2-build-macosx-x86_64/jdk8u144/9417/hotspot/src/share/vm/prims/methodHandles.cpp, line 1146]
Event: 24.692 Thread 0x00007fcde78b1800 Implicit null exception at 0x000000010b86cbab to 0x000000010b86d2b9

Events (10 events):
Event: 28.858 loading class org/pitest/reloc/asm/tree/LineNumberNode
Event: 28.858 loading class org/pitest/reloc/asm/tree/LineNumberNode done
Event: 28.858 loading class org/pitest/reloc/asm/tree/LabelNode
Event: 28.859 loading class org/pitest/reloc/asm/tree/LabelNode done
Event: 28.859 loading class org/pitest/reloc/asm/tree/LabelNode
Event: 28.859 loading class org/pitest/reloc/asm/tree/LabelNode done
Event: 28.859 loading class org/pitest/reloc/asm/tree/InsnNode
Event: 28.859 loading class org/pitest/reloc/asm/tree/InsnNode done
Event: 28.859 loading class org/pitest/reloc/asm/tree/InsnNode
Event: 28.859 loading class org/pitest/reloc/asm/tree/InsnNode done


Dynamic libraries:
0x0000000005345000 	/System/Library/Frameworks/Cocoa.framework/Versions/A/Cocoa
0x0000000005345000 	/System/Library/Frameworks/Security.framework/Versions/A/Security
0x0000000005345000 	/System/Library/Frameworks/ApplicationServices.framework/Versions/A/ApplicationServices
0x0000000005345000 	/usr/lib/libz.1.dylib
0x0000000005345000 	/usr/lib/libSystem.B.dylib
0x0000000005345000 	/usr/lib/libobjc.A.dylib
0x0000000005345000 	/System/Library/Frameworks/CoreFoundation.framework/Versions/A/CoreFoundation
0x0000000005345000 	/System/Library/Frameworks/Foundation.framework/Versions/C/Foundation
0x0000000005345000 	/System/Library/Frameworks/AppKit.framework/Versions/C/AppKit
0x0000000005345000 	/System/Library/Frameworks/CoreData.framework/Versions/A/CoreData
0x0000000005345000 	/System/Library/PrivateFrameworks/RemoteViewServices.framework/Versions/A/RemoteViewServices
0x0000000005345000 	/System/Library/PrivateFrameworks/UIFoundation.framework/Versions/A/UIFoundation
0x0000000005345000 	/System/Library/PrivateFrameworks/DFRFoundation.framework/Versions/A/DFRFoundation
0x0000000005345000 	/System/Library/Frameworks/Metal.framework/Versions/A/Metal
0x0000000005345000 	/System/Library/PrivateFrameworks/DesktopServicesPriv.framework/Versions/A/DesktopServicesPriv
0x0000000005345000 	/usr/lib/libenergytrace.dylib
0x0000000005345000 	/System/Library/PrivateFrameworks/SkyLight.framework/Versions/A/SkyLight
0x0000000005345000 	/System/Library/Frameworks/CoreGraphics.framework/Versions/A/CoreGraphics
0x0000000005345000 	/usr/lib/libScreenReader.dylib
0x0000000005345000 	/System/Library/Frameworks/Accelerate.framework/Versions/A/Accelerate
0x0000000005345000 	/System/Library/Frameworks/IOSurface.framework/Versions/A/IOSurface
0x0000000005345000 	/System/Library/Frameworks/AudioToolbox.framework/Versions/A/AudioToolbox
0x0000000005345000 	/System/Library/Frameworks/AudioUnit.framework/Versions/A/AudioUnit
0x0000000005345000 	/System/Library/PrivateFrameworks/DataDetectorsCore.framework/Versions/A/DataDetectorsCore
0x0000000005345000 	/System/Library/Frameworks/Carbon.framework/Versions/A/Frameworks/HIToolbox.framework/Versions/A/HIToolbox
0x0000000005345000 	/usr/lib/libicucore.A.dylib
0x0000000005345000 	/System/Library/Frameworks/QuartzCore.framework/Versions/A/QuartzCore
0x0000000005345000 	/System/Library/Frameworks/Carbon.framework/Versions/A/Frameworks/SpeechRecognition.framework/Versions/A/SpeechRecognition
0x0000000005345000 	/usr/lib/libauto.dylib
0x0000000005345000 	/usr/lib/libxml2.2.dylib
0x0000000005345000 	/System/Library/PrivateFrameworks/CoreUI.framework/Versions/A/CoreUI
0x0000000005345000 	/System/Library/Frameworks/CoreAudio.framework/Versions/A/CoreAudio
0x0000000005345000 	/System/Library/Frameworks/DiskArbitration.framework/Versions/A/DiskArbitration
0x0000000005345000 	/usr/lib/liblangid.dylib
0x0000000005345000 	/System/Library/PrivateFrameworks/MultitouchSupport.framework/Versions/A/MultitouchSupport
0x0000000005345000 	/System/Library/Frameworks/IOKit.framework/Versions/A/IOKit
0x0000000005345000 	/usr/lib/libDiagnosticMessagesClient.dylib
0x0000000005345000 	/System/Library/Frameworks/CoreServices.framework/Versions/A/CoreServices
0x0000000005345000 	/System/Library/PrivateFrameworks/PerformanceAnalysis.framework/Versions/A/PerformanceAnalysis
0x0000000005345000 	/System/Library/Frameworks/OpenGL.framework/Versions/A/OpenGL
0x0000000005345000 	/System/Library/Frameworks/ColorSync.framework/Versions/A/ColorSync
0x0000000005345000 	/System/Library/Frameworks/CoreImage.framework/Versions/A/CoreImage
0x0000000005345000 	/System/Library/Frameworks/CoreText.framework/Versions/A/CoreText
0x0000000005345000 	/System/Library/Frameworks/ImageIO.framework/Versions/A/ImageIO
0x0000000005345000 	/System/Library/PrivateFrameworks/Backup.framework/Versions/A/Backup
0x0000000005345000 	/usr/lib/libarchive.2.dylib
0x0000000005345000 	/System/Library/Frameworks/CFNetwork.framework/Versions/A/CFNetwork
0x0000000005345000 	/System/Library/Frameworks/SystemConfiguration.framework/Versions/A/SystemConfiguration
0x0000000005345000 	/usr/lib/libCRFSuite.dylib
0x0000000005345000 	/usr/lib/libc++.1.dylib
0x0000000005345000 	/usr/lib/libc++abi.dylib
0x0000000005345000 	/usr/lib/system/libcache.dylib
0x0000000005345000 	/usr/lib/system/libcommonCrypto.dylib
0x0000000005345000 	/usr/lib/system/libcompiler_rt.dylib
0x0000000005345000 	/usr/lib/system/libcopyfile.dylib
0x0000000005345000 	/usr/lib/system/libcorecrypto.dylib
0x0000000005345000 	/usr/lib/system/libdispatch.dylib
0x0000000005345000 	/usr/lib/system/libdyld.dylib
0x0000000005345000 	/usr/lib/system/libkeymgr.dylib
0x0000000005345000 	/usr/lib/system/liblaunch.dylib
0x0000000005345000 	/usr/lib/system/libmacho.dylib
0x0000000005345000 	/usr/lib/system/libquarantine.dylib
0x0000000005345000 	/usr/lib/system/libremovefile.dylib
0x0000000005345000 	/usr/lib/system/libsystem_asl.dylib
0x0000000005345000 	/usr/lib/system/libsystem_blocks.dylib
0x0000000005345000 	/usr/lib/system/libsystem_c.dylib
0x0000000005345000 	/usr/lib/system/libsystem_configuration.dylib
0x0000000005345000 	/usr/lib/system/libsystem_coreservices.dylib
0x0000000005345000 	/usr/lib/system/libsystem_darwin.dylib
0x0000000005345000 	/usr/lib/system/libsystem_dnssd.dylib
0x0000000005345000 	/usr/lib/system/libsystem_info.dylib
0x0000000005345000 	/usr/lib/system/libsystem_m.dylib
0x0000000005345000 	/usr/lib/system/libsystem_malloc.dylib
0x0000000005345000 	/usr/lib/system/libsystem_network.dylib
0x0000000005345000 	/usr/lib/system/libsystem_networkextension.dylib
0x0000000005345000 	/usr/lib/system/libsystem_notify.dylib
0x0000000005345000 	/usr/lib/system/libsystem_sandbox.dylib
0x0000000005345000 	/usr/lib/system/libsystem_secinit.dylib
0x0000000005345000 	/usr/lib/system/libsystem_kernel.dylib
0x0000000005345000 	/usr/lib/system/libsystem_platform.dylib
0x0000000005345000 	/usr/lib/system/libsystem_pthread.dylib
0x0000000005345000 	/usr/lib/system/libsystem_symptoms.dylib
0x0000000005345000 	/usr/lib/system/libsystem_trace.dylib
0x0000000005345000 	/usr/lib/system/libunwind.dylib
0x0000000005345000 	/usr/lib/system/libxpc.dylib
0x0000000005345000 	/usr/lib/closure/libclosured.dylib
0x0000000005345000 	/usr/lib/libbsm.0.dylib
0x0000000005345000 	/usr/lib/system/libkxld.dylib
0x0000000005345000 	/usr/lib/libOpenScriptingUtil.dylib
0x0000000005345000 	/usr/lib/libcoretls.dylib
0x0000000005345000 	/usr/lib/libcoretls_cfhelpers.dylib
0x0000000005345000 	/usr/lib/libpam.2.dylib
0x0000000005345000 	/usr/lib/libsqlite3.dylib
0x0000000005345000 	/usr/lib/libxar.1.dylib
0x0000000005345000 	/usr/lib/libbz2.1.0.dylib
0x0000000005345000 	/usr/lib/liblzma.5.dylib
0x0000000005345000 	/usr/lib/libnetwork.dylib
0x0000000005345000 	/usr/lib/libapple_nghttp2.dylib
0x0000000005345000 	/usr/lib/libpcap.A.dylib
0x0000000005345000 	/usr/lib/libboringssl.dylib
0x0000000005345000 	/usr/lib/libusrtcp.dylib
0x0000000005345000 	/usr/lib/libapple_crypto.dylib
0x0000000005345000 	/System/Library/Frameworks/CoreServices.framework/Versions/A/Frameworks/FSEvents.framework/Versions/A/FSEvents
0x0000000005345000 	/System/Library/Frameworks/CoreServices.framework/Versions/A/Frameworks/CarbonCore.framework/Versions/A/CarbonCore
0x0000000005345000 	/System/Library/Frameworks/CoreServices.framework/Versions/A/Frameworks/Metadata.framework/Versions/A/Metadata
0x0000000005345000 	/System/Library/Frameworks/CoreServices.framework/Versions/A/Frameworks/OSServices.framework/Versions/A/OSServices
0x0000000005345000 	/System/Library/Frameworks/CoreServices.framework/Versions/A/Frameworks/SearchKit.framework/Versions/A/SearchKit
0x0000000005345000 	/System/Library/Frameworks/CoreServices.framework/Versions/A/Frameworks/AE.framework/Versions/A/AE
0x0000000005345000 	/System/Library/Frameworks/CoreServices.framework/Versions/A/Frameworks/LaunchServices.framework/Versions/A/LaunchServices
0x0000000005345000 	/System/Library/Frameworks/CoreServices.framework/Versions/A/Frameworks/DictionaryServices.framework/Versions/A/DictionaryServices
0x0000000005345000 	/System/Library/Frameworks/CoreServices.framework/Versions/A/Frameworks/SharedFileList.framework/Versions/A/SharedFileList
0x0000000005345000 	/System/Library/Frameworks/NetFS.framework/Versions/A/NetFS
0x0000000005345000 	/System/Library/PrivateFrameworks/NetAuth.framework/Versions/A/NetAuth
0x0000000005345000 	/System/Library/PrivateFrameworks/login.framework/Versions/A/Frameworks/loginsupport.framework/Versions/A/loginsupport
0x0000000005345000 	/System/Library/PrivateFrameworks/TCC.framework/Versions/A/TCC
0x0000000005345000 	/usr/lib/libmecabra.dylib
0x0000000005345000 	/System/Library/Frameworks/ApplicationServices.framework/Versions/A/Frameworks/ATS.framework/Versions/A/ATS
0x0000000005345000 	/System/Library/Frameworks/ApplicationServices.framework/Versions/A/Frameworks/ColorSyncLegacy.framework/Versions/A/ColorSyncLegacy
0x0000000005345000 	/System/Library/Frameworks/ApplicationServices.framework/Versions/A/Frameworks/HIServices.framework/Versions/A/HIServices
0x0000000005345000 	/System/Library/Frameworks/ApplicationServices.framework/Versions/A/Frameworks/LangAnalysis.framework/Versions/A/LangAnalysis
0x0000000005345000 	/System/Library/Frameworks/ApplicationServices.framework/Versions/A/Frameworks/PrintCore.framework/Versions/A/PrintCore
0x0000000005345000 	/System/Library/Frameworks/ApplicationServices.framework/Versions/A/Frameworks/QD.framework/Versions/A/QD
0x0000000005345000 	/System/Library/Frameworks/ApplicationServices.framework/Versions/A/Frameworks/SpeechSynthesis.framework/Versions/A/SpeechSynthesis
0x0000000005345000 	/System/Library/Frameworks/CoreDisplay.framework/Versions/A/CoreDisplay
0x0000000005345000 	/System/Library/Frameworks/Accelerate.framework/Versions/A/Frameworks/vImage.framework/Versions/A/vImage
0x0000000005345000 	/System/Library/Frameworks/Accelerate.framework/Versions/A/Frameworks/vecLib.framework/Versions/A/vecLib
0x0000000005345000 	/System/Library/Frameworks/Accelerate.framework/Versions/A/Frameworks/vecLib.framework/Versions/A/libvDSP.dylib
0x0000000005345000 	/System/Library/Frameworks/Accelerate.framework/Versions/A/Frameworks/vecLib.framework/Versions/A/libBNNS.dylib
0x0000000005345000 	/System/Library/Frameworks/Accelerate.framework/Versions/A/Frameworks/vecLib.framework/Versions/A/libQuadrature.dylib
0x0000000005345000 	/System/Library/Frameworks/Accelerate.framework/Versions/A/Frameworks/vecLib.framework/Versions/A/libvMisc.dylib
0x0000000005345000 	/System/Library/Frameworks/Accelerate.framework/Versions/A/Frameworks/vecLib.framework/Versions/A/libLAPACK.dylib
0x0000000005345000 	/System/Library/Frameworks/Accelerate.framework/Versions/A/Frameworks/vecLib.framework/Versions/A/libBLAS.dylib
0x0000000005345000 	/System/Library/Frameworks/Accelerate.framework/Versions/A/Frameworks/vecLib.framework/Versions/A/libLinearAlgebra.dylib
0x0000000005345000 	/System/Library/Frameworks/Accelerate.framework/Versions/A/Frameworks/vecLib.framework/Versions/A/libSparse.dylib
0x0000000005345000 	/System/Library/Frameworks/Accelerate.framework/Versions/A/Frameworks/vecLib.framework/Versions/A/libSparseBLAS.dylib
0x0000000005345000 	/System/Library/PrivateFrameworks/IOAccelerator.framework/Versions/A/IOAccelerator
0x0000000005345000 	/System/Library/PrivateFrameworks/IOPresentment.framework/Versions/A/IOPresentment
0x0000000005345000 	/System/Library/PrivateFrameworks/DSExternalDisplay.framework/Versions/A/DSExternalDisplay
0x0000000005345000 	/System/Library/Frameworks/OpenGL.framework/Versions/A/Libraries/libCoreFSCache.dylib
0x0000000005345000 	/System/Library/Frameworks/CoreVideo.framework/Versions/A/CoreVideo
0x0000000005345000 	/System/Library/PrivateFrameworks/GraphVisualizer.framework/Versions/A/GraphVisualizer
0x0000000005345000 	/System/Library/Frameworks/MetalPerformanceShaders.framework/Versions/A/MetalPerformanceShaders
0x0000000005345000 	/usr/lib/libFosl_dynamic.dylib
0x0000000005345000 	/System/Library/PrivateFrameworks/FaceCore.framework/Versions/A/FaceCore
0x0000000005345000 	/System/Library/Frameworks/OpenCL.framework/Versions/A/OpenCL
0x0000000005345000 	/usr/lib/libcompression.dylib
0x0000000005345000 	/System/Library/Frameworks/ApplicationServices.framework/Versions/A/Frameworks/ATS.framework/Versions/A/Resources/libFontParser.dylib
0x0000000005345000 	/System/Library/Frameworks/ApplicationServices.framework/Versions/A/Frameworks/ATS.framework/Versions/A/Resources/libFontRegistry.dylib
0x0000000005345000 	/System/Library/Frameworks/ImageIO.framework/Versions/A/Resources/libJPEG.dylib
0x0000000005345000 	/System/Library/Frameworks/ImageIO.framework/Versions/A/Resources/libTIFF.dylib
0x0000000005345000 	/System/Library/Frameworks/ImageIO.framework/Versions/A/Resources/libPng.dylib
0x0000000005345000 	/System/Library/Frameworks/ImageIO.framework/Versions/A/Resources/libGIF.dylib
0x0000000005345000 	/System/Library/Frameworks/ImageIO.framework/Versions/A/Resources/libJP2.dylib
0x0000000005345000 	/System/Library/Frameworks/ImageIO.framework/Versions/A/Resources/libRadiance.dylib
0x0000000005345000 	/System/Library/PrivateFrameworks/AppleJPEG.framework/Versions/A/AppleJPEG
0x0000000005345000 	/System/Library/PrivateFrameworks/MetalTools.framework/Versions/A/MetalTools
0x0000000005345000 	/System/Library/Frameworks/MetalPerformanceShaders.framework/Frameworks/MPSCore.framework/Versions/A/MPSCore
0x0000000005345000 	/System/Library/Frameworks/MetalPerformanceShaders.framework/Frameworks/MPSImage.framework/Versions/A/MPSImage
0x0000000005345000 	/System/Library/Frameworks/MetalPerformanceShaders.framework/Frameworks/MPSMatrix.framework/Versions/A/MPSMatrix
0x0000000005345000 	/System/Library/Frameworks/MetalPerformanceShaders.framework/Frameworks/MPSNeuralNetwork.framework/Versions/A/MPSNeuralNetwork
0x0000000005345000 	/System/Library/Frameworks/OpenGL.framework/Versions/A/Libraries/libGLU.dylib
0x0000000005345000 	/System/Library/Frameworks/OpenGL.framework/Versions/A/Libraries/libGFXShared.dylib
0x0000000005345000 	/System/Library/Frameworks/OpenGL.framework/Versions/A/Libraries/libGL.dylib
0x0000000005345000 	/System/Library/Frameworks/OpenGL.framework/Versions/A/Libraries/libGLImage.dylib
0x0000000005345000 	/System/Library/Frameworks/OpenGL.framework/Versions/A/Libraries/libCVMSPluginSupport.dylib
0x0000000005345000 	/System/Library/Frameworks/OpenGL.framework/Versions/A/Libraries/libCoreVMClient.dylib
0x0000000005345000 	/usr/lib/libcups.2.dylib
0x0000000005345000 	/System/Library/Frameworks/Kerberos.framework/Versions/A/Kerberos
0x0000000005345000 	/System/Library/Frameworks/GSS.framework/Versions/A/GSS
0x0000000005345000 	/usr/lib/libresolv.9.dylib
0x0000000005345000 	/usr/lib/libiconv.2.dylib
0x0000000005345000 	/System/Library/PrivateFrameworks/Heimdal.framework/Versions/A/Heimdal
0x0000000005345000 	/usr/lib/libheimdal-asn1.dylib
0x0000000005345000 	/System/Library/Frameworks/OpenDirectory.framework/Versions/A/OpenDirectory
0x0000000005345000 	/System/Library/PrivateFrameworks/CommonAuth.framework/Versions/A/CommonAuth
0x0000000005345000 	/System/Library/Frameworks/OpenDirectory.framework/Versions/A/Frameworks/CFOpenDirectory.framework/Versions/A/CFOpenDirectory
0x0000000005345000 	/System/Library/Frameworks/SecurityFoundation.framework/Versions/A/SecurityFoundation
0x0000000005345000 	/System/Library/PrivateFrameworks/APFS.framework/Versions/A/APFS
0x0000000005345000 	/usr/lib/libutil.dylib
0x0000000005345000 	/System/Library/PrivateFrameworks/AppleSauce.framework/Versions/A/AppleSauce
0x0000000005345000 	/System/Library/PrivateFrameworks/LinguisticData.framework/Versions/A/LinguisticData
0x0000000005345000 	/usr/lib/libmarisa.dylib
0x0000000005345000 	/System/Library/PrivateFrameworks/Lexicon.framework/Versions/A/Lexicon
0x0000000005345000 	/usr/lib/libChineseTokenizer.dylib
0x0000000005345000 	/usr/lib/libcmph.dylib
0x0000000005345000 	/System/Library/PrivateFrameworks/LanguageModeling.framework/Versions/A/LanguageModeling
0x0000000005345000 	/System/Library/PrivateFrameworks/CoreEmoji.framework/Versions/A/CoreEmoji
0x0000000005345000 	/System/Library/Frameworks/ServiceManagement.framework/Versions/A/ServiceManagement
0x0000000005345000 	/System/Library/PrivateFrameworks/BackgroundTaskManagement.framework/Versions/A/BackgroundTaskManagement
0x0000000005345000 	/usr/lib/libxslt.1.dylib
0x0000000005345000 	/System/Library/Frameworks/Carbon.framework/Versions/A/Frameworks/Ink.framework/Versions/A/Ink
0x0000000005345000 	/System/Library/PrivateFrameworks/TextureIO.framework/Versions/A/TextureIO
0x0000000005345000 	/usr/lib/libate.dylib
0x0000000005345000 	/System/Library/PrivateFrameworks/CrashReporterSupport.framework/Versions/A/CrashReporterSupport
0x0000000005345000 	/System/Library/PrivateFrameworks/Sharing.framework/Versions/A/Sharing
0x0000000005345000 	/System/Library/PrivateFrameworks/IconServices.framework/Versions/A/IconServices
0x0000000005345000 	/System/Library/PrivateFrameworks/ProtocolBuffer.framework/Versions/A/ProtocolBuffer
0x0000000005345000 	/System/Library/PrivateFrameworks/Apple80211.framework/Versions/A/Apple80211
0x0000000005345000 	/System/Library/Frameworks/CoreWLAN.framework/Versions/A/CoreWLAN
0x0000000005345000 	/System/Library/PrivateFrameworks/CoreUtils.framework/Versions/A/CoreUtils
0x0000000005345000 	/System/Library/Frameworks/IOBluetooth.framework/Versions/A/IOBluetooth
0x0000000005345000 	/System/Library/PrivateFrameworks/CoreWiFi.framework/Versions/A/CoreWiFi
0x0000000005345000 	/System/Library/Frameworks/CoreBluetooth.framework/Versions/A/CoreBluetooth
0x0000000005345000 	/System/Library/PrivateFrameworks/SignpostNotification.framework/Versions/A/SignpostNotification
0x0000000005345000 	/System/Library/PrivateFrameworks/DebugSymbols.framework/Versions/A/DebugSymbols
0x0000000005345000 	/System/Library/PrivateFrameworks/CoreSymbolication.framework/Versions/A/CoreSymbolication
0x0000000005345000 	/System/Library/PrivateFrameworks/Symbolication.framework/Versions/A/Symbolication
0x0000000005345000 	/System/Library/PrivateFrameworks/AppleFSCompression.framework/Versions/A/AppleFSCompression
0x0000000005345000 	/System/Library/PrivateFrameworks/SpeechRecognitionCore.framework/Versions/A/SpeechRecognitionCore
0x0000000103ea9000 	/Library/Java/JavaVirtualMachines/jdk1.8.0_144.jdk/Contents/Home/jre/lib/server/libjvm.dylib
0x0000000005345000 	/usr/lib/libstdc++.6.0.9.dylib
0x0000000104e50000 	/Library/Java/JavaVirtualMachines/jdk1.8.0_144.jdk/Contents/Home/jre/lib/libverify.dylib
0x0000000104e5e000 	/Library/Java/JavaVirtualMachines/jdk1.8.0_144.jdk/Contents/Home/jre/lib/libjava.dylib
0x0000000104edd000 	/Library/Java/JavaVirtualMachines/jdk1.8.0_144.jdk/Contents/Home/jre/lib/libzip.dylib
0x0000000005345000 	/System/Library/Frameworks/JavaVM.framework/Versions/A/Frameworks/JavaRuntimeSupport.framework/Versions/A/JavaRuntimeSupport
0x0000000005345000 	/System/Library/Frameworks/JavaVM.framework/Versions/A/Frameworks/JavaNativeFoundation.framework/Versions/A/JavaNativeFoundation
0x0000000005345000 	/System/Library/Frameworks/JavaVM.framework/Versions/A/JavaVM
0x0000000005345000 	/System/Library/Frameworks/Carbon.framework/Versions/A/Carbon
0x0000000005345000 	/System/Library/PrivateFrameworks/JavaLaunching.framework/Versions/A/JavaLaunching
0x0000000005345000 	/System/Library/Frameworks/Carbon.framework/Versions/A/Frameworks/CommonPanels.framework/Versions/A/CommonPanels
0x0000000005345000 	/System/Library/Frameworks/Carbon.framework/Versions/A/Frameworks/Help.framework/Versions/A/Help
0x0000000005345000 	/System/Library/Frameworks/Carbon.framework/Versions/A/Frameworks/ImageCapture.framework/Versions/A/ImageCapture
0x0000000005345000 	/System/Library/Frameworks/Carbon.framework/Versions/A/Frameworks/OpenScripting.framework/Versions/A/OpenScripting
0x0000000005345000 	/System/Library/Frameworks/Carbon.framework/Versions/A/Frameworks/Print.framework/Versions/A/Print
0x0000000005345000 	/System/Library/Frameworks/Carbon.framework/Versions/A/Frameworks/SecurityHI.framework/Versions/A/SecurityHI
0x000000011cb86000 	/Library/Java/JavaVirtualMachines/apache-maven-3.5.2/lib/jansi-native/osx/libjansi.jnilib
0x000000011ce86000 	/Library/Java/JavaVirtualMachines/jdk1.8.0_144.jdk/Contents/Home/jre/lib/libnet.dylib
0x000000011ce9d000 	/Library/Java/JavaVirtualMachines/jdk1.8.0_144.jdk/Contents/Home/jre/lib/libnio.dylib
0x000000011cb95000 	/Library/Java/JavaVirtualMachines/jdk1.8.0_144.jdk/Contents/Home/jre/lib/libmanagement.dylib

VM Arguments:
jvm_args: -Dclassworlds.conf=/Library/Java/JavaVirtualMachines/apache-maven-3.5.2/bin/m2.conf -Dmaven.home=/Library/Java/JavaVirtualMachines/apache-maven-3.5.2 -Dlibrary.jansi.path=/Library/Java/JavaVirtualMachines/apache-maven-3.5.2/lib/jansi-native -Dmaven.multiModuleProjectDirectory=/Users/cristhian/Documents/repos/Tfg-GUI/GUI/proyectoJAVA 
java_command: org.codehaus.plexus.classworlds.launcher.Launcher clean verify org.pitest:pitest-maven:mutationCoverage
java_class_path (initial): /Library/Java/JavaVirtualMachines/apache-maven-3.5.2/boot/plexus-classworlds-2.5.2.jar
Launcher Type: SUN_STANDARD

Environment Variables:
PATH=/Library/Java/JavaVirtualMachines/apache-maven-3.5.2/bin:/Library/Java/JavaVirtualMachines/jdk1.8.0_144.jdk/Contents/Home/bin:/Library/Java/JavaVirtualMachines/major/bin:/usr/local/bin:/usr/bin:/bin:/usr/sbin:/sbin:/Applications/VMware Fusion.app/Contents/Public:/Library/Java/JavaVirtualMachines/apache-maven-3.5.2/bin:/Library/Java/JavaVirtualMachines/jdk1.8.0_144.jdk/Contents/Home/bin:/Library/Java/JavaVirtualMachines/major/bin
SHELL=/bin/bash

Signal Handlers:
SIGSEGV: [libjvm.dylib+0x5b26e5], sa_mask[0]=11111111011111110111111111111111, sa_flags=SA_ONSTACK|SA_RESTART|SA_SIGINFO
SIGBUS: [libjvm.dylib+0x5b26e5], sa_mask[0]=11111111011111110111111111111111, sa_flags=SA_RESTART|SA_SIGINFO
SIGFPE: [libjvm.dylib+0x489100], sa_mask[0]=11111111011111110111111111111111, sa_flags=SA_RESTART|SA_SIGINFO
SIGPIPE: [libjvm.dylib+0x489100], sa_mask[0]=11111111011111110111111111111111, sa_flags=SA_RESTART|SA_SIGINFO
SIGXFSZ: [libjvm.dylib+0x489100], sa_mask[0]=11111111011111110111111111111111, sa_flags=SA_RESTART|SA_SIGINFO
SIGILL: [libjvm.dylib+0x489100], sa_mask[0]=11111111011111110111111111111111, sa_flags=SA_RESTART|SA_SIGINFO
SIGUSR1: SIG_DFL, sa_mask[0]=11111111011111110111111111111111, sa_flags=none
SIGUSR2: [libjvm.dylib+0x488c1e], sa_mask[0]=00000000000000000000000000000000, sa_flags=SA_RESTART|SA_SIGINFO
SIGHUP: [libjvm.dylib+0x4871f5], sa_mask[0]=11111111011111110111111111111111, sa_flags=SA_RESTART|SA_SIGINFO
SIGINT: [libjvm.dylib+0x4871f5], sa_mask[0]=11111111011111110111111111111111, sa_flags=SA_RESTART|SA_SIGINFO
SIGTERM: [libjvm.dylib+0x4871f5], sa_mask[0]=11111111011111110111111111111111, sa_flags=SA_RESTART|SA_SIGINFO
SIGQUIT: [libjvm.dylib+0x4871f5], sa_mask[0]=11111111011111110111111111111111, sa_flags=SA_RESTART|SA_SIGINFO


---------------  S Y S T E M  ---------------

OS:Bsduname:Darwin 17.4.0 Darwin Kernel Version 17.4.0: Sun Dec 17 09:19:54 PST 2017; root:xnu-4570.41.2~1/RELEASE_X86_64 x86_64
rlimit: STACK 8192k, CORE 0k, NPROC 709, NOFILE 10240, AS infinity
load average:14.87 8.28 42.34

CPU:total 4 (initial active 4) (2 cores per cpu, 2 threads per core) family 6 model 142 stepping 9, cmov, cx8, fxsr, mmx, sse, sse2, sse3, ssse3, sse4.1, sse4.2, popcnt, avx, avx2, aes, clmul, erms, rtm, 3dnowpref, lzcnt, ht, tsc, tscinvbit, bmi1, bmi2, adx

Memory: 4k page, physical 8388608k(100948k free)

/proc/meminfo:


vm_info: Java HotSpot(TM) 64-Bit Server VM (25.144-b01) for bsd-amd64 JRE (1.8.0_144-b01), built on Jul 21 2017 22:07:42 by "java_re" with gcc 4.2.1 (Based on Apple Inc. build 5658) (LLVM build 2336.11.00)

time: Wed Apr 18 00:19:17 2018
elapsed time: 29 seconds (0d 0h 0m 29s)

