#
# A fatal error has been detected by the Java Runtime Environment:
#
#  SIGSEGV (0xb) at pc=0x000000010f088c4c, pid=40981, tid=0x0000000000000307
#
# JRE version: Java(TM) SE Runtime Environment (8.0_144-b01) (build 1.8.0_144-b01)
# Java VM: Java HotSpot(TM) 64-Bit Server VM (25.144-b01 mixed mode bsd-amd64 compressed oops)
# Problematic frame:
# V  [libjvm.dylib+0x488c4c]
#
# Failed to write core dump. Core dumps have been disabled. To enable core dumping, try "ulimit -c unlimited" before starting Java again
#
# If you would like to submit a bug report, please visit:
#   http://bugreport.java.com/bugreport/crash.jsp
#

---------------  T H R E A D  ---------------

Current thread is native thread

siginfo: si_signo: 11 (SIGSEGV), si_code: 1 (SEGV_MAPERR), si_addr: 0x0000000000000128

Registers:
RAX=0x0000000000000000, RBX=0x00007ffee19c30f0, RCX=0x00007fff8d6df388, RDX=0x00007ffee19c30f0
RSP=0x00007ffee19c2c20, RBP=0x00007ffee19c2c50, RSI=0x00007ffee19c3088, RDI=0x0000000000000109
R8 =0x00007ffee19c30f0, R9 =0x00000000ffffffff, R10=0x0000000000000c00, R11=0x0000000000000206
R12=0x0000000000000c00, R13=0x0000000007000806, R14=0x00007ffee19c3088, R15=0x0000000000000002
RIP=0x000000010f088c4c, EFLAGS=0x0000000000010206, ERR=0x0000000000000004
  TRAPNO=0x000000000000000e

Top of Stack: (sp=0x00007ffee19c2c20)
0x00007ffee19c2c20:   0000000059d3255a 00007ffee19c30f0
0x00007ffee19c2c30:   0000000000000c00 0000000007000806
0x00007ffee19c2c40:   00007ffee19c3360 00000000ffffffff
0x00007ffee19c2c50:   00007ffee19c2c60 00007fff5490af5a
0x00007ffee19c2c60:   00007ffee19c3200 00007fff53a8d5b1
0x00007ffee19c2c70:   00007fff870f4300 0000000000000000
0x00007ffee19c2c80:   0100001f00000085 00007fff870ef3c0
0x00007ffee19c2c90:   0000000010004005 0000000007000806
0x00007ffee19c2ca0:   00007ffee19c31a8 0000000000000000
0x00007ffee19c2cb0:   00007ffee19c3360 0000000007000806
0x00007ffee19c2cc0:   00007ffee19c3200 00007ffee19c31a8
0x00007ffee19c2cd0:   0000000000000903 00000000ffffffff
0x00007ffee19c2ce0:   0000000000000c00 0000000000000206
0x00007ffee19c2cf0:   0000000000000c00 0000000007000806
0x00007ffee19c2d00:   00007ffee19c3360 00000000ffffffff
0x00007ffee19c2d10:   00007fff547cf7c2 0000000000000206
0x00007ffee19c2d20:   0000000000000007 0000000000000000
0x00007ffee19c2d30:   0000000000000000 0000000000000000
0x00007ffee19c2d40:   000000000000037f 0000000000000000
0x00007ffee19c2d50:   0000000000000000 0000ffff00001fa1
0x00007ffee19c2d60:   000000000002cd37 000000000000ffff
0x00007ffee19c2d70:   0001ffffed351bef 000000000000ffff
0x00007ffee19c2d80:   000000000001ffff 000000000000ffff
0x00007ffee19c2d90:   0000000000000000 0000000000000000
0x00007ffee19c2da0:   0000000000000000 0000000000000000
0x00007ffee19c2db0:   00000000ff73ff94 000000000000ffff
0x00007ffee19c2dc0:   000000000123e452 000000000000ffff
0x00007ffee19c2dd0:   00000000ff700000 000000000000ffff
0x00007ffee19c2de0:   41c036e339de39de 0000000000000000
0x00007ffee19c2df0:   3fe78e779207d4e0 0000000000000000
0x00007ffee19c2e00:   0000000000000020 00000000000fc080
0x00007ffee19c2e10:   c3e0000000000000 0000000000000000 

Instructions: (pc=0x000000010f088c4c)
0x000000010f088c2c:   83 ec 08 48 89 d3 49 89 f6 e8 f0 33 14 00 44 8b
0x000000010f088c3c:   38 48 8d 05 1c f6 3a 00 48 63 38 e8 c0 36 14 00
0x000000010f088c4c:   4c 8b a0 28 01 00 00 41 83 7c 24 34 01 0f 85 e2
0x000000010f088c5c:   00 00 00 49 89 5c 24 40 4d 89 74 24 38 49 8d 5c 

Register to memory mapping:

RAX=0x0000000000000000 is an unknown value
RBX=0x00007ffee19c30f0 is an unknown value
RCX=0x00007fff8d6df388: _thread+0x48 in /usr/lib/system/libsystem_pthread.dylib at 0x00007fff54911000
RDX=0x00007ffee19c30f0 is an unknown value
RSP=0x00007ffee19c2c20 is an unknown value
RBP=0x00007ffee19c2c50 is an unknown value
RSI=0x00007ffee19c3088 is an unknown value
RDI=0x0000000000000109 is an unknown value
R8 =0x00007ffee19c30f0 is an unknown value
R9 =0x00000000ffffffff is an unknown value
R10=0x0000000000000c00 is an unknown value
R11=0x0000000000000206 is an unknown value
R12=0x0000000000000c00 is an unknown value
R13=0x0000000007000806 is an unknown value
R14=0x00007ffee19c3088 is an unknown value
R15=0x0000000000000002 is an unknown value


Stack: [0x00007ffee11c6000,0x00007ffee19c6000],  sp=0x00007ffee19c2c20,  free space=8179k
Native frames: (J=compiled Java code, j=interpreted, Vv=VM code, C=native code)
V  [libjvm.dylib+0x488c4c]
C  [libsystem_platform.dylib+0x1f5a]  _sigtramp+0x1a
C  [libobjc.A.dylib+0x85b1]  _objc_fetch_pthread_data+0x22
C  [CoreFoundation+0x86575]  __CFRunLoopServiceMachPort+0x155
C  [CoreFoundation+0x858c7]  __CFRunLoopRun+0x6f7
C  [CoreFoundation+0x84f43]  CFRunLoopRunSpecific+0x1e3
C  [java+0x6465]  CreateExecutionEnvironment+0x367
C  [java+0x218c]  JLI_Launch+0x7a0
C  [java+0x84c2]  main+0x65
C  [java+0x19e4]  start+0x34


---------------  P R O C E S S  ---------------

VM state:not at safepoint (normal execution)

VM Mutex/Monitor currently owned by a thread: None

Heap:
 PSYoungGen      total 130048K, used 40390K [0x0000000795580000, 0x000000079e580000, 0x00000007c0000000)
  eden space 118784K, 24% used [0x0000000795580000,0x0000000797208d30,0x000000079c980000)
  from space 11264K, 99% used [0x000000079ce00000,0x000000079d8e8e40,0x000000079d900000)
  to   space 12800K, 0% used [0x000000079d900000,0x000000079d900000,0x000000079e580000)
 ParOldGen       total 75776K, used 14327K [0x0000000740000000, 0x0000000744a00000, 0x0000000795580000)
  object space 75776K, 18% used [0x0000000740000000,0x0000000740dfdfc0,0x0000000744a00000)
 Metaspace       used 30698K, capacity 31618K, committed 31872K, reserved 1077248K
  class space    used 3679K, capacity 3912K, committed 3968K, reserved 1048576K

Card table byte_map: [0x000000010ff67000,0x0000000110368000] byte_map_base: 0x000000010c567000

Marking Bits: (ParMarkBitMap*) 0x000000010f4f35d0
 Begin Bits: [0x000000011fd9f000, 0x0000000121d9f000)
 End Bits:   [0x0000000121d9f000, 0x0000000123d9f000)

Polling page: 0x000000010e2b6000

CodeCache: size=245760Kb used=15657Kb max_used=15866Kb free=230103Kb
 bounds [0x0000000110d9f000, 0x0000000111d4f000, 0x000000011fd9f000]
 total_blobs=5425 nmethods=4996 adapters=342
 compilation: enabled

Compilation events (10 events):
Event: 8.063 Thread 0x00007fb5c9078000 5713       4       org.pitest.reloc.antlr.stringtemplate.StringTemplate::get (132 bytes)
Event: 8.142 Thread 0x00007fb5c9078000 nmethod 5713 0x0000000111d05d50 code [0x0000000111d06040, 0x0000000111d08388]
Event: 8.143 Thread 0x00007fb5c9078000 5715       4       java.util.regex.Pattern::has (15 bytes)
Event: 8.143 Thread 0x00007fb5c9078000 nmethod 5715 0x0000000110fa9d10 code [0x0000000110fa9e60, 0x0000000110fa9ed8]
Event: 8.147 Thread 0x00007fb5c9066800 nmethod 5711 0x0000000111cfecd0 code [0x0000000111cff1c0, 0x0000000111d026a0]
Event: 8.197 Thread 0x00007fb5c9078000 5750       4       org.pitest.reloc.xstream.io.xml.XmlFriendlyNameCoder::encodeName (307 bytes)
Event: 8.198 Thread 0x00007fb5c9066800 5751       4       org.pitest.reloc.xstream.io.path.PathTracker::pushElement (140 bytes)
Event: 8.228 Thread 0x00007fb5c9078000 nmethod 5750 0x00000001117c4990 code [0x00000001117c4c40, 0x00000001117c5dd8]
Event: 8.229 Thread 0x00007fb5c9078000 5752       4       org.pitest.reloc.xstream.io.path.PathTracker::popElement (36 bytes)
Event: 8.230 Thread 0x00007fb5c9078000 nmethod 5752 0x0000000111374450 code [0x00000001113745a0, 0x0000000111374698]

GC Heap History (10 events):
Event: 1.679 GC heap before
{Heap before GC invocations=4 (full 0):
 PSYoungGen      total 38400K, used 38368K [0x0000000795580000, 0x000000079a080000, 0x00000007c0000000)
  eden space 33280K, 100% used [0x0000000795580000,0x0000000797600000,0x0000000797600000)
  from space 5120K, 99% used [0x0000000797600000,0x0000000797af8040,0x0000000797b00000)
  to   space 5120K, 0% used [0x0000000799b80000,0x0000000799b80000,0x000000079a080000)
 ParOldGen       total 87552K, used 4048K [0x0000000740000000, 0x0000000745580000, 0x0000000795580000)
  object space 87552K, 4% used [0x0000000740000000,0x00000007403f4350,0x0000000745580000)
 Metaspace       used 15957K, capacity 16306K, committed 16512K, reserved 1062912K
  class space    used 1947K, capacity 2051K, committed 2176K, reserved 1048576K
Event: 1.689 GC heap after
Heap after GC invocations=4 (full 0):
 PSYoungGen      total 71680K, used 5104K [0x0000000795580000, 0x000000079a080000, 0x00000007c0000000)
  eden space 66560K, 0% used [0x0000000795580000,0x0000000795580000,0x0000000799680000)
  from space 5120K, 99% used [0x0000000799b80000,0x000000079a07c030,0x000000079a080000)
  to   space 5120K, 0% used [0x0000000799680000,0x0000000799680000,0x0000000799b80000)
 ParOldGen       total 87552K, used 6409K [0x0000000740000000, 0x0000000745580000, 0x0000000795580000)
  object space 87552K, 7% used [0x0000000740000000,0x00000007406424c8,0x0000000745580000)
 Metaspace       used 15957K, capacity 16306K, committed 16512K, reserved 1062912K
  class space    used 1947K, capacity 2051K, committed 2176K, reserved 1048576K
}
Event: 2.314 GC heap before
{Heap before GC invocations=5 (full 0):
 PSYoungGen      total 71680K, used 51496K [0x0000000795580000, 0x000000079a080000, 0x00000007c0000000)
  eden space 66560K, 69% used [0x0000000795580000,0x00000007982ce018,0x0000000799680000)
  from space 5120K, 99% used [0x0000000799b80000,0x000000079a07c030,0x000000079a080000)
  to   space 5120K, 0% used [0x0000000799680000,0x0000000799680000,0x0000000799b80000)
 ParOldGen       total 87552K, used 6409K [0x0000000740000000, 0x0000000745580000, 0x0000000795580000)
  object space 87552K, 7% used [0x0000000740000000,0x00000007406424c8,0x0000000745580000)
 Metaspace       used 20802K, capacity 21178K, committed 21296K, reserved 1069056K
  class space    used 2536K, capacity 2675K, committed 2688K, reserved 1048576K
Event: 2.334 GC heap after
Heap after GC invocations=5 (full 0):
 PSYoungGen      total 71680K, used 5088K [0x0000000795580000, 0x000000079f080000, 0x00000007c0000000)
  eden space 66560K, 0% used [0x0000000795580000,0x0000000795580000,0x0000000799680000)
  from space 5120K, 99% used [0x0000000799680000,0x0000000799b78040,0x0000000799b80000)
  to   space 12800K, 0% used [0x000000079e400000,0x000000079e400000,0x000000079f080000)
 ParOldGen       total 87552K, used 14312K [0x0000000740000000, 0x0000000745580000, 0x0000000795580000)
  object space 87552K, 16% used [0x0000000740000000,0x0000000740dfa200,0x0000000745580000)
 Metaspace       used 20802K, capacity 21178K, committed 21296K, reserved 1069056K
  class space    used 2536K, capacity 2675K, committed 2688K, reserved 1048576K
}
Event: 2.334 GC heap before
{Heap before GC invocations=6 (full 1):
 PSYoungGen      total 71680K, used 5088K [0x0000000795580000, 0x000000079f080000, 0x00000007c0000000)
  eden space 66560K, 0% used [0x0000000795580000,0x0000000795580000,0x0000000799680000)
  from space 5120K, 99% used [0x0000000799680000,0x0000000799b78040,0x0000000799b80000)
  to   space 12800K, 0% used [0x000000079e400000,0x000000079e400000,0x000000079f080000)
 ParOldGen       total 87552K, used 14312K [0x0000000740000000, 0x0000000745580000, 0x0000000795580000)
  object space 87552K, 16% used [0x0000000740000000,0x0000000740dfa200,0x0000000745580000)
 Metaspace       used 20802K, capacity 21178K, committed 21296K, reserved 1069056K
  class space    used 2536K, capacity 2675K, committed 2688K, reserved 1048576K
Event: 2.409 GC heap after
Heap after GC invocations=6 (full 1):
 PSYoungGen      total 71680K, used 0K [0x0000000795580000, 0x000000079f080000, 0x00000007c0000000)
  eden space 66560K, 0% used [0x0000000795580000,0x0000000795580000,0x0000000799680000)
  from space 5120K, 0% used [0x0000000799680000,0x0000000799680000,0x0000000799b80000)
  to   space 12800K, 0% used [0x000000079e400000,0x000000079e400000,0x000000079f080000)
 ParOldGen       total 75776K, used 14311K [0x0000000740000000, 0x0000000744a00000, 0x0000000795580000)
  object space 75776K, 18% used [0x0000000740000000,0x0000000740df9fc0,0x0000000744a00000)
 Metaspace       used 20802K, capacity 21178K, committed 21296K, reserved 1069056K
  class space    used 2536K, capacity 2675K, committed 2688K, reserved 1048576K
}
Event: 3.942 GC heap before
{Heap before GC invocations=7 (full 1):
 PSYoungGen      total 71680K, used 66560K [0x0000000795580000, 0x000000079f080000, 0x00000007c0000000)
  eden space 66560K, 100% used [0x0000000795580000,0x0000000799680000,0x0000000799680000)
  from space 5120K, 0% used [0x0000000799680000,0x0000000799680000,0x0000000799b80000)
  to   space 12800K, 0% used [0x000000079e400000,0x000000079e400000,0x000000079f080000)
 ParOldGen       total 75776K, used 14311K [0x0000000740000000, 0x0000000744a00000, 0x0000000795580000)
  object space 75776K, 18% used [0x0000000740000000,0x0000000740df9fc0,0x0000000744a00000)
 Metaspace       used 24420K, capacity 25098K, committed 25472K, reserved 1071104K
  class space    used 2869K, capacity 3080K, committed 3200K, reserved 1048576K
Event: 3.951 GC heap after
Heap after GC invocations=7 (full 1):
 PSYoungGen      total 94208K, used 3838K [0x0000000795580000, 0x000000079e800000, 0x00000007c0000000)
  eden space 90112K, 0% used [0x0000000795580000,0x0000000795580000,0x000000079ad80000)
  from space 4096K, 93% used [0x000000079e400000,0x000000079e7bf8b0,0x000000079e800000)
  to   space 13312K, 0% used [0x000000079ce00000,0x000000079ce00000,0x000000079db00000)
 ParOldGen       total 75776K, used 14319K [0x0000000740000000, 0x0000000744a00000, 0x0000000795580000)
  object space 75776K, 18% used [0x0000000740000000,0x0000000740dfbfc0,0x0000000744a00000)
 Metaspace       used 24420K, capacity 25098K, committed 25472K, reserved 1071104K
  class space    used 2869K, capacity 3080K, committed 3200K, reserved 1048576K
}
Event: 5.744 GC heap before
{Heap before GC invocations=8 (full 1):
 PSYoungGen      total 94208K, used 93950K [0x0000000795580000, 0x000000079e800000, 0x00000007c0000000)
  eden space 90112K, 100% used [0x0000000795580000,0x000000079ad80000,0x000000079ad80000)
  from space 4096K, 93% used [0x000000079e400000,0x000000079e7bf8b0,0x000000079e800000)
  to   space 13312K, 0% used [0x000000079ce00000,0x000000079ce00000,0x000000079db00000)
 ParOldGen       total 75776K, used 14319K [0x0000000740000000, 0x0000000744a00000, 0x0000000795580000)
  object space 75776K, 18% used [0x0000000740000000,0x0000000740dfbfc0,0x0000000744a00000)
 Metaspace       used 30396K, capacity 31244K, committed 31360K, reserved 1077248K
  class space    used 3672K, capacity 3903K, committed 3968K, reserved 1048576K
Event: 5.759 GC heap after
Heap after GC invocations=8 (full 1):
 PSYoungGen      total 130048K, used 11171K [0x0000000795580000, 0x000000079e580000, 0x00000007c0000000)
  eden space 118784K, 0% used [0x0000000795580000,0x0000000795580000,0x000000079c980000)
  from space 11264K, 99% used [0x000000079ce00000,0x000000079d8e8e40,0x000000079d900000)
  to   space 12800K, 0% used [0x000000079d900000,0x000000079d900000,0x000000079e580000)
 ParOldGen       total 75776K, used 14327K [0x0000000740000000, 0x0000000744a00000, 0x0000000795580000)
  object space 75776K, 18% used [0x0000000740000000,0x0000000740dfdfc0,0x0000000744a00000)
 Metaspace       used 30396K, capacity 31244K, committed 31360K, reserved 1077248K
  class space    used 3672K, capacity 3903K, committed 3968K, reserved 1048576K
}

Deoptimization events (10 events):
Event: 5.326 Thread 0x00007fb5cc0e0800 Uncommon trap: reason=class_check action=maybe_recompile pc=0x00000001115b76e0 method=java.util.concurrent.ConcurrentHashMap.putVal(Ljava/lang/Object;Ljava/lang/Object;Z)Ljava/lang/Object; @ 192
Event: 5.327 Thread 0x00007fb5cc0e0800 Uncommon trap: reason=unstable_if action=reinterpret pc=0x00000001111d54cc method=java.util.concurrent.ConcurrentHashMap.transfer([Ljava/util/concurrent/ConcurrentHashMap$Node;[Ljava/util/concurrent/ConcurrentHashMap$Node;)V @ 356
Event: 5.341 Thread 0x00007fb5cc0e0800 Uncommon trap: reason=unstable_if action=reinterpret pc=0x000000011151ed84 method=java.util.concurrent.ConcurrentHashMap.get(Ljava/lang/Object;)Ljava/lang/Object; @ 86
Event: 5.740 Thread 0x00007fb5cc260800 Uncommon trap: reason=unstable_if action=reinterpret pc=0x0000000110f3c7f4 method=org.pitest.reloc.xstream.core.util.QuickWriter.write(C)V @ 11
Event: 6.172 Thread 0x00007fb5cc260800 Uncommon trap: reason=bimorphic action=maybe_recompile pc=0x00000001119dd72c method=java.util.WeakHashMap.eq(Ljava/lang/Object;Ljava/lang/Object;)Z @ 7
Event: 6.172 Thread 0x00007fb5cc260800 Uncommon trap: reason=bimorphic action=maybe_recompile pc=0x00000001119dd72c method=java.util.WeakHashMap.eq(Ljava/lang/Object;Ljava/lang/Object;)Z @ 7
Event: 6.172 Thread 0x00007fb5cc260800 Uncommon trap: reason=bimorphic action=maybe_recompile pc=0x00000001119dd72c method=java.util.WeakHashMap.eq(Ljava/lang/Object;Ljava/lang/Object;)Z @ 7
Event: 6.174 Thread 0x00007fb5cc260800 Uncommon trap: reason=null_check action=make_not_entrant pc=0x00000001117db884 method=org.pitest.reloc.xstream.converters.reflection.FieldDictionary.fieldOrNull(Ljava/lang/Class;Ljava/lang/String;Ljava/lang/Class;)Ljava/lang/reflect/Field; @ 41
Event: 6.186 Thread 0x00007fb5cc260800 Uncommon trap: reason=bimorphic action=maybe_recompile pc=0x00000001119dd72c method=java.util.WeakHashMap.eq(Ljava/lang/Object;Ljava/lang/Object;)Z @ 7
Event: 7.279 Thread 0x00007fb5cc380800 Uncommon trap: reason=unstable_if action=reinterpret pc=0x000000011154fe24 method=org.pitest.reloc.xstream.io.xml.XmlFriendlyNameCoder.encodeName(Ljava/lang/String;)Ljava/lang/String; @ 44

Internal exceptions (10 events):
Event: 3.650 Thread 0x00007fb5c8000800 Exception <a 'java/lang/NoSuchFieldError': method resolution failed> (0x00000007992b2b18) thrown at [/Users/java_re/workspace/8-2-build-macosx-x86_64/jdk8u144/9417/hotspot/src/share/vm/prims/methodHandles.cpp, line 1146]
Event: 3.957 Thread 0x00007fb5cab3a000 Implicit null exception at 0x000000011179a42b to 0x000000011179ab39
Event: 4.431 Thread 0x00007fb5c8000800 Exception <a 'java/util/zip/ZipException'> (0x0000000798291c20) thrown at [/Users/java_re/workspace/8-2-build-macosx-x86_64/jdk8u144/9417/hotspot/src/share/vm/prims/jni.cpp, line 709]
Event: 4.441 Thread 0x00007fb5c8000800 Exception <a 'java/util/zip/ZipException'> (0x0000000798432bd0) thrown at [/Users/java_re/workspace/8-2-build-macosx-x86_64/jdk8u144/9417/hotspot/src/share/vm/prims/jni.cpp, line 709]
Event: 4.457 Thread 0x00007fb5c8000800 Exception <a 'java/util/zip/ZipException'> (0x00000007986410c8) thrown at [/Users/java_re/workspace/8-2-build-macosx-x86_64/jdk8u144/9417/hotspot/src/share/vm/prims/jni.cpp, line 709]
Event: 4.463 Thread 0x00007fb5c8000800 Exception <a 'java/util/zip/ZipException'> (0x00000007986a1a38) thrown at [/Users/java_re/workspace/8-2-build-macosx-x86_64/jdk8u144/9417/hotspot/src/share/vm/prims/jni.cpp, line 709]
Event: 4.463 Thread 0x00007fb5c8000800 Exception <a 'java/security/PrivilegedActionException'> (0x00000007986a2010) thrown at [/Users/java_re/workspace/8-2-build-macosx-x86_64/jdk8u144/9417/hotspot/src/share/vm/prims/jvm.cpp, line 1390]
Event: 4.463 Thread 0x00007fb5c8000800 Exception <a 'java/security/PrivilegedActionException'> (0x00000007986a25f0) thrown at [/Users/java_re/workspace/8-2-build-macosx-x86_64/jdk8u144/9417/hotspot/src/share/vm/prims/jvm.cpp, line 1390]
Event: 4.688 Thread 0x00007fb5c8000800 Implicit null exception at 0x0000000111097d35 to 0x00000001110980f1
Event: 6.174 Thread 0x00007fb5cc260800 Implicit null exception at 0x00000001117db526 to 0x00000001117db879

Events (10 events):
Event: 8.010 Executing VM operation: RevokeBias
Event: 8.010 Executing VM operation: RevokeBias done
Event: 8.010 Executing VM operation: RevokeBias
Event: 8.010 Executing VM operation: RevokeBias done
Event: 8.010 Executing VM operation: RevokeBias
Event: 8.010 Executing VM operation: RevokeBias done
Event: 8.018 Executing VM operation: RevokeBias
Event: 8.019 Executing VM operation: RevokeBias done
Event: 8.019 Executing VM operation: RevokeBias
Event: 8.019 Executing VM operation: RevokeBias done


Dynamic libraries:
0x0000000005345000 	/System/Library/Frameworks/Cocoa.framework/Versions/A/Cocoa
0x0000000005345000 	/System/Library/Frameworks/Security.framework/Versions/A/Security
0x0000000005345000 	/System/Library/Frameworks/ApplicationServices.framework/Versions/A/ApplicationServices
0x0000000005345000 	/usr/lib/libz.1.dylib
0x0000000005345000 	/usr/lib/libSystem.B.dylib
0x0000000005345000 	/usr/lib/libobjc.A.dylib
0x0000000005345000 	/System/Library/Frameworks/CoreFoundation.framework/Versions/A/CoreFoundation
0x0000000005345000 	/System/Library/Frameworks/Foundation.framework/Versions/C/Foundation
0x0000000005345000 	/System/Library/Frameworks/AppKit.framework/Versions/C/AppKit
0x0000000005345000 	/System/Library/Frameworks/CoreData.framework/Versions/A/CoreData
0x0000000005345000 	/System/Library/PrivateFrameworks/RemoteViewServices.framework/Versions/A/RemoteViewServices
0x0000000005345000 	/System/Library/PrivateFrameworks/UIFoundation.framework/Versions/A/UIFoundation
0x0000000005345000 	/System/Library/PrivateFrameworks/DFRFoundation.framework/Versions/A/DFRFoundation
0x0000000005345000 	/System/Library/Frameworks/Metal.framework/Versions/A/Metal
0x0000000005345000 	/System/Library/PrivateFrameworks/DesktopServicesPriv.framework/Versions/A/DesktopServicesPriv
0x0000000005345000 	/usr/lib/libenergytrace.dylib
0x0000000005345000 	/System/Library/PrivateFrameworks/SkyLight.framework/Versions/A/SkyLight
0x0000000005345000 	/System/Library/Frameworks/CoreGraphics.framework/Versions/A/CoreGraphics
0x0000000005345000 	/usr/lib/libScreenReader.dylib
0x0000000005345000 	/System/Library/Frameworks/Accelerate.framework/Versions/A/Accelerate
0x0000000005345000 	/System/Library/Frameworks/IOSurface.framework/Versions/A/IOSurface
0x0000000005345000 	/System/Library/Frameworks/AudioToolbox.framework/Versions/A/AudioToolbox
0x0000000005345000 	/System/Library/Frameworks/AudioUnit.framework/Versions/A/AudioUnit
0x0000000005345000 	/System/Library/PrivateFrameworks/DataDetectorsCore.framework/Versions/A/DataDetectorsCore
0x0000000005345000 	/System/Library/Frameworks/Carbon.framework/Versions/A/Frameworks/HIToolbox.framework/Versions/A/HIToolbox
0x0000000005345000 	/usr/lib/libicucore.A.dylib
0x0000000005345000 	/System/Library/Frameworks/QuartzCore.framework/Versions/A/QuartzCore
0x0000000005345000 	/System/Library/Frameworks/Carbon.framework/Versions/A/Frameworks/SpeechRecognition.framework/Versions/A/SpeechRecognition
0x0000000005345000 	/usr/lib/libauto.dylib
0x0000000005345000 	/usr/lib/libxml2.2.dylib
0x0000000005345000 	/System/Library/PrivateFrameworks/CoreUI.framework/Versions/A/CoreUI
0x0000000005345000 	/System/Library/Frameworks/CoreAudio.framework/Versions/A/CoreAudio
0x0000000005345000 	/System/Library/Frameworks/DiskArbitration.framework/Versions/A/DiskArbitration
0x0000000005345000 	/usr/lib/liblangid.dylib
0x0000000005345000 	/System/Library/PrivateFrameworks/MultitouchSupport.framework/Versions/A/MultitouchSupport
0x0000000005345000 	/System/Library/Frameworks/IOKit.framework/Versions/A/IOKit
0x0000000005345000 	/usr/lib/libDiagnosticMessagesClient.dylib
0x0000000005345000 	/System/Library/Frameworks/CoreServices.framework/Versions/A/CoreServices
0x0000000005345000 	/System/Library/PrivateFrameworks/PerformanceAnalysis.framework/Versions/A/PerformanceAnalysis
0x0000000005345000 	/System/Library/Frameworks/OpenGL.framework/Versions/A/OpenGL
0x0000000005345000 	/System/Library/Frameworks/ColorSync.framework/Versions/A/ColorSync
0x0000000005345000 	/System/Library/Frameworks/CoreImage.framework/Versions/A/CoreImage
0x0000000005345000 	/System/Library/Frameworks/CoreText.framework/Versions/A/CoreText
0x0000000005345000 	/System/Library/Frameworks/ImageIO.framework/Versions/A/ImageIO
0x0000000005345000 	/System/Library/PrivateFrameworks/Backup.framework/Versions/A/Backup
0x0000000005345000 	/usr/lib/libarchive.2.dylib
0x0000000005345000 	/System/Library/Frameworks/CFNetwork.framework/Versions/A/CFNetwork
0x0000000005345000 	/System/Library/Frameworks/SystemConfiguration.framework/Versions/A/SystemConfiguration
0x0000000005345000 	/usr/lib/libCRFSuite.dylib
0x0000000005345000 	/usr/lib/libc++.1.dylib
0x0000000005345000 	/usr/lib/libc++abi.dylib
0x0000000005345000 	/usr/lib/system/libcache.dylib
0x0000000005345000 	/usr/lib/system/libcommonCrypto.dylib
0x0000000005345000 	/usr/lib/system/libcompiler_rt.dylib
0x0000000005345000 	/usr/lib/system/libcopyfile.dylib
0x0000000005345000 	/usr/lib/system/libcorecrypto.dylib
0x0000000005345000 	/usr/lib/system/libdispatch.dylib
0x0000000005345000 	/usr/lib/system/libdyld.dylib
0x0000000005345000 	/usr/lib/system/libkeymgr.dylib
0x0000000005345000 	/usr/lib/system/liblaunch.dylib
0x0000000005345000 	/usr/lib/system/libmacho.dylib
0x0000000005345000 	/usr/lib/system/libquarantine.dylib
0x0000000005345000 	/usr/lib/system/libremovefile.dylib
0x0000000005345000 	/usr/lib/system/libsystem_asl.dylib
0x0000000005345000 	/usr/lib/system/libsystem_blocks.dylib
0x0000000005345000 	/usr/lib/system/libsystem_c.dylib
0x0000000005345000 	/usr/lib/system/libsystem_configuration.dylib
0x0000000005345000 	/usr/lib/system/libsystem_coreservices.dylib
0x0000000005345000 	/usr/lib/system/libsystem_darwin.dylib
0x0000000005345000 	/usr/lib/system/libsystem_dnssd.dylib
0x0000000005345000 	/usr/lib/system/libsystem_info.dylib
0x0000000005345000 	/usr/lib/system/libsystem_m.dylib
0x0000000005345000 	/usr/lib/system/libsystem_malloc.dylib
0x0000000005345000 	/usr/lib/system/libsystem_network.dylib
0x0000000005345000 	/usr/lib/system/libsystem_networkextension.dylib
0x0000000005345000 	/usr/lib/system/libsystem_notify.dylib
0x0000000005345000 	/usr/lib/system/libsystem_sandbox.dylib
0x0000000005345000 	/usr/lib/system/libsystem_secinit.dylib
0x0000000005345000 	/usr/lib/system/libsystem_kernel.dylib
0x0000000005345000 	/usr/lib/system/libsystem_platform.dylib
0x0000000005345000 	/usr/lib/system/libsystem_pthread.dylib
0x0000000005345000 	/usr/lib/system/libsystem_symptoms.dylib
0x0000000005345000 	/usr/lib/system/libsystem_trace.dylib
0x0000000005345000 	/usr/lib/system/libunwind.dylib
0x0000000005345000 	/usr/lib/system/libxpc.dylib
0x0000000005345000 	/usr/lib/closure/libclosured.dylib
0x0000000005345000 	/usr/lib/libbsm.0.dylib
0x0000000005345000 	/usr/lib/system/libkxld.dylib
0x0000000005345000 	/usr/lib/libOpenScriptingUtil.dylib
0x0000000005345000 	/usr/lib/libcoretls.dylib
0x0000000005345000 	/usr/lib/libcoretls_cfhelpers.dylib
0x0000000005345000 	/usr/lib/libpam.2.dylib
0x0000000005345000 	/usr/lib/libsqlite3.dylib
0x0000000005345000 	/usr/lib/libxar.1.dylib
0x0000000005345000 	/usr/lib/libbz2.1.0.dylib
0x0000000005345000 	/usr/lib/liblzma.5.dylib
0x0000000005345000 	/usr/lib/libnetwork.dylib
0x0000000005345000 	/usr/lib/libapple_nghttp2.dylib
0x0000000005345000 	/usr/lib/libpcap.A.dylib
0x0000000005345000 	/usr/lib/libboringssl.dylib
0x0000000005345000 	/usr/lib/libusrtcp.dylib
0x0000000005345000 	/usr/lib/libapple_crypto.dylib
0x0000000005345000 	/System/Library/Frameworks/CoreServices.framework/Versions/A/Frameworks/FSEvents.framework/Versions/A/FSEvents
0x0000000005345000 	/System/Library/Frameworks/CoreServices.framework/Versions/A/Frameworks/CarbonCore.framework/Versions/A/CarbonCore
0x0000000005345000 	/System/Library/Frameworks/CoreServices.framework/Versions/A/Frameworks/Metadata.framework/Versions/A/Metadata
0x0000000005345000 	/System/Library/Frameworks/CoreServices.framework/Versions/A/Frameworks/OSServices.framework/Versions/A/OSServices
0x0000000005345000 	/System/Library/Frameworks/CoreServices.framework/Versions/A/Frameworks/SearchKit.framework/Versions/A/SearchKit
0x0000000005345000 	/System/Library/Frameworks/CoreServices.framework/Versions/A/Frameworks/AE.framework/Versions/A/AE
0x0000000005345000 	/System/Library/Frameworks/CoreServices.framework/Versions/A/Frameworks/LaunchServices.framework/Versions/A/LaunchServices
0x0000000005345000 	/System/Library/Frameworks/CoreServices.framework/Versions/A/Frameworks/DictionaryServices.framework/Versions/A/DictionaryServices
0x0000000005345000 	/System/Library/Frameworks/CoreServices.framework/Versions/A/Frameworks/SharedFileList.framework/Versions/A/SharedFileList
0x0000000005345000 	/System/Library/Frameworks/NetFS.framework/Versions/A/NetFS
0x0000000005345000 	/System/Library/PrivateFrameworks/NetAuth.framework/Versions/A/NetAuth
0x0000000005345000 	/System/Library/PrivateFrameworks/login.framework/Versions/A/Frameworks/loginsupport.framework/Versions/A/loginsupport
0x0000000005345000 	/System/Library/PrivateFrameworks/TCC.framework/Versions/A/TCC
0x0000000005345000 	/usr/lib/libmecabra.dylib
0x0000000005345000 	/System/Library/Frameworks/ApplicationServices.framework/Versions/A/Frameworks/ATS.framework/Versions/A/ATS
0x0000000005345000 	/System/Library/Frameworks/ApplicationServices.framework/Versions/A/Frameworks/ColorSyncLegacy.framework/Versions/A/ColorSyncLegacy
0x0000000005345000 	/System/Library/Frameworks/ApplicationServices.framework/Versions/A/Frameworks/HIServices.framework/Versions/A/HIServices
0x0000000005345000 	/System/Library/Frameworks/ApplicationServices.framework/Versions/A/Frameworks/LangAnalysis.framework/Versions/A/LangAnalysis
0x0000000005345000 	/System/Library/Frameworks/ApplicationServices.framework/Versions/A/Frameworks/PrintCore.framework/Versions/A/PrintCore
0x0000000005345000 	/System/Library/Frameworks/ApplicationServices.framework/Versions/A/Frameworks/QD.framework/Versions/A/QD
0x0000000005345000 	/System/Library/Frameworks/ApplicationServices.framework/Versions/A/Frameworks/SpeechSynthesis.framework/Versions/A/SpeechSynthesis
0x0000000005345000 	/System/Library/Frameworks/CoreDisplay.framework/Versions/A/CoreDisplay
0x0000000005345000 	/System/Library/Frameworks/Accelerate.framework/Versions/A/Frameworks/vImage.framework/Versions/A/vImage
0x0000000005345000 	/System/Library/Frameworks/Accelerate.framework/Versions/A/Frameworks/vecLib.framework/Versions/A/vecLib
0x0000000005345000 	/System/Library/Frameworks/Accelerate.framework/Versions/A/Frameworks/vecLib.framework/Versions/A/libvDSP.dylib
0x0000000005345000 	/System/Library/Frameworks/Accelerate.framework/Versions/A/Frameworks/vecLib.framework/Versions/A/libBNNS.dylib
0x0000000005345000 	/System/Library/Frameworks/Accelerate.framework/Versions/A/Frameworks/vecLib.framework/Versions/A/libQuadrature.dylib
0x0000000005345000 	/System/Library/Frameworks/Accelerate.framework/Versions/A/Frameworks/vecLib.framework/Versions/A/libvMisc.dylib
0x0000000005345000 	/System/Library/Frameworks/Accelerate.framework/Versions/A/Frameworks/vecLib.framework/Versions/A/libLAPACK.dylib
0x0000000005345000 	/System/Library/Frameworks/Accelerate.framework/Versions/A/Frameworks/vecLib.framework/Versions/A/libBLAS.dylib
0x0000000005345000 	/System/Library/Frameworks/Accelerate.framework/Versions/A/Frameworks/vecLib.framework/Versions/A/libLinearAlgebra.dylib
0x0000000005345000 	/System/Library/Frameworks/Accelerate.framework/Versions/A/Frameworks/vecLib.framework/Versions/A/libSparse.dylib
0x0000000005345000 	/System/Library/Frameworks/Accelerate.framework/Versions/A/Frameworks/vecLib.framework/Versions/A/libSparseBLAS.dylib
0x0000000005345000 	/System/Library/PrivateFrameworks/IOAccelerator.framework/Versions/A/IOAccelerator
0x0000000005345000 	/System/Library/PrivateFrameworks/IOPresentment.framework/Versions/A/IOPresentment
0x0000000005345000 	/System/Library/PrivateFrameworks/DSExternalDisplay.framework/Versions/A/DSExternalDisplay
0x0000000005345000 	/System/Library/Frameworks/OpenGL.framework/Versions/A/Libraries/libCoreFSCache.dylib
0x0000000005345000 	/System/Library/Frameworks/CoreVideo.framework/Versions/A/CoreVideo
0x0000000005345000 	/System/Library/PrivateFrameworks/GraphVisualizer.framework/Versions/A/GraphVisualizer
0x0000000005345000 	/System/Library/Frameworks/MetalPerformanceShaders.framework/Versions/A/MetalPerformanceShaders
0x0000000005345000 	/usr/lib/libFosl_dynamic.dylib
0x0000000005345000 	/System/Library/PrivateFrameworks/FaceCore.framework/Versions/A/FaceCore
0x0000000005345000 	/System/Library/Frameworks/OpenCL.framework/Versions/A/OpenCL
0x0000000005345000 	/usr/lib/libcompression.dylib
0x0000000005345000 	/System/Library/Frameworks/ApplicationServices.framework/Versions/A/Frameworks/ATS.framework/Versions/A/Resources/libFontParser.dylib
0x0000000005345000 	/System/Library/Frameworks/ApplicationServices.framework/Versions/A/Frameworks/ATS.framework/Versions/A/Resources/libFontRegistry.dylib
0x0000000005345000 	/System/Library/Frameworks/ImageIO.framework/Versions/A/Resources/libJPEG.dylib
0x0000000005345000 	/System/Library/Frameworks/ImageIO.framework/Versions/A/Resources/libTIFF.dylib
0x0000000005345000 	/System/Library/Frameworks/ImageIO.framework/Versions/A/Resources/libPng.dylib
0x0000000005345000 	/System/Library/Frameworks/ImageIO.framework/Versions/A/Resources/libGIF.dylib
0x0000000005345000 	/System/Library/Frameworks/ImageIO.framework/Versions/A/Resources/libJP2.dylib
0x0000000005345000 	/System/Library/Frameworks/ImageIO.framework/Versions/A/Resources/libRadiance.dylib
0x0000000005345000 	/System/Library/PrivateFrameworks/AppleJPEG.framework/Versions/A/AppleJPEG
0x0000000005345000 	/System/Library/PrivateFrameworks/MetalTools.framework/Versions/A/MetalTools
0x0000000005345000 	/System/Library/Frameworks/MetalPerformanceShaders.framework/Frameworks/MPSCore.framework/Versions/A/MPSCore
0x0000000005345000 	/System/Library/Frameworks/MetalPerformanceShaders.framework/Frameworks/MPSImage.framework/Versions/A/MPSImage
0x0000000005345000 	/System/Library/Frameworks/MetalPerformanceShaders.framework/Frameworks/MPSMatrix.framework/Versions/A/MPSMatrix
0x0000000005345000 	/System/Library/Frameworks/MetalPerformanceShaders.framework/Frameworks/MPSNeuralNetwork.framework/Versions/A/MPSNeuralNetwork
0x0000000005345000 	/System/Library/Frameworks/OpenGL.framework/Versions/A/Libraries/libGLU.dylib
0x0000000005345000 	/System/Library/Frameworks/OpenGL.framework/Versions/A/Libraries/libGFXShared.dylib
0x0000000005345000 	/System/Library/Frameworks/OpenGL.framework/Versions/A/Libraries/libGL.dylib
0x0000000005345000 	/System/Library/Frameworks/OpenGL.framework/Versions/A/Libraries/libGLImage.dylib
0x0000000005345000 	/System/Library/Frameworks/OpenGL.framework/Versions/A/Libraries/libCVMSPluginSupport.dylib
0x0000000005345000 	/System/Library/Frameworks/OpenGL.framework/Versions/A/Libraries/libCoreVMClient.dylib
0x0000000005345000 	/usr/lib/libcups.2.dylib
0x0000000005345000 	/System/Library/Frameworks/Kerberos.framework/Versions/A/Kerberos
0x0000000005345000 	/System/Library/Frameworks/GSS.framework/Versions/A/GSS
0x0000000005345000 	/usr/lib/libresolv.9.dylib
0x0000000005345000 	/usr/lib/libiconv.2.dylib
0x0000000005345000 	/System/Library/PrivateFrameworks/Heimdal.framework/Versions/A/Heimdal
0x0000000005345000 	/usr/lib/libheimdal-asn1.dylib
0x0000000005345000 	/System/Library/Frameworks/OpenDirectory.framework/Versions/A/OpenDirectory
0x0000000005345000 	/System/Library/PrivateFrameworks/CommonAuth.framework/Versions/A/CommonAuth
0x0000000005345000 	/System/Library/Frameworks/OpenDirectory.framework/Versions/A/Frameworks/CFOpenDirectory.framework/Versions/A/CFOpenDirectory
0x0000000005345000 	/System/Library/Frameworks/SecurityFoundation.framework/Versions/A/SecurityFoundation
0x0000000005345000 	/System/Library/PrivateFrameworks/APFS.framework/Versions/A/APFS
0x0000000005345000 	/usr/lib/libutil.dylib
0x0000000005345000 	/System/Library/PrivateFrameworks/AppleSauce.framework/Versions/A/AppleSauce
0x0000000005345000 	/System/Library/PrivateFrameworks/LinguisticData.framework/Versions/A/LinguisticData
0x0000000005345000 	/usr/lib/libmarisa.dylib
0x0000000005345000 	/System/Library/PrivateFrameworks/Lexicon.framework/Versions/A/Lexicon
0x0000000005345000 	/usr/lib/libChineseTokenizer.dylib
0x0000000005345000 	/usr/lib/libcmph.dylib
0x0000000005345000 	/System/Library/PrivateFrameworks/LanguageModeling.framework/Versions/A/LanguageModeling
0x0000000005345000 	/System/Library/PrivateFrameworks/CoreEmoji.framework/Versions/A/CoreEmoji
0x0000000005345000 	/System/Library/Frameworks/ServiceManagement.framework/Versions/A/ServiceManagement
0x0000000005345000 	/System/Library/PrivateFrameworks/BackgroundTaskManagement.framework/Versions/A/BackgroundTaskManagement
0x0000000005345000 	/usr/lib/libxslt.1.dylib
0x0000000005345000 	/System/Library/Frameworks/Carbon.framework/Versions/A/Frameworks/Ink.framework/Versions/A/Ink
0x0000000005345000 	/System/Library/PrivateFrameworks/TextureIO.framework/Versions/A/TextureIO
0x0000000005345000 	/usr/lib/libate.dylib
0x0000000005345000 	/System/Library/PrivateFrameworks/CrashReporterSupport.framework/Versions/A/CrashReporterSupport
0x0000000005345000 	/System/Library/PrivateFrameworks/Sharing.framework/Versions/A/Sharing
0x0000000005345000 	/System/Library/PrivateFrameworks/IconServices.framework/Versions/A/IconServices
0x0000000005345000 	/System/Library/PrivateFrameworks/ProtocolBuffer.framework/Versions/A/ProtocolBuffer
0x0000000005345000 	/System/Library/PrivateFrameworks/Apple80211.framework/Versions/A/Apple80211
0x0000000005345000 	/System/Library/Frameworks/CoreWLAN.framework/Versions/A/CoreWLAN
0x0000000005345000 	/System/Library/PrivateFrameworks/CoreUtils.framework/Versions/A/CoreUtils
0x0000000005345000 	/System/Library/Frameworks/IOBluetooth.framework/Versions/A/IOBluetooth
0x0000000005345000 	/System/Library/PrivateFrameworks/CoreWiFi.framework/Versions/A/CoreWiFi
0x0000000005345000 	/System/Library/Frameworks/CoreBluetooth.framework/Versions/A/CoreBluetooth
0x0000000005345000 	/System/Library/PrivateFrameworks/SignpostNotification.framework/Versions/A/SignpostNotification
0x0000000005345000 	/System/Library/PrivateFrameworks/DebugSymbols.framework/Versions/A/DebugSymbols
0x0000000005345000 	/System/Library/PrivateFrameworks/CoreSymbolication.framework/Versions/A/CoreSymbolication
0x0000000005345000 	/System/Library/PrivateFrameworks/Symbolication.framework/Versions/A/Symbolication
0x0000000005345000 	/System/Library/PrivateFrameworks/AppleFSCompression.framework/Versions/A/AppleFSCompression
0x0000000005345000 	/System/Library/PrivateFrameworks/SpeechRecognitionCore.framework/Versions/A/SpeechRecognitionCore
0x000000010ec00000 	/Library/Java/JavaVirtualMachines/jdk1.8.0_144.jdk/Contents/Home/jre/lib/server/libjvm.dylib
0x0000000005345000 	/usr/lib/libstdc++.6.0.9.dylib
0x000000010e273000 	/Library/Java/JavaVirtualMachines/jdk1.8.0_144.jdk/Contents/Home/jre/lib/libverify.dylib
0x000000010e281000 	/Library/Java/JavaVirtualMachines/jdk1.8.0_144.jdk/Contents/Home/jre/lib/libjava.dylib
0x000000010e300000 	/Library/Java/JavaVirtualMachines/jdk1.8.0_144.jdk/Contents/Home/jre/lib/libzip.dylib
0x0000000005345000 	/System/Library/Frameworks/JavaVM.framework/Versions/A/Frameworks/JavaRuntimeSupport.framework/Versions/A/JavaRuntimeSupport
0x0000000005345000 	/System/Library/Frameworks/JavaVM.framework/Versions/A/Frameworks/JavaNativeFoundation.framework/Versions/A/JavaNativeFoundation
0x0000000005345000 	/System/Library/Frameworks/JavaVM.framework/Versions/A/JavaVM
0x0000000005345000 	/System/Library/Frameworks/Carbon.framework/Versions/A/Carbon
0x0000000005345000 	/System/Library/PrivateFrameworks/JavaLaunching.framework/Versions/A/JavaLaunching
0x0000000005345000 	/System/Library/Frameworks/Carbon.framework/Versions/A/Frameworks/CommonPanels.framework/Versions/A/CommonPanels
0x0000000005345000 	/System/Library/Frameworks/Carbon.framework/Versions/A/Frameworks/Help.framework/Versions/A/Help
0x0000000005345000 	/System/Library/Frameworks/Carbon.framework/Versions/A/Frameworks/ImageCapture.framework/Versions/A/ImageCapture
0x0000000005345000 	/System/Library/Frameworks/Carbon.framework/Versions/A/Frameworks/OpenScripting.framework/Versions/A/OpenScripting
0x0000000005345000 	/System/Library/Frameworks/Carbon.framework/Versions/A/Frameworks/Print.framework/Versions/A/Print
0x0000000005345000 	/System/Library/Frameworks/Carbon.framework/Versions/A/Frameworks/SecurityHI.framework/Versions/A/SecurityHI
0x0000000126f50000 	/Library/Java/JavaVirtualMachines/apache-maven-3.5.2/lib/jansi-native/osx/libjansi.jnilib
0x0000000127a34000 	/Library/Java/JavaVirtualMachines/jdk1.8.0_144.jdk/Contents/Home/jre/lib/libnet.dylib
0x0000000127a4b000 	/Library/Java/JavaVirtualMachines/jdk1.8.0_144.jdk/Contents/Home/jre/lib/libnio.dylib
0x0000000127186000 	/Library/Java/JavaVirtualMachines/jdk1.8.0_144.jdk/Contents/Home/jre/lib/libmanagement.dylib

VM Arguments:
jvm_args: -Dclassworlds.conf=/Library/Java/JavaVirtualMachines/apache-maven-3.5.2/bin/m2.conf -Dmaven.home=/Library/Java/JavaVirtualMachines/apache-maven-3.5.2 -Dlibrary.jansi.path=/Library/Java/JavaVirtualMachines/apache-maven-3.5.2/lib/jansi-native -Dmaven.multiModuleProjectDirectory=/Users/cristhian/Documents/repos/Tfg-GUI/GUI/proyectoJAVA 
java_command: org.codehaus.plexus.classworlds.launcher.Launcher clean verify org.pitest:pitest-maven:mutationCoverage
java_class_path (initial): /Library/Java/JavaVirtualMachines/apache-maven-3.5.2/boot/plexus-classworlds-2.5.2.jar
Launcher Type: SUN_STANDARD

Environment Variables:
PATH=/Library/Java/JavaVirtualMachines/apache-maven-3.5.2/bin:/Library/Java/JavaVirtualMachines/jdk1.8.0_144.jdk/Contents/Home/bin:/Library/Java/JavaVirtualMachines/major/bin:/usr/local/bin:/usr/bin:/bin:/usr/sbin:/sbin:/Applications/VMware Fusion.app/Contents/Public:/Library/Java/JavaVirtualMachines/apache-maven-3.5.2/bin:/Library/Java/JavaVirtualMachines/jdk1.8.0_144.jdk/Contents/Home/bin:/Library/Java/JavaVirtualMachines/major/bin
SHELL=/bin/bash

Signal Handlers:
SIGSEGV: [libjvm.dylib+0x5b26e5], sa_mask[0]=11111111011111110111111111111111, sa_flags=SA_ONSTACK|SA_RESTART|SA_SIGINFO
SIGBUS: [libjvm.dylib+0x5b26e5], sa_mask[0]=11111111011111110111111111111111, sa_flags=SA_RESTART|SA_SIGINFO
SIGFPE: [libjvm.dylib+0x489100], sa_mask[0]=11111111011111110111111111111111, sa_flags=SA_RESTART|SA_SIGINFO
SIGPIPE: [libjvm.dylib+0x489100], sa_mask[0]=11111111011111110111111111111111, sa_flags=SA_RESTART|SA_SIGINFO
SIGXFSZ: [libjvm.dylib+0x489100], sa_mask[0]=11111111011111110111111111111111, sa_flags=SA_RESTART|SA_SIGINFO
SIGILL: [libjvm.dylib+0x489100], sa_mask[0]=11111111011111110111111111111111, sa_flags=SA_RESTART|SA_SIGINFO
SIGUSR1: SIG_DFL, sa_mask[0]=11111111011111110111111111111111, sa_flags=none
SIGUSR2: [libjvm.dylib+0x488c1e], sa_mask[0]=00000000000000000000000000000000, sa_flags=SA_RESTART|SA_SIGINFO
SIGHUP: [libjvm.dylib+0x4871f5], sa_mask[0]=11111111011111110111111111111111, sa_flags=SA_RESTART|SA_SIGINFO
SIGINT: [libjvm.dylib+0x4871f5], sa_mask[0]=11111111011111110111111111111111, sa_flags=SA_RESTART|SA_SIGINFO
SIGTERM: [libjvm.dylib+0x4871f5], sa_mask[0]=11111111011111110111111111111111, sa_flags=SA_RESTART|SA_SIGINFO
SIGQUIT: [libjvm.dylib+0x4871f5], sa_mask[0]=11111111011111110111111111111111, sa_flags=SA_RESTART|SA_SIGINFO


---------------  S Y S T E M  ---------------

OS:Bsduname:Darwin 17.4.0 Darwin Kernel Version 17.4.0: Sun Dec 17 09:19:54 PST 2017; root:xnu-4570.41.2~1/RELEASE_X86_64 x86_64
rlimit: STACK 8192k, CORE 0k, NPROC 709, NOFILE 10240, AS infinity
load average:3.58 2.66 2.61

CPU:total 4 (initial active 4) (2 cores per cpu, 2 threads per core) family 6 model 142 stepping 9, cmov, cx8, fxsr, mmx, sse, sse2, sse3, ssse3, sse4.1, sse4.2, popcnt, avx, avx2, aes, clmul, erms, rtm, 3dnowpref, lzcnt, ht, tsc, tscinvbit, bmi1, bmi2, adx

Memory: 4k page, physical 8388608k(228596k free)

/proc/meminfo:


vm_info: Java HotSpot(TM) 64-Bit Server VM (25.144-b01) for bsd-amd64 JRE (1.8.0_144-b01), built on Jul 21 2017 22:07:42 by "java_re" with gcc 4.2.1 (Based on Apple Inc. build 5658) (LLVM build 2336.11.00)

time: Fri Mar 30 03:12:28 2018
elapsed time: 8 seconds (0d 0h 0m 8s)

